Iteration	Posterior	Likelihood	Prior	tree_length
0	-987.8867	-1018.783	30.89608	3.885871
10	-984.6108	-1014.624	30.01279	4.769167
20	-987.7308	-1018.053	30.32239	4.459565
30	-984.4882	-1014.43	29.94208	4.839869
40	-990.0229	-1020.358	30.33537	4.446581
50	-982.8249	-1013.354	30.52887	4.253085
60	-983.0285	-1013.235	30.20603	4.575921
70	-979.8878	-1010.481	30.59326	4.188697
80	-984.7954	-1014.842	30.04694	4.735017
90	-985.0472	-1015.408	30.36067	4.421287
100	-989.0316	-1019.103	30.0716	4.71035
110	-982.7409	-1012.82	30.07897	4.702984
120	-989.014	-1019.318	30.30414	4.477815
130	-987.3965	-1017.414	30.0173	4.764654
140	-988.7573	-1018.663	29.90594	4.876014
150	-985.13	-1015.163	30.03278	4.74917
160	-984.7722	-1015.329	30.55716	4.224788
170	-984.1244	-1014.206	30.08174	4.700212
180	-986.8046	-1016.786	29.9816	4.800358
190	-987.6445	-1018.197	30.55295	4.229005
200	-987.8408	-1018.498	30.65713	4.124818
210	-985.9082	-1016.33	30.42147	4.360487
220	-982.9638	-1013.088	30.12397	4.657985
230	-990.54	-1020.684	30.1444	4.637549
240	-987.2207	-1017.315	30.09439	4.687567
250	-985.1448	-1015.78	30.63534	4.146615
260	-989.0911	-1019.067	29.97635	4.805599
270	-990.9921	-1021.011	30.01852	4.763436
280	-992.0325	-1022.329	30.29616	4.485792
290	-981.6914	-1012.175	30.48339	4.298562
300	-984.3896	-1014.654	30.26446	4.517494
310	-983.7528	-1013.668	29.91568	4.866275
320	-987.8965	-1017.94	30.04391	4.738047
330	-980.9014	-1010.882	29.98048	4.801477
340	-984.6727	-1015.089	30.41616	4.365796
350	-981.8318	-1012.152	30.32038	4.461572
360	-981.8917	-1012.597	30.70531	4.076644
370	-982.0394	-1012.47	30.43057	4.351386
380	-988.1903	-1018.93	30.74004	4.041917
390	-985.0448	-1015.383	30.33821	4.443742
400	-986.0404	-1016.782	30.74168	4.040274
410	-989.8109	-1020.19	30.37887	4.403083
420	-981.5189	-1012.375	30.85614	3.925815
430	-991.5925	-1022.06	30.46716	4.314788
440	-986.158	-1015.603	29.44479	5.337161
450	-981.1687	-1011.096	29.92713	4.854828
460	-983.5159	-1014.054	30.53798	4.243973
470	-983.4736	-1013.962	30.48795	4.294
480	-992.5035	-1022.474	29.97038	4.811574
490	-981.0984	-1011.751	30.6525	4.129452
500	-984.0695	-1014.393	30.32394	4.45801
510	-982.8925	-1013.405	30.51265	4.269304
520	-985.836	-1016.406	30.5704	4.211552
530	-985.1543	-1015.374	30.2193	4.562651
540	-984.2659	-1014.014	29.74782	5.034131
550	-988.5939	-1019.604	31.01055	3.771403
560	-988.4035	-1018.287	29.88331	4.898645
570	-979.686	-1010.019	30.3327	4.449257
580	-984.083	-1014.083	29.9996	4.782356
590	-981.7207	-1011.888	30.16734	4.614611
600	-988.7851	-1019.044	30.2587	4.52325
610	-985.9135	-1015.706	29.79282	4.989135
620	-985.5999	-1016.027	30.42759	4.354362
630	-988.0897	-1018.052	29.96209	4.819859
640	-981.6258	-1011.229	29.60314	5.178811
650	-983.5716	-1013.718	30.14595	4.636003
660	-985.5595	-1015.422	29.86226	4.919689
670	-981.0584	-1011.247	30.18868	4.593272
680	-980.104	-1010.446	30.34172	4.440229
690	-987.5785	-1018.196	30.61717	4.164788
700	-982.2789	-1012.29	30.01161	4.770344
710	-991.2153	-1021	29.78514	4.996815
720	-985.9234	-1016.476	30.55282	4.229131
730	-985.8096	-1016.053	30.24353	4.538423
740	-992.226	-1022.144	29.9185	4.86345
750	-989.4816	-1019.324	29.84216	4.939796
760	-983.6434	-1014.492	30.84873	3.933218
770	-996.6026	-1026.497	29.89407	4.887881
780	-985.206	-1015.467	30.2611	4.520856
790	-990.6165	-1020.473	29.85691	4.925042
800	-981.5215	-1012.273	30.75179	4.030165
810	-985.255	-1015.516	30.26067	4.52128
820	-987.5694	-1017.777	30.20718	4.574768
830	-986.8332	-1017.823	30.99	3.791955
840	-984.7004	-1015.829	31.12867	3.653279
850	-989.549	-1019.339	29.78979	4.992162
860	-987.956	-1018.073	30.1167	4.665255
870	-982.9547	-1012.73	29.77538	5.006577
880	-986.64	-1016.814	30.17436	4.607596
890	-984.3104	-1014.127	29.81663	4.965324
900	-991.4207	-1021.212	29.79163	4.990323
910	-990.085	-1020.683	30.59829	4.18366
920	-981.8372	-1012.044	30.20656	4.575394
930	-986.6755	-1017.101	30.42547	4.356485
940	-985.2164	-1016.079	30.86293	3.919023
950	-983.1491	-1013.351	30.20189	4.580064
960	-991.7159	-1021.878	30.16259	4.619363
970	-981.0446	-1011.374	30.32898	4.45297
980	-978.9087	-1009.183	30.27428	4.50767
990	-985.2446	-1015.385	30.14062	4.641332
1000	-986.061	-1016.601	30.53986	4.242089
1010	-993.2698	-1022.617	29.34703	5.43492
1020	-993.2487	-1023.873	30.6243	4.157651
1030	-985.0696	-1014.84	29.77021	5.01174
1040	-979.3899	-1009.725	30.33515	4.446808
1050	-984.898	-1014.982	30.08369	4.698266
1060	-983.2664	-1013.834	30.5674	4.214558
1070	-983.5281	-1013.551	30.0229	4.759048
1080	-982.6398	-1013.544	30.90387	3.878078
1090	-985.7746	-1016.005	30.23029	4.551666
1100	-981.1602	-1011.302	30.14163	4.640319
1110	-979.5198	-1010.133	30.61316	4.16879
1120	-982.6294	-1012.788	30.15877	4.623183
1130	-985.1218	-1016.135	31.01286	3.769091
1140	-980.3643	-1010.736	30.37181	4.410144
1150	-988.183	-1018.37	30.187	4.594948
1160	-991.7445	-1021.672	29.92764	4.854313
1170	-983.6368	-1013.808	30.17168	4.610272
1180	-983.3835	-1013.886	30.50238	4.279569
1190	-986.8626	-1017.354	30.49132	4.290632
1200	-989.2618	-1019.344	30.08203	4.699919
1210	-985.0841	-1015.593	30.50903	4.272927
1220	-987.7575	-1017.486	29.72859	5.053368
1230	-984.7783	-1015.108	30.32923	4.452728
1240	-988.6748	-1018.769	30.094	4.687956
1250	-986.7277	-1016.362	29.63389	5.148066
1260	-987.7806	-1018.432	30.6513	4.130654
1270	-986.3265	-1016.881	30.55468	4.227273
1280	-985.5737	-1016.229	30.65493	4.12702
1290	-990.625	-1021.527	30.90213	3.87982
1300	-989.5484	-1020.029	30.48039	4.301563
1310	-986.497	-1016.81	30.31341	4.468547
1320	-988.2625	-1018.771	30.50874	4.273212
1330	-990.7624	-1021.22	30.45721	4.324745
1340	-990.7429	-1021.625	30.88211	3.899846
1350	-986.1109	-1016.45	30.33952	4.442435
1360	-987.1166	-1017.26	30.14317	4.638782
1370	-988.2278	-1019.194	30.96642	3.815532
1380	-991.9416	-1021.658	29.71606	5.065889
1390	-980.3321	-1011.27	30.93765	3.8443
1400	-988.2632	-1018.283	30.01962	4.762332
1410	-979.576	-1009.547	29.97056	4.811393
1420	-992.819	-1023.18	30.3606	4.421357
1430	-987.1341	-1017.184	30.04946	4.732493
1440	-985.6188	-1016.253	30.63456	4.147389
1450	-985.092	-1015.472	30.37961	4.402347
1460	-982.925	-1013.08	30.15538	4.626571
1470	-992.0125	-1021.539	29.52679	5.255164
1480	-980.8211	-1010.842	30.02132	4.760633
1490	-986.9899	-1017.685	30.69527	4.086682
1500	-988.9866	-1018.778	29.79099	4.990968
1510	-985.7698	-1015.975	30.20519	4.576768
1520	-983.7165	-1013.916	30.1996	4.582353
1530	-984.7768	-1015.095	30.3185	4.463453
1540	-981.9035	-1012.232	30.32812	4.453831
1550	-980.2117	-1010.573	30.36143	4.420518
1560	-985.6597	-1015.405	29.74492	5.037031
1570	-987.5069	-1017.679	30.1725	4.609455
1580	-987.273	-1017.645	30.37221	4.409744
1590	-984.64	-1014.406	29.76575	5.016204
1600	-984.4708	-1014.334	29.86367	4.918286
1610	-988.9399	-1018.768	29.82825	4.953701
1620	-989.8315	-1020.436	30.60433	4.17762
1630	-985.7964	-1015.96	30.16358	4.61837
1640	-988.0462	-1018.184	30.1381	4.643852
1650	-982.5522	-1013.244	30.69143	4.090526
1660	-982.8868	-1013.185	30.29813	4.483821
1670	-983.2554	-1012.91	29.65416	5.127795
1680	-979.1153	-1009.212	30.09627	4.685682
1690	-983.8706	-1014.301	30.43066	4.351292
1700	-980.3214	-1010.771	30.44982	4.332131
1710	-987.5654	-1017.395	29.82915	4.9528
1720	-987.3458	-1017.535	30.18918	4.592771
1730	-995.7797	-1026.345	30.5658	4.216155
1740	-989.0022	-1019.338	30.33543	4.446525
1750	-987.3626	-1017.279	29.91657	4.865382
1760	-984.9219	-1015.565	30.64277	4.139179
1770	-988.2806	-1018.426	30.14494	4.637015
1780	-979.8056	-1010.141	30.33522	4.446732
1790	-983.7534	-1013.952	30.19812	4.583835
1800	-977.9405	-1008.39	30.44903	4.332922
1810	-984.9929	-1014.84	29.84695	4.935007
1820	-987.2471	-1017.691	30.4437	4.338258
1830	-983.9422	-1014.143	30.20061	4.581341
1840	-984.6525	-1015.16	30.50796	4.273996
1850	-986.5975	-1016.149	29.55196	5.229994
1860	-982.7007	-1012.602	29.90152	4.880437
1870	-984.9263	-1015.12	30.19338	4.588576
1880	-990.232	-1020.554	30.32198	4.459977
1890	-990.0369	-1020.505	30.46775	4.314205
1900	-986.6302	-1016.39	29.75956	5.022393
1910	-990.3701	-1020.782	30.41213	4.369825
1920	-986.5774	-1016.941	30.36369	4.418265
1930	-986.1944	-1016.306	30.11137	4.67058
1940	-984.4193	-1014.771	30.3516	4.430357
1950	-986.9577	-1017.268	30.30988	4.472068
1960	-991.1221	-1021.11	29.98829	4.793667
1970	-979.7617	-1010.064	30.30263	4.479326
1980	-994.4177	-1024.933	30.51558	4.266377
1990	-982.5616	-1012.962	30.40045	4.3815
2000	-992.1486	-1022.752	30.60362	4.178338
2010	-986.3181	-1016.182	29.86364	4.918317
2020	-982.6168	-1012.123	29.50661	5.275347
2030	-980.448	-1010.964	30.51638	4.265577
2040	-979.4929	-1009.61	30.11669	4.665259
2050	-990.2467	-1020.175	29.92871	4.853248
2060	-981.4357	-1011.956	30.52046	4.261493
2070	-984.1445	-1014.135	29.99023	4.791721
2080	-983.3059	-1013.278	29.9717	4.810248
2090	-985.7994	-1015.715	29.91552	4.866429
2100	-985.8927	-1016.575	30.68201	4.099947
2110	-993.5625	-1023.155	29.59243	5.189526
2120	-991.0922	-1021.098	30.00593	4.776021
2130	-987.5029	-1017.509	30.00593	4.776021
2140	-999.5961	-1029.266	29.67008	5.111874
2150	-997.3889	-1027.408	30.01924	4.762714
2160	-987.7215	-1017.931	30.20916	4.572789
2170	-983.9096	-1014.223	30.31349	4.468458
2180	-982.993	-1013.317	30.32362	4.458332
2190	-982.9729	-1013.377	30.40363	4.378322
2200	-987.2112	-1016.773	29.56221	5.219746
2210	-986.3533	-1017.408	31.05509	3.726866
2220	-981.038	-1011.593	30.55501	4.226942
2230	-987.0521	-1016.556	29.50346	5.278498
2240	-983.0125	-1013.403	30.38999	4.391966
2250	-989.7142	-1020.331	30.61726	4.164698
2260	-991.8318	-1022.359	30.52762	4.254335
2270	-989.7488	-1019.922	30.17351	4.608447
2280	-981.3187	-1011.558	30.23965	4.542308
2290	-980.539	-1011.178	30.63887	4.143086
2300	-986.5755	-1017.374	30.79876	3.983196
2310	-988.342	-1018.041	29.69857	5.083386
2320	-990.1733	-1020.01	29.83685	4.945105
2330	-989.5521	-1019.55	29.99746	4.784493
2340	-984.2041	-1014.789	30.58478	4.197172
2350	-984.2053	-1014.582	30.37641	4.405543
2360	-984.2442	-1014.936	30.69135	4.090605
2370	-983.4267	-1013.953	30.52605	4.255901
2380	-990.1482	-1019.889	29.74116	5.040797
2390	-989.2033	-1019.007	29.80322	4.978737
2400	-980.8404	-1011.161	30.3201	4.461857
2410	-981.7989	-1012.231	30.43243	4.349523
2420	-983.2615	-1014.434	31.17264	3.609317
2430	-985.7938	-1016.279	30.48488	4.297074
2440	-982.5438	-1013.049	30.50541	4.276543
2450	-989.5546	-1020.137	30.58193	4.200024
2460	-989.9883	-1020.989	31.00054	3.781413
2470	-985.952	-1016.8	30.8478	3.934155
2480	-982.516	-1012.747	30.23054	4.551418
2490	-989.6403	-1020.528	30.88802	3.893938
2500	-982.0401	-1012.762	30.72204	4.059912
2510	-984.1916	-1014.29	30.0985	4.683457
2520	-987.6858	-1017.192	29.50629	5.275667
2530	-984.1469	-1014.295	30.14808	4.633878
2540	-989.0277	-1019.282	30.25473	4.527219
2550	-983.9724	-1013.88	29.9077	4.874252
2560	-984.6451	-1014.541	29.89595	4.886
2570	-1000.363	-1030.744	30.38115	4.400803
2580	-986.2197	-1015.782	29.56187	5.220083
2590	-979.8291	-1010.273	30.44402	4.337936
2600	-985.5872	-1015.634	30.04659	4.735361
2610	-990.1534	-1021.19	31.03695	3.745
2620	-988.286	-1018.42	30.1341	4.64785
2630	-983.2669	-1013.505	30.23779	4.544164
2640	-981.88	-1012.44	30.55984	4.222116
2650	-981.6162	-1011.295	29.67838	5.103571
2660	-996.0331	-1026.281	30.24815	4.533805
2670	-994.7007	-1025.477	30.77587	4.006085
2680	-983.2645	-1013.516	30.25104	4.530913
2690	-988.4571	-1018.908	30.45069	4.33126
2700	-992.0893	-1022.673	30.58349	4.198465
2710	-988.8595	-1018.929	30.06952	4.712431
2720	-988.6461	-1019.14	30.49384	4.288117
2730	-984.2207	-1014.445	30.22393	4.55802
2740	-987.3107	-1017.377	30.06603	4.715927
2750	-981.0636	-1011.182	30.11867	4.663284
2760	-981.8053	-1011.849	30.04408	4.737872
2770	-988.202	-1018.909	30.7072	4.07475
2780	-990.0822	-1019.901	29.8191	4.962848
2790	-986.8609	-1016.965	30.10411	4.677838
2800	-979.999	-1009.92	29.92054	4.86141
2810	-984.9893	-1014.314	29.32447	5.457482
2820	-983.6983	-1013.424	29.72521	5.056741
2830	-985.9364	-1015.812	29.87548	4.906475
2840	-991.1403	-1021.09	29.9496	4.832352
2850	-992.9786	-1022.63	29.65117	5.130779
2860	-981.5153	-1012.041	30.52536	4.256593
2870	-985.5112	-1015.952	30.44079	4.341168
2880	-992.2232	-1022.681	30.45804	4.323909
2890	-994.4738	-1025.586	31.11232	3.669629
2900	-988.5811	-1018.835	30.25363	4.528327
2910	-981.7175	-1011.633	29.91558	4.86637
2920	-992.9601	-1023.431	30.47047	4.311486
2930	-984.1454	-1014.022	29.87626	4.90569
2940	-985.9978	-1016.342	30.34371	4.43824
2950	-982.3341	-1012.639	30.30482	4.477132
2960	-978.6784	-1009.018	30.33993	4.44202
2970	-984.1487	-1013.938	29.78889	4.993068
2980	-975.7961	-1005.82	30.0241	4.757854
2990	-985.3181	-1015.513	30.19527	4.586686
3000	-988.6024	-1019.298	30.69572	4.086233
3010	-983.2273	-1013.581	30.35366	4.428294
3020	-990.362	-1020.236	29.87367	4.908279
3030	-987.775	-1017.978	30.20258	4.579376
3040	-983.5657	-1013.733	30.16699	4.614962
3050	-981.0552	-1011.175	30.1194	4.66255
3060	-976.5187	-1007.249	30.73061	4.051346
3070	-982.1507	-1012.729	30.57845	4.203498
3080	-983.7837	-1014.074	30.29053	4.491422
3090	-985.9804	-1016.528	30.54811	4.233848
3100	-980.3829	-1011.008	30.62494	4.157017
3110	-978.5008	-1008.996	30.49555	4.286406
3120	-984.2043	-1015.002	30.79792	3.984037
3130	-987.1224	-1017.282	30.15934	4.622609
3140	-981.6574	-1011.961	30.30314	4.478811
3150	-982.0399	-1012.774	30.73374	4.048218
3160	-987.6964	-1018.242	30.54607	4.235882
3170	-983.1047	-1013.173	30.06819	4.713765
3180	-990.8619	-1020.306	29.44426	5.337689
3190	-990.4626	-1020.605	30.1422	4.639749
3200	-985.764	-1016.366	30.60244	4.179511
3210	-986.1513	-1016.252	30.1009	4.681051
3220	-988.1232	-1017.905	29.78143	5.000519
3230	-984.3985	-1014.955	30.55625	4.225706
3240	-989.4435	-1019.745	30.30122	4.480731
3250	-989.5169	-1019.346	29.82871	4.953247
3260	-987.9837	-1018.482	30.4983	4.28365
3270	-989.9431	-1020.117	30.17381	4.608139
3280	-991.3709	-1021.589	30.21771	4.564245
3290	-992.0555	-1021.931	29.87551	4.906443
3300	-983.1109	-1013.217	30.10624	4.675712
3310	-980.034	-1010.099	30.06545	4.716506
3320	-987.5503	-1018.3	30.75009	4.031864
3330	-981.1907	-1011.396	30.20552	4.57643
3340	-981.7984	-1011.269	29.47051	5.311447
3350	-989.1177	-1019.143	30.02502	4.756937
3360	-991.8407	-1021.642	29.80093	4.981025
3370	-985.6101	-1015.685	30.07462	4.707336
3380	-985.5379	-1015.229	29.69155	5.090404
3390	-986.8536	-1016.556	29.70195	5.08
3400	-983.31	-1013.513	30.20324	4.578716
3410	-987.3296	-1017.393	30.06351	4.718442
3420	-989.7781	-1020.193	30.41486	4.367096
3430	-986.6768	-1017.087	30.40982	4.372136
3440	-983.0973	-1013.046	29.94851	4.83344
3450	-988.2109	-1018.884	30.67351	4.108443
3460	-996.4092	-1025.954	29.54439	5.237565
3470	-987.1876	-1016.522	29.33458	5.447371
3480	-989.8951	-1020.269	30.3734	4.408557
3490	-994.2006	-1024.754	30.55295	4.229007
3500	-996.9131	-1026.906	29.99328	4.788669
3510	-997.3291	-1027.773	30.44348	4.338477
3520	-986.8347	-1016.912	30.07693	4.70502
3530	-979.0706	-1009.334	30.26359	4.518367
3540	-988.9107	-1018.921	30.00989	4.772065
3550	-985.0932	-1015.202	30.10852	4.673432
3560	-982.2152	-1012.137	29.92169	4.860265
3570	-982.6629	-1013.161	30.49791	4.284044
3580	-982.7608	-1012.753	29.99253	4.789425
3590	-985.405	-1015.709	30.30441	4.477542
3600	-985.9435	-1016.77	30.82628	3.955669
3610	-982.3127	-1012.354	30.04082	4.741136
3620	-980.8734	-1010.851	29.97731	4.804644
3630	-981.8861	-1012.355	30.46839	4.31356
3640	-985.6265	-1015.499	29.87253	4.909423
3650	-982.1535	-1012.74	30.58693	4.195028
3660	-982.8422	-1013.52	30.67783	4.104127
3670	-979.3019	-1009.86	30.55857	4.223388
3680	-991.8615	-1021.262	29.40025	5.3817
3690	-991.8728	-1021.846	29.97337	4.808584
3700	-986.9557	-1016.217	29.26161	5.520348
3710	-987.9316	-1018.746	30.81482	3.96713
3720	-983.31	-1013.423	30.11346	4.668495
3730	-984.8545	-1014.905	30.05036	4.731597
3740	-991.9912	-1021.944	29.9523	4.829656
3750	-998.3892	-1027.871	29.48131	5.30064
3760	-983.6588	-1013.662	30.00276	4.779191
3770	-987.8769	-1017.46	29.58279	5.199166
3780	-982.5519	-1012.43	29.87777	4.904187
3790	-985.1694	-1015.259	30.08997	4.69198
3800	-980.4548	-1010.862	30.40756	4.374391
3810	-991.2563	-1021.826	30.56973	4.212225
3820	-990.5588	-1020.468	29.90892	4.873028
3830	-981.1663	-1011.578	30.41183	4.370125
3840	-984.7363	-1015.429	30.69272	4.089236
3850	-982.2594	-1012.642	30.3827	4.399249
3860	-980.5274	-1010.655	30.12798	4.653975
3870	-989.6003	-1019.975	30.37446	4.407488
3880	-988.6655	-1018.804	30.13824	4.643711
3890	-983.624	-1013.793	30.16854	4.613408
3900	-983.7972	-1013.697	29.90022	4.88173
3910	-985.7908	-1015.371	29.58014	5.201812
3920	-986.4559	-1016.589	30.13324	4.648714
3930	-990.0301	-1019.866	29.8359	4.946054
3940	-990.3028	-1020.681	30.37812	4.403832
3950	-980.2142	-1010.337	30.12251	4.65944
3960	-983.0102	-1013.342	30.3321	4.449853
3970	-992.669	-1023.003	30.33396	4.447996
3980	-983.6764	-1014.241	30.56474	4.217212
3990	-981.8689	-1012.375	30.50649	4.27546
4000	-989.202	-1019.465	30.26304	4.518914
4010	-987.7405	-1017.846	30.10515	4.676807
4020	-987.9526	-1017.728	29.77516	5.006791
4030	-984.599	-1015.367	30.76778	4.014172
4040	-983.7641	-1014.662	30.89754	3.884413
4050	-985.3674	-1015.556	30.18846	4.593491
4060	-984.2739	-1014.182	29.90861	4.873347
4070	-984.0972	-1014.341	30.24407	4.537882
4080	-983.6921	-1014.461	30.76908	4.012876
4090	-990.4774	-1021.096	30.61826	4.163698
4100	-986.3382	-1016.428	30.08992	4.692032
4110	-983.4806	-1012.801	29.32015	5.461806
4120	-982.0009	-1012.45	30.4492	4.332756
4130	-984.3248	-1013.778	29.45347	5.328482
4140	-991.3067	-1021.55	30.24293	4.539018
4150	-988.7098	-1019.529	30.81943	3.962518
4160	-989.7141	-1020.259	30.54514	4.236811
4170	-979.3309	-1009.851	30.52023	4.261724
4180	-986.9621	-1017.034	30.07201	4.709944
4190	-982.9779	-1013.175	30.19674	4.585211
4200	-982.3471	-1013.02	30.67287	4.109088
4210	-986.812	-1017.373	30.56116	4.220792
4220	-986.1555	-1016.411	30.25569	4.526258
4230	-984.1603	-1014.518	30.3576	4.424351
4240	-981.3822	-1011.471	30.0889	4.693054
4250	-985.4959	-1015.044	29.54809	5.233859
4260	-979.4893	-1009.639	30.14954	4.632414
4270	-981.8806	-1011.857	29.97609	4.805858
4280	-987.8873	-1018.377	30.49016	4.29179
4290	-985.852	-1015.566	29.71362	5.06833
4300	-983.71	-1013.595	29.88499	4.89696
4310	-992.2014	-1022.334	30.13298	4.648977
4320	-984.9207	-1014.946	30.02558	4.756369
4330	-981.8152	-1011.975	30.15936	4.622589
4340	-982.6679	-1013.395	30.72673	4.05522
4350	-989.8646	-1019.899	30.03424	4.747714
4360	-984.402	-1014.198	29.79628	4.985669
4370	-985.724	-1015.738	30.01448	4.767472
4380	-987.4808	-1017.242	29.76072	5.021228
4390	-988.0229	-1018.826	30.80359	3.978367
4400	-983.7663	-1013.914	30.14754	4.634411
4410	-982.4838	-1012.57	30.08604	4.695917
4420	-981.0356	-1011.471	30.43561	4.346343
4430	-986.2812	-1016.886	30.60447	4.177484
4440	-986.2886	-1016.479	30.19009	4.591865
4450	-987.0139	-1017.37	30.35581	4.426148
4460	-984.9569	-1015.362	30.40505	4.376899
4470	-988.7742	-1018.501	29.72656	5.05539
4480	-980.3955	-1010.411	30.01567	4.766281
4490	-985.9862	-1015.819	29.83304	4.948909
4500	-987.3664	-1016.805	29.43904	5.342908
4510	-982.1624	-1012.292	30.12966	4.652296
4520	-982.6965	-1013.073	30.37673	4.405221
4530	-987.4062	-1017.412	30.00594	4.776015
4540	-984.0015	-1014.258	30.2565	4.525454
4550	-985.6588	-1015.679	30.02015	4.761801
4560	-983.3256	-1013.238	29.91235	4.869599
4570	-985.2644	-1015.687	30.42235	4.3596
4580	-988.3766	-1018.802	30.42556	4.356397
4590	-990.0915	-1020.83	30.73803	4.043923
4600	-985.8022	-1016.374	30.57206	4.20989
4610	-999.8474	-1030.612	30.76427	4.017682
4620	-987.494	-1017.695	30.20111	4.580847
4630	-985.8606	-1015.677	29.81625	4.965705
4640	-985.3647	-1015.822	30.45774	4.324213
4650	-983.2394	-1013.484	30.24481	4.53714
4660	-986.4791	-1016.632	30.15276	4.629193
4670	-989.4644	-1019.46	29.99544	4.786518
4680	-984.5964	-1014.541	29.94485	4.837108
4690	-986.6271	-1017.134	30.50652	4.275437
4700	-984.0452	-1014.386	30.34095	4.441006
4710	-981.2071	-1011.541	30.33409	4.447865
4720	-979.8641	-1009.868	30.00421	4.777747
4730	-978.3932	-1009.111	30.71788	4.064069
4740	-984.3185	-1013.92	29.60127	5.180679
4750	-981.7067	-1011.659	29.9523	4.829653
4760	-979.3469	-1009.544	30.19667	4.585287
4770	-983.2695	-1013.708	30.43835	4.343599
4780	-982.2309	-1012.3	30.06886	4.713095
4790	-983.6771	-1013.811	30.134	4.64795
4800	-987.8451	-1017.686	29.84086	4.941091
4810	-989.3536	-1019.787	30.43334	4.34861
4820	-988.6945	-1018.761	30.06639	4.715565
4830	-987.5354	-1017.719	30.18341	4.598548
4840	-987.2207	-1017.786	30.5655	4.216452
4850	-990.7361	-1020.932	30.19625	4.585706
4860	-991.4909	-1021.952	30.4613	4.320649
4870	-989.0058	-1019.376	30.37006	4.411893
4880	-985.8447	-1016.046	30.20183	4.58012
4890	-982.8163	-1012.992	30.17597	4.605981
4900	-979.2981	-1009.877	30.57856	4.203397
4910	-983.3857	-1013.213	29.82722	4.954738
4920	-986.7572	-1017.505	30.74778	4.034169
4930	-987.8627	-1017.671	29.80811	4.973842
4940	-981.4365	-1012.203	30.76688	4.015073
4950	-982.5414	-1012.931	30.38977	4.392182
4960	-979.384	-1009.62	30.23632	4.545631
4970	-984.7789	-1014.895	30.1165	4.66545
4980	-980.6294	-1010.978	30.34897	4.432985
4990	-981.4565	-1011.933	30.47691	4.305047
5000	-988.4378	-1018.801	30.36311	4.418846
5010	-985.1519	-1015.372	30.21988	4.562077
5020	-985.3558	-1015.502	30.14657	4.635386
5030	-987.2405	-1016.911	29.67025	5.111702
5040	-988.1176	-1018.725	30.60743	4.17452
5050	-997.3182	-1027.779	30.46053	4.321426
5060	-984.4421	-1014.667	30.22491	4.557045
5070	-995.764	-1026.04	30.27591	4.506044
5080	-983.4294	-1013.898	30.46904	4.312911
5090	-986.0414	-1016.508	30.4666	4.315356
5100	-992.9214	-1023.599	30.67736	4.104595
5110	-981.4348	-1011.874	30.43887	4.343081
5120	-981.2581	-1011.796	30.538	4.243951
5130	-985.8657	-1016.392	30.52645	4.255501
5140	-984.7766	-1014.81	30.03349	4.748465
5150	-981.454	-1011.704	30.25024	4.531716
5160	-986.2344	-1016.629	30.39491	4.38704
5170	-992.6145	-1022.245	29.63086	5.151092
5180	-988.7354	-1018.892	30.15645	4.625503
5190	-992.8888	-1023.516	30.62675	4.1552
5200	-991.4279	-1021.727	30.29866	4.483294
5210	-986.7096	-1017.238	30.52806	4.253893
5220	-981.1781	-1011.395	30.21695	4.565007
5230	-982.9399	-1013.047	30.10696	4.67499
5240	-983.1738	-1013.353	30.1795	4.602452
5250	-984.0005	-1014.402	30.40193	4.380019
5260	-985.9107	-1016.613	30.70225	4.079701
5270	-989.4754	-1019.701	30.22604	4.555914
5280	-994.4756	-1025.234	30.75886	4.023095
5290	-984.614	-1015.202	30.58792	4.194037
5300	-991.0193	-1021.501	30.48194	4.300009
5310	-988.4552	-1018.729	30.27342	4.508529
5320	-988.0741	-1018.168	30.09403	4.687923
5330	-990.0445	-1020.613	30.56827	4.213686
5340	-981.9501	-1012.253	30.3032	4.478757
5350	-983.6999	-1013.473	29.77336	5.00859
5360	-983.659	-1014.079	30.42045	4.361499
5370	-993.4662	-1023.751	30.28474	4.497217
5380	-986.4996	-1017.332	30.83266	3.949289
5390	-989.6432	-1019.619	29.9755	4.806451
5400	-986.5401	-1016.984	30.44429	4.337661
5410	-988.5496	-1018.919	30.36925	4.412702
5420	-986.4832	-1016.253	29.76952	5.01243
5430	-985.896	-1016.37	30.47422	4.307736
5440	-984.2791	-1015.096	30.81695	3.965005
5450	-987.7913	-1018.16	30.3682	4.413754
5460	-983.1043	-1013.522	30.41786	4.364097
5470	-989.7374	-1019.885	30.14773	4.634222
5480	-984.2858	-1014.655	30.36908	4.41287
5490	-987.2384	-1017.649	30.41051	4.371447
5500	-987.3478	-1017.407	30.05916	4.722789
5510	-990.9121	-1021.11	30.19824	4.583709
5520	-981.7681	-1011.869	30.10097	4.680979
5530	-984.5425	-1015.348	30.80536	3.976592
5540	-981.6592	-1012.513	30.85427	3.927683
5550	-989.8107	-1019.958	30.14762	4.634336
5560	-977.4661	-1008.288	30.8224	3.959553
5570	-988.6469	-1019.13	30.48348	4.298473
5580	-991.5348	-1021.737	30.20181	4.580141
5590	-982.596	-1013.063	30.46701	4.31494
5600	-995.5735	-1026.376	30.80206	3.979889
5610	-992.8893	-1023.275	30.38535	4.396606
5620	-988.4536	-1018.483	30.02942	4.752535
5630	-985.5716	-1015.967	30.39503	4.386921
5640	-984.5552	-1015.4	30.84477	3.937184
5650	-991.5566	-1021.565	30.00864	4.773313
5660	-989.6186	-1019.657	30.03872	4.743237
5670	-985.3963	-1016.279	30.88278	3.89917
5680	-984.6488	-1015.188	30.53932	4.242632
5690	-990.5564	-1021.51	30.95396	3.827998
5700	-986.4018	-1017.356	30.95396	3.827998
5710	-989.487	-1019.672	30.18544	4.596514
5720	-992.8715	-1022.624	29.7523	5.029653
5730	-981.5402	-1011.653	30.11281	4.669141
5740	-987.1152	-1017.05	29.93505	4.846904
5750	-984.435	-1014.383	29.94809	4.833859
5760	-987.8601	-1018.365	30.5054	4.276551
5770	-985.9706	-1016.156	30.18502	4.596933
5780	-980.2881	-1010.577	30.28882	4.493136
5790	-989.6282	-1019.807	30.17896	4.602996
5800	-982.9101	-1013.109	30.19865	4.583307
5810	-988.8875	-1019.874	30.98646	3.795493
5820	-983.483	-1013.351	29.86785	4.914099
5830	-985.1675	-1015.884	30.71637	4.065585
5840	-982.7766	-1013.103	30.32634	4.455616
5850	-987.9481	-1018.059	30.11102	4.670934
5860	-994.1166	-1024.783	30.66681	4.115138
5870	-984.7466	-1015.201	30.45412	4.327832
5880	-981.5363	-1011.99	30.45412	4.327832
5890	-995.7324	-1025.559	29.82628	4.955674
5900	-988.8475	-1018.861	30.01393	4.768023
5910	-995.9852	-1025.991	30.00587	4.776079
5920	-992.6624	-1022.707	30.04482	4.737134
5930	-989.6201	-1019.445	29.82466	4.957295
5940	-989.486	-1019.564	30.0776	4.704353
5950	-989.295	-1019.373	30.0776	4.704353
5960	-991.316	-1021.4	30.08415	4.697805
5970	-984.8511	-1014.56	29.70909	5.07286
5980	-984.2125	-1014.304	30.09162	4.690333
5990	-987.5571	-1017.709	30.15209	4.629868
6000	-987.528	-1017.468	29.94008	4.841874
6010	-982.3056	-1012.218	29.91272	4.869232
6020	-982.4661	-1012.069	29.60247	5.179486
6030	-984.7989	-1014.793	29.99426	4.78769
6040	-982.3131	-1012.894	30.58143	4.20052
6050	-985.5334	-1015.727	30.19385	4.588105
6060	-982.5225	-1012.745	30.22258	4.559377
6070	-984.8544	-1015.345	30.49094	4.291012
6080	-988.6261	-1018.797	30.17066	4.61129
6090	-989.3219	-1019.983	30.66093	4.121023
6100	-987.5722	-1017.841	30.2691	4.512849
6110	-984.9206	-1015.456	30.53555	4.246406
6120	-984.5379	-1014.986	30.44817	4.333781
6130	-991.7688	-1021.864	30.09551	4.686446
6140	-986.8193	-1017.16	30.34023	4.441724
6150	-986.4253	-1016.753	30.32736	4.454597
6160	-987.775	-1017.948	30.17304	4.608914
6170	-984.7732	-1015.24	30.46672	4.315232
6180	-982.1948	-1012.564	30.36882	4.413133
6190	-982.5991	-1012.972	30.37339	4.408567
6200	-991.905	-1022.262	30.35749	4.424461
6210	-982.9794	-1013.69	30.71072	4.071234
6220	-989.3267	-1019.356	30.02922	4.752737
6230	-989.9622	-1020.558	30.59587	4.186079
6240	-983.7391	-1014.158	30.41862	4.363328
6250	-985.5639	-1016.166	30.60214	4.179812
6260	-982.7088	-1012.964	30.25529	4.526667
6270	-984.486	-1014.925	30.43926	4.342695
6280	-983.31	-1013.737	30.42704	4.354917
6290	-985.3134	-1015.259	29.94602	4.835937
6300	-985.9134	-1015.712	29.79912	4.982829
6310	-983.8434	-1014.407	30.56322	4.218736
6320	-981.0705	-1011.206	30.13562	4.646329
6330	-986.6464	-1017.202	30.55523	4.226718
6340	-982.5791	-1012.987	30.40795	4.373999
6350	-987.5929	-1018.055	30.46256	4.31939
6360	-985.5488	-1015.653	30.10406	4.677897
6370	-989.765	-1020.249	30.4841	4.297852
6380	-991.5669	-1021.79	30.22322	4.558738
6390	-986.1382	-1016.093	29.95531	4.826642
6400	-986.7068	-1017.251	30.54414	4.23781
6410	-991.8679	-1022.412	30.54375	4.2382
6420	-987.3223	-1017.965	30.6431	4.138854
6430	-1006.193	-1035.685	29.49198	5.289968
6440	-992.7521	-1022.235	29.48255	5.299401
6450	-991.7279	-1021.33	29.60165	5.180307
6460	-983.965	-1014.059	30.09394	4.688009
6470	-986.8767	-1017.256	30.37916	4.402794
6480	-982.673	-1013.348	30.67463	4.107323
6490	-986.1404	-1016.394	30.25352	4.528436
6500	-984.7717	-1015.33	30.55784	4.224109
6510	-986.9684	-1017.204	30.23528	4.546678
6520	-983.7129	-1013.332	29.61867	5.163283
6530	-989.3657	-1019.378	30.01229	4.769668
6540	-988.7321	-1019.179	30.44652	4.335437
6550	-981.5509	-1011.648	30.09749	4.684462
6560	-982.6873	-1012.973	30.2859	4.496058
6570	-990.7926	-1020.437	29.64478	5.137177
6580	-989.5162	-1020.326	30.80957	3.972386
6590	-980.6176	-1010.631	30.01367	4.768283
6600	-987.5921	-1018.225	30.63247	4.149484
6610	-985.023	-1015.81	30.78692	3.99503
6620	-988.4996	-1018.897	30.39782	4.384132
6630	-982.6835	-1012.998	30.31439	4.467564
6640	-990.6164	-1020.298	29.68123	5.100721
6650	-989.7192	-1019.718	29.99905	4.782899
6660	-991.136	-1020.706	29.56949	5.212462
6670	-988.0502	-1018.496	30.44622	4.335729
6680	-986.1583	-1016.496	30.33764	4.444309
6690	-990.1194	-1020.858	30.73832	4.043636
6700	-986.0004	-1016.266	30.26595	4.516005
6710	-983.0631	-1013.303	30.23981	4.542141
6720	-990.9305	-1021.504	30.57313	4.208822
6730	-989.8378	-1020.736	30.89835	3.883601
6740	-990.1154	-1020.676	30.56091	4.221041
6750	-991.8062	-1022.166	30.36005	4.421901
6760	-985.5786	-1015.88	30.30136	4.480595
6770	-982.4589	-1012.851	30.3925	4.389452
6780	-980.8192	-1010.767	29.94747	4.834482
6790	-982.5715	-1012.348	29.77679	5.005165
6800	-985.2837	-1016.157	30.87332	3.908634
6810	-993.6421	-1023.567	29.92536	4.856598
6820	-985.4189	-1015.947	30.52798	4.253972
6830	-993.5367	-1023.795	30.25869	4.523263
6840	-984.4031	-1014.373	29.97011	4.811846
6850	-987.941	-1018	30.05935	4.722606
6860	-986.5557	-1016.854	30.2987	4.483255
6870	-987.0641	-1017.357	30.29274	4.489217
6880	-988.7498	-1018.333	29.58319	5.198764
6890	-993.8444	-1024.563	30.71898	4.062969
6900	-987.2034	-1017.027	29.82379	4.95816
6910	-983.3067	-1013.881	30.5741	4.207856
6920	-985.9229	-1016.309	30.38628	4.395675
6930	-988.7182	-1018.673	29.95479	4.827163
6940	-982.7147	-1013.16	30.44553	4.33642
6950	-989.3246	-1019.188	29.8631	4.91885
6960	-987.9464	-1018.655	30.70888	4.073076
6970	-987.5014	-1017.471	29.96954	4.812417
6980	-983.8102	-1014.09	30.28022	4.501728
6990	-983.6844	-1013.336	29.65176	5.130189
7000	-977.8051	-1008.301	30.49559	4.286365
7010	-983.6219	-1013.806	30.18414	4.597817
7020	-986.7166	-1016.973	30.25626	4.525689
7030	-988.2573	-1019.114	30.85647	3.925478
7040	-986.5533	-1017.03	30.47659	4.305364
7050	-986.0772	-1016.533	30.45533	4.326627
7060	-984.7664	-1015.071	30.30509	4.476868
7070	-989.0341	-1019.335	30.30051	4.481442
7080	-988.2043	-1018.917	30.71276	4.069195
7090	-986.9441	-1017.177	30.23309	4.548861
7100	-986.5907	-1017.193	30.60195	4.180003
7110	-983.5448	-1014.023	30.47771	4.304246
7120	-992.5886	-1023.353	30.76451	4.01744
7130	-988.2975	-1018.562	30.26455	4.517402
7140	-986.9781	-1017.03	30.0519	4.730052
7150	-986.0972	-1016.156	30.05921	4.722741
7160	-983.7995	-1014.05	30.25012	4.531834
7170	-986.0473	-1016.214	30.16686	4.615089
7180	-982.1677	-1012.16	29.99233	4.789626
7190	-987.3773	-1016.725	29.34784	5.434108
7200	-985.7517	-1016.481	30.72934	4.052611
7210	-981.1335	-1011.647	30.51346	4.268496
7220	-982.0187	-1012.337	30.31825	4.463703
7230	-987.43	-1018.066	30.63637	4.145584
7240	-988.0675	-1018.2	30.13279	4.649162
7250	-992.2768	-1022.699	30.42226	4.359692
7260	-991.6294	-1021.4	29.77073	5.011225
7270	-982.1251	-1012.613	30.4883	4.293655
7280	-987.703	-1018.226	30.52286	4.259092
7290	-987.7661	-1018.067	30.30114	4.48081
7300	-987.1398	-1017.325	30.18491	4.597039
7310	-986.2572	-1016.191	29.93378	4.848169
7320	-987.1861	-1017.661	30.47439	4.307562
7330	-993.8889	-1023.606	29.71716	5.064793
7340	-987.9048	-1018.252	30.34678	4.435175
7350	-981.3479	-1011.635	30.28685	4.495107
7360	-988.2315	-1018.289	30.05721	4.72474
7370	-988.4893	-1018.711	30.22186	4.560097
7380	-984.5131	-1015.175	30.66154	4.120413
7390	-984.8379	-1015.263	30.42517	4.356786
7400	-985.8308	-1016.267	30.43602	4.345935
7410	-988.5126	-1018.684	30.17093	4.611023
7420	-985.4396	-1016.275	30.83591	3.946044
7430	-984.4457	-1014.563	30.11736	4.664597
7440	-993.5417	-1023.542	30.00059	4.781359
7450	-986.6279	-1017.189	30.56128	4.22067
7460	-988.7377	-1019.288	30.5498	4.232149
7470	-985.8173	-1016.367	30.5498	4.232149
7480	-992.0863	-1022.336	30.2501	4.531857
7490	-986.9273	-1017.477	30.54951	4.232443
7500	-999.3641	-1030.144	30.78008	4.001877
7510	-989.019	-1019.217	30.19831	4.583648
7520	-985.2584	-1015.168	29.90933	4.872626
7530	-981.942	-1012.589	30.64739	4.134559
7540	-988.4583	-1019.196	30.73792	4.044031
7550	-986.1087	-1016.578	30.46967	4.312287
7560	-985.6307	-1015.906	30.27504	4.506909
7570	-980.7807	-1010.866	30.08499	4.696958
7580	-989.3325	-1019.034	29.70112	5.080829
7590	-989.7638	-1020.178	30.41424	4.367712
7600	-985.7704	-1016.327	30.55676	4.225197
7610	-998.2151	-1027.92	29.70529	5.076667
7620	-994.8395	-1024.474	29.63411	5.147848
7630	-987.9404	-1018.136	30.19581	4.586139
7640	-988.9212	-1019.246	30.32527	4.456687
7650	-983.3739	-1013.402	30.02861	4.753344
7660	-988.2872	-1018.673	30.38605	4.395905
7670	-987.759	-1018.46	30.70123	4.080723
7680	-989.8039	-1020.337	30.53345	4.248504
7690	-984.0265	-1014.884	30.85793	3.924023
7700	-990.329	-1020.501	30.17198	4.609969
7710	-981.4874	-1011.74	30.25302	4.52893
7720	-990.4193	-1019.85	29.43117	5.350779
7730	-988.6542	-1018.363	29.70883	5.073126
7740	-988.5363	-1019.111	30.57459	4.207367
7750	-987.6457	-1018.395	30.74939	4.032567
7760	-989.6733	-1019.931	30.25717	4.524783
7770	-987.0327	-1017.139	30.10634	4.675608
7780	-984.7276	-1014.72	29.99275	4.789199
7790	-988.2685	-1018.416	30.14752	4.634436
7800	-987.7418	-1017.873	30.13138	4.650574
7810	-984.0944	-1014.609	30.51432	4.267634
7820	-985.0094	-1015.407	30.39709	4.38486
7830	-978.9705	-1008.99	30.01913	4.76282
7840	-988.1061	-1018.85	30.74341	4.03854
7850	-990.6596	-1020.713	30.05313	4.728825
7860	-988.3942	-1018.407	30.01305	4.7689
7870	-980.0293	-1010.286	30.25671	4.525245
7880	-985.5207	-1015.322	29.80148	4.980478
7890	-981.0946	-1011.499	30.40426	4.377693
7900	-986.2065	-1016.306	30.09933	4.682623
7910	-980.1493	-1010.052	29.90283	4.87912
7920	-988.8619	-1018.865	30.00343	4.778524
7930	-989.0408	-1018.968	29.92729	4.854667
7940	-988.4426	-1018.851	30.40878	4.373174
7950	-986.0522	-1016.219	30.16677	4.615182
7960	-982.6283	-1013.229	30.60039	4.181563
7970	-987.5583	-1018.11	30.55131	4.230639
7980	-984.633	-1015.388	30.75483	4.027118
7990	-979.2781	-1009.158	29.87997	4.901981
8000	-990.626	-1020.523	29.89739	4.884559
8010	-984.8291	-1015.406	30.5772	4.20475
8020	-980.1263	-1010.307	30.18079	4.601167
8030	-981.7906	-1011.732	29.9412	4.840757
8040	-987.465	-1017.653	30.18792	4.594036
8050	-985.4669	-1015.734	30.26669	4.51526
8060	-987.1779	-1017.691	30.51307	4.268878
8070	-982.3497	-1013.094	30.74384	4.038117
8080	-989.5063	-1019.728	30.22195	4.560007
8090	-986.9111	-1017.388	30.4767	4.30525
8100	-988.1286	-1017.581	29.45204	5.329915
8110	-982.3237	-1013.07	30.74651	4.035439
8120	-988.1938	-1019.326	31.13235	3.649601
8130	-984.1217	-1014.447	30.32532	4.456637
8140	-983.9548	-1014.546	30.59117	4.190786
8150	-981.3058	-1011.691	30.38472	4.397232
8160	-984.7321	-1014.826	30.09358	4.688375
8170	-986.8338	-1016.896	30.06248	4.719471
8180	-984.7735	-1015.262	30.4883	4.293657
8190	-989.4298	-1019.718	30.28821	4.493742
8200	-989.477	-1019.721	30.24403	4.537922
8210	-984.557	-1015.008	30.45078	4.331178
8220	-984.2587	-1014.391	30.1325	4.649458
8230	-984.7213	-1015.44	30.7182	4.063754
8240	-983.4654	-1013.845	30.37997	4.401981
8250	-988.382	-1018.198	29.81566	4.966291
8260	-990.7683	-1020.78	30.0114	4.770549
8270	-986.8986	-1017.211	30.31198	4.469974
8280	-986.8563	-1016.927	30.0704	4.711556
8290	-984.6191	-1015.119	30.49937	4.282581
8300	-990.0979	-1020.297	30.19948	4.582473
8310	-990.0422	-1020.404	30.36185	4.420103
8320	-981.6874	-1012.175	30.48751	4.294438
8330	-984.4609	-1014.948	30.48751	4.294438
8340	-989.6031	-1020.194	30.59131	4.190644
8350	-992.5714	-1022.724	30.15237	4.629578
8360	-987.0077	-1017.342	30.3344	4.447552
8370	-989.2615	-1019.696	30.43449	4.347465
8380	-987.9721	-1018.71	30.7377	4.044252
8390	-982.937	-1012.723	29.78554	4.996413
8400	-981.3297	-1011.647	30.31744	4.46451
8410	-983.435	-1013.019	29.58405	5.1979
8420	-985.7121	-1015.574	29.86191	4.920041
8430	-990.4386	-1020.345	29.90675	4.875204
8440	-982.6844	-1012.936	30.25132	4.530632
8450	-986.4454	-1016.864	30.41821	4.363744
8460	-987.2171	-1017.189	29.97159	4.810363
8470	-983.6371	-1014.311	30.67417	4.107785
8480	-990.798	-1021.286	30.48811	4.293848
8490	-988.084	-1018.311	30.22734	4.554615
8500	-987.3234	-1017.745	30.42149	4.360467
8510	-981.8623	-1012.145	30.2825	4.499452
8520	-986.8884	-1016.614	29.7255	5.056448
8530	-990.4858	-1020.572	30.08664	4.69531
8540	-985.5823	-1016.435	30.85289	3.929067
8550	-987.1817	-1017.798	30.61681	4.165141
8560	-985.7014	-1015.896	30.19446	4.587492
8570	-987.0631	-1016.73	29.66695	5.115002
8580	-986.2324	-1016.756	30.52389	4.258062
8590	-987.6735	-1018.071	30.39749	4.384463
8600	-984.434	-1014.502	30.06841	4.713542
8610	-988.9268	-1019.633	30.70573	4.07622
8620	-987.1835	-1017.099	29.91504	4.866914
8630	-994.9998	-1024.847	29.84695	4.935004
8640	-986.5354	-1016.72	30.18429	4.597667
8650	-982.6218	-1012.622	29.9998	4.782156
8660	-981.9016	-1011.924	30.02221	4.759746
8670	-992.0082	-1022.286	30.27792	4.504032
8680	-980.2894	-1010.64	30.35071	4.431242
8690	-989.74	-1019.805	30.06495	4.717006
8700	-983.7821	-1013.77	29.98813	4.793822
8710	-985.7894	-1016.209	30.4197	4.36225
8720	-987.7365	-1018.368	30.63147	4.150486
8730	-986.6489	-1016.777	30.12833	4.653627
8740	-985.6363	-1016.483	30.84674	3.935213
8750	-979.7043	-1010.21	30.50614	4.275815
8760	-981.5098	-1012.188	30.67766	4.104293
8770	-981.7195	-1011.813	30.09329	4.688662
8780	-992.3047	-1023.304	30.99917	3.782788
8790	-982.5372	-1012.803	30.26574	4.516208
8800	-984.3659	-1014.406	30.03998	4.741976
8810	-982.8241	-1013.342	30.51755	4.264403
8820	-981.0169	-1011.299	30.28227	4.499681
8830	-978.1089	-1008.599	30.48974	4.292209
8840	-982.6172	-1012.958	30.34028	4.441672
8850	-980.3863	-1010.958	30.57212	4.209829
8860	-981.761	-1011.942	30.18149	4.600467
8870	-988.6514	-1019.033	30.38157	4.400384
8880	-983.3748	-1013.65	30.27553	4.506421
8890	-981.5059	-1011.856	30.35028	4.431676
8900	-989.315	-1019.364	30.04869	4.73326
8910	-991.9379	-1021.388	29.44968	5.332271
8920	-981.9028	-1011.54	29.63758	5.14437
8930	-986.0904	-1015.817	29.72616	5.055788
8940	-983.3063	-1013.748	30.44155	4.340406
8950	-981.2024	-1011.348	30.14538	4.636575
8960	-985.7473	-1015.853	30.10587	4.676086
8970	-988.654	-1018.745	30.09055	4.6914
8980	-987.6481	-1018.719	31.07074	3.711209
8990	-982.7927	-1013.063	30.27075	4.511205
9000	-984.933	-1015.204	30.27075	4.511205
9010	-980.8345	-1011.21	30.37549	4.406462
9020	-982.3855	-1012.443	30.05748	4.724476
9030	-991.6639	-1021.424	29.75963	5.022326
9040	-988.132	-1018.363	30.23129	4.550663
9050	-987.659	-1018.052	30.39343	4.388528
9060	-993.7412	-1023.357	29.61583	5.166124
9070	-983.9042	-1014.107	30.20233	4.579621
9080	-982.7968	-1012.796	29.99928	4.782677
9090	-994.7609	-1024.27	29.50936	5.272594
9100	-987.1387	-1017.231	30.09224	4.689714
9110	-984.8575	-1015.038	30.18044	4.601515
9120	-984.4426	-1014.507	30.06464	4.71731
9130	-983.1792	-1013.244	30.06453	4.717423
9140	-985.9867	-1016.595	30.60879	4.173166
9150	-986.7087	-1016.86	30.15124	4.630711
9160	-988.1202	-1018.368	30.24818	4.533771
9170	-985.1545	-1015.667	30.51279	4.269165
9180	-988.0729	-1019.075	31.00243	3.779523
9190	-984.2301	-1014.019	29.78906	4.99289
9200	-984.5192	-1015.431	30.91142	3.870529
9210	-983.1054	-1013.707	30.60141	4.180542
9220	-987.2824	-1017.086	29.80352	4.978433
9230	-986.2514	-1016.391	30.13976	4.642193
9240	-992.6182	-1022.601	29.98235	4.799607
9250	-998.9069	-1028.889	29.98235	4.799607
9260	-997.033	-1026.992	29.95929	4.822664
9270	-992.1827	-1022.159	29.97633	4.805623
9280	-985.158	-1015.284	30.12583	4.656126
9290	-988.1911	-1018.241	30.04978	4.732171
9300	-985.0057	-1014.842	29.83632	4.945631
9310	-989.7904	-1019.55	29.75915	5.022806
9320	-996.8328	-1026.406	29.57285	5.209102
9330	-986.1964	-1015.967	29.77041	5.011547
9340	-987.2757	-1017.426	30.15057	4.631384
9350	-983.3965	-1013.28	29.88371	4.898244
9360	-994.3515	-1024.994	30.64205	4.1399
9370	-983.0421	-1013.267	30.22459	4.55736
9380	-981.393	-1011.638	30.24547	4.536481
9390	-986.4785	-1016.488	30.00902	4.772937
9400	-994.2217	-1024.595	30.3737	4.408256
9410	-986.8091	-1017.384	30.57486	4.207092
9420	-981.4126	-1011.848	30.43542	4.346534
9430	-992.07	-1023.219	31.14932	3.632632
9440	-989.6124	-1019.486	29.87389	4.908059
9450	-983.6915	-1013.946	30.25464	4.527315
9460	-983.5289	-1013.517	29.98816	4.793795
9470	-994.3511	-1024.999	30.64757	4.13438
9480	-984.5888	-1014.332	29.74296	5.038998
9490	-991.1522	-1020.628	29.47604	5.305911
9500	-990.7018	-1020.76	30.05868	4.723273
9510	-980.7233	-1010.791	30.06804	4.713917
9520	-990.6776	-1021.104	30.42691	4.35504
9530	-986.0792	-1016.324	30.24496	4.536995
9540	-986.9363	-1017.526	30.5895	4.192449
9550	-990.4209	-1021.023	30.60165	4.180303
9560	-983.9767	-1013.891	29.91454	4.867412
9570	-998.1408	-1028.504	30.36296	4.418994
9580	-989.842	-1020.488	30.64589	4.136066
9590	-990.1938	-1020.7	30.50624	4.275709
9600	-991.8169	-1022.262	30.44558	4.336373
9610	-992.2438	-1022.143	29.89935	4.882604
9620	-987.5055	-1018.041	30.53544	4.246515
9630	-986.0329	-1016.63	30.59727	4.184679
9640	-989.2695	-1018.852	29.58259	5.199362
9650	-985.9244	-1015.992	30.0677	4.714254
9660	-988.143	-1018.337	30.19367	4.588281
9670	-990.1492	-1019.889	29.73956	5.042391
9680	-982.0579	-1012.746	30.68779	4.094166
9690	-987.6035	-1018.636	31.03214	3.749817
9700	-986.7718	-1016.955	30.18364	4.598312
9710	-982.4548	-1012.198	29.7433	5.038654
9720	-989.6948	-1019.72	30.02528	4.75667
9730	-987.2565	-1016.862	29.60515	5.176803
9740	-992.1416	-1021.583	29.44102	5.340931
9750	-991.4058	-1021.063	29.65728	5.124677
9760	-993.4875	-1023.632	30.14416	4.637789
9770	-997.9075	-1027.876	29.96807	4.813882
9780	-982.9119	-1013.246	30.33408	4.447876
9790	-980.1865	-1010.118	29.93176	4.850191
9800	-985.3896	-1015.681	30.29134	4.490614
9810	-982.011	-1012.219	30.20807	4.573881
9820	-983.0191	-1012.788	29.7693	5.012654
9830	-988.1887	-1018.191	30.00253	4.779424
9840	-992.6438	-1022.925	30.28131	4.500644
9850	-982.673	-1013.454	30.78132	4.00063
9860	-996.9199	-1026.274	29.35445	5.427506
9870	-982.2965	-1012.6	30.30378	4.478178
9880	-986.2143	-1016.659	30.44486	4.337097
9890	-990.3355	-1021.377	31.04166	3.740294
9900	-989.559	-1020.347	30.78768	3.994273
9910	-983.8088	-1013.918	30.10948	4.672474
9920	-984.5859	-1014.523	29.93697	4.844983
9930	-981.1891	-1011.564	30.37504	4.406917
9940	-984.9442	-1014.969	30.02481	4.757145
9950	-983.6932	-1014.249	30.55536	4.22659
9960	-988.728	-1018.752	30.02429	4.75766
9970	-984.6077	-1014.904	30.29677	4.485183
9980	-992.9953	-1023.564	30.56918	4.212768
9990	-996.0056	-1025.861	29.85535	4.926607
10000	-989.0033	-1019.235	30.23152	4.550432
