Iteration	Posterior	Likelihood	Prior	tree_length
0	-980.3019	-1011.107	30.80504	3.976914
10	-985.8803	-1016.148	30.26755	4.514407
20	-986.7121	-1016.232	29.51943	5.262524
30	-989.9567	-1020.587	30.62983	4.152124
40	-982.9824	-1013.127	30.14507	4.636886
50	-982.2379	-1012.657	30.41911	4.362847
60	-985.428	-1015.247	29.81864	4.963313
70	-984.6593	-1014.639	29.97996	4.801993
80	-991.0287	-1021.243	30.21406	4.56789
90	-988.2237	-1018.602	30.37846	4.403496
100	-990.0954	-1020.166	30.07095	4.711
110	-981.3834	-1011.407	30.02395	4.758006
120	-981.7457	-1012.447	30.70165	4.080307
130	-986.4654	-1016.823	30.35739	4.424561
140	-982.0414	-1012.443	30.40152	4.380431
150	-984.0265	-1014.784	30.75725	4.0247
160	-984.5377	-1015.089	30.551	4.230952
170	-994.766	-1025.454	30.68801	4.093945
180	-988.9103	-1019.424	30.51363	4.268318
190	-985.7355	-1015.976	30.24087	4.541088
200	-988.4492	-1019.098	30.64852	4.133433
210	-987.5253	-1018.447	30.92127	3.860678
220	-983.313	-1013.865	30.55246	4.229491
230	-987.0014	-1016.629	29.62779	5.154164
240	-987.7267	-1018.131	30.40455	4.377399
250	-988.4502	-1018.886	30.43568	4.346278
260	-985.6863	-1016.098	30.41143	4.370526
270	-985.8252	-1016.504	30.67871	4.103242
280	-986.0018	-1016.588	30.58649	4.195459
290	-988.0606	-1018.812	30.75126	4.030688
300	-983.0724	-1013.548	30.47582	4.306132
310	-985.4926	-1016.11	30.61781	4.164142
320	-983.4634	-1013.199	29.7353	5.046648
330	-982.8372	-1013.649	30.81208	3.969877
340	-985.9023	-1016.373	30.47083	4.311123
350	-986.9803	-1017.39	30.41003	4.371919
360	-986.4691	-1016.809	30.33955	4.442398
370	-996.3456	-1026.337	29.99131	4.790644
380	-990.3125	-1019.919	29.60628	5.175669
390	-990.9149	-1020.766	29.85151	4.930442
400	-987.6786	-1017.888	30.20964	4.572312
410	-987.8633	-1017.635	29.77155	5.0104
420	-985.3096	-1014.833	29.52315	5.2588
430	-982.9655	-1013.226	30.26079	4.521162
440	-982.3001	-1012.18	29.87938	4.902568
450	-987.0436	-1016.975	29.93141	4.850547
460	-988.1461	-1017.951	29.80457	4.977385
470	-986.6409	-1016.347	29.70621	5.075738
480	-982.8648	-1013.24	30.37471	4.407246
490	-980.7683	-1011.234	30.46538	4.316576
500	-985.1445	-1014.863	29.71902	5.062931
510	-987.8232	-1017.596	29.77302	5.008937
520	-987.6846	-1017.585	29.90053	4.881421
530	-982.3725	-1013.033	30.66056	4.121394
540	-987.49	-1016.953	29.4626	5.319355
550	-982.6356	-1012.681	30.04593	4.736023
560	-981.6488	-1012.087	30.43825	4.343704
570	-988.7967	-1018.338	29.54104	5.240912
580	-986.4563	-1016.641	30.18477	4.597188
590	-992.8403	-1023.003	30.16245	4.619506
600	-988.7005	-1018.748	30.04759	4.734367
610	-990.7117	-1020.983	30.27096	4.510994
620	-986.3767	-1017.044	30.66717	4.114785
630	-986.5319	-1016.367	29.83546	4.946495
640	-983.7296	-1013.801	30.07101	4.710944
650	-986.6221	-1016.371	29.74909	5.03286
660	-983.8862	-1014.521	30.63508	4.146878
670	-985.3494	-1015.818	30.46868	4.313273
680	-985.0658	-1014.982	29.91614	4.865816
690	-987.6635	-1017.305	29.64124	5.140711
700	-988.7461	-1019.212	30.46574	4.316215
710	-987.8422	-1017.471	29.62903	5.152927
720	-989.2117	-1019.438	30.2263	4.555655
730	-981.4236	-1011.637	30.21332	4.568631
740	-989.4132	-1018.984	29.57104	5.210912
750	-988.1523	-1017.813	29.66098	5.120968
760	-998.2198	-1027.049	28.82913	5.952826
770	-995.7496	-1025.477	29.7272	5.054753
780	-986.72	-1017.077	30.35749	4.424467
790	-987.8289	-1017.704	29.8748	4.907149
800	-989.8369	-1019.077	29.24022	5.541737
810	-988.0535	-1017.903	29.84916	4.932797
820	-991.9906	-1021.318	29.32698	5.454977
830	-987.2031	-1016.785	29.58201	5.199946
840	-984.4589	-1014.796	30.33686	4.445096
850	-985.392	-1015.729	30.33686	4.445096
860	-983.0076	-1012.901	29.89327	4.888681
870	-980.1824	-1010.889	30.70672	4.075235
880	-982.158	-1012.715	30.5571	4.224858
890	-986.9114	-1017.494	30.58246	4.199493
900	-981.0662	-1011.321	30.255	4.526951
910	-982.6835	-1013.014	30.33058	4.45137
920	-982.6435	-1012.997	30.35336	4.428594
930	-980.0241	-1010.152	30.12803	4.653926
940	-983.0088	-1012.846	29.8376	4.944357
950	-984.5931	-1015.097	30.50412	4.277831
960	-978.8715	-1008.794	29.92293	4.859023
970	-988.3576	-1018.775	30.41722	4.364733
980	-991.9985	-1022.189	30.19089	4.591067
990	-986.8135	-1017.514	30.70055	4.081407
1000	-983.3935	-1012.79	29.39637	5.385587
1010	-980.9293	-1011.314	30.38449	4.397464
1020	-983.3962	-1013.661	30.26445	4.517505
1030	-984.6648	-1014.924	30.25884	4.52311
1040	-981.9337	-1012.782	30.84859	3.933362
1050	-990.9021	-1021.257	30.35447	4.427484
1060	-986.2427	-1016.33	30.08741	4.694546
1070	-987.862	-1017.729	29.86691	4.915044
1080	-983.6564	-1013.622	29.96522	4.816737
1090	-989.0326	-1019.312	30.27965	4.502301
1100	-986.5504	-1017.09	30.53925	4.242707
1110	-986.1751	-1016.751	30.57554	4.206408
1120	-982.5172	-1013.378	30.86102	3.920934
1130	-981.8152	-1012.328	30.5127	4.269251
1140	-987.7862	-1018.456	30.67022	4.111737
1150	-990.9473	-1021.354	30.40696	4.374993
1160	-983.8194	-1014.177	30.35775	4.424202
1170	-986.2625	-1016.998	30.73589	4.046068
1180	-992.5491	-1022.588	30.03865	4.743304
1190	-983.8736	-1013.608	29.73465	5.047299
1200	-988.1183	-1018.148	30.03008	4.751878
1210	-988.859	-1019.624	30.76458	4.017378
1220	-984.9275	-1015.466	30.539	4.242951
1230	-987.5378	-1018.051	30.51351	4.268443
1240	-980.5758	-1010.962	30.38628	4.39567
1250	-985.4429	-1015.262	29.81921	4.962747
1260	-985.0025	-1015.156	30.15397	4.627988
1270	-982.8092	-1012.928	30.11851	4.663445
1280	-995.759	-1025.321	29.56199	5.219961
1290	-982.5624	-1013.052	30.48943	4.292522
1300	-982.844	-1013.22	30.37643	4.405525
1310	-988.0131	-1017.574	29.56053	5.221426
1320	-987.66	-1016.731	29.07128	5.710678
1330	-988.0043	-1017.418	29.41384	5.368109
1340	-984.9423	-1014.924	29.982	4.799948
1350	-980.9634	-1011.366	30.40264	4.379312
1360	-981.6165	-1011.82	30.20331	4.578639
1370	-981.8704	-1012.288	30.41763	4.364322
1380	-980.6061	-1010.945	30.33881	4.443139
1390	-987.1497	-1017.489	30.33881	4.443139
1400	-986.3052	-1016.996	30.69112	4.090833
1410	-987.3264	-1017.611	30.28469	4.497265
1420	-993.5237	-1024.085	30.56121	4.220738
1430	-994.5028	-1024.862	30.35936	4.422592
1440	-987.4372	-1017.083	29.6456	5.136356
1450	-985.6451	-1015.715	30.0698	4.712153
1460	-987.4977	-1017.809	30.3111	4.470853
1470	-993.6087	-1023.799	30.19061	4.591344
1480	-989.4117	-1019.546	30.13404	4.647909
1490	-984.5994	-1015.011	30.41213	4.369819
1500	-982.7099	-1012.822	30.11224	4.669709
1510	-981.2898	-1011.322	30.03219	4.749761
1520	-986.3544	-1015.942	29.58799	5.193959
1530	-987.75	-1018.227	30.47732	4.304633
1540	-981.9772	-1012.718	30.74043	4.041527
1550	-984.4804	-1015.354	30.87322	3.908734
1560	-990.1762	-1020.916	30.73979	4.042159
1570	-985.681	-1015.908	30.22653	4.55542
1580	-987.4473	-1017.331	29.88334	4.89861
1590	-981.8203	-1011.533	29.7128	5.069154
1600	-987.8999	-1018.76	30.86025	3.921704
1610	-987.7321	-1017.879	30.14696	4.63499
1620	-985.7349	-1015.7	29.96548	4.816478
1630	-982.8113	-1013.747	30.93576	3.846193
1640	-980.398	-1010.848	30.45043	4.331526
1650	-982.6593	-1012.661	30.0019	4.78005
1660	-982.7844	-1013.071	30.28679	4.495161
1670	-985.3091	-1016.204	30.89519	3.886759
1680	-983.2253	-1013.522	30.29655	4.485406
1690	-980.0215	-1010.318	30.29655	4.485406
1700	-983.9954	-1014.145	30.14964	4.632311
1710	-983.1279	-1013.483	30.35531	4.426642
1720	-983.1436	-1012.981	29.83723	4.944727
1730	-982.5703	-1012.124	29.55335	5.228599
1740	-978.4738	-1008.626	30.15179	4.63016
1750	-986.7447	-1016.571	29.82676	4.95519
1760	-992.084	-1021.524	29.4404	5.341553
1770	-986.9154	-1017.251	30.33575	4.4462
1780	-985.0925	-1016.017	30.9249	3.857053
1790	-987.2129	-1017.943	30.72976	4.052192
1800	-986.3055	-1016.797	30.49193	4.290027
1810	-979.4088	-1010.451	31.04191	3.740045
1820	-987.7812	-1018.573	30.79205	3.989905
1830	-990.7444	-1020.843	30.09879	4.683164
1840	-985.846	-1015.665	29.81871	4.963243
1850	-984.4387	-1014.059	29.61996	5.16199
1860	-991.6952	-1022.282	30.58635	4.1956
1870	-991.7168	-1021.683	29.96619	4.81576
1880	-995.1278	-1025.603	30.47524	4.306714
1890	-983.9065	-1014.356	30.44899	4.332965
1900	-987.3346	-1017.2	29.86545	4.916502
1910	-985.3251	-1015.509	30.18406	4.59789
1920	-988.0102	-1017.82	29.80949	4.97246
1930	-985.3944	-1015.682	30.28806	4.493894
1940	-989.5332	-1019.903	30.36952	4.412434
1950	-982.9346	-1013.092	30.15758	4.624374
1960	-988.8713	-1019.582	30.71109	4.070864
1970	-984.7522	-1015.101	30.34927	4.432684
1980	-987.3279	-1016.794	29.46572	5.316236
1990	-996.5468	-1026.642	30.0956	4.686356
2000	-984.7085	-1015.043	30.33466	4.447296
2010	-984.1629	-1014.142	29.97917	4.802783
2020	-985.7588	-1015.796	30.03736	4.744597
2030	-991.8317	-1022.313	30.48106	4.300898
2040	-985.0745	-1015.218	30.14365	4.638298
2050	-980.8638	-1011.421	30.55673	4.225221
2060	-988.1446	-1019.164	31.01988	3.762069
2070	-979.9693	-1010.334	30.36503	4.416927
2080	-980.5846	-1010.507	29.92237	4.859581
2090	-984.3034	-1014.441	30.13727	4.644682
2100	-983.3968	-1013.992	30.59503	4.186928
2110	-981.1193	-1011.552	30.43284	4.349111
2120	-987.1157	-1017.414	30.29866	4.483289
2130	-988.5879	-1018.705	30.11682	4.665137
2140	-985.228	-1015.099	29.87072	4.911235
2150	-982.4771	-1012.749	30.27192	4.510032
2160	-987.1642	-1017.944	30.78002	4.001933
2170	-985.1596	-1015.656	30.49621	4.285742
2180	-990.4925	-1020.688	30.19586	4.586092
2190	-990.5154	-1020.922	30.40702	4.374936
2200	-986.3126	-1016.72	30.40702	4.374936
2210	-977.3751	-1007.645	30.26965	4.512304
2220	-979.9019	-1010.255	30.35307	4.428886
2230	-983.5484	-1014.334	30.78524	3.996713
2240	-981.5853	-1011.943	30.35806	4.423895
2250	-985.1202	-1015.778	30.65761	4.124344
2260	-987.5786	-1018.061	30.48233	4.299621
2270	-987.0282	-1017.184	30.15574	4.626212
2280	-984.6323	-1014.978	30.34556	4.436396
2290	-983.128	-1013.086	29.95826	4.823694
2300	-985.2017	-1015.122	29.92011	4.861839
2310	-978.8648	-1008.933	30.06831	4.713641
2320	-983.8885	-1013.717	29.82799	4.953966
2330	-986.7657	-1017.261	30.49562	4.28633
2340	-988.5858	-1018.535	29.94874	4.833216
2350	-980.1818	-1010.822	30.64046	4.141493
2360	-987.8969	-1018.464	30.56744	4.214515
2370	-989.98	-1020.28	30.30053	4.48142
2380	-985.6369	-1015.789	30.1522	4.62975
2390	-985.0176	-1014.865	29.84729	4.934662
2400	-984.7687	-1015.224	30.45552	4.326434
2410	-989.5817	-1019.571	29.98933	4.792625
2420	-988.3968	-1018.897	30.50019	4.281762
2430	-987.5165	-1017.462	29.94591	4.836043
2440	-990.7641	-1021.855	31.09077	3.691184
2450	-987.1215	-1017.384	30.26297	4.518985
2460	-987.2762	-1017.596	30.31948	4.46247
2470	-987.657	-1017.639	29.98157	4.800385
2480	-987.8114	-1018.231	30.41923	4.362723
2490	-988.3859	-1018.322	29.93574	4.846213
2500	-991.9804	-1022.038	30.05747	4.724482
2510	-987.3845	-1017.528	30.14365	4.638298
2520	-985.7968	-1016.238	30.44152	4.340431
2530	-987.9881	-1018.419	30.43094	4.351015
2540	-987.9499	-1018.035	30.08531	4.696641
2550	-985.2467	-1016.11	30.86309	3.918858
2560	-985.1386	-1015.127	29.98891	4.793045
2570	-983.269	-1013.949	30.68008	4.101868
2580	-983.7165	-1014.109	30.39299	4.388964
2590	-985.166	-1015.564	30.39845	4.383507
2600	-983.7797	-1013.599	29.81974	4.962212
2610	-987.5219	-1017.845	30.32305	4.458907
2620	-994.701	-1025.439	30.73826	4.043695
2630	-989.0276	-1018.765	29.73743	5.044528
2640	-984.2737	-1014.692	30.41845	4.363503
2650	-990.4582	-1020.926	30.46758	4.314371
2660	-991.5655	-1022.425	30.85902	3.922928
2670	-987.0645	-1017.469	30.40468	4.377274
2680	-984.1321	-1014.155	30.02328	4.758671
2690	-982.3802	-1012.71	30.33027	4.451683
2700	-987.5586	-1017.91	30.35152	4.430429
2710	-984.0844	-1014.492	30.40776	4.374192
2720	-985.4957	-1016.098	30.60239	4.179568
2730	-981.5584	-1011.654	30.09517	4.686786
2740	-985.6351	-1015.8	30.16446	4.617496
2750	-987.3812	-1017.643	30.26194	4.520009
2760	-985.215	-1015.477	30.26194	4.520009
2770	-991.7473	-1022.441	30.69379	4.088161
2780	-989.8094	-1020.503	30.69379	4.088161
2790	-986.6466	-1017.406	30.75975	4.022206
2800	-990.5289	-1020.588	30.05919	4.722762
2810	-990.8882	-1021.075	30.18674	4.595209
2820	-992.3027	-1022.518	30.21557	4.566384
2830	-981.1396	-1011.19	30.05025	4.731705
2840	-986.9243	-1016.775	29.85077	4.931185
2850	-984.0657	-1014.46	30.39438	4.387578
2860	-984.235	-1014.84	30.60471	4.177248
2870	-987.1237	-1017.447	30.3228	4.459148
2880	-982.8592	-1013.407	30.54764	4.234317
2890	-993.6891	-1024.658	30.96889	3.813059
2900	-982.4064	-1012.375	29.96897	4.812984
2910	-986.3464	-1016.935	30.58886	4.193095
2920	-984.7149	-1014.851	30.13575	4.646204
2930	-988.0881	-1017.716	29.62755	5.154406
2940	-985.6857	-1015.803	30.11686	4.665089
2950	-982.7991	-1013.144	30.34511	4.436846
2960	-989.072	-1019.3	30.22755	4.554402
2970	-986.9727	-1017.604	30.63087	4.15108
2980	-989.5399	-1020.292	30.75212	4.029833
2990	-986.2263	-1016.243	30.01641	4.765541
3000	-985.1272	-1015.37	30.2423	4.539648
3010	-986.6076	-1016.529	29.92092	4.861037
3020	-985.3293	-1016.003	30.67373	4.108228
3030	-986.814	-1017.177	30.36293	4.419026
3040	-987.7817	-1017.451	29.66882	5.113128
3050	-985.5904	-1015.88	30.28973	4.492227
3060	-983.6638	-1013.722	30.05829	4.723659
3070	-983.8725	-1013.82	29.94742	4.834535
3080	-982.9186	-1012.449	29.53078	5.251168
3090	-987.2863	-1017.278	29.99136	4.790597
3100	-995.3375	-1025.712	30.37408	4.407878
3110	-980.3121	-1010.304	29.99212	4.789829
3120	-984.9278	-1014.661	29.73273	5.049223
3130	-989.9392	-1019.724	29.78465	4.997305
3140	-985.7486	-1016.005	30.25612	4.525834
3150	-986.4485	-1016.802	30.35382	4.428133
3160	-984.7342	-1015.194	30.46013	4.32182
3170	-981.8904	-1012.099	30.20881	4.573139
3180	-986.0016	-1016.451	30.44911	4.332843
3190	-992.561	-1022.429	29.86794	4.914011
3200	-992.4881	-1022.753	30.26532	4.51663
3210	-989.2124	-1019.587	30.3748	4.40715
3220	-981.7463	-1012.659	30.91222	3.869729
3230	-984.9467	-1015.796	30.84896	3.932996
3240	-987.8967	-1017.946	30.04931	4.732648
3250	-989.8629	-1020.39	30.52707	4.254884
3260	-983.4669	-1013.841	30.37435	4.407608
3270	-983.79	-1013.664	29.87407	4.907888
3280	-988.06	-1018.114	30.05353	4.728423
3290	-985.9754	-1016.448	30.47243	4.309519
3300	-984.3331	-1014.934	30.60094	4.18101
3310	-985.6841	-1015.692	30.00796	4.773994
3320	-998.6647	-1028.502	29.83723	4.944719
3330	-984.8097	-1014.794	29.98405	4.797898
3340	-986.0864	-1016.465	30.37904	4.402916
3350	-987.5848	-1017.623	30.03815	4.743798
3360	-986.0642	-1015.629	29.56495	5.217004
3370	-985.3081	-1015.626	30.318	4.46395
3380	-984.7093	-1014.629	29.92001	4.861943
3390	-984.1384	-1014.213	30.07424	4.707717
3400	-982.7913	-1013.341	30.55014	4.231813
3410	-983.1648	-1013.591	30.42602	4.35593
3420	-983.8494	-1014.648	30.79909	3.982858
3430	-987.3843	-1017.866	30.4816	4.300355
3440	-981.9435	-1012.203	30.2597	4.522253
3450	-983.6393	-1013.893	30.25385	4.528099
3460	-989.1358	-1018.82	29.68455	5.097399
3470	-989.0372	-1018.931	29.89367	4.888285
3480	-983.2442	-1013.813	30.569	4.212958
3490	-980.9489	-1011.257	30.30834	4.473609
3500	-985.9722	-1016.419	30.44658	4.335374
3510	-989.7139	-1020.078	30.36422	4.417735
3520	-985.5086	-1015.696	30.18768	4.594277
3530	-984.1327	-1014.296	30.16301	4.618938
3540	-991.5429	-1021.285	29.74226	5.039695
3550	-985.3141	-1015.429	30.11488	4.667073
3560	-987.1919	-1017.778	30.58614	4.19581
3570	-986.1452	-1016.591	30.44618	4.335774
3580	-991.7058	-1021.962	30.25581	4.526139
3590	-980.7625	-1011.074	30.31115	4.470801
3600	-982.3349	-1012.642	30.30744	4.474512
3610	-989.5557	-1019.184	29.62867	5.153281
3620	-986.6574	-1016.41	29.75255	5.029404
3630	-982.9406	-1013.204	30.26375	4.518207
3640	-987.9616	-1017.909	29.94782	4.834134
3650	-981.3553	-1011.778	30.4231	4.358852
3660	-984.2445	-1014.135	29.89017	4.891778
3670	-982.8047	-1013.07	30.26522	4.516737
3680	-981.8241	-1011.878	30.05387	4.728078
3690	-987.3818	-1017.62	30.2385	4.543452
3700	-981.8386	-1012.644	30.80583	3.976119
3710	-983.9209	-1014.085	30.16377	4.618188
3720	-982.7474	-1013.263	30.51568	4.266277
3730	-989.3586	-1019.958	30.59907	4.182884
3740	-988.8909	-1019.723	30.83186	3.950095
3750	-983.2789	-1013.503	30.22455	4.557403
3760	-985.2945	-1015.486	30.19171	4.59024
3770	-985.6583	-1016.517	30.85908	3.922875
3780	-985.6612	-1015.998	30.33658	4.445373
3790	-988.5652	-1018.386	29.82054	4.961417
3800	-985.6413	-1016.331	30.68958	4.092372
3810	-992.1646	-1023.225	31.06086	3.721092
3820	-990.0533	-1020.452	30.39901	4.38294
3830	-986.2923	-1016.559	30.26664	4.51531
3840	-988.4771	-1018.399	29.9223	4.859649
3850	-985.1187	-1015.659	30.54063	4.241325
3860	-991.0183	-1021.609	30.59086	4.191098
3870	-992.7705	-1022.447	29.67663	5.105322
3880	-989.5981	-1019.351	29.75251	5.029445
3890	-997.3431	-1027.75	30.40695	4.375007
3900	-991.4424	-1021.493	30.05066	4.731295
3910	-989.3749	-1019.092	29.71732	5.064636
3920	-984.4017	-1014.67	30.2683	4.513654
3930	-982.1809	-1012.382	30.20135	4.580604
3940	-987.705	-1018.08	30.37463	4.407321
3950	-984.1488	-1014.249	30.09985	4.682099
3960	-989.8008	-1020.409	30.60786	4.174096
3970	-984.1258	-1014.97	30.84391	3.938045
3980	-989.4419	-1018.68	29.23772	5.544234
3990	-988.7868	-1018.654	29.86752	4.91443
4000	-990.2833	-1020.735	30.45127	4.33068
4010	-991.1399	-1021.467	30.32687	4.455088
4020	-986.3347	-1016.401	30.06678	4.715172
4030	-980.9973	-1011.493	30.49612	4.285837
4040	-979.8362	-1010.007	30.17045	4.611501
4050	-982.8411	-1013.555	30.71371	4.068244
4060	-983.6338	-1014.064	30.43017	4.351788
4070	-982.4525	-1012.713	30.26095	4.521003
4080	-981.8729	-1011.844	29.97115	4.810808
4090	-983.844	-1014.357	30.51308	4.268872
4100	-986.8786	-1016.978	30.0997	4.682256
4110	-983.3811	-1013.252	29.87062	4.911334
4120	-983.6687	-1013.406	29.73775	5.044205
4130	-981.8759	-1012.196	30.32008	4.461871
4140	-987.2929	-1017.862	30.56859	4.21336
4150	-983.0774	-1013.314	30.23679	4.545167
4160	-985.5488	-1016.159	30.60973	4.172222
4170	-984.0543	-1014.444	30.38991	4.392046
4180	-985.7098	-1016.219	30.50914	4.272816
4190	-983.8157	-1013.907	30.09087	4.691087
4200	-983.3535	-1013.602	30.24836	4.533593
4210	-987.8458	-1018.081	30.23568	4.546276
4220	-990.0517	-1020.45	30.39803	4.383927
4230	-982.403	-1012.212	29.80856	4.973393
4240	-992.8528	-1022.895	30.04253	4.739425
4250	-986.6624	-1017.073	30.41095	4.371004
4260	-982.2022	-1012.4	30.1979	4.584053
4270	-989.0138	-1018.865	29.85156	4.930397
4280	-986.4007	-1017.123	30.72242	4.059533
4290	-983.074	-1013.479	30.40476	4.377194
4300	-983.2491	-1013.232	29.98264	4.799318
4310	-990.0704	-1020.677	30.60641	4.175548
4320	-985.3104	-1015.685	30.37505	4.406907
4330	-980.8359	-1011.132	30.29583	4.486121
4340	-990.8551	-1020.282	29.42674	5.355211
4350	-987.0834	-1016.656	29.57216	5.209792
4360	-987.6751	-1017.588	29.91248	4.86947
4370	-986.1964	-1016.172	29.97527	4.80668
4380	-994.3432	-1023.76	29.41667	5.365281
4390	-989.4103	-1018.764	29.35396	5.427991
4400	-984.4825	-1014.81	30.32731	4.454647
4410	-985.2526	-1015.353	30.09993	4.682023
4420	-978.4976	-1008.86	30.3623	4.419655
4430	-990.4569	-1021.077	30.62023	4.161719
4440	-984.232	-1014.111	29.87857	4.903385
4450	-981.1851	-1011.013	29.82792	4.954029
4460	-985.6941	-1016.462	30.76758	4.014375
4470	-981.3776	-1011.212	29.83413	4.947822
4480	-979.0518	-1008.834	29.7824	4.999549
4490	-991.8567	-1022.893	31.03669	3.74526
4500	-987.2345	-1017.698	30.46329	4.318665
4510	-982.8538	-1013.077	30.22366	4.558291
4520	-995.383	-1025.502	30.11917	4.662788
4530	-990.4228	-1020.837	30.41408	4.36787
4540	-985.4576	-1015.332	29.87484	4.907117
4550	-989.9735	-1019.774	29.80093	4.981027
4560	-995.536	-1025.484	29.9482	4.83375
4570	-991.2442	-1021.532	30.28736	4.494589
4580	-987.7118	-1017.473	29.76092	5.021037
4590	-981.2474	-1011.658	30.41062	4.37133
4600	-985.7659	-1015.512	29.74605	5.035906
4610	-984.2063	-1014.533	30.32654	4.455414
4620	-994.0362	-1023.859	29.82287	4.959081
4630	-985.536	-1015.667	30.13143	4.650525
4640	-991.7497	-1022.173	30.42356	4.358388
4650	-988.7326	-1019.57	30.83728	3.944674
4660	-986.2684	-1015.873	29.6041	5.177852
4670	-984.621	-1014.719	30.09758	4.684373
4680	-984.1996	-1014.425	30.22498	4.556973
4690	-980.6773	-1011.002	30.32478	4.457172
4700	-981.6733	-1012.253	30.57935	4.202607
4710	-983.4871	-1013.575	30.08749	4.694461
4720	-987.2006	-1017.816	30.61568	4.166268
4730	-992.4881	-1023.221	30.73285	4.049098
4740	-981.8983	-1011.98	30.08172	4.700236
4750	-981.4841	-1012.331	30.84725	3.9347
4760	-987.7203	-1018.476	30.75603	4.025928
4770	-983.8636	-1013.981	30.11765	4.664299
4780	-979.9807	-1010.605	30.62481	4.157146
4790	-983.966	-1013.751	29.78455	4.997408
4800	-985.8272	-1016.646	30.81908	3.962869
4810	-984.4909	-1014.456	29.9649	4.81705
4820	-988.0261	-1017.922	29.89623	4.885719
4830	-983.103	-1013.031	29.92768	4.854275
4840	-988.8579	-1019.402	30.5446	4.237352
4850	-985.8341	-1016.648	30.81426	3.967692
4860	-983.7427	-1013.789	30.04664	4.73531
4870	-990.6262	-1020.776	30.15	4.63195
4880	-988.505	-1018.383	29.87824	4.90371
4890	-984.4451	-1013.893	29.44833	5.333627
4900	-984.0208	-1014.5	30.47965	4.302305
4910	-986.0883	-1016.796	30.70754	4.074409
4920	-984.0488	-1014.236	30.18756	4.594396
4930	-986.5579	-1017.119	30.56125	4.220699
4940	-988.1466	-1018.701	30.55478	4.227174
4950	-983.9765	-1013.952	29.97506	4.80689
4960	-985.555	-1015.982	30.42741	4.354543
4970	-984.4464	-1014.677	30.23108	4.55087
4980	-984.3888	-1014.995	30.60589	4.176066
4990	-983.1586	-1013.731	30.57249	4.209467
5000	-982.9853	-1012.842	29.85711	4.924847
5010	-984.7411	-1015.1	30.35865	4.423301
5020	-987.5807	-1017.939	30.35865	4.423301
5030	-982.3632	-1012.998	30.63523	4.146723
5040	-980.9324	-1011.036	30.10401	4.677946
5050	-991.53	-1022.292	30.7617	4.020256
5060	-994.09	-1024.379	30.28869	4.49326
5070	-993.3051	-1023.677	30.37203	4.40992
5080	-987.5151	-1017.47	29.95482	4.82713
5090	-989.3832	-1018.943	29.56026	5.221689
5100	-985.1829	-1016.156	30.97357	3.808383
5110	-983.5317	-1013.748	30.21606	4.565889
5120	-981.2354	-1011.363	30.12707	4.654884
5130	-991.1297	-1021.695	30.56522	4.216729
5140	-983.2608	-1013.157	29.89605	4.885908
5150	-982.4069	-1012.837	30.42967	4.352282
5160	-988.1483	-1017.6	29.45144	5.330512
5170	-982.8978	-1013.168	30.26978	4.512176
5180	-985.508	-1015.764	30.25647	4.525484
5190	-992.9431	-1022.784	29.84098	4.940975
5200	-986.0048	-1016.785	30.77986	4.002091
5210	-981.9849	-1011.89	29.90529	4.876663
5220	-984.2478	-1014.073	29.82484	4.957118
5230	-981.3871	-1011.013	29.62572	5.156237
5240	-988.9594	-1019.151	30.19145	4.590502
5250	-982.6534	-1013.166	30.51262	4.269331
5260	-978.9572	-1009.479	30.52214	4.25981
5270	-985.0377	-1015.926	30.88872	3.893234
5280	-990.0786	-1020.17	30.09114	4.690812
5290	-984.3821	-1014.964	30.58171	4.200239
5300	-983.4471	-1013.182	29.73486	5.04709
5310	-982.3463	-1012.567	30.22069	4.561265
5320	-987.12	-1017.59	30.46973	4.312221
5330	-986.6618	-1016.776	30.11455	4.667398
5340	-981.7485	-1012.047	30.29862	4.483333
5350	-982.7713	-1012.631	29.85967	4.922282
5360	-986.5589	-1017.26	30.701	4.08095
5370	-987.4045	-1017.64	30.2358	4.546148
5380	-989.9409	-1020.479	30.53822	4.243728
5390	-982.554	-1012.75	30.1959	4.586052
5400	-983.8518	-1014.314	30.46234	4.31961
5410	-982.6226	-1012.699	30.07634	4.705611
5420	-990.1147	-1021.191	31.07637	3.705581
5430	-980.0608	-1010.383	30.32224	4.459717
5440	-987.1163	-1016.748	29.63208	5.149868
5450	-985.6109	-1014.897	29.28629	5.495662
5460	-989.1893	-1019.351	30.16219	4.619764
5470	-985.3618	-1015.876	30.51413	4.267819
5480	-987.6598	-1018.181	30.52082	4.261137
5490	-981.8006	-1011.994	30.19358	4.588368
5500	-991.3279	-1021.858	30.53014	4.251809
5510	-984.3574	-1014.155	29.79768	4.98427
5520	-984.8768	-1015.595	30.71819	4.063766
5530	-987.3269	-1017.724	30.39757	4.384381
5540	-986.5102	-1016.877	30.36712	4.414837
5550	-985.8191	-1016.426	30.60723	4.17472
5560	-979.8312	-1010.259	30.42761	4.354347
5570	-980.1789	-1010.359	30.18012	4.601838
5580	-983.1862	-1014.175	30.9886	3.793351
5590	-987.9498	-1018.938	30.9886	3.793351
5600	-989.9837	-1019.537	29.553	5.228955
5610	-983.0577	-1013.356	30.29821	4.483741
5620	-977.7975	-1008.096	30.29821	4.483741
5630	-983.5802	-1013.281	29.70128	5.080674
5640	-984.7455	-1015.178	30.43248	4.349474
5650	-980.8056	-1011.238	30.43248	4.349474
5660	-987.9998	-1018.814	30.81437	3.967587
5670	-986.1141	-1016.275	30.16105	4.620899
5680	-986.3001	-1016.503	30.20318	4.578776
5690	-986.0803	-1016.442	30.36141	4.420543
5700	-980.9697	-1011.435	30.46562	4.316332
5710	-998.0961	-1028.193	30.09725	4.6847
5720	-986.674	-1017.529	30.85524	3.926717
5730	-989.182	-1020.113	30.93148	3.85047
5740	-991.8605	-1022.721	30.8603	3.921657
5750	-986.4634	-1017.178	30.71497	4.066979
5760	-981.227	-1011.863	30.63597	4.145982
5770	-979.999	-1010.102	30.10266	4.679296
5780	-982.3438	-1011.85	29.50626	5.275696
5790	-988.5946	-1018.832	30.23722	4.544731
5800	-983.4135	-1014.463	31.04931	3.732641
5810	-986.0482	-1016.616	30.56785	4.214099
5820	-982.7184	-1012.995	30.27699	4.504964
5830	-989.7575	-1020.223	30.46574	4.31621
5840	-982.4681	-1012.672	30.20346	4.578491
5850	-985.4048	-1015.608	30.20374	4.578218
5860	-983.5942	-1013.904	30.30976	4.47219
5870	-987.4191	-1018.153	30.734	4.04795
5880	-994.1267	-1024.111	29.98411	4.79784
5890	-989.1022	-1020.1	30.99786	3.78409
5900	-984.6022	-1014.924	30.32165	4.460305
5910	-983.6365	-1014.069	30.4324	4.349554
5920	-991.5152	-1022.337	30.8219	3.960056
5930	-990.2087	-1020.231	30.02212	4.759836
5940	-990.1912	-1020.342	30.15038	4.631571
5950	-986.6205	-1016.741	30.12057	4.661385
5960	-984.6942	-1015.293	30.59901	4.182947
5970	-979.9534	-1010.262	30.30851	4.473448
5980	-988.0181	-1018.325	30.30649	4.475468
5990	-990.4864	-1021.264	30.77783	4.004121
6000	-989.1211	-1019.419	30.29822	4.483731
6010	-984.7557	-1014.583	29.82757	4.954379
6020	-983.681	-1014.484	30.80249	3.979458
6030	-982.0342	-1012.519	30.48518	4.296771
6040	-985.8494	-1016.526	30.67666	4.105292
6050	-985.203	-1014.936	29.73349	5.048459
6060	-982.9414	-1013.683	30.74154	4.04041
6070	-984.4717	-1014.626	30.15414	4.627817
6080	-986.6168	-1017.001	30.38434	4.397615
6090	-983.7078	-1014.145	30.43683	4.345123
6100	-981.7099	-1012.147	30.4368	4.345156
6110	-983.7572	-1013.857	30.09959	4.68236
6120	-983.357	-1013.808	30.45146	4.330489
6130	-982.7729	-1012.886	30.11266	4.66929
6140	-983.9262	-1013.288	29.36169	5.420263
6150	-984.6741	-1014.783	30.10901	4.672939
6160	-982.9644	-1013.601	30.63662	4.145328
6170	-982.2594	-1013.077	30.81718	3.964771
6180	-986.3836	-1016.446	30.06251	4.719447
6190	-982.408	-1013.017	30.60893	4.173028
6200	-982.7667	-1013.117	30.35043	4.431525
6210	-987.2295	-1017.723	30.49401	4.287945
6220	-993.2734	-1024.324	31.05096	3.730995
6230	-982.7559	-1012.904	30.14799	4.633963
6240	-990.644	-1021.851	31.20724	3.574716
6250	-992.4004	-1022.129	29.72863	5.053323
6260	-984.4998	-1014.532	30.03175	4.750199
6270	-985.5006	-1015.995	30.49463	4.287325
6280	-986.7497	-1016.242	29.49191	5.290047
6290	-993.7668	-1023.187	29.42053	5.361419
6300	-988.6729	-1018.935	30.26223	4.519721
6310	-987.9664	-1017.625	29.65875	5.123198
6320	-983.9994	-1013.963	29.96377	4.818187
6330	-983.0494	-1013.464	30.41443	4.367525
6340	-985.7003	-1015.84	30.14001	4.641948
6350	-991.5128	-1022.101	30.58866	4.19329
6360	-990.9495	-1021.327	30.37742	4.404536
6370	-985.6607	-1016.386	30.72571	4.056246
6380	-987.8885	-1018.187	30.29883	4.483119
6390	-986.8703	-1016.999	30.12861	4.653347
6400	-991.6023	-1022.231	30.62883	4.153121
6410	-987.4575	-1017.187	29.72927	5.052686
6420	-985.8833	-1015.776	29.89281	4.889138
6430	-985.7295	-1015.273	29.54306	5.238896
6440	-986.5273	-1017.258	30.73037	4.051582
6450	-985.478	-1016.028	30.55039	4.231562
6460	-986.7835	-1017.405	30.62174	4.160216
6470	-985.6069	-1016.429	30.82241	3.959543
6480	-985.6349	-1015.589	29.95407	4.827878
6490	-984.7626	-1015.043	30.2808	4.501151
6500	-989.5359	-1019.695	30.15922	4.622736
6510	-988.6742	-1018.967	30.29304	4.488914
6520	-987.6918	-1018.005	30.313	4.468958
6530	-989.8451	-1019.413	29.56832	5.213636
6540	-985.4871	-1015.669	30.18218	4.599773
6550	-988.4384	-1018.914	30.47608	4.305871
6560	-986.4549	-1017.338	30.88267	3.899284
6570	-987.6571	-1018.099	30.44219	4.339764
6580	-986.2566	-1016.191	29.93393	4.848026
6590	-984.2111	-1014.565	30.35401	4.427939
6600	-986.7418	-1017.26	30.51806	4.263898
6610	-985.8089	-1016.526	30.71723	4.064727
6620	-979.7234	-1010.284	30.56051	4.221442
6630	-981.5338	-1011.823	30.28875	4.493198
6640	-988.596	-1019.048	30.45184	4.330117
6650	-985.8394	-1016.622	30.78298	3.998974
6660	-985.4244	-1015.934	30.50983	4.272126
6670	-992.5622	-1022.722	30.16019	4.62176
6680	-988.7506	-1019.807	31.05611	3.725847
6690	-985.5614	-1015.882	30.32063	4.461322
6700	-980.8376	-1011.665	30.82775	3.954208
6710	-983.1837	-1013.223	30.03965	4.742307
6720	-986.7477	-1016.464	29.71626	5.065689
6730	-986.1398	-1016.133	29.99339	4.788563
6740	-993.4859	-1024.002	30.51601	4.26594
6750	-989.3272	-1019.77	30.44258	4.339369
6760	-979.8095	-1010.299	30.48959	4.292358
6770	-984.9317	-1015.668	30.73647	4.045484
6780	-991.7056	-1022.101	30.39538	4.386574
6790	-984.8885	-1015.694	30.80579	3.976164
6800	-987.5898	-1017.845	30.25532	4.526632
6810	-983.644	-1013.536	29.89184	4.890112
6820	-980.1355	-1010.601	30.46591	4.316045
6830	-984.3881	-1014.247	29.85904	4.922912
6840	-981.5889	-1011.648	30.05925	4.7227
6850	-991.8191	-1021.791	29.97212	4.809828
6860	-990.0875	-1019.76	29.67279	5.109162
6870	-991.8143	-1022.482	30.66792	4.114031
6880	-993.8046	-1023.636	29.83119	4.950761
6890	-991.2225	-1021.449	30.22642	4.555537
6900	-987.2753	-1017.779	30.50362	4.278332
6910	-983.66	-1013.998	30.33767	4.444286
6920	-996.5527	-1026.549	29.99642	4.785528
6930	-982.2174	-1012.627	30.40997	4.371985
6940	-985.0685	-1015.641	30.57262	4.209329
6950	-990.2393	-1020.847	30.60785	4.174104
6960	-985.923	-1016.244	30.32081	4.461145
6970	-986.0523	-1016.651	30.5988	4.183157
6980	-985.1966	-1015.648	30.4515	4.330455
6990	-979.8251	-1010.518	30.69311	4.088846
7000	-990.5528	-1020.648	30.09525	4.686707
7010	-987.2275	-1017.196	29.96837	4.813583
7020	-989.7878	-1019.736	29.94799	4.833966
7030	-988.1796	-1018.436	30.25662	4.525333
7040	-985.2027	-1014.712	29.50883	5.273119
7050	-986.5479	-1017.479	30.93137	3.850588
7060	-983.3578	-1013.456	30.09817	4.683782
7070	-992.2886	-1023.393	31.10462	3.677336
7080	-987.9017	-1017.537	29.63545	5.146508
7090	-982.5586	-1012.643	30.08396	4.697993
7100	-986.3532	-1017.1	30.74693	4.03502
7110	-988.0999	-1017.874	29.77401	5.007946
7120	-987.536	-1017.818	30.28155	4.500402
7130	-985.6722	-1015.881	30.20907	4.572885
7140	-992.0274	-1022.399	30.37135	4.4106
7150	-987.9296	-1018.104	30.1743	4.60765
7160	-992.4426	-1022.632	30.18903	4.592922
7170	-993.281	-1023.381	30.10026	4.68169
7180	-985.1766	-1015.22	30.04319	4.738759
7190	-987.1297	-1016.893	29.76322	5.018728
7200	-980.0081	-1010.542	30.53427	4.247687
7210	-990.5914	-1020.304	29.71207	5.069882
7220	-984.1848	-1014.313	30.12812	4.653835
7230	-980.3749	-1010.429	30.05387	4.728086
7240	-990.5002	-1020.683	30.1825	4.599449
7250	-986.352	-1017.135	30.78342	3.998536
7260	-981.9961	-1011.799	29.8027	4.979251
7270	-987.4391	-1017.194	29.75515	5.026805
7280	-989.2529	-1019.398	30.14483	4.637128
7290	-1001.725	-1030.667	28.9425	5.839453
7300	-991.9272	-1022.021	30.09382	4.688137
7310	-982.8085	-1013.572	30.76347	4.018479
7320	-987.5968	-1018.147	30.5501	4.231852
7330	-986.593	-1017.411	30.81767	3.964284
7340	-989.1439	-1019.823	30.67929	4.102659
7350	-987.9037	-1018.248	30.34473	4.437219
7360	-986.4868	-1016.791	30.30374	4.478214
7370	-986.2827	-1016.643	30.36007	4.421879
7380	-990.1797	-1020.14	29.96026	4.821694
7390	-995.8245	-1025.698	29.87331	4.908641
7400	-986.6429	-1016.714	30.07092	4.711037
7410	-988.2283	-1018.3	30.07146	4.710489
7420	-992.4396	-1022.923	30.48303	4.29892
7430	-982.3581	-1012.877	30.51893	4.263025
7440	-981.8279	-1012.137	30.30921	4.472747
7450	-993.9374	-1023.987	30.05004	4.731909
7460	-989.2939	-1018.829	29.53482	5.247132
7470	-981.4159	-1011.788	30.37236	4.409597
7480	-986.8449	-1017.707	30.86175	3.9202
7490	-982.009	-1012.242	30.23265	4.549303
7500	-990.3857	-1020.286	29.90074	4.88121
7510	-994.8134	-1024.313	29.50002	5.281929
7520	-985.0191	-1015.474	30.45475	4.327204
7530	-981.0996	-1011.42	30.32018	4.461776
7540	-977.3435	-1008.199	30.85583	3.92612
7550	-982.7814	-1013.128	30.34687	4.435087
7560	-998.0507	-1028.398	30.34687	4.435087
7570	-986.1784	-1016.461	30.28216	4.499798
7580	-983.7609	-1014.212	30.45067	4.331278
7590	-985.6537	-1015.963	30.3097	4.472257
7600	-980.2994	-1010.82	30.52044	4.261511
7610	-982.4529	-1012.582	30.12951	4.652444
7620	-981.8341	-1011.569	29.73454	5.047417
7630	-989.678	-1019.699	30.02142	4.76053
7640	-989.0244	-1019.912	30.88801	3.893948
7650	-989.2317	-1019.611	30.37915	4.4028
7660	-985.6947	-1015.469	29.77464	5.007311
7670	-986.528	-1016.479	29.95105	4.830903
7680	-980.7089	-1011.484	30.77533	4.006621
7690	-983.372	-1013.739	30.36706	4.414889
7700	-986.5967	-1017.057	30.46037	4.321579
7710	-982.5151	-1013.11	30.59456	4.187395
7720	-979.3158	-1009.596	30.28024	4.501715
7730	-984.9	-1015.002	30.10159	4.680361
7740	-984.8985	-1014.979	30.08061	4.701339
7750	-990.0144	-1020.261	30.24674	4.535214
7760	-990.2524	-1020.333	30.0806	4.701349
7770	-984.1618	-1014.018	29.85665	4.925306
7780	-989.4091	-1019.793	30.38388	4.398074
7790	-988.0345	-1018.034	29.99913	4.782824
7800	-983.9748	-1014.649	30.67423	4.107723
7810	-982.7896	-1012.996	30.2066	4.575358
7820	-990.1637	-1019.724	29.56054	5.221411
7830	-987.8408	-1017.989	30.14803	4.633923
7840	-987.9355	-1017.41	29.47461	5.307342
7850	-982.4289	-1012.921	30.49211	4.289842
7860	-985.8342	-1015.956	30.12155	4.660401
7870	-983.3184	-1013.398	30.08005	4.701907
7880	-984.1138	-1013.863	29.74945	5.032502
7890	-981.698	-1011.69	29.99169	4.790265
7900	-982.7425	-1013.141	30.3989	4.38305
7910	-988.2951	-1018.003	29.70776	5.074198
7920	-985.6523	-1015.867	30.21455	4.567401
7930	-990.8754	-1021.528	30.653	4.128955
7940	-988.7909	-1019.29	30.49943	4.282525
7950	-992.5739	-1022.369	29.79505	4.986901
7960	-990.4282	-1020.853	30.42452	4.357431
7970	-987.4883	-1017.33	29.84144	4.940514
7980	-983.7392	-1014.37	30.63107	4.150887
7990	-982.5479	-1012.977	30.42881	4.353139
8000	-987.3212	-1017.504	30.18293	4.59902
8010	-985.6979	-1015.969	30.27095	4.510999
8020	-986.3466	-1016.545	30.19872	4.583233
8030	-985.5665	-1015.428	29.86151	4.920439
8040	-988.2617	-1018.345	30.08345	4.698501
8050	-987.997	-1018.177	30.17968	4.602276
8060	-984.941	-1014.994	30.0532	4.728757
8070	-988.7791	-1018.537	29.75794	5.024009
8080	-986.5897	-1016.812	30.22187	4.560087
8090	-982.2995	-1012.348	30.04877	4.733179
8100	-985.8492	-1015.617	29.76807	5.01388
8110	-981.6145	-1011.931	30.31666	4.465294
8120	-981.6675	-1011.59	29.92203	4.859926
8130	-981.8508	-1011.939	30.08821	4.693744
8140	-981.3687	-1011.649	30.28023	4.501724
8150	-987.2083	-1017.774	30.56578	4.216169
8160	-988.2372	-1018.189	29.95162	4.830332
8170	-990.1088	-1020.571	30.46217	4.319779
8180	-985.3037	-1015.386	30.08195	4.700007
8190	-989.1985	-1019.374	30.1753	4.606652
8200	-989.1911	-1018.734	29.54321	5.238744
8210	-981.7471	-1012.078	30.33125	4.450704
8220	-992.6579	-1022.865	30.20749	4.574463
8230	-989.879	-1020.189	30.30958	4.47237
8240	-989.8582	-1019.4	29.54183	5.240122
8250	-985.4342	-1015.739	30.30472	4.477235
8260	-987.7145	-1017.373	29.65818	5.123775
8270	-990.2478	-1020.055	29.80766	4.974292
8280	-984.7537	-1014.786	30.03184	4.750115
8290	-984.4319	-1013.968	29.53644	5.24551
8300	-981.7253	-1011.821	30.09538	4.686572
8310	-990.6233	-1020.201	29.57739	5.204566
8320	-980.4658	-1010.496	30.03026	4.751697
8330	-984.3734	-1014.163	29.78998	4.99197
8340	-990.5487	-1021.283	30.73439	4.047567
8350	-985.4238	-1015.316	29.89248	4.889475
8360	-988.5083	-1018.949	30.44098	4.340972
8370	-989.4348	-1019.039	29.60427	5.177687
8380	-992.9973	-1022.309	29.31206	5.469894
8390	-989.2277	-1019.796	30.56809	4.213858
8400	-983.7024	-1014.243	30.54036	4.241592
8410	-987.9178	-1018.767	30.84922	3.932731
8420	-994.6456	-1025.194	30.54843	4.233524
8430	-987.0199	-1017.158	30.13802	4.643929
8440	-985.9411	-1015.385	29.44364	5.338317
8450	-979.4096	-1009.584	30.17436	4.607595
8460	-983.4751	-1014.262	30.78643	3.995519
8470	-979.9416	-1010.178	30.23671	4.545245
8480	-984.9274	-1015.81	30.88266	3.899297
8490	-984.7161	-1014.692	29.97561	4.806339
8500	-979.7511	-1010.403	30.6514	4.130558
8510	-985.5779	-1015.215	29.63723	5.144726
8520	-994.865	-1024.842	29.9771	4.804856
8530	-981.0718	-1010.69	29.61806	5.163891
8540	-981.3182	-1012.071	30.75306	4.028894
8550	-985.988	-1016.754	30.76591	4.016044
8560	-983.177	-1013.497	30.31963	4.462323
8570	-985.3868	-1015.79	30.40296	4.378996
8580	-985.6441	-1016.076	30.43147	4.350483
8590	-988.3736	-1018.416	30.04234	4.739609
8600	-983.2621	-1012.924	29.66223	5.119727
8610	-982.1379	-1012.634	30.49615	4.285802
8620	-987.4499	-1017.964	30.51413	4.267824
8630	-985.0977	-1015.914	30.81665	3.965302
8640	-981.9366	-1012.216	30.27928	4.502675
8650	-996.0388	-1026.619	30.5802	4.201758
8660	-995.2814	-1025.579	30.29737	4.484586
8670	-990.6084	-1021.693	31.08414	3.697814
8680	-987.6464	-1017.924	30.27779	4.504161
8690	-990.9603	-1021.238	30.27779	4.504161
8700	-988.7756	-1018.507	29.7315	5.050451
8710	-988.0514	-1018.489	30.43771	4.344245
8720	-988.3735	-1018.904	30.53041	4.251545
8730	-985.8738	-1015.672	29.79814	4.983808
8740	-979.2887	-1009.494	30.20487	4.577086
8750	-987.7107	-1017.736	30.02564	4.756308
8760	-983.8109	-1013.901	30.08993	4.692027
8770	-982.0394	-1012.248	30.20903	4.572921
8780	-985.8803	-1016.551	30.67092	4.111038
8790	-985.6666	-1016.109	30.44233	4.339619
8800	-989.5609	-1019.47	29.90865	4.873303
8810	-985.2287	-1015.612	30.38369	4.398266
8820	-982.9251	-1013.038	30.11301	4.668946
8830	-982.7565	-1013.382	30.62521	4.156745
8840	-983.4094	-1013.886	30.47648	4.305472
8850	-978.7343	-1009.528	30.79388	3.988075
8860	-984.7146	-1014.961	30.24675	4.535207
8870	-984.9694	-1015.319	30.34946	4.432489
8880	-987.7166	-1018.384	30.66788	4.114072
8890	-980.7319	-1011.653	30.92127	3.860682
8900	-977.9543	-1008.551	30.59693	4.185021
8910	-984.6224	-1014.889	30.26699	4.514966
8920	-986.89	-1017.837	30.94681	3.835142
8930	-983.9266	-1014.376	30.44944	4.33251
8940	-990.7091	-1021.48	30.77073	4.01122
8950	-993.63	-1023.145	29.5151	5.266855
8960	-992.2337	-1022.524	30.29078	4.491177
8970	-989.1285	-1018.795	29.66667	5.115284
8980	-990.0832	-1020.245	30.16177	4.620184
8990	-987.0765	-1017.082	30.00541	4.776543
9000	-980.1579	-1010.808	30.64981	4.132146
9010	-981.1041	-1011.382	30.27819	4.50376
9020	-984.2663	-1014.292	30.02593	4.756019
9030	-987.3731	-1017.854	30.48104	4.300916
9040	-985.6432	-1015.823	30.17937	4.602584
9050	-984.7702	-1014.95	30.17937	4.602584
9060	-982.1727	-1012.445	30.27214	4.509817
9070	-984.8324	-1014.943	30.11051	4.671443
9080	-986.567	-1016.838	30.27109	4.510866
9090	-986.7199	-1016.46	29.74043	5.04152
9100	-987.9252	-1017.656	29.73071	5.051245
9110	-982.3775	-1012.539	30.16189	4.620063
9120	-982.7047	-1012.925	30.21984	4.562108
9130	-978.5323	-1008.687	30.15422	4.627737
9140	-986.2881	-1016.506	30.21768	4.564276
9150	-982.7963	-1013.347	30.5505	4.231455
9160	-984.0787	-1014.215	30.13656	4.645395
9170	-981.1737	-1011.476	30.30236	4.479588
9180	-982.1847	-1012.58	30.39561	4.386347
9190	-989.1154	-1019.285	30.16958	4.612374
9200	-985.5072	-1015.495	29.98774	4.794214
9210	-987.4371	-1017.732	30.29506	4.486895
9220	-985.3914	-1015.878	30.48628	4.295672
9230	-992.5479	-1022.866	30.31827	4.463679
9240	-988.7725	-1019.47	30.69749	4.084463
9250	-985.1902	-1015.145	29.9548	4.827155
9260	-980.473	-1010.801	30.32837	4.453584
9270	-979.6199	-1009.882	30.26187	4.520085
9280	-989.5938	-1019.961	30.36706	4.414897
9290	-980.7669	-1011.522	30.75536	4.026594
9300	-982.2119	-1012.55	30.33834	4.443615
9310	-981.06	-1011.494	30.43441	4.347543
9320	-988.4698	-1019.017	30.54683	4.235124
9330	-983.4487	-1013.543	30.09418	4.687773
9340	-990.7027	-1021.131	30.42853	4.353419
9350	-989.1739	-1019.186	30.012	4.769948
9360	-984.3251	-1015.056	30.73057	4.051383
9370	-988.458	-1018.673	30.21475	4.567202
9380	-990.8747	-1021.042	30.16706	4.614892
9390	-985.8176	-1015.646	29.82842	4.953528
9400	-997.7091	-1028.66	30.95088	3.831076
9410	-988.2025	-1018.159	29.95674	4.825212
9420	-989.5205	-1020.157	30.63615	4.145805
9430	-990.9753	-1021.518	30.5422	4.23975
9440	-990.6037	-1020.786	30.18281	4.599145
9450	-982.3504	-1013.185	30.83463	3.947327
9460	-986.3315	-1017.158	30.82619	3.955764
9470	-983.8982	-1014.306	30.40806	4.373891
9480	-989.0556	-1019.783	30.72757	4.054387
9490	-986.3467	-1016.974	30.62749	4.154464
9500	-984.7748	-1014.881	30.10664	4.675312
9510	-982.9537	-1013.527	30.57313	4.208819
9520	-985.2169	-1015.336	30.11896	4.662991
9530	-984.9336	-1015.623	30.68897	4.092984
9540	-991.7887	-1021.58	29.79123	4.990721
9550	-987.1663	-1017.206	30.0399	4.742052
9560	-995.6701	-1025.492	29.82188	4.960073
9570	-987.3528	-1017.342	29.98897	4.792985
9580	-991.9513	-1021.539	29.58757	5.194379
9590	-987.0373	-1017.14	30.10233	4.679623
9600	-981.6417	-1011.864	30.22198	4.559969
9610	-984.7136	-1015.197	30.48344	4.298518
9620	-993.5751	-1023.957	30.38211	4.399846
9630	-992.2781	-1022.486	30.20791	4.574039
9640	-990.7529	-1020.833	30.08012	4.701833
9650	-986.077	-1015.678	29.60095	5.181007
9660	-984.5697	-1014.946	30.37592	4.406036
9670	-982.0087	-1012.342	30.33301	4.448945
9680	-983.3845	-1013.235	29.85054	4.931415
9690	-989.2382	-1018.904	29.66595	5.116006
9700	-989.872	-1020.065	30.19256	4.589389
9710	-988.1453	-1017.702	29.55706	5.224894
9720	-984.6612	-1014.867	30.2062	4.575754
9730	-987.1402	-1017.05	29.91	4.871948
9740	-980.878	-1011.176	30.29769	4.484262
9750	-981.694	-1011.877	30.18328	4.598676
9760	-983.4341	-1014.017	30.5828	4.199153
9770	-982.4498	-1012.552	30.10268	4.67927
9780	-985.7131	-1015.587	29.87396	4.907997
9790	-987.5482	-1018.575	31.02682	3.755138
9800	-983.0429	-1013.568	30.52462	4.257336
9810	-981.6137	-1012.438	30.82431	3.957648
9820	-980.3832	-1010.519	30.13563	4.646321
9830	-981.9469	-1012.644	30.69665	4.085299
9840	-982.9102	-1012.212	29.302	5.47995
9850	-992.1198	-1022.36	30.24021	4.541746
9860	-986.9189	-1017.012	30.093	4.688954
9870	-990.3946	-1020.671	30.27649	4.505462
9880	-985.7689	-1016.51	30.74105	4.040904
9890	-985.8014	-1016.534	30.7328	4.049152
9900	-983.9124	-1013.958	30.04511	4.736841
9910	-992.112	-1022.673	30.561	4.220954
9920	-985.9931	-1016.123	30.13008	4.651872
9930	-986.4376	-1016.596	30.1582	4.623753
9940	-980.078	-1010.25	30.17178	4.610177
9950	-982.3792	-1013.119	30.73982	4.04213
9960	-984.4249	-1014.274	29.84946	4.932496
9970	-987.2238	-1017.12	29.89606	4.885893
9980	-978.6634	-1009.519	30.85551	3.926445
9990	-982.7104	-1012.916	30.20514	4.57681
10000	-982.789	-1013.045	30.25606	4.525892
