Iteration	Replicate_ID	Posterior	Likelihood	Prior	tree_length
0	0	-987.8867	-1018.783	30.89608	3.885871
1	1	-980.3019	-1011.107	30.80504	3.976914
2	0	-984.6108	-1014.624	30.01279	4.769167
3	1	-985.8803	-1016.148	30.26755	4.514407
4	0	-987.7308	-1018.053	30.32239	4.459565
5	1	-986.7121	-1016.232	29.51943	5.262524
6	0	-984.4882	-1014.43	29.94208	4.839869
7	1	-989.9567	-1020.587	30.62983	4.152124
8	0	-990.0229	-1020.358	30.33537	4.446581
9	1	-982.9824	-1013.127	30.14507	4.636886
10	0	-982.8249	-1013.354	30.52887	4.253085
11	1	-982.2379	-1012.657	30.41911	4.362847
12	0	-983.0285	-1013.235	30.20603	4.575921
13	1	-985.428	-1015.247	29.81864	4.963313
14	0	-979.8878	-1010.481	30.59326	4.188697
15	1	-984.6593	-1014.639	29.97996	4.801993
16	0	-984.7954	-1014.842	30.04694	4.735017
17	1	-991.0287	-1021.243	30.21406	4.56789
18	0	-985.0472	-1015.408	30.36067	4.421287
19	1	-988.2237	-1018.602	30.37846	4.403496
20	0	-989.0316	-1019.103	30.0716	4.71035
21	1	-990.0954	-1020.166	30.07095	4.711
22	0	-982.7409	-1012.82	30.07897	4.702984
23	1	-981.3834	-1011.407	30.02395	4.758006
24	0	-989.014	-1019.318	30.30414	4.477815
25	1	-981.7457	-1012.447	30.70165	4.080307
26	0	-987.3965	-1017.414	30.0173	4.764654
27	1	-986.4654	-1016.823	30.35739	4.424561
28	0	-988.7573	-1018.663	29.90594	4.876014
29	1	-982.0414	-1012.443	30.40152	4.380431
30	0	-985.13	-1015.163	30.03278	4.74917
31	1	-984.0265	-1014.784	30.75725	4.0247
32	0	-984.7722	-1015.329	30.55716	4.224788
33	1	-984.5377	-1015.089	30.551	4.230952
34	0	-984.1244	-1014.206	30.08174	4.700212
35	1	-994.766	-1025.454	30.68801	4.093945
36	0	-986.8046	-1016.786	29.9816	4.800358
37	1	-988.9103	-1019.424	30.51363	4.268318
38	0	-987.6445	-1018.197	30.55295	4.229005
39	1	-985.7355	-1015.976	30.24087	4.541088
40	0	-987.8408	-1018.498	30.65713	4.124818
41	1	-988.4492	-1019.098	30.64852	4.133433
42	0	-985.9082	-1016.33	30.42147	4.360487
43	1	-987.5253	-1018.447	30.92127	3.860678
44	0	-982.9638	-1013.088	30.12397	4.657985
45	1	-983.313	-1013.865	30.55246	4.229491
46	0	-990.54	-1020.684	30.1444	4.637549
47	1	-987.0014	-1016.629	29.62779	5.154164
48	0	-987.2207	-1017.315	30.09439	4.687567
49	1	-987.7267	-1018.131	30.40455	4.377399
50	0	-985.1448	-1015.78	30.63534	4.146615
51	1	-988.4502	-1018.886	30.43568	4.346278
52	0	-989.0911	-1019.067	29.97635	4.805599
53	1	-985.6863	-1016.098	30.41143	4.370526
54	0	-990.9921	-1021.011	30.01852	4.763436
55	1	-985.8252	-1016.504	30.67871	4.103242
56	0	-992.0325	-1022.329	30.29616	4.485792
57	1	-986.0018	-1016.588	30.58649	4.195459
58	0	-981.6914	-1012.175	30.48339	4.298562
59	1	-988.0606	-1018.812	30.75126	4.030688
60	0	-984.3896	-1014.654	30.26446	4.517494
61	1	-983.0724	-1013.548	30.47582	4.306132
62	0	-983.7528	-1013.668	29.91568	4.866275
63	1	-985.4926	-1016.11	30.61781	4.164142
64	0	-987.8965	-1017.94	30.04391	4.738047
65	1	-983.4634	-1013.199	29.7353	5.046648
66	0	-980.9014	-1010.882	29.98048	4.801477
67	1	-982.8372	-1013.649	30.81208	3.969877
68	0	-984.6727	-1015.089	30.41616	4.365796
69	1	-985.9023	-1016.373	30.47083	4.311123
70	0	-981.8318	-1012.152	30.32038	4.461572
71	1	-986.9803	-1017.39	30.41003	4.371919
72	0	-981.8917	-1012.597	30.70531	4.076644
73	1	-986.4691	-1016.809	30.33955	4.442398
74	0	-982.0394	-1012.47	30.43057	4.351386
75	1	-996.3456	-1026.337	29.99131	4.790644
76	0	-988.1903	-1018.93	30.74004	4.041917
77	1	-990.3125	-1019.919	29.60628	5.175669
78	0	-985.0448	-1015.383	30.33821	4.443742
79	1	-990.9149	-1020.766	29.85151	4.930442
80	0	-986.0404	-1016.782	30.74168	4.040274
81	1	-987.6786	-1017.888	30.20964	4.572312
82	0	-989.8109	-1020.19	30.37887	4.403083
83	1	-987.8633	-1017.635	29.77155	5.0104
84	0	-981.5189	-1012.375	30.85614	3.925815
85	1	-985.3096	-1014.833	29.52315	5.2588
86	0	-991.5925	-1022.06	30.46716	4.314788
87	1	-982.9655	-1013.226	30.26079	4.521162
88	0	-986.158	-1015.603	29.44479	5.337161
89	1	-982.3001	-1012.18	29.87938	4.902568
90	0	-981.1687	-1011.096	29.92713	4.854828
91	1	-987.0436	-1016.975	29.93141	4.850547
92	0	-983.5159	-1014.054	30.53798	4.243973
93	1	-988.1461	-1017.951	29.80457	4.977385
94	0	-983.4736	-1013.962	30.48795	4.294
95	1	-986.6409	-1016.347	29.70621	5.075738
96	0	-992.5035	-1022.474	29.97038	4.811574
97	1	-982.8648	-1013.24	30.37471	4.407246
98	0	-981.0984	-1011.751	30.6525	4.129452
99	1	-980.7683	-1011.234	30.46538	4.316576
100	0	-984.0695	-1014.393	30.32394	4.45801
101	1	-985.1445	-1014.863	29.71902	5.062931
102	0	-982.8925	-1013.405	30.51265	4.269304
103	1	-987.8232	-1017.596	29.77302	5.008937
104	0	-985.836	-1016.406	30.5704	4.211552
105	1	-987.6846	-1017.585	29.90053	4.881421
106	0	-985.1543	-1015.374	30.2193	4.562651
107	1	-982.3725	-1013.033	30.66056	4.121394
108	0	-984.2659	-1014.014	29.74782	5.034131
109	1	-987.49	-1016.953	29.4626	5.319355
110	0	-988.5939	-1019.604	31.01055	3.771403
111	1	-982.6356	-1012.681	30.04593	4.736023
112	0	-988.4035	-1018.287	29.88331	4.898645
113	1	-981.6488	-1012.087	30.43825	4.343704
114	0	-979.686	-1010.019	30.3327	4.449257
115	1	-988.7967	-1018.338	29.54104	5.240912
116	0	-984.083	-1014.083	29.9996	4.782356
117	1	-986.4563	-1016.641	30.18477	4.597188
118	0	-981.7207	-1011.888	30.16734	4.614611
119	1	-992.8403	-1023.003	30.16245	4.619506
120	0	-988.7851	-1019.044	30.2587	4.52325
121	1	-988.7005	-1018.748	30.04759	4.734367
122	0	-985.9135	-1015.706	29.79282	4.989135
123	1	-990.7117	-1020.983	30.27096	4.510994
124	0	-985.5999	-1016.027	30.42759	4.354362
125	1	-986.3767	-1017.044	30.66717	4.114785
126	0	-988.0897	-1018.052	29.96209	4.819859
127	1	-986.5319	-1016.367	29.83546	4.946495
128	0	-981.6258	-1011.229	29.60314	5.178811
129	1	-983.7296	-1013.801	30.07101	4.710944
130	0	-983.5716	-1013.718	30.14595	4.636003
131	1	-986.6221	-1016.371	29.74909	5.03286
132	0	-985.5595	-1015.422	29.86226	4.919689
133	1	-983.8862	-1014.521	30.63508	4.146878
134	0	-981.0584	-1011.247	30.18868	4.593272
135	1	-985.3494	-1015.818	30.46868	4.313273
136	0	-980.104	-1010.446	30.34172	4.440229
137	1	-985.0658	-1014.982	29.91614	4.865816
138	0	-987.5785	-1018.196	30.61717	4.164788
139	1	-987.6635	-1017.305	29.64124	5.140711
140	0	-982.2789	-1012.29	30.01161	4.770344
141	1	-988.7461	-1019.212	30.46574	4.316215
142	0	-991.2153	-1021	29.78514	4.996815
143	1	-987.8422	-1017.471	29.62903	5.152927
144	0	-985.9234	-1016.476	30.55282	4.229131
145	1	-989.2117	-1019.438	30.2263	4.555655
146	0	-985.8096	-1016.053	30.24353	4.538423
147	1	-981.4236	-1011.637	30.21332	4.568631
148	0	-992.226	-1022.144	29.9185	4.86345
149	1	-989.4132	-1018.984	29.57104	5.210912
150	0	-989.4816	-1019.324	29.84216	4.939796
151	1	-988.1523	-1017.813	29.66098	5.120968
152	0	-983.6434	-1014.492	30.84873	3.933218
153	1	-998.2198	-1027.049	28.82913	5.952826
154	0	-996.6026	-1026.497	29.89407	4.887881
155	1	-995.7496	-1025.477	29.7272	5.054753
156	0	-985.206	-1015.467	30.2611	4.520856
157	1	-986.72	-1017.077	30.35749	4.424467
158	0	-990.6165	-1020.473	29.85691	4.925042
159	1	-987.8289	-1017.704	29.8748	4.907149
160	0	-981.5215	-1012.273	30.75179	4.030165
161	1	-989.8369	-1019.077	29.24022	5.541737
162	0	-985.255	-1015.516	30.26067	4.52128
163	1	-988.0535	-1017.903	29.84916	4.932797
164	0	-987.5694	-1017.777	30.20718	4.574768
165	1	-991.9906	-1021.318	29.32698	5.454977
166	0	-986.8332	-1017.823	30.99	3.791955
167	1	-987.2031	-1016.785	29.58201	5.199946
168	0	-984.7004	-1015.829	31.12867	3.653279
169	1	-984.4589	-1014.796	30.33686	4.445096
170	0	-989.549	-1019.339	29.78979	4.992162
171	1	-985.392	-1015.729	30.33686	4.445096
172	0	-987.956	-1018.073	30.1167	4.665255
173	1	-983.0076	-1012.901	29.89327	4.888681
174	0	-982.9547	-1012.73	29.77538	5.006577
175	1	-980.1824	-1010.889	30.70672	4.075235
176	0	-986.64	-1016.814	30.17436	4.607596
177	1	-982.158	-1012.715	30.5571	4.224858
178	0	-984.3104	-1014.127	29.81663	4.965324
179	1	-986.9114	-1017.494	30.58246	4.199493
180	0	-991.4207	-1021.212	29.79163	4.990323
181	1	-981.0662	-1011.321	30.255	4.526951
182	0	-990.085	-1020.683	30.59829	4.18366
183	1	-982.6835	-1013.014	30.33058	4.45137
184	0	-981.8372	-1012.044	30.20656	4.575394
185	1	-982.6435	-1012.997	30.35336	4.428594
186	0	-986.6755	-1017.101	30.42547	4.356485
187	1	-980.0241	-1010.152	30.12803	4.653926
188	0	-985.2164	-1016.079	30.86293	3.919023
189	1	-983.0088	-1012.846	29.8376	4.944357
190	0	-983.1491	-1013.351	30.20189	4.580064
191	1	-984.5931	-1015.097	30.50412	4.277831
192	0	-991.7159	-1021.878	30.16259	4.619363
193	1	-978.8715	-1008.794	29.92293	4.859023
194	0	-981.0446	-1011.374	30.32898	4.45297
195	1	-988.3576	-1018.775	30.41722	4.364733
196	0	-978.9087	-1009.183	30.27428	4.50767
197	1	-991.9985	-1022.189	30.19089	4.591067
198	0	-985.2446	-1015.385	30.14062	4.641332
199	1	-986.8135	-1017.514	30.70055	4.081407
200	0	-986.061	-1016.601	30.53986	4.242089
201	1	-983.3935	-1012.79	29.39637	5.385587
202	0	-993.2698	-1022.617	29.34703	5.43492
203	1	-980.9293	-1011.314	30.38449	4.397464
204	0	-993.2487	-1023.873	30.6243	4.157651
205	1	-983.3962	-1013.661	30.26445	4.517505
206	0	-985.0696	-1014.84	29.77021	5.01174
207	1	-984.6648	-1014.924	30.25884	4.52311
208	0	-979.3899	-1009.725	30.33515	4.446808
209	1	-981.9337	-1012.782	30.84859	3.933362
210	0	-984.898	-1014.982	30.08369	4.698266
211	1	-990.9021	-1021.257	30.35447	4.427484
212	0	-983.2664	-1013.834	30.5674	4.214558
213	1	-986.2427	-1016.33	30.08741	4.694546
214	0	-983.5281	-1013.551	30.0229	4.759048
215	1	-987.862	-1017.729	29.86691	4.915044
216	0	-982.6398	-1013.544	30.90387	3.878078
217	1	-983.6564	-1013.622	29.96522	4.816737
218	0	-985.7746	-1016.005	30.23029	4.551666
219	1	-989.0326	-1019.312	30.27965	4.502301
220	0	-981.1602	-1011.302	30.14163	4.640319
221	1	-986.5504	-1017.09	30.53925	4.242707
222	0	-979.5198	-1010.133	30.61316	4.16879
223	1	-986.1751	-1016.751	30.57554	4.206408
224	0	-982.6294	-1012.788	30.15877	4.623183
225	1	-982.5172	-1013.378	30.86102	3.920934
226	0	-985.1218	-1016.135	31.01286	3.769091
227	1	-981.8152	-1012.328	30.5127	4.269251
228	0	-980.3643	-1010.736	30.37181	4.410144
229	1	-987.7862	-1018.456	30.67022	4.111737
230	0	-988.183	-1018.37	30.187	4.594948
231	1	-990.9473	-1021.354	30.40696	4.374993
232	0	-991.7445	-1021.672	29.92764	4.854313
233	1	-983.8194	-1014.177	30.35775	4.424202
234	0	-983.6368	-1013.808	30.17168	4.610272
235	1	-986.2625	-1016.998	30.73589	4.046068
236	0	-983.3835	-1013.886	30.50238	4.279569
237	1	-992.5491	-1022.588	30.03865	4.743304
238	0	-986.8626	-1017.354	30.49132	4.290632
239	1	-983.8736	-1013.608	29.73465	5.047299
240	0	-989.2618	-1019.344	30.08203	4.699919
241	1	-988.1183	-1018.148	30.03008	4.751878
242	0	-985.0841	-1015.593	30.50903	4.272927
243	1	-988.859	-1019.624	30.76458	4.017378
244	0	-987.7575	-1017.486	29.72859	5.053368
245	1	-984.9275	-1015.466	30.539	4.242951
246	0	-984.7783	-1015.108	30.32923	4.452728
247	1	-987.5378	-1018.051	30.51351	4.268443
248	0	-988.6748	-1018.769	30.094	4.687956
249	1	-980.5758	-1010.962	30.38628	4.39567
250	0	-986.7277	-1016.362	29.63389	5.148066
251	1	-985.4429	-1015.262	29.81921	4.962747
252	0	-987.7806	-1018.432	30.6513	4.130654
253	1	-985.0025	-1015.156	30.15397	4.627988
254	0	-986.3265	-1016.881	30.55468	4.227273
255	1	-982.8092	-1012.928	30.11851	4.663445
256	0	-985.5737	-1016.229	30.65493	4.12702
257	1	-995.759	-1025.321	29.56199	5.219961
258	0	-990.625	-1021.527	30.90213	3.87982
259	1	-982.5624	-1013.052	30.48943	4.292522
260	0	-989.5484	-1020.029	30.48039	4.301563
261	1	-982.844	-1013.22	30.37643	4.405525
262	0	-986.497	-1016.81	30.31341	4.468547
263	1	-988.0131	-1017.574	29.56053	5.221426
264	0	-988.2625	-1018.771	30.50874	4.273212
265	1	-987.66	-1016.731	29.07128	5.710678
266	0	-990.7624	-1021.22	30.45721	4.324745
267	1	-988.0043	-1017.418	29.41384	5.368109
268	0	-990.7429	-1021.625	30.88211	3.899846
269	1	-984.9423	-1014.924	29.982	4.799948
270	0	-986.1109	-1016.45	30.33952	4.442435
271	1	-980.9634	-1011.366	30.40264	4.379312
272	0	-987.1166	-1017.26	30.14317	4.638782
273	1	-981.6165	-1011.82	30.20331	4.578639
274	0	-988.2278	-1019.194	30.96642	3.815532
275	1	-981.8704	-1012.288	30.41763	4.364322
276	0	-991.9416	-1021.658	29.71606	5.065889
277	1	-980.6061	-1010.945	30.33881	4.443139
278	0	-980.3321	-1011.27	30.93765	3.8443
279	1	-987.1497	-1017.489	30.33881	4.443139
280	0	-988.2632	-1018.283	30.01962	4.762332
281	1	-986.3052	-1016.996	30.69112	4.090833
282	0	-979.576	-1009.547	29.97056	4.811393
283	1	-987.3264	-1017.611	30.28469	4.497265
284	0	-992.819	-1023.18	30.3606	4.421357
285	1	-993.5237	-1024.085	30.56121	4.220738
286	0	-987.1341	-1017.184	30.04946	4.732493
287	1	-994.5028	-1024.862	30.35936	4.422592
288	0	-985.6188	-1016.253	30.63456	4.147389
289	1	-987.4372	-1017.083	29.6456	5.136356
290	0	-985.092	-1015.472	30.37961	4.402347
291	1	-985.6451	-1015.715	30.0698	4.712153
292	0	-982.925	-1013.08	30.15538	4.626571
293	1	-987.4977	-1017.809	30.3111	4.470853
294	0	-992.0125	-1021.539	29.52679	5.255164
295	1	-993.6087	-1023.799	30.19061	4.591344
296	0	-980.8211	-1010.842	30.02132	4.760633
297	1	-989.4117	-1019.546	30.13404	4.647909
298	0	-986.9899	-1017.685	30.69527	4.086682
299	1	-984.5994	-1015.011	30.41213	4.369819
300	0	-988.9866	-1018.778	29.79099	4.990968
301	1	-982.7099	-1012.822	30.11224	4.669709
302	0	-985.7698	-1015.975	30.20519	4.576768
303	1	-981.2898	-1011.322	30.03219	4.749761
304	0	-983.7165	-1013.916	30.1996	4.582353
305	1	-986.3544	-1015.942	29.58799	5.193959
306	0	-984.7768	-1015.095	30.3185	4.463453
307	1	-987.75	-1018.227	30.47732	4.304633
308	0	-981.9035	-1012.232	30.32812	4.453831
309	1	-981.9772	-1012.718	30.74043	4.041527
310	0	-980.2117	-1010.573	30.36143	4.420518
311	1	-984.4804	-1015.354	30.87322	3.908734
312	0	-985.6597	-1015.405	29.74492	5.037031
313	1	-990.1762	-1020.916	30.73979	4.042159
314	0	-987.5069	-1017.679	30.1725	4.609455
315	1	-985.681	-1015.908	30.22653	4.55542
316	0	-987.273	-1017.645	30.37221	4.409744
317	1	-987.4473	-1017.331	29.88334	4.89861
318	0	-984.64	-1014.406	29.76575	5.016204
319	1	-981.8203	-1011.533	29.7128	5.069154
320	0	-984.4708	-1014.334	29.86367	4.918286
321	1	-987.8999	-1018.76	30.86025	3.921704
322	0	-988.9399	-1018.768	29.82825	4.953701
323	1	-987.7321	-1017.879	30.14696	4.63499
324	0	-989.8315	-1020.436	30.60433	4.17762
325	1	-985.7349	-1015.7	29.96548	4.816478
326	0	-985.7964	-1015.96	30.16358	4.61837
327	1	-982.8113	-1013.747	30.93576	3.846193
328	0	-988.0462	-1018.184	30.1381	4.643852
329	1	-980.398	-1010.848	30.45043	4.331526
330	0	-982.5522	-1013.244	30.69143	4.090526
331	1	-982.6593	-1012.661	30.0019	4.78005
332	0	-982.8868	-1013.185	30.29813	4.483821
333	1	-982.7844	-1013.071	30.28679	4.495161
334	0	-983.2554	-1012.91	29.65416	5.127795
335	1	-985.3091	-1016.204	30.89519	3.886759
336	0	-979.1153	-1009.212	30.09627	4.685682
337	1	-983.2253	-1013.522	30.29655	4.485406
338	0	-983.8706	-1014.301	30.43066	4.351292
339	1	-980.0215	-1010.318	30.29655	4.485406
340	0	-980.3214	-1010.771	30.44982	4.332131
341	1	-983.9954	-1014.145	30.14964	4.632311
342	0	-987.5654	-1017.395	29.82915	4.9528
343	1	-983.1279	-1013.483	30.35531	4.426642
344	0	-987.3458	-1017.535	30.18918	4.592771
345	1	-983.1436	-1012.981	29.83723	4.944727
346	0	-995.7797	-1026.345	30.5658	4.216155
347	1	-982.5703	-1012.124	29.55335	5.228599
348	0	-989.0022	-1019.338	30.33543	4.446525
349	1	-978.4738	-1008.626	30.15179	4.63016
350	0	-987.3626	-1017.279	29.91657	4.865382
351	1	-986.7447	-1016.571	29.82676	4.95519
352	0	-984.9219	-1015.565	30.64277	4.139179
353	1	-992.084	-1021.524	29.4404	5.341553
354	0	-988.2806	-1018.426	30.14494	4.637015
355	1	-986.9154	-1017.251	30.33575	4.4462
356	0	-979.8056	-1010.141	30.33522	4.446732
357	1	-985.0925	-1016.017	30.9249	3.857053
358	0	-983.7534	-1013.952	30.19812	4.583835
359	1	-987.2129	-1017.943	30.72976	4.052192
360	0	-977.9405	-1008.39	30.44903	4.332922
361	1	-986.3055	-1016.797	30.49193	4.290027
362	0	-984.9929	-1014.84	29.84695	4.935007
363	1	-979.4088	-1010.451	31.04191	3.740045
364	0	-987.2471	-1017.691	30.4437	4.338258
365	1	-987.7812	-1018.573	30.79205	3.989905
366	0	-983.9422	-1014.143	30.20061	4.581341
367	1	-990.7444	-1020.843	30.09879	4.683164
368	0	-984.6525	-1015.16	30.50796	4.273996
369	1	-985.846	-1015.665	29.81871	4.963243
370	0	-986.5975	-1016.149	29.55196	5.229994
371	1	-984.4387	-1014.059	29.61996	5.16199
372	0	-982.7007	-1012.602	29.90152	4.880437
373	1	-991.6952	-1022.282	30.58635	4.1956
374	0	-984.9263	-1015.12	30.19338	4.588576
375	1	-991.7168	-1021.683	29.96619	4.81576
376	0	-990.232	-1020.554	30.32198	4.459977
377	1	-995.1278	-1025.603	30.47524	4.306714
378	0	-990.0369	-1020.505	30.46775	4.314205
379	1	-983.9065	-1014.356	30.44899	4.332965
380	0	-986.6302	-1016.39	29.75956	5.022393
381	1	-987.3346	-1017.2	29.86545	4.916502
382	0	-990.3701	-1020.782	30.41213	4.369825
383	1	-985.3251	-1015.509	30.18406	4.59789
384	0	-986.5774	-1016.941	30.36369	4.418265
385	1	-988.0102	-1017.82	29.80949	4.97246
386	0	-986.1944	-1016.306	30.11137	4.67058
387	1	-985.3944	-1015.682	30.28806	4.493894
388	0	-984.4193	-1014.771	30.3516	4.430357
389	1	-989.5332	-1019.903	30.36952	4.412434
390	0	-986.9577	-1017.268	30.30988	4.472068
391	1	-982.9346	-1013.092	30.15758	4.624374
392	0	-991.1221	-1021.11	29.98829	4.793667
393	1	-988.8713	-1019.582	30.71109	4.070864
394	0	-979.7617	-1010.064	30.30263	4.479326
395	1	-984.7522	-1015.101	30.34927	4.432684
396	0	-994.4177	-1024.933	30.51558	4.266377
397	1	-987.3279	-1016.794	29.46572	5.316236
398	0	-982.5616	-1012.962	30.40045	4.3815
399	1	-996.5468	-1026.642	30.0956	4.686356
400	0	-992.1486	-1022.752	30.60362	4.178338
401	1	-984.7085	-1015.043	30.33466	4.447296
402	0	-986.3181	-1016.182	29.86364	4.918317
403	1	-984.1629	-1014.142	29.97917	4.802783
404	0	-982.6168	-1012.123	29.50661	5.275347
405	1	-985.7588	-1015.796	30.03736	4.744597
406	0	-980.448	-1010.964	30.51638	4.265577
407	1	-991.8317	-1022.313	30.48106	4.300898
408	0	-979.4929	-1009.61	30.11669	4.665259
409	1	-985.0745	-1015.218	30.14365	4.638298
410	0	-990.2467	-1020.175	29.92871	4.853248
411	1	-980.8638	-1011.421	30.55673	4.225221
412	0	-981.4357	-1011.956	30.52046	4.261493
413	1	-988.1446	-1019.164	31.01988	3.762069
414	0	-984.1445	-1014.135	29.99023	4.791721
415	1	-979.9693	-1010.334	30.36503	4.416927
416	0	-983.3059	-1013.278	29.9717	4.810248
417	1	-980.5846	-1010.507	29.92237	4.859581
418	0	-985.7994	-1015.715	29.91552	4.866429
419	1	-984.3034	-1014.441	30.13727	4.644682
420	0	-985.8927	-1016.575	30.68201	4.099947
421	1	-983.3968	-1013.992	30.59503	4.186928
422	0	-993.5625	-1023.155	29.59243	5.189526
423	1	-981.1193	-1011.552	30.43284	4.349111
424	0	-991.0922	-1021.098	30.00593	4.776021
425	1	-987.1157	-1017.414	30.29866	4.483289
426	0	-987.5029	-1017.509	30.00593	4.776021
427	1	-988.5879	-1018.705	30.11682	4.665137
428	0	-999.5961	-1029.266	29.67008	5.111874
429	1	-985.228	-1015.099	29.87072	4.911235
430	0	-997.3889	-1027.408	30.01924	4.762714
431	1	-982.4771	-1012.749	30.27192	4.510032
432	0	-987.7215	-1017.931	30.20916	4.572789
433	1	-987.1642	-1017.944	30.78002	4.001933
434	0	-983.9096	-1014.223	30.31349	4.468458
435	1	-985.1596	-1015.656	30.49621	4.285742
436	0	-982.993	-1013.317	30.32362	4.458332
437	1	-990.4925	-1020.688	30.19586	4.586092
438	0	-982.9729	-1013.377	30.40363	4.378322
439	1	-990.5154	-1020.922	30.40702	4.374936
440	0	-987.2112	-1016.773	29.56221	5.219746
441	1	-986.3126	-1016.72	30.40702	4.374936
442	0	-986.3533	-1017.408	31.05509	3.726866
443	1	-977.3751	-1007.645	30.26965	4.512304
444	0	-981.038	-1011.593	30.55501	4.226942
445	1	-979.9019	-1010.255	30.35307	4.428886
446	0	-987.0521	-1016.556	29.50346	5.278498
447	1	-983.5484	-1014.334	30.78524	3.996713
448	0	-983.0125	-1013.403	30.38999	4.391966
449	1	-981.5853	-1011.943	30.35806	4.423895
450	0	-989.7142	-1020.331	30.61726	4.164698
451	1	-985.1202	-1015.778	30.65761	4.124344
452	0	-991.8318	-1022.359	30.52762	4.254335
453	1	-987.5786	-1018.061	30.48233	4.299621
454	0	-989.7488	-1019.922	30.17351	4.608447
455	1	-987.0282	-1017.184	30.15574	4.626212
456	0	-981.3187	-1011.558	30.23965	4.542308
457	1	-984.6323	-1014.978	30.34556	4.436396
458	0	-980.539	-1011.178	30.63887	4.143086
459	1	-983.128	-1013.086	29.95826	4.823694
460	0	-986.5755	-1017.374	30.79876	3.983196
461	1	-985.2017	-1015.122	29.92011	4.861839
462	0	-988.342	-1018.041	29.69857	5.083386
463	1	-978.8648	-1008.933	30.06831	4.713641
464	0	-990.1733	-1020.01	29.83685	4.945105
465	1	-983.8885	-1013.717	29.82799	4.953966
466	0	-989.5521	-1019.55	29.99746	4.784493
467	1	-986.7657	-1017.261	30.49562	4.28633
468	0	-984.2041	-1014.789	30.58478	4.197172
469	1	-988.5858	-1018.535	29.94874	4.833216
470	0	-984.2053	-1014.582	30.37641	4.405543
471	1	-980.1818	-1010.822	30.64046	4.141493
472	0	-984.2442	-1014.936	30.69135	4.090605
473	1	-987.8969	-1018.464	30.56744	4.214515
474	0	-983.4267	-1013.953	30.52605	4.255901
475	1	-989.98	-1020.28	30.30053	4.48142
476	0	-990.1482	-1019.889	29.74116	5.040797
477	1	-985.6369	-1015.789	30.1522	4.62975
478	0	-989.2033	-1019.007	29.80322	4.978737
479	1	-985.0176	-1014.865	29.84729	4.934662
480	0	-980.8404	-1011.161	30.3201	4.461857
481	1	-984.7687	-1015.224	30.45552	4.326434
482	0	-981.7989	-1012.231	30.43243	4.349523
483	1	-989.5817	-1019.571	29.98933	4.792625
484	0	-983.2615	-1014.434	31.17264	3.609317
485	1	-988.3968	-1018.897	30.50019	4.281762
486	0	-985.7938	-1016.279	30.48488	4.297074
487	1	-987.5165	-1017.462	29.94591	4.836043
488	0	-982.5438	-1013.049	30.50541	4.276543
489	1	-990.7641	-1021.855	31.09077	3.691184
490	0	-989.5546	-1020.137	30.58193	4.200024
491	1	-987.1215	-1017.384	30.26297	4.518985
492	0	-989.9883	-1020.989	31.00054	3.781413
493	1	-987.2762	-1017.596	30.31948	4.46247
494	0	-985.952	-1016.8	30.8478	3.934155
495	1	-987.657	-1017.639	29.98157	4.800385
496	0	-982.516	-1012.747	30.23054	4.551418
497	1	-987.8114	-1018.231	30.41923	4.362723
498	0	-989.6403	-1020.528	30.88802	3.893938
499	1	-988.3859	-1018.322	29.93574	4.846213
500	0	-982.0401	-1012.762	30.72204	4.059912
501	1	-991.9804	-1022.038	30.05747	4.724482
502	0	-984.1916	-1014.29	30.0985	4.683457
503	1	-987.3845	-1017.528	30.14365	4.638298
504	0	-987.6858	-1017.192	29.50629	5.275667
505	1	-985.7968	-1016.238	30.44152	4.340431
506	0	-984.1469	-1014.295	30.14808	4.633878
507	1	-987.9881	-1018.419	30.43094	4.351015
508	0	-989.0277	-1019.282	30.25473	4.527219
509	1	-987.9499	-1018.035	30.08531	4.696641
510	0	-983.9724	-1013.88	29.9077	4.874252
511	1	-985.2467	-1016.11	30.86309	3.918858
512	0	-984.6451	-1014.541	29.89595	4.886
513	1	-985.1386	-1015.127	29.98891	4.793045
514	0	-1000.363	-1030.744	30.38115	4.400803
515	1	-983.269	-1013.949	30.68008	4.101868
516	0	-986.2197	-1015.782	29.56187	5.220083
517	1	-983.7165	-1014.109	30.39299	4.388964
518	0	-979.8291	-1010.273	30.44402	4.337936
519	1	-985.166	-1015.564	30.39845	4.383507
520	0	-985.5872	-1015.634	30.04659	4.735361
521	1	-983.7797	-1013.599	29.81974	4.962212
522	0	-990.1534	-1021.19	31.03695	3.745
523	1	-987.5219	-1017.845	30.32305	4.458907
524	0	-988.286	-1018.42	30.1341	4.64785
525	1	-994.701	-1025.439	30.73826	4.043695
526	0	-983.2669	-1013.505	30.23779	4.544164
527	1	-989.0276	-1018.765	29.73743	5.044528
528	0	-981.88	-1012.44	30.55984	4.222116
529	1	-984.2737	-1014.692	30.41845	4.363503
530	0	-981.6162	-1011.295	29.67838	5.103571
531	1	-990.4582	-1020.926	30.46758	4.314371
532	0	-996.0331	-1026.281	30.24815	4.533805
533	1	-991.5655	-1022.425	30.85902	3.922928
534	0	-994.7007	-1025.477	30.77587	4.006085
535	1	-987.0645	-1017.469	30.40468	4.377274
536	0	-983.2645	-1013.516	30.25104	4.530913
537	1	-984.1321	-1014.155	30.02328	4.758671
538	0	-988.4571	-1018.908	30.45069	4.33126
539	1	-982.3802	-1012.71	30.33027	4.451683
540	0	-992.0893	-1022.673	30.58349	4.198465
541	1	-987.5586	-1017.91	30.35152	4.430429
542	0	-988.8595	-1018.929	30.06952	4.712431
543	1	-984.0844	-1014.492	30.40776	4.374192
544	0	-988.6461	-1019.14	30.49384	4.288117
545	1	-985.4957	-1016.098	30.60239	4.179568
546	0	-984.2207	-1014.445	30.22393	4.55802
547	1	-981.5584	-1011.654	30.09517	4.686786
548	0	-987.3107	-1017.377	30.06603	4.715927
549	1	-985.6351	-1015.8	30.16446	4.617496
550	0	-981.0636	-1011.182	30.11867	4.663284
551	1	-987.3812	-1017.643	30.26194	4.520009
552	0	-981.8053	-1011.849	30.04408	4.737872
553	1	-985.215	-1015.477	30.26194	4.520009
554	0	-988.202	-1018.909	30.7072	4.07475
555	1	-991.7473	-1022.441	30.69379	4.088161
556	0	-990.0822	-1019.901	29.8191	4.962848
557	1	-989.8094	-1020.503	30.69379	4.088161
558	0	-986.8609	-1016.965	30.10411	4.677838
559	1	-986.6466	-1017.406	30.75975	4.022206
560	0	-979.999	-1009.92	29.92054	4.86141
561	1	-990.5289	-1020.588	30.05919	4.722762
562	0	-984.9893	-1014.314	29.32447	5.457482
563	1	-990.8882	-1021.075	30.18674	4.595209
564	0	-983.6983	-1013.424	29.72521	5.056741
565	1	-992.3027	-1022.518	30.21557	4.566384
566	0	-985.9364	-1015.812	29.87548	4.906475
567	1	-981.1396	-1011.19	30.05025	4.731705
568	0	-991.1403	-1021.09	29.9496	4.832352
569	1	-986.9243	-1016.775	29.85077	4.931185
570	0	-992.9786	-1022.63	29.65117	5.130779
571	1	-984.0657	-1014.46	30.39438	4.387578
572	0	-981.5153	-1012.041	30.52536	4.256593
573	1	-984.235	-1014.84	30.60471	4.177248
574	0	-985.5112	-1015.952	30.44079	4.341168
575	1	-987.1237	-1017.447	30.3228	4.459148
576	0	-992.2232	-1022.681	30.45804	4.323909
577	1	-982.8592	-1013.407	30.54764	4.234317
578	0	-994.4738	-1025.586	31.11232	3.669629
579	1	-993.6891	-1024.658	30.96889	3.813059
580	0	-988.5811	-1018.835	30.25363	4.528327
581	1	-982.4064	-1012.375	29.96897	4.812984
582	0	-981.7175	-1011.633	29.91558	4.86637
583	1	-986.3464	-1016.935	30.58886	4.193095
584	0	-992.9601	-1023.431	30.47047	4.311486
585	1	-984.7149	-1014.851	30.13575	4.646204
586	0	-984.1454	-1014.022	29.87626	4.90569
587	1	-988.0881	-1017.716	29.62755	5.154406
588	0	-985.9978	-1016.342	30.34371	4.43824
589	1	-985.6857	-1015.803	30.11686	4.665089
590	0	-982.3341	-1012.639	30.30482	4.477132
591	1	-982.7991	-1013.144	30.34511	4.436846
592	0	-978.6784	-1009.018	30.33993	4.44202
593	1	-989.072	-1019.3	30.22755	4.554402
594	0	-984.1487	-1013.938	29.78889	4.993068
595	1	-986.9727	-1017.604	30.63087	4.15108
596	0	-975.7961	-1005.82	30.0241	4.757854
597	1	-989.5399	-1020.292	30.75212	4.029833
598	0	-985.3181	-1015.513	30.19527	4.586686
599	1	-986.2263	-1016.243	30.01641	4.765541
600	0	-988.6024	-1019.298	30.69572	4.086233
601	1	-985.1272	-1015.37	30.2423	4.539648
602	0	-983.2273	-1013.581	30.35366	4.428294
603	1	-986.6076	-1016.529	29.92092	4.861037
604	0	-990.362	-1020.236	29.87367	4.908279
605	1	-985.3293	-1016.003	30.67373	4.108228
606	0	-987.775	-1017.978	30.20258	4.579376
607	1	-986.814	-1017.177	30.36293	4.419026
608	0	-983.5657	-1013.733	30.16699	4.614962
609	1	-987.7817	-1017.451	29.66882	5.113128
610	0	-981.0552	-1011.175	30.1194	4.66255
611	1	-985.5904	-1015.88	30.28973	4.492227
612	0	-976.5187	-1007.249	30.73061	4.051346
613	1	-983.6638	-1013.722	30.05829	4.723659
614	0	-982.1507	-1012.729	30.57845	4.203498
615	1	-983.8725	-1013.82	29.94742	4.834535
616	0	-983.7837	-1014.074	30.29053	4.491422
617	1	-982.9186	-1012.449	29.53078	5.251168
618	0	-985.9804	-1016.528	30.54811	4.233848
619	1	-987.2863	-1017.278	29.99136	4.790597
620	0	-980.3829	-1011.008	30.62494	4.157017
621	1	-995.3375	-1025.712	30.37408	4.407878
622	0	-978.5008	-1008.996	30.49555	4.286406
623	1	-980.3121	-1010.304	29.99212	4.789829
624	0	-984.2043	-1015.002	30.79792	3.984037
625	1	-984.9278	-1014.661	29.73273	5.049223
626	0	-987.1224	-1017.282	30.15934	4.622609
627	1	-989.9392	-1019.724	29.78465	4.997305
628	0	-981.6574	-1011.961	30.30314	4.478811
629	1	-985.7486	-1016.005	30.25612	4.525834
630	0	-982.0399	-1012.774	30.73374	4.048218
631	1	-986.4485	-1016.802	30.35382	4.428133
632	0	-987.6964	-1018.242	30.54607	4.235882
633	1	-984.7342	-1015.194	30.46013	4.32182
634	0	-983.1047	-1013.173	30.06819	4.713765
635	1	-981.8904	-1012.099	30.20881	4.573139
636	0	-990.8619	-1020.306	29.44426	5.337689
637	1	-986.0016	-1016.451	30.44911	4.332843
638	0	-990.4626	-1020.605	30.1422	4.639749
639	1	-992.561	-1022.429	29.86794	4.914011
640	0	-985.764	-1016.366	30.60244	4.179511
641	1	-992.4881	-1022.753	30.26532	4.51663
642	0	-986.1513	-1016.252	30.1009	4.681051
643	1	-989.2124	-1019.587	30.3748	4.40715
644	0	-988.1232	-1017.905	29.78143	5.000519
645	1	-981.7463	-1012.659	30.91222	3.869729
646	0	-984.3985	-1014.955	30.55625	4.225706
647	1	-984.9467	-1015.796	30.84896	3.932996
648	0	-989.4435	-1019.745	30.30122	4.480731
649	1	-987.8967	-1017.946	30.04931	4.732648
650	0	-989.5169	-1019.346	29.82871	4.953247
651	1	-989.8629	-1020.39	30.52707	4.254884
652	0	-987.9837	-1018.482	30.4983	4.28365
653	1	-983.4669	-1013.841	30.37435	4.407608
654	0	-989.9431	-1020.117	30.17381	4.608139
655	1	-983.79	-1013.664	29.87407	4.907888
656	0	-991.3709	-1021.589	30.21771	4.564245
657	1	-988.06	-1018.114	30.05353	4.728423
658	0	-992.0555	-1021.931	29.87551	4.906443
659	1	-985.9754	-1016.448	30.47243	4.309519
660	0	-983.1109	-1013.217	30.10624	4.675712
661	1	-984.3331	-1014.934	30.60094	4.18101
662	0	-980.034	-1010.099	30.06545	4.716506
663	1	-985.6841	-1015.692	30.00796	4.773994
664	0	-987.5503	-1018.3	30.75009	4.031864
665	1	-998.6647	-1028.502	29.83723	4.944719
666	0	-981.1907	-1011.396	30.20552	4.57643
667	1	-984.8097	-1014.794	29.98405	4.797898
668	0	-981.7984	-1011.269	29.47051	5.311447
669	1	-986.0864	-1016.465	30.37904	4.402916
670	0	-989.1177	-1019.143	30.02502	4.756937
671	1	-987.5848	-1017.623	30.03815	4.743798
672	0	-991.8407	-1021.642	29.80093	4.981025
673	1	-986.0642	-1015.629	29.56495	5.217004
674	0	-985.6101	-1015.685	30.07462	4.707336
675	1	-985.3081	-1015.626	30.318	4.46395
676	0	-985.5379	-1015.229	29.69155	5.090404
677	1	-984.7093	-1014.629	29.92001	4.861943
678	0	-986.8536	-1016.556	29.70195	5.08
679	1	-984.1384	-1014.213	30.07424	4.707717
680	0	-983.31	-1013.513	30.20324	4.578716
681	1	-982.7913	-1013.341	30.55014	4.231813
682	0	-987.3296	-1017.393	30.06351	4.718442
683	1	-983.1648	-1013.591	30.42602	4.35593
684	0	-989.7781	-1020.193	30.41486	4.367096
685	1	-983.8494	-1014.648	30.79909	3.982858
686	0	-986.6768	-1017.087	30.40982	4.372136
687	1	-987.3843	-1017.866	30.4816	4.300355
688	0	-983.0973	-1013.046	29.94851	4.83344
689	1	-981.9435	-1012.203	30.2597	4.522253
690	0	-988.2109	-1018.884	30.67351	4.108443
691	1	-983.6393	-1013.893	30.25385	4.528099
692	0	-996.4092	-1025.954	29.54439	5.237565
693	1	-989.1358	-1018.82	29.68455	5.097399
694	0	-987.1876	-1016.522	29.33458	5.447371
695	1	-989.0372	-1018.931	29.89367	4.888285
696	0	-989.8951	-1020.269	30.3734	4.408557
697	1	-983.2442	-1013.813	30.569	4.212958
698	0	-994.2006	-1024.754	30.55295	4.229007
699	1	-980.9489	-1011.257	30.30834	4.473609
700	0	-996.9131	-1026.906	29.99328	4.788669
701	1	-985.9722	-1016.419	30.44658	4.335374
702	0	-997.3291	-1027.773	30.44348	4.338477
703	1	-989.7139	-1020.078	30.36422	4.417735
704	0	-986.8347	-1016.912	30.07693	4.70502
705	1	-985.5086	-1015.696	30.18768	4.594277
706	0	-979.0706	-1009.334	30.26359	4.518367
707	1	-984.1327	-1014.296	30.16301	4.618938
708	0	-988.9107	-1018.921	30.00989	4.772065
709	1	-991.5429	-1021.285	29.74226	5.039695
710	0	-985.0932	-1015.202	30.10852	4.673432
711	1	-985.3141	-1015.429	30.11488	4.667073
712	0	-982.2152	-1012.137	29.92169	4.860265
713	1	-987.1919	-1017.778	30.58614	4.19581
714	0	-982.6629	-1013.161	30.49791	4.284044
715	1	-986.1452	-1016.591	30.44618	4.335774
716	0	-982.7608	-1012.753	29.99253	4.789425
717	1	-991.7058	-1021.962	30.25581	4.526139
718	0	-985.405	-1015.709	30.30441	4.477542
719	1	-980.7625	-1011.074	30.31115	4.470801
720	0	-985.9435	-1016.77	30.82628	3.955669
721	1	-982.3349	-1012.642	30.30744	4.474512
722	0	-982.3127	-1012.354	30.04082	4.741136
723	1	-989.5557	-1019.184	29.62867	5.153281
724	0	-980.8734	-1010.851	29.97731	4.804644
725	1	-986.6574	-1016.41	29.75255	5.029404
726	0	-981.8861	-1012.355	30.46839	4.31356
727	1	-982.9406	-1013.204	30.26375	4.518207
728	0	-985.6265	-1015.499	29.87253	4.909423
729	1	-987.9616	-1017.909	29.94782	4.834134
730	0	-982.1535	-1012.74	30.58693	4.195028
731	1	-981.3553	-1011.778	30.4231	4.358852
732	0	-982.8422	-1013.52	30.67783	4.104127
733	1	-984.2445	-1014.135	29.89017	4.891778
734	0	-979.3019	-1009.86	30.55857	4.223388
735	1	-982.8047	-1013.07	30.26522	4.516737
736	0	-991.8615	-1021.262	29.40025	5.3817
737	1	-981.8241	-1011.878	30.05387	4.728078
738	0	-991.8728	-1021.846	29.97337	4.808584
739	1	-987.3818	-1017.62	30.2385	4.543452
740	0	-986.9557	-1016.217	29.26161	5.520348
741	1	-981.8386	-1012.644	30.80583	3.976119
742	0	-987.9316	-1018.746	30.81482	3.96713
743	1	-983.9209	-1014.085	30.16377	4.618188
744	0	-983.31	-1013.423	30.11346	4.668495
745	1	-982.7474	-1013.263	30.51568	4.266277
746	0	-984.8545	-1014.905	30.05036	4.731597
747	1	-989.3586	-1019.958	30.59907	4.182884
748	0	-991.9912	-1021.944	29.9523	4.829656
749	1	-988.8909	-1019.723	30.83186	3.950095
750	0	-998.3892	-1027.871	29.48131	5.30064
751	1	-983.2789	-1013.503	30.22455	4.557403
752	0	-983.6588	-1013.662	30.00276	4.779191
753	1	-985.2945	-1015.486	30.19171	4.59024
754	0	-987.8769	-1017.46	29.58279	5.199166
755	1	-985.6583	-1016.517	30.85908	3.922875
756	0	-982.5519	-1012.43	29.87777	4.904187
757	1	-985.6612	-1015.998	30.33658	4.445373
758	0	-985.1694	-1015.259	30.08997	4.69198
759	1	-988.5652	-1018.386	29.82054	4.961417
760	0	-980.4548	-1010.862	30.40756	4.374391
761	1	-985.6413	-1016.331	30.68958	4.092372
762	0	-991.2563	-1021.826	30.56973	4.212225
763	1	-992.1646	-1023.225	31.06086	3.721092
764	0	-990.5588	-1020.468	29.90892	4.873028
765	1	-990.0533	-1020.452	30.39901	4.38294
766	0	-981.1663	-1011.578	30.41183	4.370125
767	1	-986.2923	-1016.559	30.26664	4.51531
768	0	-984.7363	-1015.429	30.69272	4.089236
769	1	-988.4771	-1018.399	29.9223	4.859649
770	0	-982.2594	-1012.642	30.3827	4.399249
771	1	-985.1187	-1015.659	30.54063	4.241325
772	0	-980.5274	-1010.655	30.12798	4.653975
773	1	-991.0183	-1021.609	30.59086	4.191098
774	0	-989.6003	-1019.975	30.37446	4.407488
775	1	-992.7705	-1022.447	29.67663	5.105322
776	0	-988.6655	-1018.804	30.13824	4.643711
777	1	-989.5981	-1019.351	29.75251	5.029445
778	0	-983.624	-1013.793	30.16854	4.613408
779	1	-997.3431	-1027.75	30.40695	4.375007
780	0	-983.7972	-1013.697	29.90022	4.88173
781	1	-991.4424	-1021.493	30.05066	4.731295
782	0	-985.7908	-1015.371	29.58014	5.201812
783	1	-989.3749	-1019.092	29.71732	5.064636
784	0	-986.4559	-1016.589	30.13324	4.648714
785	1	-984.4017	-1014.67	30.2683	4.513654
786	0	-990.0301	-1019.866	29.8359	4.946054
787	1	-982.1809	-1012.382	30.20135	4.580604
788	0	-990.3028	-1020.681	30.37812	4.403832
789	1	-987.705	-1018.08	30.37463	4.407321
790	0	-980.2142	-1010.337	30.12251	4.65944
791	1	-984.1488	-1014.249	30.09985	4.682099
792	0	-983.0102	-1013.342	30.3321	4.449853
793	1	-989.8008	-1020.409	30.60786	4.174096
794	0	-992.669	-1023.003	30.33396	4.447996
795	1	-984.1258	-1014.97	30.84391	3.938045
796	0	-983.6764	-1014.241	30.56474	4.217212
797	1	-989.4419	-1018.68	29.23772	5.544234
798	0	-981.8689	-1012.375	30.50649	4.27546
799	1	-988.7868	-1018.654	29.86752	4.91443
800	0	-989.202	-1019.465	30.26304	4.518914
801	1	-990.2833	-1020.735	30.45127	4.33068
802	0	-987.7405	-1017.846	30.10515	4.676807
803	1	-991.1399	-1021.467	30.32687	4.455088
804	0	-987.9526	-1017.728	29.77516	5.006791
805	1	-986.3347	-1016.401	30.06678	4.715172
806	0	-984.599	-1015.367	30.76778	4.014172
807	1	-980.9973	-1011.493	30.49612	4.285837
808	0	-983.7641	-1014.662	30.89754	3.884413
809	1	-979.8362	-1010.007	30.17045	4.611501
810	0	-985.3674	-1015.556	30.18846	4.593491
811	1	-982.8411	-1013.555	30.71371	4.068244
812	0	-984.2739	-1014.182	29.90861	4.873347
813	1	-983.6338	-1014.064	30.43017	4.351788
814	0	-984.0972	-1014.341	30.24407	4.537882
815	1	-982.4525	-1012.713	30.26095	4.521003
816	0	-983.6921	-1014.461	30.76908	4.012876
817	1	-981.8729	-1011.844	29.97115	4.810808
818	0	-990.4774	-1021.096	30.61826	4.163698
819	1	-983.844	-1014.357	30.51308	4.268872
820	0	-986.3382	-1016.428	30.08992	4.692032
821	1	-986.8786	-1016.978	30.0997	4.682256
822	0	-983.4806	-1012.801	29.32015	5.461806
823	1	-983.3811	-1013.252	29.87062	4.911334
824	0	-982.0009	-1012.45	30.4492	4.332756
825	1	-983.6687	-1013.406	29.73775	5.044205
826	0	-984.3248	-1013.778	29.45347	5.328482
827	1	-981.8759	-1012.196	30.32008	4.461871
828	0	-991.3067	-1021.55	30.24293	4.539018
829	1	-987.2929	-1017.862	30.56859	4.21336
830	0	-988.7098	-1019.529	30.81943	3.962518
831	1	-983.0774	-1013.314	30.23679	4.545167
832	0	-989.7141	-1020.259	30.54514	4.236811
833	1	-985.5488	-1016.159	30.60973	4.172222
834	0	-979.3309	-1009.851	30.52023	4.261724
835	1	-984.0543	-1014.444	30.38991	4.392046
836	0	-986.9621	-1017.034	30.07201	4.709944
837	1	-985.7098	-1016.219	30.50914	4.272816
838	0	-982.9779	-1013.175	30.19674	4.585211
839	1	-983.8157	-1013.907	30.09087	4.691087
840	0	-982.3471	-1013.02	30.67287	4.109088
841	1	-983.3535	-1013.602	30.24836	4.533593
842	0	-986.812	-1017.373	30.56116	4.220792
843	1	-987.8458	-1018.081	30.23568	4.546276
844	0	-986.1555	-1016.411	30.25569	4.526258
845	1	-990.0517	-1020.45	30.39803	4.383927
846	0	-984.1603	-1014.518	30.3576	4.424351
847	1	-982.403	-1012.212	29.80856	4.973393
848	0	-981.3822	-1011.471	30.0889	4.693054
849	1	-992.8528	-1022.895	30.04253	4.739425
850	0	-985.4959	-1015.044	29.54809	5.233859
851	1	-986.6624	-1017.073	30.41095	4.371004
852	0	-979.4893	-1009.639	30.14954	4.632414
853	1	-982.2022	-1012.4	30.1979	4.584053
854	0	-981.8806	-1011.857	29.97609	4.805858
855	1	-989.0138	-1018.865	29.85156	4.930397
856	0	-987.8873	-1018.377	30.49016	4.29179
857	1	-986.4007	-1017.123	30.72242	4.059533
858	0	-985.852	-1015.566	29.71362	5.06833
859	1	-983.074	-1013.479	30.40476	4.377194
860	0	-983.71	-1013.595	29.88499	4.89696
861	1	-983.2491	-1013.232	29.98264	4.799318
862	0	-992.2014	-1022.334	30.13298	4.648977
863	1	-990.0704	-1020.677	30.60641	4.175548
864	0	-984.9207	-1014.946	30.02558	4.756369
865	1	-985.3104	-1015.685	30.37505	4.406907
866	0	-981.8152	-1011.975	30.15936	4.622589
867	1	-980.8359	-1011.132	30.29583	4.486121
868	0	-982.6679	-1013.395	30.72673	4.05522
869	1	-990.8551	-1020.282	29.42674	5.355211
870	0	-989.8646	-1019.899	30.03424	4.747714
871	1	-987.0834	-1016.656	29.57216	5.209792
872	0	-984.402	-1014.198	29.79628	4.985669
873	1	-987.6751	-1017.588	29.91248	4.86947
874	0	-985.724	-1015.738	30.01448	4.767472
875	1	-986.1964	-1016.172	29.97527	4.80668
876	0	-987.4808	-1017.242	29.76072	5.021228
877	1	-994.3432	-1023.76	29.41667	5.365281
878	0	-988.0229	-1018.826	30.80359	3.978367
879	1	-989.4103	-1018.764	29.35396	5.427991
880	0	-983.7663	-1013.914	30.14754	4.634411
881	1	-984.4825	-1014.81	30.32731	4.454647
882	0	-982.4838	-1012.57	30.08604	4.695917
883	1	-985.2526	-1015.353	30.09993	4.682023
884	0	-981.0356	-1011.471	30.43561	4.346343
885	1	-978.4976	-1008.86	30.3623	4.419655
886	0	-986.2812	-1016.886	30.60447	4.177484
887	1	-990.4569	-1021.077	30.62023	4.161719
888	0	-986.2886	-1016.479	30.19009	4.591865
889	1	-984.232	-1014.111	29.87857	4.903385
890	0	-987.0139	-1017.37	30.35581	4.426148
891	1	-981.1851	-1011.013	29.82792	4.954029
892	0	-984.9569	-1015.362	30.40505	4.376899
893	1	-985.6941	-1016.462	30.76758	4.014375
894	0	-988.7742	-1018.501	29.72656	5.05539
895	1	-981.3776	-1011.212	29.83413	4.947822
896	0	-980.3955	-1010.411	30.01567	4.766281
897	1	-979.0518	-1008.834	29.7824	4.999549
898	0	-985.9862	-1015.819	29.83304	4.948909
899	1	-991.8567	-1022.893	31.03669	3.74526
900	0	-987.3664	-1016.805	29.43904	5.342908
901	1	-987.2345	-1017.698	30.46329	4.318665
902	0	-982.1624	-1012.292	30.12966	4.652296
903	1	-982.8538	-1013.077	30.22366	4.558291
904	0	-982.6965	-1013.073	30.37673	4.405221
905	1	-995.383	-1025.502	30.11917	4.662788
906	0	-987.4062	-1017.412	30.00594	4.776015
907	1	-990.4228	-1020.837	30.41408	4.36787
908	0	-984.0015	-1014.258	30.2565	4.525454
909	1	-985.4576	-1015.332	29.87484	4.907117
910	0	-985.6588	-1015.679	30.02015	4.761801
911	1	-989.9735	-1019.774	29.80093	4.981027
912	0	-983.3256	-1013.238	29.91235	4.869599
913	1	-995.536	-1025.484	29.9482	4.83375
914	0	-985.2644	-1015.687	30.42235	4.3596
915	1	-991.2442	-1021.532	30.28736	4.494589
916	0	-988.3766	-1018.802	30.42556	4.356397
917	1	-987.7118	-1017.473	29.76092	5.021037
918	0	-990.0915	-1020.83	30.73803	4.043923
919	1	-981.2474	-1011.658	30.41062	4.37133
920	0	-985.8022	-1016.374	30.57206	4.20989
921	1	-985.7659	-1015.512	29.74605	5.035906
922	0	-999.8474	-1030.612	30.76427	4.017682
923	1	-984.2063	-1014.533	30.32654	4.455414
924	0	-987.494	-1017.695	30.20111	4.580847
925	1	-994.0362	-1023.859	29.82287	4.959081
926	0	-985.8606	-1015.677	29.81625	4.965705
927	1	-985.536	-1015.667	30.13143	4.650525
928	0	-985.3647	-1015.822	30.45774	4.324213
929	1	-991.7497	-1022.173	30.42356	4.358388
930	0	-983.2394	-1013.484	30.24481	4.53714
931	1	-988.7326	-1019.57	30.83728	3.944674
932	0	-986.4791	-1016.632	30.15276	4.629193
933	1	-986.2684	-1015.873	29.6041	5.177852
934	0	-989.4644	-1019.46	29.99544	4.786518
935	1	-984.621	-1014.719	30.09758	4.684373
936	0	-984.5964	-1014.541	29.94485	4.837108
937	1	-984.1996	-1014.425	30.22498	4.556973
938	0	-986.6271	-1017.134	30.50652	4.275437
939	1	-980.6773	-1011.002	30.32478	4.457172
940	0	-984.0452	-1014.386	30.34095	4.441006
941	1	-981.6733	-1012.253	30.57935	4.202607
942	0	-981.2071	-1011.541	30.33409	4.447865
943	1	-983.4871	-1013.575	30.08749	4.694461
944	0	-979.8641	-1009.868	30.00421	4.777747
945	1	-987.2006	-1017.816	30.61568	4.166268
946	0	-978.3932	-1009.111	30.71788	4.064069
947	1	-992.4881	-1023.221	30.73285	4.049098
948	0	-984.3185	-1013.92	29.60127	5.180679
949	1	-981.8983	-1011.98	30.08172	4.700236
950	0	-981.7067	-1011.659	29.9523	4.829653
951	1	-981.4841	-1012.331	30.84725	3.9347
952	0	-979.3469	-1009.544	30.19667	4.585287
953	1	-987.7203	-1018.476	30.75603	4.025928
954	0	-983.2695	-1013.708	30.43835	4.343599
955	1	-983.8636	-1013.981	30.11765	4.664299
956	0	-982.2309	-1012.3	30.06886	4.713095
957	1	-979.9807	-1010.605	30.62481	4.157146
958	0	-983.6771	-1013.811	30.134	4.64795
959	1	-983.966	-1013.751	29.78455	4.997408
960	0	-987.8451	-1017.686	29.84086	4.941091
961	1	-985.8272	-1016.646	30.81908	3.962869
962	0	-989.3536	-1019.787	30.43334	4.34861
963	1	-984.4909	-1014.456	29.9649	4.81705
964	0	-988.6945	-1018.761	30.06639	4.715565
965	1	-988.0261	-1017.922	29.89623	4.885719
966	0	-987.5354	-1017.719	30.18341	4.598548
967	1	-983.103	-1013.031	29.92768	4.854275
968	0	-987.2207	-1017.786	30.5655	4.216452
969	1	-988.8579	-1019.402	30.5446	4.237352
970	0	-990.7361	-1020.932	30.19625	4.585706
971	1	-985.8341	-1016.648	30.81426	3.967692
972	0	-991.4909	-1021.952	30.4613	4.320649
973	1	-983.7427	-1013.789	30.04664	4.73531
974	0	-989.0058	-1019.376	30.37006	4.411893
975	1	-990.6262	-1020.776	30.15	4.63195
976	0	-985.8447	-1016.046	30.20183	4.58012
977	1	-988.505	-1018.383	29.87824	4.90371
978	0	-982.8163	-1012.992	30.17597	4.605981
979	1	-984.4451	-1013.893	29.44833	5.333627
980	0	-979.2981	-1009.877	30.57856	4.203397
981	1	-984.0208	-1014.5	30.47965	4.302305
982	0	-983.3857	-1013.213	29.82722	4.954738
983	1	-986.0883	-1016.796	30.70754	4.074409
984	0	-986.7572	-1017.505	30.74778	4.034169
985	1	-984.0488	-1014.236	30.18756	4.594396
986	0	-987.8627	-1017.671	29.80811	4.973842
987	1	-986.5579	-1017.119	30.56125	4.220699
988	0	-981.4365	-1012.203	30.76688	4.015073
989	1	-988.1466	-1018.701	30.55478	4.227174
990	0	-982.5414	-1012.931	30.38977	4.392182
991	1	-983.9765	-1013.952	29.97506	4.80689
992	0	-979.384	-1009.62	30.23632	4.545631
993	1	-985.555	-1015.982	30.42741	4.354543
994	0	-984.7789	-1014.895	30.1165	4.66545
995	1	-984.4464	-1014.677	30.23108	4.55087
996	0	-980.6294	-1010.978	30.34897	4.432985
997	1	-984.3888	-1014.995	30.60589	4.176066
998	0	-981.4565	-1011.933	30.47691	4.305047
999	1	-983.1586	-1013.731	30.57249	4.209467
1000	0	-988.4378	-1018.801	30.36311	4.418846
1001	1	-982.9853	-1012.842	29.85711	4.924847
1002	0	-985.1519	-1015.372	30.21988	4.562077
1003	1	-984.7411	-1015.1	30.35865	4.423301
1004	0	-985.3558	-1015.502	30.14657	4.635386
1005	1	-987.5807	-1017.939	30.35865	4.423301
1006	0	-987.2405	-1016.911	29.67025	5.111702
1007	1	-982.3632	-1012.998	30.63523	4.146723
1008	0	-988.1176	-1018.725	30.60743	4.17452
1009	1	-980.9324	-1011.036	30.10401	4.677946
1010	0	-997.3182	-1027.779	30.46053	4.321426
1011	1	-991.53	-1022.292	30.7617	4.020256
1012	0	-984.4421	-1014.667	30.22491	4.557045
1013	1	-994.09	-1024.379	30.28869	4.49326
1014	0	-995.764	-1026.04	30.27591	4.506044
1015	1	-993.3051	-1023.677	30.37203	4.40992
1016	0	-983.4294	-1013.898	30.46904	4.312911
1017	1	-987.5151	-1017.47	29.95482	4.82713
1018	0	-986.0414	-1016.508	30.4666	4.315356
1019	1	-989.3832	-1018.943	29.56026	5.221689
1020	0	-992.9214	-1023.599	30.67736	4.104595
1021	1	-985.1829	-1016.156	30.97357	3.808383
1022	0	-981.4348	-1011.874	30.43887	4.343081
1023	1	-983.5317	-1013.748	30.21606	4.565889
1024	0	-981.2581	-1011.796	30.538	4.243951
1025	1	-981.2354	-1011.363	30.12707	4.654884
1026	0	-985.8657	-1016.392	30.52645	4.255501
1027	1	-991.1297	-1021.695	30.56522	4.216729
1028	0	-984.7766	-1014.81	30.03349	4.748465
1029	1	-983.2608	-1013.157	29.89605	4.885908
1030	0	-981.454	-1011.704	30.25024	4.531716
1031	1	-982.4069	-1012.837	30.42967	4.352282
1032	0	-986.2344	-1016.629	30.39491	4.38704
1033	1	-988.1483	-1017.6	29.45144	5.330512
1034	0	-992.6145	-1022.245	29.63086	5.151092
1035	1	-982.8978	-1013.168	30.26978	4.512176
1036	0	-988.7354	-1018.892	30.15645	4.625503
1037	1	-985.508	-1015.764	30.25647	4.525484
1038	0	-992.8888	-1023.516	30.62675	4.1552
1039	1	-992.9431	-1022.784	29.84098	4.940975
1040	0	-991.4279	-1021.727	30.29866	4.483294
1041	1	-986.0048	-1016.785	30.77986	4.002091
1042	0	-986.7096	-1017.238	30.52806	4.253893
1043	1	-981.9849	-1011.89	29.90529	4.876663
1044	0	-981.1781	-1011.395	30.21695	4.565007
1045	1	-984.2478	-1014.073	29.82484	4.957118
1046	0	-982.9399	-1013.047	30.10696	4.67499
1047	1	-981.3871	-1011.013	29.62572	5.156237
1048	0	-983.1738	-1013.353	30.1795	4.602452
1049	1	-988.9594	-1019.151	30.19145	4.590502
1050	0	-984.0005	-1014.402	30.40193	4.380019
1051	1	-982.6534	-1013.166	30.51262	4.269331
1052	0	-985.9107	-1016.613	30.70225	4.079701
1053	1	-978.9572	-1009.479	30.52214	4.25981
1054	0	-989.4754	-1019.701	30.22604	4.555914
1055	1	-985.0377	-1015.926	30.88872	3.893234
1056	0	-994.4756	-1025.234	30.75886	4.023095
1057	1	-990.0786	-1020.17	30.09114	4.690812
1058	0	-984.614	-1015.202	30.58792	4.194037
1059	1	-984.3821	-1014.964	30.58171	4.200239
1060	0	-991.0193	-1021.501	30.48194	4.300009
1061	1	-983.4471	-1013.182	29.73486	5.04709
1062	0	-988.4552	-1018.729	30.27342	4.508529
1063	1	-982.3463	-1012.567	30.22069	4.561265
1064	0	-988.0741	-1018.168	30.09403	4.687923
1065	1	-987.12	-1017.59	30.46973	4.312221
1066	0	-990.0445	-1020.613	30.56827	4.213686
1067	1	-986.6618	-1016.776	30.11455	4.667398
1068	0	-981.9501	-1012.253	30.3032	4.478757
1069	1	-981.7485	-1012.047	30.29862	4.483333
1070	0	-983.6999	-1013.473	29.77336	5.00859
1071	1	-982.7713	-1012.631	29.85967	4.922282
1072	0	-983.659	-1014.079	30.42045	4.361499
1073	1	-986.5589	-1017.26	30.701	4.08095
1074	0	-993.4662	-1023.751	30.28474	4.497217
1075	1	-987.4045	-1017.64	30.2358	4.546148
1076	0	-986.4996	-1017.332	30.83266	3.949289
1077	1	-989.9409	-1020.479	30.53822	4.243728
1078	0	-989.6432	-1019.619	29.9755	4.806451
1079	1	-982.554	-1012.75	30.1959	4.586052
1080	0	-986.5401	-1016.984	30.44429	4.337661
1081	1	-983.8518	-1014.314	30.46234	4.31961
1082	0	-988.5496	-1018.919	30.36925	4.412702
1083	1	-982.6226	-1012.699	30.07634	4.705611
1084	0	-986.4832	-1016.253	29.76952	5.01243
1085	1	-990.1147	-1021.191	31.07637	3.705581
1086	0	-985.896	-1016.37	30.47422	4.307736
1087	1	-980.0608	-1010.383	30.32224	4.459717
1088	0	-984.2791	-1015.096	30.81695	3.965005
1089	1	-987.1163	-1016.748	29.63208	5.149868
1090	0	-987.7913	-1018.16	30.3682	4.413754
1091	1	-985.6109	-1014.897	29.28629	5.495662
1092	0	-983.1043	-1013.522	30.41786	4.364097
1093	1	-989.1893	-1019.351	30.16219	4.619764
1094	0	-989.7374	-1019.885	30.14773	4.634222
1095	1	-985.3618	-1015.876	30.51413	4.267819
1096	0	-984.2858	-1014.655	30.36908	4.41287
1097	1	-987.6598	-1018.181	30.52082	4.261137
1098	0	-987.2384	-1017.649	30.41051	4.371447
1099	1	-981.8006	-1011.994	30.19358	4.588368
1100	0	-987.3478	-1017.407	30.05916	4.722789
1101	1	-991.3279	-1021.858	30.53014	4.251809
1102	0	-990.9121	-1021.11	30.19824	4.583709
1103	1	-984.3574	-1014.155	29.79768	4.98427
1104	0	-981.7681	-1011.869	30.10097	4.680979
1105	1	-984.8768	-1015.595	30.71819	4.063766
1106	0	-984.5425	-1015.348	30.80536	3.976592
1107	1	-987.3269	-1017.724	30.39757	4.384381
1108	0	-981.6592	-1012.513	30.85427	3.927683
1109	1	-986.5102	-1016.877	30.36712	4.414837
1110	0	-989.8107	-1019.958	30.14762	4.634336
1111	1	-985.8191	-1016.426	30.60723	4.17472
1112	0	-977.4661	-1008.288	30.8224	3.959553
1113	1	-979.8312	-1010.259	30.42761	4.354347
1114	0	-988.6469	-1019.13	30.48348	4.298473
1115	1	-980.1789	-1010.359	30.18012	4.601838
1116	0	-991.5348	-1021.737	30.20181	4.580141
1117	1	-983.1862	-1014.175	30.9886	3.793351
1118	0	-982.596	-1013.063	30.46701	4.31494
1119	1	-987.9498	-1018.938	30.9886	3.793351
1120	0	-995.5735	-1026.376	30.80206	3.979889
1121	1	-989.9837	-1019.537	29.553	5.228955
1122	0	-992.8893	-1023.275	30.38535	4.396606
1123	1	-983.0577	-1013.356	30.29821	4.483741
1124	0	-988.4536	-1018.483	30.02942	4.752535
1125	1	-977.7975	-1008.096	30.29821	4.483741
1126	0	-985.5716	-1015.967	30.39503	4.386921
1127	1	-983.5802	-1013.281	29.70128	5.080674
1128	0	-984.5552	-1015.4	30.84477	3.937184
1129	1	-984.7455	-1015.178	30.43248	4.349474
1130	0	-991.5566	-1021.565	30.00864	4.773313
1131	1	-980.8056	-1011.238	30.43248	4.349474
1132	0	-989.6186	-1019.657	30.03872	4.743237
1133	1	-987.9998	-1018.814	30.81437	3.967587
1134	0	-985.3963	-1016.279	30.88278	3.89917
1135	1	-986.1141	-1016.275	30.16105	4.620899
1136	0	-984.6488	-1015.188	30.53932	4.242632
1137	1	-986.3001	-1016.503	30.20318	4.578776
1138	0	-990.5564	-1021.51	30.95396	3.827998
1139	1	-986.0803	-1016.442	30.36141	4.420543
1140	0	-986.4018	-1017.356	30.95396	3.827998
1141	1	-980.9697	-1011.435	30.46562	4.316332
1142	0	-989.487	-1019.672	30.18544	4.596514
1143	1	-998.0961	-1028.193	30.09725	4.6847
1144	0	-992.8715	-1022.624	29.7523	5.029653
1145	1	-986.674	-1017.529	30.85524	3.926717
1146	0	-981.5402	-1011.653	30.11281	4.669141
1147	1	-989.182	-1020.113	30.93148	3.85047
1148	0	-987.1152	-1017.05	29.93505	4.846904
1149	1	-991.8605	-1022.721	30.8603	3.921657
1150	0	-984.435	-1014.383	29.94809	4.833859
1151	1	-986.4634	-1017.178	30.71497	4.066979
1152	0	-987.8601	-1018.365	30.5054	4.276551
1153	1	-981.227	-1011.863	30.63597	4.145982
1154	0	-985.9706	-1016.156	30.18502	4.596933
1155	1	-979.999	-1010.102	30.10266	4.679296
1156	0	-980.2881	-1010.577	30.28882	4.493136
1157	1	-982.3438	-1011.85	29.50626	5.275696
1158	0	-989.6282	-1019.807	30.17896	4.602996
1159	1	-988.5946	-1018.832	30.23722	4.544731
1160	0	-982.9101	-1013.109	30.19865	4.583307
1161	1	-983.4135	-1014.463	31.04931	3.732641
1162	0	-988.8875	-1019.874	30.98646	3.795493
1163	1	-986.0482	-1016.616	30.56785	4.214099
1164	0	-983.483	-1013.351	29.86785	4.914099
1165	1	-982.7184	-1012.995	30.27699	4.504964
1166	0	-985.1675	-1015.884	30.71637	4.065585
1167	1	-989.7575	-1020.223	30.46574	4.31621
1168	0	-982.7766	-1013.103	30.32634	4.455616
1169	1	-982.4681	-1012.672	30.20346	4.578491
1170	0	-987.9481	-1018.059	30.11102	4.670934
1171	1	-985.4048	-1015.608	30.20374	4.578218
1172	0	-994.1166	-1024.783	30.66681	4.115138
1173	1	-983.5942	-1013.904	30.30976	4.47219
1174	0	-984.7466	-1015.201	30.45412	4.327832
1175	1	-987.4191	-1018.153	30.734	4.04795
1176	0	-981.5363	-1011.99	30.45412	4.327832
1177	1	-994.1267	-1024.111	29.98411	4.79784
1178	0	-995.7324	-1025.559	29.82628	4.955674
1179	1	-989.1022	-1020.1	30.99786	3.78409
1180	0	-988.8475	-1018.861	30.01393	4.768023
1181	1	-984.6022	-1014.924	30.32165	4.460305
1182	0	-995.9852	-1025.991	30.00587	4.776079
1183	1	-983.6365	-1014.069	30.4324	4.349554
1184	0	-992.6624	-1022.707	30.04482	4.737134
1185	1	-991.5152	-1022.337	30.8219	3.960056
1186	0	-989.6201	-1019.445	29.82466	4.957295
1187	1	-990.2087	-1020.231	30.02212	4.759836
1188	0	-989.486	-1019.564	30.0776	4.704353
1189	1	-990.1912	-1020.342	30.15038	4.631571
1190	0	-989.295	-1019.373	30.0776	4.704353
1191	1	-986.6205	-1016.741	30.12057	4.661385
1192	0	-991.316	-1021.4	30.08415	4.697805
1193	1	-984.6942	-1015.293	30.59901	4.182947
1194	0	-984.8511	-1014.56	29.70909	5.07286
1195	1	-979.9534	-1010.262	30.30851	4.473448
1196	0	-984.2125	-1014.304	30.09162	4.690333
1197	1	-988.0181	-1018.325	30.30649	4.475468
1198	0	-987.5571	-1017.709	30.15209	4.629868
1199	1	-990.4864	-1021.264	30.77783	4.004121
1200	0	-987.528	-1017.468	29.94008	4.841874
1201	1	-989.1211	-1019.419	30.29822	4.483731
1202	0	-982.3056	-1012.218	29.91272	4.869232
1203	1	-984.7557	-1014.583	29.82757	4.954379
1204	0	-982.4661	-1012.069	29.60247	5.179486
1205	1	-983.681	-1014.484	30.80249	3.979458
1206	0	-984.7989	-1014.793	29.99426	4.78769
1207	1	-982.0342	-1012.519	30.48518	4.296771
1208	0	-982.3131	-1012.894	30.58143	4.20052
1209	1	-985.8494	-1016.526	30.67666	4.105292
1210	0	-985.5334	-1015.727	30.19385	4.588105
1211	1	-985.203	-1014.936	29.73349	5.048459
1212	0	-982.5225	-1012.745	30.22258	4.559377
1213	1	-982.9414	-1013.683	30.74154	4.04041
1214	0	-984.8544	-1015.345	30.49094	4.291012
1215	1	-984.4717	-1014.626	30.15414	4.627817
1216	0	-988.6261	-1018.797	30.17066	4.61129
1217	1	-986.6168	-1017.001	30.38434	4.397615
1218	0	-989.3219	-1019.983	30.66093	4.121023
1219	1	-983.7078	-1014.145	30.43683	4.345123
1220	0	-987.5722	-1017.841	30.2691	4.512849
1221	1	-981.7099	-1012.147	30.4368	4.345156
1222	0	-984.9206	-1015.456	30.53555	4.246406
1223	1	-983.7572	-1013.857	30.09959	4.68236
1224	0	-984.5379	-1014.986	30.44817	4.333781
1225	1	-983.357	-1013.808	30.45146	4.330489
1226	0	-991.7688	-1021.864	30.09551	4.686446
1227	1	-982.7729	-1012.886	30.11266	4.66929
1228	0	-986.8193	-1017.16	30.34023	4.441724
1229	1	-983.9262	-1013.288	29.36169	5.420263
1230	0	-986.4253	-1016.753	30.32736	4.454597
1231	1	-984.6741	-1014.783	30.10901	4.672939
1232	0	-987.775	-1017.948	30.17304	4.608914
1233	1	-982.9644	-1013.601	30.63662	4.145328
1234	0	-984.7732	-1015.24	30.46672	4.315232
1235	1	-982.2594	-1013.077	30.81718	3.964771
1236	0	-982.1948	-1012.564	30.36882	4.413133
1237	1	-986.3836	-1016.446	30.06251	4.719447
1238	0	-982.5991	-1012.972	30.37339	4.408567
1239	1	-982.408	-1013.017	30.60893	4.173028
1240	0	-991.905	-1022.262	30.35749	4.424461
1241	1	-982.7667	-1013.117	30.35043	4.431525
1242	0	-982.9794	-1013.69	30.71072	4.071234
1243	1	-987.2295	-1017.723	30.49401	4.287945
1244	0	-989.3267	-1019.356	30.02922	4.752737
1245	1	-993.2734	-1024.324	31.05096	3.730995
1246	0	-989.9622	-1020.558	30.59587	4.186079
1247	1	-982.7559	-1012.904	30.14799	4.633963
1248	0	-983.7391	-1014.158	30.41862	4.363328
1249	1	-990.644	-1021.851	31.20724	3.574716
1250	0	-985.5639	-1016.166	30.60214	4.179812
1251	1	-992.4004	-1022.129	29.72863	5.053323
1252	0	-982.7088	-1012.964	30.25529	4.526667
1253	1	-984.4998	-1014.532	30.03175	4.750199
1254	0	-984.486	-1014.925	30.43926	4.342695
1255	1	-985.5006	-1015.995	30.49463	4.287325
1256	0	-983.31	-1013.737	30.42704	4.354917
1257	1	-986.7497	-1016.242	29.49191	5.290047
1258	0	-985.3134	-1015.259	29.94602	4.835937
1259	1	-993.7668	-1023.187	29.42053	5.361419
1260	0	-985.9134	-1015.712	29.79912	4.982829
1261	1	-988.6729	-1018.935	30.26223	4.519721
1262	0	-983.8434	-1014.407	30.56322	4.218736
1263	1	-987.9664	-1017.625	29.65875	5.123198
1264	0	-981.0705	-1011.206	30.13562	4.646329
1265	1	-983.9994	-1013.963	29.96377	4.818187
1266	0	-986.6464	-1017.202	30.55523	4.226718
1267	1	-983.0494	-1013.464	30.41443	4.367525
1268	0	-982.5791	-1012.987	30.40795	4.373999
1269	1	-985.7003	-1015.84	30.14001	4.641948
1270	0	-987.5929	-1018.055	30.46256	4.31939
1271	1	-991.5128	-1022.101	30.58866	4.19329
1272	0	-985.5488	-1015.653	30.10406	4.677897
1273	1	-990.9495	-1021.327	30.37742	4.404536
1274	0	-989.765	-1020.249	30.4841	4.297852
1275	1	-985.6607	-1016.386	30.72571	4.056246
1276	0	-991.5669	-1021.79	30.22322	4.558738
1277	1	-987.8885	-1018.187	30.29883	4.483119
1278	0	-986.1382	-1016.093	29.95531	4.826642
1279	1	-986.8703	-1016.999	30.12861	4.653347
1280	0	-986.7068	-1017.251	30.54414	4.23781
1281	1	-991.6023	-1022.231	30.62883	4.153121
1282	0	-991.8679	-1022.412	30.54375	4.2382
1283	1	-987.4575	-1017.187	29.72927	5.052686
1284	0	-987.3223	-1017.965	30.6431	4.138854
1285	1	-985.8833	-1015.776	29.89281	4.889138
1286	0	-1006.193	-1035.685	29.49198	5.289968
1287	1	-985.7295	-1015.273	29.54306	5.238896
1288	0	-992.7521	-1022.235	29.48255	5.299401
1289	1	-986.5273	-1017.258	30.73037	4.051582
1290	0	-991.7279	-1021.33	29.60165	5.180307
1291	1	-985.478	-1016.028	30.55039	4.231562
1292	0	-983.965	-1014.059	30.09394	4.688009
1293	1	-986.7835	-1017.405	30.62174	4.160216
1294	0	-986.8767	-1017.256	30.37916	4.402794
1295	1	-985.6069	-1016.429	30.82241	3.959543
1296	0	-982.673	-1013.348	30.67463	4.107323
1297	1	-985.6349	-1015.589	29.95407	4.827878
1298	0	-986.1404	-1016.394	30.25352	4.528436
1299	1	-984.7626	-1015.043	30.2808	4.501151
1300	0	-984.7717	-1015.33	30.55784	4.224109
1301	1	-989.5359	-1019.695	30.15922	4.622736
1302	0	-986.9684	-1017.204	30.23528	4.546678
1303	1	-988.6742	-1018.967	30.29304	4.488914
1304	0	-983.7129	-1013.332	29.61867	5.163283
1305	1	-987.6918	-1018.005	30.313	4.468958
1306	0	-989.3657	-1019.378	30.01229	4.769668
1307	1	-989.8451	-1019.413	29.56832	5.213636
1308	0	-988.7321	-1019.179	30.44652	4.335437
1309	1	-985.4871	-1015.669	30.18218	4.599773
1310	0	-981.5509	-1011.648	30.09749	4.684462
1311	1	-988.4384	-1018.914	30.47608	4.305871
1312	0	-982.6873	-1012.973	30.2859	4.496058
1313	1	-986.4549	-1017.338	30.88267	3.899284
1314	0	-990.7926	-1020.437	29.64478	5.137177
1315	1	-987.6571	-1018.099	30.44219	4.339764
1316	0	-989.5162	-1020.326	30.80957	3.972386
1317	1	-986.2566	-1016.191	29.93393	4.848026
1318	0	-980.6176	-1010.631	30.01367	4.768283
1319	1	-984.2111	-1014.565	30.35401	4.427939
1320	0	-987.5921	-1018.225	30.63247	4.149484
1321	1	-986.7418	-1017.26	30.51806	4.263898
1322	0	-985.023	-1015.81	30.78692	3.99503
1323	1	-985.8089	-1016.526	30.71723	4.064727
1324	0	-988.4996	-1018.897	30.39782	4.384132
1325	1	-979.7234	-1010.284	30.56051	4.221442
1326	0	-982.6835	-1012.998	30.31439	4.467564
1327	1	-981.5338	-1011.823	30.28875	4.493198
1328	0	-990.6164	-1020.298	29.68123	5.100721
1329	1	-988.596	-1019.048	30.45184	4.330117
1330	0	-989.7192	-1019.718	29.99905	4.782899
1331	1	-985.8394	-1016.622	30.78298	3.998974
1332	0	-991.136	-1020.706	29.56949	5.212462
1333	1	-985.4244	-1015.934	30.50983	4.272126
1334	0	-988.0502	-1018.496	30.44622	4.335729
1335	1	-992.5622	-1022.722	30.16019	4.62176
1336	0	-986.1583	-1016.496	30.33764	4.444309
1337	1	-988.7506	-1019.807	31.05611	3.725847
1338	0	-990.1194	-1020.858	30.73832	4.043636
1339	1	-985.5614	-1015.882	30.32063	4.461322
1340	0	-986.0004	-1016.266	30.26595	4.516005
1341	1	-980.8376	-1011.665	30.82775	3.954208
1342	0	-983.0631	-1013.303	30.23981	4.542141
1343	1	-983.1837	-1013.223	30.03965	4.742307
1344	0	-990.9305	-1021.504	30.57313	4.208822
1345	1	-986.7477	-1016.464	29.71626	5.065689
1346	0	-989.8378	-1020.736	30.89835	3.883601
1347	1	-986.1398	-1016.133	29.99339	4.788563
1348	0	-990.1154	-1020.676	30.56091	4.221041
1349	1	-993.4859	-1024.002	30.51601	4.26594
1350	0	-991.8062	-1022.166	30.36005	4.421901
1351	1	-989.3272	-1019.77	30.44258	4.339369
1352	0	-985.5786	-1015.88	30.30136	4.480595
1353	1	-979.8095	-1010.299	30.48959	4.292358
1354	0	-982.4589	-1012.851	30.3925	4.389452
1355	1	-984.9317	-1015.668	30.73647	4.045484
1356	0	-980.8192	-1010.767	29.94747	4.834482
1357	1	-991.7056	-1022.101	30.39538	4.386574
1358	0	-982.5715	-1012.348	29.77679	5.005165
1359	1	-984.8885	-1015.694	30.80579	3.976164
1360	0	-985.2837	-1016.157	30.87332	3.908634
1361	1	-987.5898	-1017.845	30.25532	4.526632
1362	0	-993.6421	-1023.567	29.92536	4.856598
1363	1	-983.644	-1013.536	29.89184	4.890112
1364	0	-985.4189	-1015.947	30.52798	4.253972
1365	1	-980.1355	-1010.601	30.46591	4.316045
1366	0	-993.5367	-1023.795	30.25869	4.523263
1367	1	-984.3881	-1014.247	29.85904	4.922912
1368	0	-984.4031	-1014.373	29.97011	4.811846
1369	1	-981.5889	-1011.648	30.05925	4.7227
1370	0	-987.941	-1018	30.05935	4.722606
1371	1	-991.8191	-1021.791	29.97212	4.809828
1372	0	-986.5557	-1016.854	30.2987	4.483255
1373	1	-990.0875	-1019.76	29.67279	5.109162
1374	0	-987.0641	-1017.357	30.29274	4.489217
1375	1	-991.8143	-1022.482	30.66792	4.114031
1376	0	-988.7498	-1018.333	29.58319	5.198764
1377	1	-993.8046	-1023.636	29.83119	4.950761
1378	0	-993.8444	-1024.563	30.71898	4.062969
1379	1	-991.2225	-1021.449	30.22642	4.555537
1380	0	-987.2034	-1017.027	29.82379	4.95816
1381	1	-987.2753	-1017.779	30.50362	4.278332
1382	0	-983.3067	-1013.881	30.5741	4.207856
1383	1	-983.66	-1013.998	30.33767	4.444286
1384	0	-985.9229	-1016.309	30.38628	4.395675
1385	1	-996.5527	-1026.549	29.99642	4.785528
1386	0	-988.7182	-1018.673	29.95479	4.827163
1387	1	-982.2174	-1012.627	30.40997	4.371985
1388	0	-982.7147	-1013.16	30.44553	4.33642
1389	1	-985.0685	-1015.641	30.57262	4.209329
1390	0	-989.3246	-1019.188	29.8631	4.91885
1391	1	-990.2393	-1020.847	30.60785	4.174104
1392	0	-987.9464	-1018.655	30.70888	4.073076
1393	1	-985.923	-1016.244	30.32081	4.461145
1394	0	-987.5014	-1017.471	29.96954	4.812417
1395	1	-986.0523	-1016.651	30.5988	4.183157
1396	0	-983.8102	-1014.09	30.28022	4.501728
1397	1	-985.1966	-1015.648	30.4515	4.330455
1398	0	-983.6844	-1013.336	29.65176	5.130189
1399	1	-979.8251	-1010.518	30.69311	4.088846
1400	0	-977.8051	-1008.301	30.49559	4.286365
1401	1	-990.5528	-1020.648	30.09525	4.686707
1402	0	-983.6219	-1013.806	30.18414	4.597817
1403	1	-987.2275	-1017.196	29.96837	4.813583
1404	0	-986.7166	-1016.973	30.25626	4.525689
1405	1	-989.7878	-1019.736	29.94799	4.833966
1406	0	-988.2573	-1019.114	30.85647	3.925478
1407	1	-988.1796	-1018.436	30.25662	4.525333
1408	0	-986.5533	-1017.03	30.47659	4.305364
1409	1	-985.2027	-1014.712	29.50883	5.273119
1410	0	-986.0772	-1016.533	30.45533	4.326627
1411	1	-986.5479	-1017.479	30.93137	3.850588
1412	0	-984.7664	-1015.071	30.30509	4.476868
1413	1	-983.3578	-1013.456	30.09817	4.683782
1414	0	-989.0341	-1019.335	30.30051	4.481442
1415	1	-992.2886	-1023.393	31.10462	3.677336
1416	0	-988.2043	-1018.917	30.71276	4.069195
1417	1	-987.9017	-1017.537	29.63545	5.146508
1418	0	-986.9441	-1017.177	30.23309	4.548861
1419	1	-982.5586	-1012.643	30.08396	4.697993
1420	0	-986.5907	-1017.193	30.60195	4.180003
1421	1	-986.3532	-1017.1	30.74693	4.03502
1422	0	-983.5448	-1014.023	30.47771	4.304246
1423	1	-988.0999	-1017.874	29.77401	5.007946
1424	0	-992.5886	-1023.353	30.76451	4.01744
1425	1	-987.536	-1017.818	30.28155	4.500402
1426	0	-988.2975	-1018.562	30.26455	4.517402
1427	1	-985.6722	-1015.881	30.20907	4.572885
1428	0	-986.9781	-1017.03	30.0519	4.730052
1429	1	-992.0274	-1022.399	30.37135	4.4106
1430	0	-986.0972	-1016.156	30.05921	4.722741
1431	1	-987.9296	-1018.104	30.1743	4.60765
1432	0	-983.7995	-1014.05	30.25012	4.531834
1433	1	-992.4426	-1022.632	30.18903	4.592922
1434	0	-986.0473	-1016.214	30.16686	4.615089
1435	1	-993.281	-1023.381	30.10026	4.68169
1436	0	-982.1677	-1012.16	29.99233	4.789626
1437	1	-985.1766	-1015.22	30.04319	4.738759
1438	0	-987.3773	-1016.725	29.34784	5.434108
1439	1	-987.1297	-1016.893	29.76322	5.018728
1440	0	-985.7517	-1016.481	30.72934	4.052611
1441	1	-980.0081	-1010.542	30.53427	4.247687
1442	0	-981.1335	-1011.647	30.51346	4.268496
1443	1	-990.5914	-1020.304	29.71207	5.069882
1444	0	-982.0187	-1012.337	30.31825	4.463703
1445	1	-984.1848	-1014.313	30.12812	4.653835
1446	0	-987.43	-1018.066	30.63637	4.145584
1447	1	-980.3749	-1010.429	30.05387	4.728086
1448	0	-988.0675	-1018.2	30.13279	4.649162
1449	1	-990.5002	-1020.683	30.1825	4.599449
1450	0	-992.2768	-1022.699	30.42226	4.359692
1451	1	-986.352	-1017.135	30.78342	3.998536
1452	0	-991.6294	-1021.4	29.77073	5.011225
1453	1	-981.9961	-1011.799	29.8027	4.979251
1454	0	-982.1251	-1012.613	30.4883	4.293655
1455	1	-987.4391	-1017.194	29.75515	5.026805
1456	0	-987.703	-1018.226	30.52286	4.259092
1457	1	-989.2529	-1019.398	30.14483	4.637128
1458	0	-987.7661	-1018.067	30.30114	4.48081
1459	1	-1001.725	-1030.667	28.9425	5.839453
1460	0	-987.1398	-1017.325	30.18491	4.597039
1461	1	-991.9272	-1022.021	30.09382	4.688137
1462	0	-986.2572	-1016.191	29.93378	4.848169
1463	1	-982.8085	-1013.572	30.76347	4.018479
1464	0	-987.1861	-1017.661	30.47439	4.307562
1465	1	-987.5968	-1018.147	30.5501	4.231852
1466	0	-993.8889	-1023.606	29.71716	5.064793
1467	1	-986.593	-1017.411	30.81767	3.964284
1468	0	-987.9048	-1018.252	30.34678	4.435175
1469	1	-989.1439	-1019.823	30.67929	4.102659
1470	0	-981.3479	-1011.635	30.28685	4.495107
1471	1	-987.9037	-1018.248	30.34473	4.437219
1472	0	-988.2315	-1018.289	30.05721	4.72474
1473	1	-986.4868	-1016.791	30.30374	4.478214
1474	0	-988.4893	-1018.711	30.22186	4.560097
1475	1	-986.2827	-1016.643	30.36007	4.421879
1476	0	-984.5131	-1015.175	30.66154	4.120413
1477	1	-990.1797	-1020.14	29.96026	4.821694
1478	0	-984.8379	-1015.263	30.42517	4.356786
1479	1	-995.8245	-1025.698	29.87331	4.908641
1480	0	-985.8308	-1016.267	30.43602	4.345935
1481	1	-986.6429	-1016.714	30.07092	4.711037
1482	0	-988.5126	-1018.684	30.17093	4.611023
1483	1	-988.2283	-1018.3	30.07146	4.710489
1484	0	-985.4396	-1016.275	30.83591	3.946044
1485	1	-992.4396	-1022.923	30.48303	4.29892
1486	0	-984.4457	-1014.563	30.11736	4.664597
1487	1	-982.3581	-1012.877	30.51893	4.263025
1488	0	-993.5417	-1023.542	30.00059	4.781359
1489	1	-981.8279	-1012.137	30.30921	4.472747
1490	0	-986.6279	-1017.189	30.56128	4.22067
1491	1	-993.9374	-1023.987	30.05004	4.731909
1492	0	-988.7377	-1019.288	30.5498	4.232149
1493	1	-989.2939	-1018.829	29.53482	5.247132
1494	0	-985.8173	-1016.367	30.5498	4.232149
1495	1	-981.4159	-1011.788	30.37236	4.409597
1496	0	-992.0863	-1022.336	30.2501	4.531857
1497	1	-986.8449	-1017.707	30.86175	3.9202
1498	0	-986.9273	-1017.477	30.54951	4.232443
1499	1	-982.009	-1012.242	30.23265	4.549303
1500	0	-999.3641	-1030.144	30.78008	4.001877
1501	1	-990.3857	-1020.286	29.90074	4.88121
1502	0	-989.019	-1019.217	30.19831	4.583648
1503	1	-994.8134	-1024.313	29.50002	5.281929
1504	0	-985.2584	-1015.168	29.90933	4.872626
1505	1	-985.0191	-1015.474	30.45475	4.327204
1506	0	-981.942	-1012.589	30.64739	4.134559
1507	1	-981.0996	-1011.42	30.32018	4.461776
1508	0	-988.4583	-1019.196	30.73792	4.044031
1509	1	-977.3435	-1008.199	30.85583	3.92612
1510	0	-986.1087	-1016.578	30.46967	4.312287
1511	1	-982.7814	-1013.128	30.34687	4.435087
1512	0	-985.6307	-1015.906	30.27504	4.506909
1513	1	-998.0507	-1028.398	30.34687	4.435087
1514	0	-980.7807	-1010.866	30.08499	4.696958
1515	1	-986.1784	-1016.461	30.28216	4.499798
1516	0	-989.3325	-1019.034	29.70112	5.080829
1517	1	-983.7609	-1014.212	30.45067	4.331278
1518	0	-989.7638	-1020.178	30.41424	4.367712
1519	1	-985.6537	-1015.963	30.3097	4.472257
1520	0	-985.7704	-1016.327	30.55676	4.225197
1521	1	-980.2994	-1010.82	30.52044	4.261511
1522	0	-998.2151	-1027.92	29.70529	5.076667
1523	1	-982.4529	-1012.582	30.12951	4.652444
1524	0	-994.8395	-1024.474	29.63411	5.147848
1525	1	-981.8341	-1011.569	29.73454	5.047417
1526	0	-987.9404	-1018.136	30.19581	4.586139
1527	1	-989.678	-1019.699	30.02142	4.76053
1528	0	-988.9212	-1019.246	30.32527	4.456687
1529	1	-989.0244	-1019.912	30.88801	3.893948
1530	0	-983.3739	-1013.402	30.02861	4.753344
1531	1	-989.2317	-1019.611	30.37915	4.4028
1532	0	-988.2872	-1018.673	30.38605	4.395905
1533	1	-985.6947	-1015.469	29.77464	5.007311
1534	0	-987.759	-1018.46	30.70123	4.080723
1535	1	-986.528	-1016.479	29.95105	4.830903
1536	0	-989.8039	-1020.337	30.53345	4.248504
1537	1	-980.7089	-1011.484	30.77533	4.006621
1538	0	-984.0265	-1014.884	30.85793	3.924023
1539	1	-983.372	-1013.739	30.36706	4.414889
1540	0	-990.329	-1020.501	30.17198	4.609969
1541	1	-986.5967	-1017.057	30.46037	4.321579
1542	0	-981.4874	-1011.74	30.25302	4.52893
1543	1	-982.5151	-1013.11	30.59456	4.187395
1544	0	-990.4193	-1019.85	29.43117	5.350779
1545	1	-979.3158	-1009.596	30.28024	4.501715
1546	0	-988.6542	-1018.363	29.70883	5.073126
1547	1	-984.9	-1015.002	30.10159	4.680361
1548	0	-988.5363	-1019.111	30.57459	4.207367
1549	1	-984.8985	-1014.979	30.08061	4.701339
1550	0	-987.6457	-1018.395	30.74939	4.032567
1551	1	-990.0144	-1020.261	30.24674	4.535214
1552	0	-989.6733	-1019.931	30.25717	4.524783
1553	1	-990.2524	-1020.333	30.0806	4.701349
1554	0	-987.0327	-1017.139	30.10634	4.675608
1555	1	-984.1618	-1014.018	29.85665	4.925306
1556	0	-984.7276	-1014.72	29.99275	4.789199
1557	1	-989.4091	-1019.793	30.38388	4.398074
1558	0	-988.2685	-1018.416	30.14752	4.634436
1559	1	-988.0345	-1018.034	29.99913	4.782824
1560	0	-987.7418	-1017.873	30.13138	4.650574
1561	1	-983.9748	-1014.649	30.67423	4.107723
1562	0	-984.0944	-1014.609	30.51432	4.267634
1563	1	-982.7896	-1012.996	30.2066	4.575358
1564	0	-985.0094	-1015.407	30.39709	4.38486
1565	1	-990.1637	-1019.724	29.56054	5.221411
1566	0	-978.9705	-1008.99	30.01913	4.76282
1567	1	-987.8408	-1017.989	30.14803	4.633923
1568	0	-988.1061	-1018.85	30.74341	4.03854
1569	1	-987.9355	-1017.41	29.47461	5.307342
1570	0	-990.6596	-1020.713	30.05313	4.728825
1571	1	-982.4289	-1012.921	30.49211	4.289842
1572	0	-988.3942	-1018.407	30.01305	4.7689
1573	1	-985.8342	-1015.956	30.12155	4.660401
1574	0	-980.0293	-1010.286	30.25671	4.525245
1575	1	-983.3184	-1013.398	30.08005	4.701907
1576	0	-985.5207	-1015.322	29.80148	4.980478
1577	1	-984.1138	-1013.863	29.74945	5.032502
1578	0	-981.0946	-1011.499	30.40426	4.377693
1579	1	-981.698	-1011.69	29.99169	4.790265
1580	0	-986.2065	-1016.306	30.09933	4.682623
1581	1	-982.7425	-1013.141	30.3989	4.38305
1582	0	-980.1493	-1010.052	29.90283	4.87912
1583	1	-988.2951	-1018.003	29.70776	5.074198
1584	0	-988.8619	-1018.865	30.00343	4.778524
1585	1	-985.6523	-1015.867	30.21455	4.567401
1586	0	-989.0408	-1018.968	29.92729	4.854667
1587	1	-990.8754	-1021.528	30.653	4.128955
1588	0	-988.4426	-1018.851	30.40878	4.373174
1589	1	-988.7909	-1019.29	30.49943	4.282525
1590	0	-986.0522	-1016.219	30.16677	4.615182
1591	1	-992.5739	-1022.369	29.79505	4.986901
1592	0	-982.6283	-1013.229	30.60039	4.181563
1593	1	-990.4282	-1020.853	30.42452	4.357431
1594	0	-987.5583	-1018.11	30.55131	4.230639
1595	1	-987.4883	-1017.33	29.84144	4.940514
1596	0	-984.633	-1015.388	30.75483	4.027118
1597	1	-983.7392	-1014.37	30.63107	4.150887
1598	0	-979.2781	-1009.158	29.87997	4.901981
1599	1	-982.5479	-1012.977	30.42881	4.353139
1600	0	-990.626	-1020.523	29.89739	4.884559
1601	1	-987.3212	-1017.504	30.18293	4.59902
1602	0	-984.8291	-1015.406	30.5772	4.20475
1603	1	-985.6979	-1015.969	30.27095	4.510999
1604	0	-980.1263	-1010.307	30.18079	4.601167
1605	1	-986.3466	-1016.545	30.19872	4.583233
1606	0	-981.7906	-1011.732	29.9412	4.840757
1607	1	-985.5665	-1015.428	29.86151	4.920439
1608	0	-987.465	-1017.653	30.18792	4.594036
1609	1	-988.2617	-1018.345	30.08345	4.698501
1610	0	-985.4669	-1015.734	30.26669	4.51526
1611	1	-987.997	-1018.177	30.17968	4.602276
1612	0	-987.1779	-1017.691	30.51307	4.268878
1613	1	-984.941	-1014.994	30.0532	4.728757
1614	0	-982.3497	-1013.094	30.74384	4.038117
1615	1	-988.7791	-1018.537	29.75794	5.024009
1616	0	-989.5063	-1019.728	30.22195	4.560007
1617	1	-986.5897	-1016.812	30.22187	4.560087
1618	0	-986.9111	-1017.388	30.4767	4.30525
1619	1	-982.2995	-1012.348	30.04877	4.733179
1620	0	-988.1286	-1017.581	29.45204	5.329915
1621	1	-985.8492	-1015.617	29.76807	5.01388
1622	0	-982.3237	-1013.07	30.74651	4.035439
1623	1	-981.6145	-1011.931	30.31666	4.465294
1624	0	-988.1938	-1019.326	31.13235	3.649601
1625	1	-981.6675	-1011.59	29.92203	4.859926
1626	0	-984.1217	-1014.447	30.32532	4.456637
1627	1	-981.8508	-1011.939	30.08821	4.693744
1628	0	-983.9548	-1014.546	30.59117	4.190786
1629	1	-981.3687	-1011.649	30.28023	4.501724
1630	0	-981.3058	-1011.691	30.38472	4.397232
1631	1	-987.2083	-1017.774	30.56578	4.216169
1632	0	-984.7321	-1014.826	30.09358	4.688375
1633	1	-988.2372	-1018.189	29.95162	4.830332
1634	0	-986.8338	-1016.896	30.06248	4.719471
1635	1	-990.1088	-1020.571	30.46217	4.319779
1636	0	-984.7735	-1015.262	30.4883	4.293657
1637	1	-985.3037	-1015.386	30.08195	4.700007
1638	0	-989.4298	-1019.718	30.28821	4.493742
1639	1	-989.1985	-1019.374	30.1753	4.606652
1640	0	-989.477	-1019.721	30.24403	4.537922
1641	1	-989.1911	-1018.734	29.54321	5.238744
1642	0	-984.557	-1015.008	30.45078	4.331178
1643	1	-981.7471	-1012.078	30.33125	4.450704
1644	0	-984.2587	-1014.391	30.1325	4.649458
1645	1	-992.6579	-1022.865	30.20749	4.574463
1646	0	-984.7213	-1015.44	30.7182	4.063754
1647	1	-989.879	-1020.189	30.30958	4.47237
1648	0	-983.4654	-1013.845	30.37997	4.401981
1649	1	-989.8582	-1019.4	29.54183	5.240122
1650	0	-988.382	-1018.198	29.81566	4.966291
1651	1	-985.4342	-1015.739	30.30472	4.477235
1652	0	-990.7683	-1020.78	30.0114	4.770549
1653	1	-987.7145	-1017.373	29.65818	5.123775
1654	0	-986.8986	-1017.211	30.31198	4.469974
1655	1	-990.2478	-1020.055	29.80766	4.974292
1656	0	-986.8563	-1016.927	30.0704	4.711556
1657	1	-984.7537	-1014.786	30.03184	4.750115
1658	0	-984.6191	-1015.119	30.49937	4.282581
1659	1	-984.4319	-1013.968	29.53644	5.24551
1660	0	-990.0979	-1020.297	30.19948	4.582473
1661	1	-981.7253	-1011.821	30.09538	4.686572
1662	0	-990.0422	-1020.404	30.36185	4.420103
1663	1	-990.6233	-1020.201	29.57739	5.204566
1664	0	-981.6874	-1012.175	30.48751	4.294438
1665	1	-980.4658	-1010.496	30.03026	4.751697
1666	0	-984.4609	-1014.948	30.48751	4.294438
1667	1	-984.3734	-1014.163	29.78998	4.99197
1668	0	-989.6031	-1020.194	30.59131	4.190644
1669	1	-990.5487	-1021.283	30.73439	4.047567
1670	0	-992.5714	-1022.724	30.15237	4.629578
1671	1	-985.4238	-1015.316	29.89248	4.889475
1672	0	-987.0077	-1017.342	30.3344	4.447552
1673	1	-988.5083	-1018.949	30.44098	4.340972
1674	0	-989.2615	-1019.696	30.43449	4.347465
1675	1	-989.4348	-1019.039	29.60427	5.177687
1676	0	-987.9721	-1018.71	30.7377	4.044252
1677	1	-992.9973	-1022.309	29.31206	5.469894
1678	0	-982.937	-1012.723	29.78554	4.996413
1679	1	-989.2277	-1019.796	30.56809	4.213858
1680	0	-981.3297	-1011.647	30.31744	4.46451
1681	1	-983.7024	-1014.243	30.54036	4.241592
1682	0	-983.435	-1013.019	29.58405	5.1979
1683	1	-987.9178	-1018.767	30.84922	3.932731
1684	0	-985.7121	-1015.574	29.86191	4.920041
1685	1	-994.6456	-1025.194	30.54843	4.233524
1686	0	-990.4386	-1020.345	29.90675	4.875204
1687	1	-987.0199	-1017.158	30.13802	4.643929
1688	0	-982.6844	-1012.936	30.25132	4.530632
1689	1	-985.9411	-1015.385	29.44364	5.338317
1690	0	-986.4454	-1016.864	30.41821	4.363744
1691	1	-979.4096	-1009.584	30.17436	4.607595
1692	0	-987.2171	-1017.189	29.97159	4.810363
1693	1	-983.4751	-1014.262	30.78643	3.995519
1694	0	-983.6371	-1014.311	30.67417	4.107785
1695	1	-979.9416	-1010.178	30.23671	4.545245
1696	0	-990.798	-1021.286	30.48811	4.293848
1697	1	-984.9274	-1015.81	30.88266	3.899297
1698	0	-988.084	-1018.311	30.22734	4.554615
1699	1	-984.7161	-1014.692	29.97561	4.806339
1700	0	-987.3234	-1017.745	30.42149	4.360467
1701	1	-979.7511	-1010.403	30.6514	4.130558
1702	0	-981.8623	-1012.145	30.2825	4.499452
1703	1	-985.5779	-1015.215	29.63723	5.144726
1704	0	-986.8884	-1016.614	29.7255	5.056448
1705	1	-994.865	-1024.842	29.9771	4.804856
1706	0	-990.4858	-1020.572	30.08664	4.69531
1707	1	-981.0718	-1010.69	29.61806	5.163891
1708	0	-985.5823	-1016.435	30.85289	3.929067
1709	1	-981.3182	-1012.071	30.75306	4.028894
1710	0	-987.1817	-1017.798	30.61681	4.165141
1711	1	-985.988	-1016.754	30.76591	4.016044
1712	0	-985.7014	-1015.896	30.19446	4.587492
1713	1	-983.177	-1013.497	30.31963	4.462323
1714	0	-987.0631	-1016.73	29.66695	5.115002
1715	1	-985.3868	-1015.79	30.40296	4.378996
1716	0	-986.2324	-1016.756	30.52389	4.258062
1717	1	-985.6441	-1016.076	30.43147	4.350483
1718	0	-987.6735	-1018.071	30.39749	4.384463
1719	1	-988.3736	-1018.416	30.04234	4.739609
1720	0	-984.434	-1014.502	30.06841	4.713542
1721	1	-983.2621	-1012.924	29.66223	5.119727
1722	0	-988.9268	-1019.633	30.70573	4.07622
1723	1	-982.1379	-1012.634	30.49615	4.285802
1724	0	-987.1835	-1017.099	29.91504	4.866914
1725	1	-987.4499	-1017.964	30.51413	4.267824
1726	0	-994.9998	-1024.847	29.84695	4.935004
1727	1	-985.0977	-1015.914	30.81665	3.965302
1728	0	-986.5354	-1016.72	30.18429	4.597667
1729	1	-981.9366	-1012.216	30.27928	4.502675
1730	0	-982.6218	-1012.622	29.9998	4.782156
1731	1	-996.0388	-1026.619	30.5802	4.201758
1732	0	-981.9016	-1011.924	30.02221	4.759746
1733	1	-995.2814	-1025.579	30.29737	4.484586
1734	0	-992.0082	-1022.286	30.27792	4.504032
1735	1	-990.6084	-1021.693	31.08414	3.697814
1736	0	-980.2894	-1010.64	30.35071	4.431242
1737	1	-987.6464	-1017.924	30.27779	4.504161
1738	0	-989.74	-1019.805	30.06495	4.717006
1739	1	-990.9603	-1021.238	30.27779	4.504161
1740	0	-983.7821	-1013.77	29.98813	4.793822
1741	1	-988.7756	-1018.507	29.7315	5.050451
1742	0	-985.7894	-1016.209	30.4197	4.36225
1743	1	-988.0514	-1018.489	30.43771	4.344245
1744	0	-987.7365	-1018.368	30.63147	4.150486
1745	1	-988.3735	-1018.904	30.53041	4.251545
1746	0	-986.6489	-1016.777	30.12833	4.653627
1747	1	-985.8738	-1015.672	29.79814	4.983808
1748	0	-985.6363	-1016.483	30.84674	3.935213
1749	1	-979.2887	-1009.494	30.20487	4.577086
1750	0	-979.7043	-1010.21	30.50614	4.275815
1751	1	-987.7107	-1017.736	30.02564	4.756308
1752	0	-981.5098	-1012.188	30.67766	4.104293
1753	1	-983.8109	-1013.901	30.08993	4.692027
1754	0	-981.7195	-1011.813	30.09329	4.688662
1755	1	-982.0394	-1012.248	30.20903	4.572921
1756	0	-992.3047	-1023.304	30.99917	3.782788
1757	1	-985.8803	-1016.551	30.67092	4.111038
1758	0	-982.5372	-1012.803	30.26574	4.516208
1759	1	-985.6666	-1016.109	30.44233	4.339619
1760	0	-984.3659	-1014.406	30.03998	4.741976
1761	1	-989.5609	-1019.47	29.90865	4.873303
1762	0	-982.8241	-1013.342	30.51755	4.264403
1763	1	-985.2287	-1015.612	30.38369	4.398266
1764	0	-981.0169	-1011.299	30.28227	4.499681
1765	1	-982.9251	-1013.038	30.11301	4.668946
1766	0	-978.1089	-1008.599	30.48974	4.292209
1767	1	-982.7565	-1013.382	30.62521	4.156745
1768	0	-982.6172	-1012.958	30.34028	4.441672
1769	1	-983.4094	-1013.886	30.47648	4.305472
1770	0	-980.3863	-1010.958	30.57212	4.209829
1771	1	-978.7343	-1009.528	30.79388	3.988075
1772	0	-981.761	-1011.942	30.18149	4.600467
1773	1	-984.7146	-1014.961	30.24675	4.535207
1774	0	-988.6514	-1019.033	30.38157	4.400384
1775	1	-984.9694	-1015.319	30.34946	4.432489
1776	0	-983.3748	-1013.65	30.27553	4.506421
1777	1	-987.7166	-1018.384	30.66788	4.114072
1778	0	-981.5059	-1011.856	30.35028	4.431676
1779	1	-980.7319	-1011.653	30.92127	3.860682
1780	0	-989.315	-1019.364	30.04869	4.73326
1781	1	-977.9543	-1008.551	30.59693	4.185021
1782	0	-991.9379	-1021.388	29.44968	5.332271
1783	1	-984.6224	-1014.889	30.26699	4.514966
1784	0	-981.9028	-1011.54	29.63758	5.14437
1785	1	-986.89	-1017.837	30.94681	3.835142
1786	0	-986.0904	-1015.817	29.72616	5.055788
1787	1	-983.9266	-1014.376	30.44944	4.33251
1788	0	-983.3063	-1013.748	30.44155	4.340406
1789	1	-990.7091	-1021.48	30.77073	4.01122
1790	0	-981.2024	-1011.348	30.14538	4.636575
1791	1	-993.63	-1023.145	29.5151	5.266855
1792	0	-985.7473	-1015.853	30.10587	4.676086
1793	1	-992.2337	-1022.524	30.29078	4.491177
1794	0	-988.654	-1018.745	30.09055	4.6914
1795	1	-989.1285	-1018.795	29.66667	5.115284
1796	0	-987.6481	-1018.719	31.07074	3.711209
1797	1	-990.0832	-1020.245	30.16177	4.620184
1798	0	-982.7927	-1013.063	30.27075	4.511205
1799	1	-987.0765	-1017.082	30.00541	4.776543
1800	0	-984.933	-1015.204	30.27075	4.511205
1801	1	-980.1579	-1010.808	30.64981	4.132146
1802	0	-980.8345	-1011.21	30.37549	4.406462
1803	1	-981.1041	-1011.382	30.27819	4.50376
1804	0	-982.3855	-1012.443	30.05748	4.724476
1805	1	-984.2663	-1014.292	30.02593	4.756019
1806	0	-991.6639	-1021.424	29.75963	5.022326
1807	1	-987.3731	-1017.854	30.48104	4.300916
1808	0	-988.132	-1018.363	30.23129	4.550663
1809	1	-985.6432	-1015.823	30.17937	4.602584
1810	0	-987.659	-1018.052	30.39343	4.388528
1811	1	-984.7702	-1014.95	30.17937	4.602584
1812	0	-993.7412	-1023.357	29.61583	5.166124
1813	1	-982.1727	-1012.445	30.27214	4.509817
1814	0	-983.9042	-1014.107	30.20233	4.579621
1815	1	-984.8324	-1014.943	30.11051	4.671443
1816	0	-982.7968	-1012.796	29.99928	4.782677
1817	1	-986.567	-1016.838	30.27109	4.510866
1818	0	-994.7609	-1024.27	29.50936	5.272594
1819	1	-986.7199	-1016.46	29.74043	5.04152
1820	0	-987.1387	-1017.231	30.09224	4.689714
1821	1	-987.9252	-1017.656	29.73071	5.051245
1822	0	-984.8575	-1015.038	30.18044	4.601515
1823	1	-982.3775	-1012.539	30.16189	4.620063
1824	0	-984.4426	-1014.507	30.06464	4.71731
1825	1	-982.7047	-1012.925	30.21984	4.562108
1826	0	-983.1792	-1013.244	30.06453	4.717423
1827	1	-978.5323	-1008.687	30.15422	4.627737
1828	0	-985.9867	-1016.595	30.60879	4.173166
1829	1	-986.2881	-1016.506	30.21768	4.564276
1830	0	-986.7087	-1016.86	30.15124	4.630711
1831	1	-982.7963	-1013.347	30.5505	4.231455
1832	0	-988.1202	-1018.368	30.24818	4.533771
1833	1	-984.0787	-1014.215	30.13656	4.645395
1834	0	-985.1545	-1015.667	30.51279	4.269165
1835	1	-981.1737	-1011.476	30.30236	4.479588
1836	0	-988.0729	-1019.075	31.00243	3.779523
1837	1	-982.1847	-1012.58	30.39561	4.386347
1838	0	-984.2301	-1014.019	29.78906	4.99289
1839	1	-989.1154	-1019.285	30.16958	4.612374
1840	0	-984.5192	-1015.431	30.91142	3.870529
1841	1	-985.5072	-1015.495	29.98774	4.794214
1842	0	-983.1054	-1013.707	30.60141	4.180542
1843	1	-987.4371	-1017.732	30.29506	4.486895
1844	0	-987.2824	-1017.086	29.80352	4.978433
1845	1	-985.3914	-1015.878	30.48628	4.295672
1846	0	-986.2514	-1016.391	30.13976	4.642193
1847	1	-992.5479	-1022.866	30.31827	4.463679
1848	0	-992.6182	-1022.601	29.98235	4.799607
1849	1	-988.7725	-1019.47	30.69749	4.084463
1850	0	-998.9069	-1028.889	29.98235	4.799607
1851	1	-985.1902	-1015.145	29.9548	4.827155
1852	0	-997.033	-1026.992	29.95929	4.822664
1853	1	-980.473	-1010.801	30.32837	4.453584
1854	0	-992.1827	-1022.159	29.97633	4.805623
1855	1	-979.6199	-1009.882	30.26187	4.520085
1856	0	-985.158	-1015.284	30.12583	4.656126
1857	1	-989.5938	-1019.961	30.36706	4.414897
1858	0	-988.1911	-1018.241	30.04978	4.732171
1859	1	-980.7669	-1011.522	30.75536	4.026594
1860	0	-985.0057	-1014.842	29.83632	4.945631
1861	1	-982.2119	-1012.55	30.33834	4.443615
1862	0	-989.7904	-1019.55	29.75915	5.022806
1863	1	-981.06	-1011.494	30.43441	4.347543
1864	0	-996.8328	-1026.406	29.57285	5.209102
1865	1	-988.4698	-1019.017	30.54683	4.235124
1866	0	-986.1964	-1015.967	29.77041	5.011547
1867	1	-983.4487	-1013.543	30.09418	4.687773
1868	0	-987.2757	-1017.426	30.15057	4.631384
1869	1	-990.7027	-1021.131	30.42853	4.353419
1870	0	-983.3965	-1013.28	29.88371	4.898244
1871	1	-989.1739	-1019.186	30.012	4.769948
1872	0	-994.3515	-1024.994	30.64205	4.1399
1873	1	-984.3251	-1015.056	30.73057	4.051383
1874	0	-983.0421	-1013.267	30.22459	4.55736
1875	1	-988.458	-1018.673	30.21475	4.567202
1876	0	-981.393	-1011.638	30.24547	4.536481
1877	1	-990.8747	-1021.042	30.16706	4.614892
1878	0	-986.4785	-1016.488	30.00902	4.772937
1879	1	-985.8176	-1015.646	29.82842	4.953528
1880	0	-994.2217	-1024.595	30.3737	4.408256
1881	1	-997.7091	-1028.66	30.95088	3.831076
1882	0	-986.8091	-1017.384	30.57486	4.207092
1883	1	-988.2025	-1018.159	29.95674	4.825212
1884	0	-981.4126	-1011.848	30.43542	4.346534
1885	1	-989.5205	-1020.157	30.63615	4.145805
1886	0	-992.07	-1023.219	31.14932	3.632632
1887	1	-990.9753	-1021.518	30.5422	4.23975
1888	0	-989.6124	-1019.486	29.87389	4.908059
1889	1	-990.6037	-1020.786	30.18281	4.599145
1890	0	-983.6915	-1013.946	30.25464	4.527315
1891	1	-982.3504	-1013.185	30.83463	3.947327
1892	0	-983.5289	-1013.517	29.98816	4.793795
1893	1	-986.3315	-1017.158	30.82619	3.955764
1894	0	-994.3511	-1024.999	30.64757	4.13438
1895	1	-983.8982	-1014.306	30.40806	4.373891
1896	0	-984.5888	-1014.332	29.74296	5.038998
1897	1	-989.0556	-1019.783	30.72757	4.054387
1898	0	-991.1522	-1020.628	29.47604	5.305911
1899	1	-986.3467	-1016.974	30.62749	4.154464
1900	0	-990.7018	-1020.76	30.05868	4.723273
1901	1	-984.7748	-1014.881	30.10664	4.675312
1902	0	-980.7233	-1010.791	30.06804	4.713917
1903	1	-982.9537	-1013.527	30.57313	4.208819
1904	0	-990.6776	-1021.104	30.42691	4.35504
1905	1	-985.2169	-1015.336	30.11896	4.662991
1906	0	-986.0792	-1016.324	30.24496	4.536995
1907	1	-984.9336	-1015.623	30.68897	4.092984
1908	0	-986.9363	-1017.526	30.5895	4.192449
1909	1	-991.7887	-1021.58	29.79123	4.990721
1910	0	-990.4209	-1021.023	30.60165	4.180303
1911	1	-987.1663	-1017.206	30.0399	4.742052
1912	0	-983.9767	-1013.891	29.91454	4.867412
1913	1	-995.6701	-1025.492	29.82188	4.960073
1914	0	-998.1408	-1028.504	30.36296	4.418994
1915	1	-987.3528	-1017.342	29.98897	4.792985
1916	0	-989.842	-1020.488	30.64589	4.136066
1917	1	-991.9513	-1021.539	29.58757	5.194379
1918	0	-990.1938	-1020.7	30.50624	4.275709
1919	1	-987.0373	-1017.14	30.10233	4.679623
1920	0	-991.8169	-1022.262	30.44558	4.336373
1921	1	-981.6417	-1011.864	30.22198	4.559969
1922	0	-992.2438	-1022.143	29.89935	4.882604
1923	1	-984.7136	-1015.197	30.48344	4.298518
1924	0	-987.5055	-1018.041	30.53544	4.246515
1925	1	-993.5751	-1023.957	30.38211	4.399846
1926	0	-986.0329	-1016.63	30.59727	4.184679
1927	1	-992.2781	-1022.486	30.20791	4.574039
1928	0	-989.2695	-1018.852	29.58259	5.199362
1929	1	-990.7529	-1020.833	30.08012	4.701833
1930	0	-985.9244	-1015.992	30.0677	4.714254
1931	1	-986.077	-1015.678	29.60095	5.181007
1932	0	-988.143	-1018.337	30.19367	4.588281
1933	1	-984.5697	-1014.946	30.37592	4.406036
1934	0	-990.1492	-1019.889	29.73956	5.042391
1935	1	-982.0087	-1012.342	30.33301	4.448945
1936	0	-982.0579	-1012.746	30.68779	4.094166
1937	1	-983.3845	-1013.235	29.85054	4.931415
1938	0	-987.6035	-1018.636	31.03214	3.749817
1939	1	-989.2382	-1018.904	29.66595	5.116006
1940	0	-986.7718	-1016.955	30.18364	4.598312
1941	1	-989.872	-1020.065	30.19256	4.589389
1942	0	-982.4548	-1012.198	29.7433	5.038654
1943	1	-988.1453	-1017.702	29.55706	5.224894
1944	0	-989.6948	-1019.72	30.02528	4.75667
1945	1	-984.6612	-1014.867	30.2062	4.575754
1946	0	-987.2565	-1016.862	29.60515	5.176803
1947	1	-987.1402	-1017.05	29.91	4.871948
1948	0	-992.1416	-1021.583	29.44102	5.340931
1949	1	-980.878	-1011.176	30.29769	4.484262
1950	0	-991.4058	-1021.063	29.65728	5.124677
1951	1	-981.694	-1011.877	30.18328	4.598676
1952	0	-993.4875	-1023.632	30.14416	4.637789
1953	1	-983.4341	-1014.017	30.5828	4.199153
1954	0	-997.9075	-1027.876	29.96807	4.813882
1955	1	-982.4498	-1012.552	30.10268	4.67927
1956	0	-982.9119	-1013.246	30.33408	4.447876
1957	1	-985.7131	-1015.587	29.87396	4.907997
1958	0	-980.1865	-1010.118	29.93176	4.850191
1959	1	-987.5482	-1018.575	31.02682	3.755138
1960	0	-985.3896	-1015.681	30.29134	4.490614
1961	1	-983.0429	-1013.568	30.52462	4.257336
1962	0	-982.011	-1012.219	30.20807	4.573881
1963	1	-981.6137	-1012.438	30.82431	3.957648
1964	0	-983.0191	-1012.788	29.7693	5.012654
1965	1	-980.3832	-1010.519	30.13563	4.646321
1966	0	-988.1887	-1018.191	30.00253	4.779424
1967	1	-981.9469	-1012.644	30.69665	4.085299
1968	0	-992.6438	-1022.925	30.28131	4.500644
1969	1	-982.9102	-1012.212	29.302	5.47995
1970	0	-982.673	-1013.454	30.78132	4.00063
1971	1	-992.1198	-1022.36	30.24021	4.541746
1972	0	-996.9199	-1026.274	29.35445	5.427506
1973	1	-986.9189	-1017.012	30.093	4.688954
1974	0	-982.2965	-1012.6	30.30378	4.478178
1975	1	-990.3946	-1020.671	30.27649	4.505462
1976	0	-986.2143	-1016.659	30.44486	4.337097
1977	1	-985.7689	-1016.51	30.74105	4.040904
1978	0	-990.3355	-1021.377	31.04166	3.740294
1979	1	-985.8014	-1016.534	30.7328	4.049152
1980	0	-989.559	-1020.347	30.78768	3.994273
1981	1	-983.9124	-1013.958	30.04511	4.736841
1982	0	-983.8088	-1013.918	30.10948	4.672474
1983	1	-992.112	-1022.673	30.561	4.220954
1984	0	-984.5859	-1014.523	29.93697	4.844983
1985	1	-985.9931	-1016.123	30.13008	4.651872
1986	0	-981.1891	-1011.564	30.37504	4.406917
1987	1	-986.4376	-1016.596	30.1582	4.623753
1988	0	-984.9442	-1014.969	30.02481	4.757145
1989	1	-980.078	-1010.25	30.17178	4.610177
1990	0	-983.6932	-1014.249	30.55536	4.22659
1991	1	-982.3792	-1013.119	30.73982	4.04213
1992	0	-988.728	-1018.752	30.02429	4.75766
1993	1	-984.4249	-1014.274	29.84946	4.932496
1994	0	-984.6077	-1014.904	30.29677	4.485183
1995	1	-987.2238	-1017.12	29.89606	4.885893
1996	0	-992.9953	-1023.564	30.56918	4.212768
1997	1	-978.6634	-1009.519	30.85551	3.926445
1998	0	-996.0056	-1025.861	29.85535	4.926607
1999	1	-982.7104	-1012.916	30.20514	4.57681
2000	0	-989.0033	-1019.235	30.23152	4.550432
2001	1	-982.789	-1013.045	30.25606	4.525892
