Iteration	Replicate_ID	Posterior	Likelihood	Prior	tree_length
0	0	-940.8281	-1072.585	131.7572	1.868038
1	1	-927.2162	-1059.147	131.931	1.694263
2	0	-953.7555	-1085.164	131.4088	2.216527
3	1	-923.0138	-1054.799	131.7854	1.839837
4	0	-930.8585	-1062.656	131.7972	1.828118
5	1	-913.4422	-1045.031	131.5883	2.036933
6	0	-938.706	-1070.491	131.7846	1.840663
7	1	-920.8011	-1052.445	131.6436	1.981658
8	0	-931.7638	-1063.273	131.5088	2.116525
9	1	-940.7274	-1072.718	131.9911	1.634205
10	0	-931.7009	-1063.324	131.6233	2.001966
11	1	-915.9109	-1047.869	131.9582	1.667065
12	0	-948.2949	-1079.826	131.5312	2.094082
13	1	-916.0206	-1047.86	131.8399	1.785381
14	0	-950.2871	-1082.084	131.797	1.828253
15	1	-924.3813	-1056.1	131.7186	1.906727
16	0	-939.1426	-1070.917	131.7739	1.851341
17	1	-922.5588	-1053.972	131.4128	2.212513
18	0	-936.7444	-1068.487	131.7425	1.88282
19	1	-920.7923	-1052.643	131.851	1.774269
20	0	-930.6026	-1061.849	131.2465	2.378753
21	1	-924.8527	-1056.641	131.7881	1.837176
22	0	-928.7557	-1060.327	131.5711	2.054143
23	1	-920.3885	-1051.977	131.5886	2.03668
24	0	-932.8337	-1064.384	131.5507	2.074565
25	1	-916.0659	-1047.921	131.8547	1.770583
26	0	-923.4851	-1054.872	131.3872	2.238121
27	1	-918.7758	-1050.639	131.8629	1.762385
28	0	-923.9595	-1055.474	131.5142	2.111071
29	1	-917.1223	-1049.041	131.9191	1.706189
30	0	-922.3691	-1053.988	131.619	2.006242
31	1	-919.7624	-1050.976	131.2136	2.411687
32	0	-910.9242	-1042.637	131.7124	1.912907
33	1	-927.5243	-1059.048	131.524	2.101234
34	0	-914.8318	-1046.671	131.8394	1.785926
35	1	-920.0538	-1051.897	131.8431	1.782145
36	0	-919.6762	-1051.273	131.5968	2.028475
37	1	-929.8846	-1061.343	131.4584	2.166836
38	0	-919.7726	-1051.118	131.3454	2.279846
39	1	-925.6747	-1057.269	131.5947	2.030533
40	0	-916.5769	-1048.348	131.7712	1.85404
41	1	-925.1403	-1056.747	131.6064	2.018876
42	0	-933.4559	-1065.259	131.8031	1.822168
43	1	-921.4144	-1053.242	131.8279	1.797428
44	0	-924.5379	-1056.025	131.4869	2.138386
45	1	-923.1196	-1054.927	131.8075	1.817761
46	0	-927.4047	-1059.116	131.7109	1.91442
47	1	-922.2787	-1054.076	131.7974	1.827856
48	0	-928.1785	-1059.787	131.6082	2.017124
49	1	-923.3139	-1054.816	131.5022	2.123058
50	0	-925.519	-1057.241	131.7224	1.902888
51	1	-930.2827	-1061.833	131.55	2.075245
52	0	-929.7804	-1061.44	131.6599	1.965364
53	1	-930.3353	-1062.22	131.8842	1.741063
54	0	-921.5752	-1053.027	131.4522	2.173073
55	1	-932.302	-1063.662	131.3604	2.264903
56	0	-937.6511	-1069.243	131.5915	2.033794
57	1	-916.884	-1048.724	131.8396	1.785724
58	0	-931.2144	-1062.877	131.6626	1.962678
59	1	-926.185	-1057.833	131.6481	1.977223
60	0	-941.5515	-1073.182	131.6308	1.994521
61	1	-915.3158	-1046.61	131.294	2.331329
62	0	-935.5802	-1067.17	131.5901	2.035141
63	1	-933.0936	-1064.756	131.662	1.963237
64	0	-936.0185	-1067.964	131.9453	1.680017
65	1	-933.0017	-1064.82	131.8182	1.807056
66	0	-947.0092	-1078.661	131.6514	1.97384
67	1	-925.2607	-1057.24	131.9795	1.645746
68	0	-937.2089	-1069.072	131.8636	1.761719
69	1	-927.4756	-1059.317	131.841	1.784314
70	0	-914.6489	-1046.289	131.6405	1.98477
71	1	-917.1455	-1048.915	131.7699	1.855348
72	0	-917.1697	-1048.8	131.6298	1.995443
73	1	-923.2789	-1054.816	131.537	2.088242
74	0	-922.805	-1054.742	131.9374	1.687863
75	1	-918.4845	-1050.054	131.5694	2.055895
76	0	-922.4943	-1053.94	131.4458	2.179511
77	1	-921.9494	-1053.759	131.8095	1.815815
78	0	-934.533	-1066.184	131.651	1.974231
79	1	-915.0048	-1046.759	131.7543	1.870973
80	0	-934.7224	-1066.471	131.7488	1.876492
81	1	-915.3083	-1046.913	131.6052	2.020119
82	0	-922.6264	-1054.169	131.5421	2.083134
83	1	-921.8035	-1053.409	131.6052	2.020119
84	0	-926.7954	-1058.144	131.3488	2.276526
85	1	-923.2711	-1054.834	131.5629	2.062357
86	0	-924.0622	-1055.88	131.8176	1.807696
87	1	-944.1439	-1075.289	131.1451	2.480161
88	0	-930.4325	-1062.343	131.9109	1.714336
89	1	-929.859	-1061.731	131.8725	1.752824
90	0	-938.3866	-1070.026	131.6395	1.985809
91	1	-922.4978	-1054.293	131.7953	1.829961
92	0	-939.4966	-1070.909	131.4128	2.212518
93	1	-926.9987	-1058.5	131.5014	2.123852
94	0	-930.1431	-1061.672	131.5287	2.096579
95	1	-914.6064	-1046.293	131.687	1.938314
96	0	-928.9961	-1060.608	131.6115	2.013828
97	1	-921.2081	-1052.661	131.4532	2.172112
98	0	-922.1721	-1054.036	131.8634	1.761869
99	1	-931.6844	-1063.351	131.6669	1.958425
100	0	-939.7259	-1071.393	131.6672	1.958122
101	1	-926.6593	-1058.177	131.5182	2.107097
102	0	-929.0903	-1060.925	131.8346	1.790692
103	1	-925.2503	-1057.016	131.766	1.859254
104	0	-936.1294	-1067.921	131.7911	1.834143
105	1	-934.8784	-1066.726	131.8479	1.777358
106	0	-924.4674	-1056.421	131.9532	1.672104
107	1	-920.2258	-1051.824	131.5984	2.0269
108	0	-931.2684	-1062.862	131.5933	2.031937
109	1	-915.1592	-1046.646	131.4872	2.138053
110	0	-933.2891	-1064.709	131.4201	2.205208
111	1	-915.005	-1046.772	131.767	1.858279
112	0	-936.9293	-1068.526	131.597	2.028244
113	1	-927.2037	-1058.975	131.7715	1.853764
114	0	-920.1574	-1052.028	131.8711	1.754213
115	1	-912.3412	-1044.083	131.7415	1.883775
116	0	-936.5046	-1067.904	131.3998	2.225441
117	1	-919.4502	-1050.885	131.4346	2.190652
118	0	-935.8024	-1067.552	131.7495	1.875762
119	1	-922.7547	-1054.291	131.5365	2.088772
120	0	-931.4917	-1063.102	131.6107	2.014609
121	1	-931.2244	-1062.989	131.7647	1.860615
122	0	-930.3537	-1062.18	131.8265	1.798742
123	1	-927.8532	-1059.597	131.7434	1.881869
124	0	-924.9284	-1056.479	131.5507	2.074542
125	1	-934.2807	-1065.798	131.517	2.108251
126	0	-941.8631	-1073.205	131.3418	2.283485
127	1	-923.85	-1055.5	131.6496	1.975705
128	0	-930.2708	-1061.813	131.5419	2.083383
129	1	-920.0925	-1051.745	131.6522	1.973079
130	0	-934.7617	-1066.445	131.6829	1.94238
131	1	-933.5794	-1065.102	131.5224	2.102864
132	0	-931.0015	-1062.83	131.8288	1.796434
133	1	-920.7091	-1052.232	131.5224	2.102864
134	0	-931.3353	-1063.398	132.0623	1.563006
135	1	-918.8361	-1050.608	131.7718	1.85348
136	0	-938.2952	-1069.761	131.4656	2.159694
137	1	-931.7585	-1062.805	131.0462	2.579079
138	0	-929.9852	-1061.622	131.6366	1.988673
139	1	-923.1224	-1054.808	131.6858	1.939468
140	0	-936.5361	-1068.233	131.6968	1.928494
141	1	-921.1516	-1052.837	131.6858	1.939468
142	0	-940.2031	-1071.791	131.588	2.037253
143	1	-916.7654	-1048.525	131.7592	1.866124
144	0	-931.3131	-1063.178	131.8649	1.760364
145	1	-927.022	-1058.835	131.8125	1.812752
146	0	-921.9012	-1053.775	131.8743	1.751029
147	1	-928.925	-1060.852	131.9267	1.698592
148	0	-926.4735	-1058.021	131.5474	2.07783
149	1	-939.449	-1071.103	131.6537	1.971548
150	0	-920.3606	-1051.885	131.5239	2.101343
151	1	-930.9516	-1062.768	131.8166	1.808715
152	0	-930.3619	-1062.024	131.6624	1.962888
153	1	-922.9361	-1054.806	131.8695	1.755812
154	0	-932.8783	-1064.319	131.4409	2.1844
155	1	-915.9818	-1047.535	131.5528	2.07248
156	0	-936.3697	-1068.208	131.8387	1.786542
157	1	-916.749	-1048.295	131.5455	2.079733
158	0	-929.579	-1061.451	131.8716	1.753664
159	1	-921.6356	-1053.208	131.5723	2.052979
160	0	-929.789	-1061.569	131.78	1.845313
161	1	-923.9071	-1055.66	131.7527	1.872566
162	0	-929.6294	-1061.297	131.6677	1.957531
163	1	-925.6141	-1057.143	131.5289	2.096417
164	0	-930.9722	-1062.751	131.7788	1.846491
165	1	-912.2185	-1043.665	131.4465	2.178792
166	0	-923.5107	-1055.057	131.5466	2.078723
167	1	-923.1665	-1054.795	131.6287	1.996609
168	0	-931.4601	-1063.112	131.6522	1.973109
169	1	-916.6759	-1048.224	131.5482	2.077056
170	0	-923.0203	-1054.661	131.6408	1.984496
171	1	-924.4392	-1055.846	131.4071	2.218217
172	0	-923.3652	-1054.994	131.6292	1.996097
173	1	-930.1517	-1061.838	131.6863	1.938946
174	0	-931.7099	-1063.155	131.4449	2.180348
175	1	-921.8649	-1053.342	131.4772	2.148052
176	0	-922.0169	-1053.886	131.8689	1.756391
177	1	-911.7788	-1043.331	131.5518	2.073494
178	0	-913.5206	-1045.35	131.8295	1.795818
179	1	-930.5156	-1062.114	131.5981	2.027202
180	0	-920.6679	-1052.258	131.5903	2.035013
181	1	-916.1255	-1047.821	131.6959	1.929401
182	0	-924.3436	-1055.822	131.4781	2.14716
183	1	-922.0403	-1053.95	131.9098	1.715501
184	0	-934.6768	-1066.289	131.6119	2.013404
185	1	-926.0555	-1057.597	131.5412	2.084088
186	0	-929.8047	-1061.479	131.6741	1.951148
187	1	-938.6554	-1069.971	131.3157	2.309532
188	0	-922.5047	-1054.191	131.6868	1.938492
189	1	-933.4904	-1065.278	131.788	1.837296
190	0	-940.7983	-1072.311	131.513	2.112325
191	1	-921.2362	-1053.067	131.8304	1.794831
192	0	-921.2791	-1052.674	131.3951	2.230192
193	1	-926.5751	-1058.083	131.5078	2.117434
194	0	-913.2812	-1044.923	131.6421	1.983229
195	1	-921.6839	-1053.453	131.769	1.856269
196	0	-925.7864	-1057.356	131.5701	2.055144
197	1	-920.4409	-1051.945	131.504	2.121265
198	0	-929.4344	-1061.223	131.7882	1.837118
199	1	-929.8793	-1061.637	131.7581	1.867133
200	0	-940.8729	-1072.313	131.4399	2.185429
201	1	-920.7405	-1052.119	131.378	2.247283
202	0	-935.9381	-1067.377	131.4386	2.186714
203	1	-928.2622	-1059.977	131.7146	1.910717
204	0	-931.8707	-1063.372	131.501	2.124321
205	1	-932.6957	-1064.222	131.5267	2.09853
206	0	-934.2583	-1065.741	131.4827	2.142546
207	1	-923.7287	-1055.37	131.6414	1.983855
208	0	-932.7365	-1064.415	131.6786	1.946645
209	1	-928.9664	-1060.866	131.8997	1.725575
210	0	-924.087	-1055.882	131.7949	1.830392
211	1	-928.4378	-1059.875	131.4375	2.187757
212	0	-926.3292	-1057.951	131.6214	2.003898
213	1	-920.0036	-1051.556	131.5526	2.072677
214	0	-921.0836	-1052.774	131.6908	1.934501
215	1	-919.6355	-1051.348	131.7127	1.912624
216	0	-917.3453	-1049.034	131.6886	1.936703
217	1	-921.7582	-1053.181	131.4227	2.202594
218	0	-921.2551	-1052.774	131.5193	2.105962
219	1	-919.7597	-1051.371	131.6115	2.013796
220	0	-933.5578	-1065.074	131.5161	2.109204
221	1	-915.8988	-1047.684	131.7856	1.839698
222	0	-926.6335	-1058.294	131.66	1.965261
223	1	-928.6289	-1060.344	131.7149	1.910395
224	0	-924.6098	-1055.957	131.3473	2.278009
225	1	-918.8346	-1050.479	131.6446	1.980711
226	0	-921.6404	-1053.137	131.497	2.128286
227	1	-923.8214	-1055.713	131.8915	1.733791
228	0	-927.8304	-1059.456	131.6259	1.999347
229	1	-910.2109	-1041.925	131.7139	1.911386
230	0	-928.1997	-1060.018	131.8187	1.806556
231	1	-930.3927	-1061.794	131.401	2.224303
232	0	-926.9133	-1058.198	131.285	2.340293
233	1	-920.8077	-1052.235	131.427	2.198262
234	0	-926.9096	-1058.565	131.6551	1.97016
235	1	-916.8651	-1048.424	131.5591	2.066163
236	0	-927.4326	-1059.088	131.6551	1.97016
237	1	-920.0734	-1051.858	131.7849	1.84036
238	0	-932.1688	-1063.961	131.792	1.833293
239	1	-923.5919	-1055.074	131.4824	2.142838
240	0	-933.9197	-1065.538	131.6183	2.007016
241	1	-922.7985	-1054.303	131.5048	2.12047
242	0	-931.7607	-1063.324	131.563	2.062257
243	1	-922.0946	-1053.979	131.8844	1.740912
244	0	-933.4163	-1065.143	131.7263	1.898938
245	1	-929.3027	-1060.546	131.2428	2.382467
246	0	-926.4155	-1058.057	131.6417	1.983625
247	1	-938.3703	-1069.939	131.5688	2.056525
248	0	-931.4652	-1063.245	131.7802	1.845107
249	1	-933.3105	-1064.809	131.4981	2.127185
250	0	-925.6048	-1057.385	131.7802	1.845107
251	1	-920.9777	-1052.734	131.7563	1.868968
252	0	-926.6677	-1058.279	131.611	2.014307
253	1	-933.0165	-1064.21	131.1939	2.431376
254	0	-932.461	-1064.186	131.7249	1.900401
255	1	-923.6215	-1055.242	131.6204	2.004833
256	0	-925.0466	-1056.448	131.4015	2.223765
257	1	-926.1295	-1057.739	131.6092	2.016108
258	0	-916.5844	-1048.217	131.6328	1.992503
259	1	-923.4891	-1055.103	131.6139	2.011382
260	0	-919.7668	-1051.389	131.6219	2.003375
261	1	-918.675	-1050.307	131.632	1.993254
262	0	-928.4228	-1060.032	131.6093	2.015975
263	1	-921.5199	-1053.149	131.6293	1.995957
264	0	-926.574	-1058.508	131.9344	1.690878
265	1	-924.5791	-1055.888	131.3093	2.31602
266	0	-920.706	-1052.352	131.6464	1.978892
267	1	-914.4735	-1046.184	131.7101	1.915191
268	0	-916.1214	-1047.796	131.6749	1.950357
269	1	-932.2538	-1063.766	131.5122	2.113031
270	0	-920.5385	-1051.868	131.3298	2.295512
271	1	-923.7807	-1055.413	131.6321	1.993217
272	0	-929.9525	-1061.466	131.5138	2.111475
273	1	-927.9198	-1059.426	131.5062	2.119056
274	0	-926.7071	-1058.196	131.4888	2.136498
275	1	-911.4676	-1043.174	131.7064	1.91883
276	0	-928.9337	-1060.465	131.531	2.094325
277	1	-929.7365	-1061.465	131.7283	1.896933
278	0	-923.8999	-1055.431	131.531	2.094325
279	1	-918.8339	-1050.56	131.7263	1.898983
280	0	-939.8112	-1071.537	131.7253	1.899944
281	1	-930.5538	-1062.131	131.5773	2.047959
282	0	-937.1252	-1068.722	131.5965	2.028756
283	1	-936.2521	-1067.872	131.6199	2.005342
284	0	-933.4416	-1064.767	131.3254	2.299846
285	1	-939.01	-1070.65	131.6405	1.984785
286	0	-928.0207	-1059.811	131.7903	1.834986
287	1	-929.149	-1060.939	131.79	1.835242
288	0	-919.5103	-1051.081	131.5706	2.054724
289	1	-925.0425	-1056.831	131.789	1.836292
290	0	-920.2601	-1051.802	131.5422	2.083113
291	1	-919.8558	-1051.582	131.7265	1.898808
292	0	-934.8798	-1066.854	131.9744	1.650887
293	1	-931.1873	-1062.914	131.7265	1.898808
294	0	-917.683	-1049.488	131.8049	1.820378
295	1	-935.6473	-1067.259	131.612	2.013282
296	0	-925.3959	-1057.051	131.6555	1.9698
297	1	-926.1595	-1058.103	131.9433	1.68197
298	0	-925.4158	-1056.983	131.5676	2.05768
299	1	-928.0227	-1059.328	131.3056	2.319632
300	0	-928.7799	-1060.159	131.3789	2.246376
301	1	-928.1606	-1060.055	131.8942	1.731121
302	0	-930.1014	-1061.854	131.7522	1.873129
303	1	-933.5442	-1064.901	131.3569	2.268331
304	0	-920.0071	-1051.428	131.4205	2.204749
305	1	-932.5128	-1063.873	131.3598	2.265496
306	0	-936.373	-1067.871	131.4978	2.127436
307	1	-920.1869	-1051.918	131.7308	1.894462
308	0	-935.7556	-1067.251	131.4955	2.129791
309	1	-926.9718	-1058.748	131.7765	1.848798
310	0	-932.8502	-1064.356	131.5054	2.119906
311	1	-921.4169	-1052.728	131.3112	2.31406
312	0	-929.0667	-1060.618	131.5517	2.073587
313	1	-924.3741	-1056.224	131.8496	1.775665
314	0	-928.9056	-1060.501	131.5955	2.029754
315	1	-920.0744	-1051.811	131.737	1.888329
316	0	-930.8641	-1062.312	131.4476	2.177673
317	1	-936.3679	-1067.809	131.4415	2.18375
318	0	-949.8478	-1081.338	131.4899	2.135407
319	1	-914.6777	-1046.187	131.5098	2.115526
320	0	-938.7763	-1070.255	131.4786	2.146707
321	1	-928.1964	-1060.015	131.8181	1.807166
322	0	-928.0213	-1059.604	131.5831	2.042188
323	1	-917.0093	-1048.539	131.53	2.095276
324	0	-925.5601	-1057.173	131.6129	2.012401
325	1	-920.9701	-1052.777	131.807	1.818314
326	0	-925.4004	-1056.78	131.3799	2.245351
327	1	-916.3535	-1048.226	131.8725	1.752812
328	0	-926.2811	-1057.651	131.3696	2.255656
329	1	-920.7196	-1051.972	131.2522	2.373077
330	0	-916.4546	-1047.97	131.5152	2.110045
331	1	-917.9097	-1049.574	131.6639	1.961371
332	0	-923.8964	-1055.438	131.542	2.08329
333	1	-918.4692	-1050.231	131.7622	1.863061
334	0	-931.5419	-1063.502	131.9602	1.665079
335	1	-930.0406	-1061.499	131.4583	2.166973
336	0	-926.2559	-1057.918	131.6623	1.962957
337	1	-918.7496	-1050.706	131.9568	1.66845
338	0	-922.5406	-1054.272	131.7318	1.893525
339	1	-923.6602	-1055.254	131.5937	2.03158
340	0	-924.3715	-1055.718	131.3463	2.279004
341	1	-926.748	-1058.342	131.5937	2.03158
342	0	-930.5811	-1062.296	131.7154	1.909902
343	1	-919.7551	-1051.46	131.7045	1.920807
344	0	-926.5922	-1058.059	131.4669	2.158357
345	1	-926.2586	-1057.918	131.659	1.966258
346	0	-927.7489	-1059.315	131.5658	2.059481
347	1	-937.1336	-1068.726	131.5926	2.0327
348	0	-937.4017	-1068.986	131.5838	2.041443
349	1	-926.2325	-1057.472	131.2393	2.385974
350	0	-939.9531	-1071.32	131.3673	2.257976
351	1	-921.0049	-1052.699	131.6937	1.931567
352	0	-938.5902	-1070.415	131.8243	1.800942
353	1	-921.8709	-1053.153	131.2824	2.342873
354	0	-927.1871	-1058.886	131.6987	1.926582
355	1	-916.8556	-1048.221	131.3658	2.259489
356	0	-925.4109	-1056.695	131.2836	2.341672
357	1	-917.8469	-1049.709	131.8618	1.763525
358	0	-924.3301	-1055.448	131.1179	2.50734
359	1	-918.5477	-1050.266	131.7179	1.9074
360	0	-934.8927	-1066.874	131.9811	1.644176
361	1	-925.5544	-1057.352	131.7981	1.827192
362	0	-931.4833	-1062.951	131.4675	2.15776
363	1	-938.0969	-1069.759	131.6616	1.963639
364	0	-930.6896	-1062.107	131.4169	2.208386
365	1	-929.7999	-1061.594	131.7945	1.830753
366	0	-929.4931	-1061.179	131.6863	1.938972
367	1	-924.9356	-1056.526	131.5906	2.034654
368	0	-934.6416	-1066.092	131.4505	2.174753
369	1	-932.5581	-1064.241	131.6825	1.942735
370	0	-940.6519	-1072.01	131.3586	2.266723
371	1	-920.2516	-1052.263	132.0111	1.614193
372	0	-919.6765	-1051.401	131.725	1.900323
373	1	-917.0218	-1048.892	131.8701	1.755169
374	0	-934.7956	-1066.411	131.6149	2.010336
375	1	-922.7896	-1054.572	131.7825	1.842761
376	0	-934.4256	-1065.977	131.551	2.074286
377	1	-932.427	-1064.055	131.6279	1.99734
378	0	-922.3245	-1054.101	131.7762	1.849124
379	1	-927.0684	-1058.652	131.5833	2.042007
380	0	-928.0413	-1059.751	131.7093	1.915986
381	1	-940.5022	-1072.238	131.736	1.889323
382	0	-928.3047	-1059.817	131.5118	2.113447
383	1	-930.3864	-1061.68	131.2938	2.331503
384	0	-934.4144	-1065.87	131.4555	2.169792
385	1	-919.9603	-1051.719	131.7588	1.866472
386	0	-930.0086	-1061.549	131.5402	2.08504
387	1	-930.4945	-1062.365	131.8706	1.754668
388	0	-922.988	-1054.491	131.503	2.122233
389	1	-925.4902	-1056.954	131.4641	2.161147
390	0	-938.4899	-1070.369	131.879	1.746329
391	1	-926.3604	-1058.123	131.7628	1.862459
392	0	-916.3399	-1048.224	131.8844	1.740896
393	1	-922.6766	-1054.283	131.6066	2.018652
394	0	-934.5712	-1066.187	131.6162	2.009067
395	1	-922.2373	-1053.696	131.4588	2.166455
396	0	-926.1483	-1057.88	131.7313	1.894025
397	1	-929.1065	-1060.746	131.6392	1.986035
398	0	-937.5691	-1068.97	131.4004	2.224856
399	1	-925.9152	-1057.238	131.3225	2.302755
400	0	-940.197	-1071.919	131.7216	1.903698
401	1	-929.703	-1061.435	131.7317	1.893618
402	0	-926.9119	-1058.747	131.8347	1.790579
403	1	-917.5467	-1049.05	131.5034	2.12184
404	0	-931.8551	-1063.645	131.7901	1.835164
405	1	-932.6832	-1064.284	131.6009	2.024422
406	0	-934.9213	-1066.318	131.397	2.228283
407	1	-928.0383	-1059.604	131.5661	2.059208
408	0	-924.6394	-1056.059	131.4193	2.205957
409	1	-918.2423	-1050.237	131.9943	1.630997
410	0	-928.3932	-1059.868	131.4744	2.150911
411	1	-920.7134	-1052.105	131.3917	2.233562
412	0	-925.0833	-1056.606	131.5231	2.102185
413	1	-910.8697	-1042.345	131.4753	2.149947
414	0	-922.5287	-1054.375	131.8462	1.779127
415	1	-925.5231	-1057.292	131.769	1.856327
416	0	-921.5839	-1053.108	131.5244	2.100882
417	1	-920.8148	-1052.194	131.3792	2.246069
418	0	-927.4992	-1059.103	131.6039	2.021412
419	1	-931.2504	-1062.922	131.6719	1.953343
420	0	-925.244	-1056.756	131.5125	2.112784
421	1	-918.4166	-1049.98	131.5638	2.061459
422	0	-925.1971	-1056.349	131.1517	2.473571
423	1	-921.1708	-1052.756	131.5852	2.040041
424	0	-922.7491	-1054.164	131.4151	2.210163
425	1	-927.9747	-1059.89	131.9158	1.709513
426	0	-918.6682	-1050.182	131.5134	2.111901
427	1	-913.3773	-1045.293	131.9158	1.709513
428	0	-932.7143	-1064.315	131.6003	2.025013
429	1	-926.6098	-1058.067	131.4575	2.16776
430	0	-933.8846	-1065.574	131.6889	1.936374
431	1	-939.618	-1071.207	131.5887	2.036578
432	0	-931.9985	-1063.726	131.7273	1.897944
433	1	-931.3091	-1062.72	131.411	2.214271
434	0	-925.8986	-1057.419	131.5201	2.105188
435	1	-929.2105	-1060.892	131.6815	1.943761
436	0	-919.0129	-1050.469	131.4561	2.169203
437	1	-931.6455	-1063.327	131.6815	1.943761
438	0	-914.916	-1046.48	131.5637	2.061532
439	1	-938.6125	-1069.834	131.222	2.403325
440	0	-931.9395	-1063.472	131.5322	2.093108
441	1	-922.1986	-1054.182	131.9836	1.641658
442	0	-930.1326	-1061.913	131.7802	1.845087
443	1	-926.0278	-1057.413	131.385	2.240306
444	0	-934.9224	-1066.693	131.7705	1.854818
445	1	-920.9025	-1052.817	131.9149	1.710347
446	0	-916.5184	-1048.335	131.8166	1.808642
447	1	-918.4345	-1049.81	131.3753	2.24999
448	0	-922.3572	-1053.851	131.4935	2.131812
449	1	-910.6002	-1042.184	131.5842	2.041111
450	0	-917.0834	-1048.79	131.7064	1.918866
451	1	-916.2799	-1047.86	131.5803	2.044977
452	0	-927.9389	-1059.682	131.7429	1.882373
453	1	-917.8627	-1049.432	131.5693	2.055951
454	0	-919.8562	-1051.521	131.6646	1.960691
455	1	-928.5409	-1060.209	131.6678	1.957525
456	0	-916.394	-1048.113	131.7191	1.906219
457	1	-930.5102	-1062.017	131.5067	2.118608
458	0	-927.0676	-1058.794	131.7266	1.898707
459	1	-919.7174	-1051.206	131.4886	2.136658
460	0	-924.6451	-1056.214	131.569	2.056273
461	1	-934.6435	-1066.11	131.4662	2.159077
462	0	-927.6047	-1059.491	131.8866	1.738712
463	1	-937.2384	-1068.942	131.704	1.921269
464	0	-925.6085	-1057.314	131.7054	1.919879
465	1	-927.0324	-1058.697	131.6643	1.961007
466	0	-929.8498	-1061.647	131.7967	1.828531
467	1	-925.9744	-1057.86	131.8854	1.739845
468	0	-928.5069	-1060.047	131.5404	2.084874
469	1	-919.5356	-1051.375	131.8398	1.785457
470	0	-935.478	-1066.946	131.4683	2.15694
471	1	-931.7215	-1063	131.279	2.346311
472	0	-927.7683	-1059.157	131.3889	2.236405
473	1	-931.3543	-1063.068	131.714	1.911232
474	0	-936.4377	-1068.31	131.8725	1.752751
475	1	-918.9597	-1050.629	131.6689	1.9564
476	0	-931.1187	-1062.848	131.7296	1.895651
477	1	-918.7841	-1050.261	131.4771	2.148159
478	0	-927.2793	-1059.359	132.0802	1.5451
479	1	-917.4929	-1049.171	131.678	1.947322
480	0	-923.7702	-1055.27	131.4996	2.125638
481	1	-922.6468	-1054.278	131.6308	1.994461
482	0	-919.3851	-1051.288	131.9024	1.722881
483	1	-920.0933	-1051.735	131.642	1.983272
484	0	-927.5712	-1058.958	131.3865	2.238794
485	1	-923.5539	-1055.32	131.7658	1.859477
486	0	-925.3356	-1056.598	131.262	2.363231
487	1	-923.5135	-1055.072	131.5582	2.067076
488	0	-914.5875	-1046.286	131.6982	1.927116
489	1	-924.4245	-1056.019	131.595	2.030304
490	0	-929.2103	-1060.919	131.7089	1.916381
491	1	-924.7986	-1056.121	131.3219	2.303371
492	0	-925.9845	-1057.693	131.7089	1.916381
493	1	-917.4344	-1049.042	131.6078	2.01749
494	0	-934.781	-1066.475	131.6939	1.931383
495	1	-924.479	-1055.856	131.3772	2.248097
496	0	-930.0805	-1061.54	131.4593	2.166004
497	1	-934.6836	-1066.462	131.7787	1.8466
498	0	-930.9217	-1062.634	131.712	1.913313
499	1	-927.7431	-1059.734	131.9908	1.634486
500	0	-933.4463	-1065.188	131.7418	1.88343
501	1	-910.6029	-1042.093	131.4904	2.134852
502	0	-926.1324	-1058.005	131.8725	1.752808
503	1	-915.1516	-1046.757	131.6052	2.020129
504	0	-924.5716	-1056.171	131.5992	2.026059
505	1	-912.7374	-1044.285	131.548	2.07731
506	0	-928.6757	-1060.089	131.4133	2.212006
507	1	-914.1988	-1045.626	131.4274	2.197836
508	0	-935.0208	-1067.141	132.1204	1.504852
509	1	-926.8254	-1058.337	131.5119	2.113358
510	0	-924.9565	-1056.698	131.7417	1.883559
511	1	-928.2562	-1059.619	131.3632	2.262109
512	0	-921.6094	-1053.548	131.9388	1.686443
513	1	-920.1244	-1051.959	131.8345	1.790765
514	0	-933.8041	-1065.614	131.81	1.81525
515	1	-914.5788	-1046.336	131.7571	1.868138
516	0	-925.9554	-1057.862	131.9069	1.718346
517	1	-924.4518	-1056.077	131.6247	2.00055
518	0	-920.7571	-1052.555	131.7983	1.827025
519	1	-930.2941	-1061.905	131.611	2.014302
520	0	-933.1933	-1064.577	131.3836	2.241726
521	1	-926.5114	-1057.661	131.1491	2.476197
522	0	-934.0305	-1065.485	131.4548	2.170478
523	1	-912.6495	-1044.051	131.4011	2.224215
524	0	-912.6235	-1044.187	131.5639	2.061396
525	1	-922.3062	-1053.773	131.4672	2.158069
526	0	-923.8431	-1055.585	131.742	1.883261
527	1	-926.4671	-1058.354	131.887	1.738273
528	0	-936.6471	-1067.919	131.2722	2.353044
529	1	-916.6325	-1048.409	131.7761	1.849161
530	0	-935.8114	-1067.325	131.5139	2.111416
531	1	-923.8773	-1055.389	131.5122	2.113069
532	0	-926.1577	-1057.807	131.649	1.976327
533	1	-919.5802	-1051.31	131.7298	1.895471
534	0	-931.0107	-1062.686	131.675	1.950312
535	1	-923.0013	-1054.892	131.8911	1.734165
536	0	-932.1962	-1063.879	131.6828	1.942499
537	1	-921.2966	-1052.846	131.5497	2.075622
538	0	-924.9673	-1056.406	131.4387	2.186597
539	1	-925.3371	-1057.201	131.8634	1.761839
540	0	-934.3114	-1065.961	131.6501	1.975204
541	1	-918.5901	-1050.356	131.7658	1.859461
542	0	-929.2589	-1060.867	131.6086	2.016683
543	1	-918.6681	-1050.239	131.5706	2.054659
544	0	-933.436	-1065.01	131.5744	2.050924
545	1	-914.5554	-1045.878	131.3224	2.30286
546	0	-939.4802	-1071.276	131.7957	1.829588
547	1	-920.3632	-1052.325	131.962	1.663313
548	0	-941.6143	-1073.357	131.7423	1.88295
549	1	-933.9542	-1065.369	131.4148	2.210445
550	0	-923.7784	-1055.534	131.7553	1.869975
551	1	-923.7516	-1055.131	131.379	2.246307
552	0	-930.9861	-1062.882	131.8963	1.72894
553	1	-928.4211	-1060.271	131.8501	1.775219
554	0	-921.2157	-1052.558	131.342	2.283238
555	1	-923.445	-1054.774	131.329	2.296264
556	0	-928.5441	-1059.939	131.3949	2.23036
557	1	-924.3838	-1056.283	131.899	1.726271
558	0	-929.383	-1061.116	131.7328	1.892482
559	1	-930.7729	-1062.424	131.6515	1.973794
560	0	-926.2108	-1057.657	131.4466	2.178658
561	1	-914.8977	-1046.807	131.9098	1.715464
562	0	-918.9892	-1050.831	131.8418	1.783501
563	1	-931.7765	-1063.4	131.6237	2.001598
564	0	-923.6376	-1055.582	131.9446	1.680708
565	1	-924.8205	-1056.549	131.7285	1.896773
566	0	-921.6318	-1053.14	131.5082	2.117047
567	1	-930.5555	-1062.485	131.9291	1.696206
568	0	-916.8975	-1048.727	131.8299	1.795357
569	1	-934.3331	-1065.938	131.6052	2.020032
570	0	-935.1202	-1066.665	131.5445	2.080747
571	1	-923.6384	-1055.135	131.4963	2.128992
572	0	-931.4764	-1063.518	132.0418	1.583509
573	1	-918.0907	-1049.494	131.4036	2.221681
574	0	-929.4303	-1061.203	131.7725	1.852781
575	1	-915.3648	-1046.891	131.5259	2.099382
576	0	-921.3749	-1053.12	131.7449	1.880332
577	1	-916.481	-1048.196	131.7151	1.910162
578	0	-915.0562	-1047.051	131.9952	1.630118
579	1	-923.8804	-1055.5	131.6192	2.00611
580	0	-921.5009	-1053.12	131.6195	2.005783
581	1	-927.9612	-1059.445	131.4842	2.141067
582	0	-916.0294	-1047.724	131.6945	1.930817
583	1	-929.1302	-1060.726	131.5962	2.029059
584	0	-922.4722	-1054.306	131.8333	1.791932
585	1	-928.315	-1059.732	131.417	2.208234
586	0	-936.4746	-1068	131.5251	2.100151
587	1	-933.4665	-1064.89	131.423	2.202313
588	0	-939.7983	-1071.261	131.4629	2.162388
589	1	-936.1325	-1067.577	131.445	2.180326
590	0	-939.157	-1070.998	131.8409	1.784372
591	1	-926.068	-1057.782	131.7145	1.910778
592	0	-932.7435	-1064.487	131.7439	1.881385
593	1	-938.9176	-1070.446	131.5284	2.096895
594	0	-921.3677	-1053.068	131.7006	1.92468
595	1	-923.7498	-1055.055	131.305	2.320241
596	0	-943.2586	-1075.161	131.9026	1.722685
597	1	-929.7755	-1061.284	131.5082	2.11709
598	0	-926.2744	-1057.943	131.6687	1.956614
599	1	-931.8296	-1063.652	131.8221	1.803139
600	0	-926.5994	-1058.265	131.6657	1.959602
601	1	-938.7328	-1070.223	131.4899	2.135341
602	0	-927.9264	-1059.336	131.4099	2.215411
603	1	-934.8539	-1066.249	131.3952	2.230062
604	0	-941.5951	-1073.077	131.4818	2.143522
605	1	-936.9077	-1068.293	131.3857	2.239618
606	0	-941.1448	-1072.945	131.7997	1.825548
607	1	-939.9597	-1071.661	131.7014	1.923908
608	0	-927.9617	-1059.475	131.5134	2.111895
609	1	-934.7636	-1066.008	131.2443	2.380939
610	0	-914.798	-1046.518	131.7195	1.905783
611	1	-935.5163	-1067.233	131.7171	1.908201
612	0	-923.3897	-1055.3	131.9106	1.714669
613	1	-933.6165	-1065.342	131.7256	1.8997
614	0	-912.9797	-1044.597	131.6177	2.007587
615	1	-927.941	-1059.792	131.8513	1.773964
616	0	-927.7226	-1059.176	131.4535	2.171771
617	1	-937.1791	-1069.033	131.8543	1.771025
618	0	-932.6425	-1064.195	131.5524	2.072885
619	1	-916.8796	-1048.351	131.4717	2.153615
620	0	-929.8463	-1061.742	131.896	1.729285
621	1	-925.0086	-1056.699	131.6904	1.934839
622	0	-929.6032	-1061.044	131.4412	2.184037
623	1	-924.5898	-1056.21	131.6199	2.005364
624	0	-924.1476	-1055.651	131.5036	2.121639
625	1	-928.4848	-1059.882	131.3977	2.227605
626	0	-922.4075	-1053.847	131.4397	2.185548
627	1	-930.6707	-1062.424	131.7532	1.872043
628	0	-916.8382	-1048.463	131.6247	2.000598
629	1	-926.0163	-1057.644	131.6277	1.997597
630	0	-934.9457	-1066.425	131.4793	2.146002
631	1	-940.2634	-1072.23	131.9668	1.658515
632	0	-932.2073	-1063.685	131.4777	2.147619
633	1	-935.5006	-1066.899	131.3986	2.226678
634	0	-918.054	-1049.638	131.5836	2.041667
635	1	-924.8616	-1056.446	131.5849	2.040358
636	0	-931.0069	-1062.129	131.1219	2.503419
637	1	-926.7126	-1058.285	131.5721	2.053204
638	0	-923.5651	-1055.496	131.9312	1.694083
639	1	-938.3109	-1069.667	131.3564	2.268882
640	0	-926.1783	-1057.603	131.4246	2.200729
641	1	-931.3846	-1062.775	131.3905	2.234791
642	0	-930.3878	-1062.633	132.2456	1.379674
643	1	-920.5255	-1052.106	131.5801	2.045138
644	0	-921.6302	-1053.003	131.3726	2.252676
645	1	-930.557	-1062.158	131.6012	2.02403
646	0	-933.5495	-1065.224	131.6744	1.950923
647	1	-915.0267	-1046.692	131.6656	1.959676
648	0	-925.7957	-1057.15	131.3545	2.270805
649	1	-915.1472	-1046.837	131.6896	1.935702
650	0	-921.0405	-1052.674	131.6334	1.991836
651	1	-923.8987	-1055.288	131.3891	2.236158
652	0	-915.4357	-1047.18	131.7446	1.880669
653	1	-931.5699	-1063.17	131.6	2.02526
654	0	-920.3416	-1052.118	131.7766	1.848691
655	1	-929.1595	-1060.943	131.7837	1.841562
656	0	-930.5088	-1062.347	131.838	1.78723
657	1	-935.2771	-1066.803	131.5262	2.099082
658	0	-930.6167	-1062.294	131.6777	1.947555
659	1	-928.9114	-1060.464	131.5527	2.072534
660	0	-921.3775	-1053.34	131.9626	1.662721
661	1	-935.2321	-1066.959	131.7266	1.898642
662	0	-924.3983	-1056.196	131.7973	1.827939
663	1	-934.7511	-1066.07	131.3185	2.306819
664	0	-926.4827	-1058.477	131.9941	1.631136
665	1	-934.2788	-1066.196	131.9176	1.707708
666	0	-931.1359	-1062.609	131.4727	2.152544
667	1	-921.9925	-1053.849	131.8562	1.769035
668	0	-937.2321	-1069.016	131.7839	1.841383
669	1	-920.6485	-1052.279	131.6308	1.994489
670	0	-933.7388	-1065.571	131.832	1.79326
671	1	-933.2536	-1064.859	131.6057	2.019606
672	0	-939.8998	-1071.504	131.6046	2.020666
673	1	-928.3141	-1060.054	131.7394	1.885847
674	0	-927.7014	-1059.429	131.7277	1.897548
675	1	-919.3152	-1051.032	131.7171	1.908172
676	0	-917.8923	-1049.515	131.6228	2.002455
677	1	-921.2722	-1052.773	131.5008	2.124452
678	0	-925.0999	-1056.872	131.7719	1.853411
679	1	-915.3274	-1046.989	131.6621	1.96321
680	0	-932.4353	-1064.207	131.7719	1.853411
681	1	-921.7706	-1053.409	131.6382	1.987053
682	0	-933.2593	-1065.133	131.874	1.751253
683	1	-929.8992	-1061.58	131.6805	1.944735
684	0	-928.9816	-1060.539	131.5578	2.06748
685	1	-930.0255	-1061.556	131.53	2.095249
686	0	-923.8767	-1055.487	131.6103	2.015013
687	1	-921.3258	-1052.666	131.3397	2.285563
688	0	-932.4768	-1064.236	131.759	1.86627
689	1	-911.7725	-1043.531	131.7587	1.866569
690	0	-938.2373	-1069.505	131.2674	2.357847
691	1	-927.9375	-1060.074	132.1369	1.4884
692	0	-929.4195	-1061.032	131.6125	2.012767
693	1	-936.9485	-1068.132	131.1835	2.441751
694	0	-936.2397	-1068.101	131.8612	1.76411
695	1	-913.6562	-1045.203	131.5464	2.078853
696	0	-943.8221	-1075.515	131.6929	1.932423
697	1	-931.9505	-1063.434	131.4835	2.141784
698	0	-927.2029	-1058.819	131.6166	2.008712
699	1	-926.0957	-1057.978	131.8825	1.742762
700	0	-935.8996	-1067.516	131.6166	2.008712
701	1	-933.6045	-1065.599	131.9941	1.631149
702	0	-934.0044	-1065.473	131.4689	2.156421
703	1	-923.4156	-1055.32	131.9041	1.721193
704	0	-936.8807	-1068.499	131.6182	2.007084
705	1	-939.5211	-1071.073	131.5521	2.073165
706	0	-930.6099	-1062.546	131.9362	1.689052
707	1	-931.0725	-1062.845	131.773	1.852327
708	0	-927.8928	-1059.304	131.4111	2.21417
709	1	-926.9212	-1058.566	131.6447	1.980551
710	0	-914.4919	-1045.936	131.4445	2.180828
711	1	-926.216	-1057.721	131.5047	2.120628
712	0	-925.9695	-1057.553	131.5832	2.042118
713	1	-917.7723	-1049.43	131.6579	1.967383
714	0	-921.9321	-1053.486	131.5539	2.07142
715	1	-927.252	-1058.629	131.3768	2.24846
716	0	-936.2327	-1067.672	131.4397	2.185566
717	1	-930.9679	-1062.704	131.7358	1.889477
718	0	-924.0746	-1055.578	131.5037	2.121534
719	1	-926.4171	-1058.219	131.8022	1.823041
720	0	-929.8595	-1061.363	131.5037	2.121534
721	1	-921.7985	-1053.429	131.6302	1.995033
722	0	-924.6932	-1056.304	131.6107	2.014585
723	1	-929.3722	-1061.002	131.6302	1.995033
724	0	-930.2057	-1061.668	131.4625	2.162745
725	1	-933.5939	-1065.32	131.7264	1.898911
726	0	-929.8272	-1061.459	131.6315	1.993741
727	1	-929.8105	-1061.528	131.7179	1.907363
728	0	-941.5683	-1073.051	131.4829	2.142384
729	1	-920.4383	-1051.922	131.4836	2.141666
730	0	-945.7377	-1077.221	131.4829	2.142384
731	1	-936.2113	-1067.995	131.7837	1.841574
732	0	-939.7555	-1071.224	131.4682	2.157096
733	1	-929.2019	-1060.665	131.4631	2.16221
734	0	-937.9827	-1069.479	131.4963	2.128932
735	1	-932.409	-1064.163	131.7541	1.871187
736	0	-931.4827	-1063.032	131.5496	2.075698
737	1	-930.3757	-1062.03	131.6545	1.970827
738	0	-925.4674	-1057.319	131.8515	1.773813
739	1	-935.9223	-1067.258	131.3362	2.289096
740	0	-920.6408	-1052.485	131.8444	1.780857
741	1	-944.4423	-1075.798	131.3561	2.269225
742	0	-928.2437	-1060.008	131.7646	1.860649
743	1	-928.7945	-1060.686	131.8917	1.733612
744	0	-930.7322	-1062.434	131.702	1.923268
745	1	-934.3637	-1065.802	131.4378	2.187486
746	0	-934.0979	-1065.742	131.6446	1.980729
747	1	-932.6387	-1064.172	131.5337	2.091628
748	0	-930.3155	-1061.96	131.6446	1.980729
749	1	-937.2121	-1068.715	131.5031	2.122138
750	0	-920.9379	-1052.639	131.7008	1.924465
751	1	-934.3334	-1065.973	131.6399	1.985381
752	0	-918.9318	-1050.531	131.5996	2.025647
753	1	-941.1506	-1072.593	131.4421	2.183182
754	0	-918.1842	-1049.771	131.5872	2.038107
755	1	-921.3621	-1052.824	131.4623	2.162993
756	0	-928.4909	-1060.098	131.6076	2.017718
757	1	-930.7109	-1062.301	131.5898	2.035437
758	0	-924.6547	-1056.324	131.6697	1.955589
759	1	-930.455	-1062.229	131.7742	1.851128
760	0	-923.9897	-1055.452	131.4628	2.162514
761	1	-930.9278	-1062.572	131.6445	1.980775
762	0	-926.3663	-1057.853	131.4869	2.138375
763	1	-920.1209	-1051.77	131.649	1.976298
764	0	-934.5914	-1065.962	131.3709	2.254386
765	1	-921.074	-1052.736	131.6618	1.963457
766	0	-928.1486	-1059.785	131.6364	1.988837
767	1	-932.1025	-1063.541	131.4385	2.186786
768	0	-929.1772	-1061.056	131.8788	1.74645
769	1	-938.4322	-1069.73	131.2977	2.327565
770	0	-926.3231	-1057.844	131.5211	2.104199
771	1	-928.4539	-1060.286	131.8322	1.793113
772	0	-921.6244	-1053.127	131.5022	2.123113
773	1	-935.4788	-1067.227	131.7483	1.876961
774	0	-933.0047	-1064.414	131.4088	2.216449
775	1	-916.902	-1048.755	131.853	1.772272
776	0	-930.5463	-1062.248	131.7021	1.923215
777	1	-919.8516	-1051.378	131.5262	2.099103
778	0	-917.9587	-1049.636	131.6774	1.947838
779	1	-920.3617	-1052.245	131.8834	1.74192
780	0	-934.5316	-1066.091	131.5591	2.066198
781	1	-935.3443	-1067.094	131.7492	1.87604
782	0	-930.0897	-1061.857	131.767	1.858292
783	1	-934.4746	-1066.281	131.8067	1.818549
784	0	-938.3889	-1069.956	131.5675	2.0578
785	1	-932.2061	-1063.827	131.6212	2.004054
786	0	-938.1026	-1069.782	131.6798	1.945473
787	1	-934.5992	-1066.096	131.4971	2.128183
788	0	-932.9337	-1064.467	131.5334	2.091879
789	1	-935.6639	-1067.318	131.6541	1.971163
790	0	-933.986	-1065.484	131.4981	2.127213
791	1	-935.9175	-1067.36	131.4427	2.182565
792	0	-943.0748	-1074.826	131.7508	1.874514
793	1	-931.3216	-1062.85	131.5281	2.097179
794	0	-934.5104	-1066.046	131.5353	2.089994
795	1	-928.9688	-1060.669	131.7005	1.924813
796	0	-934.2372	-1065.635	131.3974	2.227873
797	1	-929.3801	-1060.945	131.5645	2.060759
798	0	-923.4835	-1055.215	131.7315	1.89379
799	1	-935.1396	-1066.905	131.7654	1.859924
800	0	-916.4072	-1048.252	131.8451	1.780183
801	1	-929.5531	-1061.261	131.7079	1.917373
802	0	-916.3047	-1048.024	131.7195	1.905788
803	1	-933.4774	-1065.221	131.7433	1.881971
804	0	-917.015	-1048.739	131.7242	1.90109
805	1	-924.6343	-1056.172	131.5374	2.087874
806	0	-929.0901	-1061.015	131.9248	1.700514
807	1	-924.7461	-1056.223	131.4772	2.148112
808	0	-928.2723	-1059.801	131.5291	2.096141
809	1	-936.0544	-1067.561	131.5069	2.118353
810	0	-921.1676	-1052.593	131.4252	2.200101
811	1	-918.2103	-1050.023	131.8122	1.813092
812	0	-924.7155	-1056.107	131.3917	2.233594
813	1	-917.7429	-1049.578	131.8349	1.790415
814	0	-926.0217	-1057.309	131.2873	2.337991
815	1	-925.9093	-1057.31	131.4012	2.224072
816	0	-927.6593	-1059.138	131.4786	2.146689
817	1	-923.735	-1055.439	131.7038	1.921483
818	0	-929.3555	-1060.598	131.2428	2.382465
819	1	-928.2351	-1059.731	131.4964	2.128918
820	0	-941.6345	-1072.825	131.1907	2.434598
821	1	-931.0397	-1062.755	131.7149	1.910398
822	0	-921.0331	-1052.743	131.7096	1.915682
823	1	-927.8281	-1059.753	131.9251	1.700215
824	0	-923.0383	-1054.998	131.9599	1.665423
825	1	-924.4387	-1055.865	131.4267	2.198616
826	0	-920.5091	-1052.032	131.5233	2.101938
827	1	-922.9219	-1054.607	131.6852	1.940071
828	0	-932.3897	-1064.105	131.7155	1.909812
829	1	-916.6843	-1048.283	131.5992	2.026119
830	0	-931.1545	-1062.709	131.5542	2.071074
831	1	-925.997	-1057.532	131.535	2.090246
832	0	-930.0548	-1061.858	131.8029	1.822395
833	1	-925.8713	-1057.369	131.4981	2.127227
834	0	-921.6863	-1053.155	131.4689	2.156358
835	1	-925.0887	-1056.804	131.7157	1.909626
836	0	-920.9177	-1052.628	131.7105	1.914775
837	1	-926.1058	-1057.821	131.7148	1.91051
838	0	-923.5396	-1055.07	131.5306	2.094693
839	1	-926.7907	-1058.297	131.5066	2.11866
840	0	-922.1529	-1053.862	131.7095	1.915778
841	1	-928.3722	-1060.077	131.705	1.920324
842	0	-923.8201	-1055.313	131.4929	2.132365
843	1	-929.3702	-1061.149	131.7791	1.846142
844	0	-929.2892	-1060.949	131.6595	1.965746
845	1	-924.1491	-1055.988	131.8387	1.786618
846	0	-924.1603	-1055.568	131.408	2.217232
847	1	-920.7167	-1052.107	131.3901	2.235191
848	0	-932.2745	-1063.992	131.7174	1.907852
849	1	-918.2752	-1049.786	131.5111	2.114203
850	0	-930.0362	-1061.723	131.6867	1.938579
851	1	-915.2473	-1046.869	131.6221	2.003182
852	0	-919.3944	-1051.124	131.7297	1.895559
853	1	-936.0011	-1067.948	131.9472	1.678073
854	0	-925.2192	-1056.763	131.5438	2.0815
855	1	-919.0654	-1050.76	131.6949	1.930395
856	0	-922.4124	-1054.23	131.8174	1.80792
857	1	-928.6852	-1060.257	131.5717	2.053572
858	0	-923.9206	-1055.36	131.4392	2.186128
859	1	-925.0255	-1056.583	131.557	2.068248
860	0	-927.7845	-1059.192	131.4071	2.218222
861	1	-923.7541	-1055.32	131.5662	2.059058
862	0	-922.0197	-1053.495	131.4756	2.149649
863	1	-927.7752	-1059.479	131.7041	1.921199
864	0	-931.1255	-1062.707	131.5813	2.043974
865	1	-925.0076	-1056.401	131.3935	2.231821
866	0	-921.6398	-1053.198	131.5586	2.066639
867	1	-932.547	-1064.107	131.5598	2.065513
868	0	-928.5037	-1060.127	131.6234	2.001887
869	1	-921.835	-1053.401	131.5656	2.059674
870	0	-931.575	-1063.17	131.5949	2.030392
871	1	-930.3417	-1062.125	131.7831	1.842165
872	0	-938.7977	-1070.671	131.8732	1.752097
873	1	-932.6016	-1064.404	131.8023	1.823004
874	0	-926.1846	-1057.713	131.528	2.097295
875	1	-921.5003	-1052.902	131.4014	2.223831
876	0	-928.7094	-1060.235	131.5259	2.099429
877	1	-930.9783	-1062.452	131.4739	2.15139
878	0	-930.5707	-1062.18	131.6091	2.016145
879	1	-933.4894	-1065.051	131.5612	2.064062
880	0	-918.4616	-1050.257	131.7958	1.829465
881	1	-918.4772	-1049.888	131.411	2.214233
882	0	-925.449	-1056.997	131.5484	2.076883
883	1	-916.8464	-1048.649	131.8029	1.822348
884	0	-922.0266	-1053.685	131.658	1.967321
885	1	-922.2317	-1054.122	131.8899	1.735427
886	0	-922.983	-1054.661	131.6783	1.94701
887	1	-931.6073	-1063.456	131.8486	1.776696
888	0	-920.8087	-1052.487	131.6783	1.94701
889	1	-943.9622	-1075.386	131.4237	2.20158
890	0	-934.923	-1066.562	131.6391	1.986148
891	1	-936.4405	-1068.479	132.0389	1.58637
892	0	-922.047	-1053.308	131.261	2.364286
893	1	-927.7711	-1059.58	131.8092	1.816045
894	0	-921.6687	-1052.93	131.261	2.364286
895	1	-924.1851	-1056.048	131.8634	1.761919
896	0	-929.1834	-1060.726	131.5429	2.082409
897	1	-924.3426	-1056.239	131.8961	1.729211
898	0	-934.3642	-1065.626	131.2619	2.363415
899	1	-926.2363	-1058.197	131.9603	1.664931
900	0	-932.6386	-1064.293	131.6548	1.970445
901	1	-924.3463	-1056.155	131.8085	1.816768
902	0	-931.106	-1062.858	131.7518	1.873491
903	1	-936.8173	-1068.606	131.789	1.83625
904	0	-931.3539	-1062.783	131.4295	2.195796
905	1	-918.5563	-1050.283	131.7266	1.898633
906	0	-930.0881	-1061.534	131.4464	2.178913
907	1	-924.975	-1056.149	131.1743	2.450994
908	0	-935.055	-1066.643	131.5882	2.037081
909	1	-923.929	-1055.663	131.7339	1.891399
910	0	-936.4533	-1068.038	131.5848	2.040463
911	1	-922.8564	-1054.377	131.5204	2.104898
912	0	-925.9518	-1057.629	131.6773	1.948022
913	1	-933.2197	-1064.853	131.6338	1.991505
914	0	-926.9492	-1058.552	131.6031	2.02216
915	1	-931.4871	-1062.809	131.3219	2.303388
916	0	-923.5059	-1055.175	131.6695	1.955792
917	1	-931.1732	-1063.051	131.8778	1.74752
918	0	-938.622	-1070.358	131.7362	1.889114
919	1	-918.6615	-1050.386	131.7241	1.901207
920	0	-928.7746	-1060.63	131.8552	1.770053
921	1	-918.137	-1050.108	131.9707	1.654533
922	0	-929.9671	-1061.574	131.6068	2.018468
923	1	-914.6168	-1046.398	131.781	1.844255
924	0	-926.9443	-1058.392	131.448	2.177295
925	1	-925.2168	-1056.944	131.7276	1.89769
926	0	-935.6687	-1067.321	131.6524	1.972888
927	1	-921.9019	-1053.798	131.896	1.729302
928	0	-931.8817	-1063.722	131.8401	1.78521
929	1	-928.5403	-1060.289	131.7492	1.876065
930	0	-928.8312	-1060.246	131.4152	2.210091
931	1	-915.1337	-1046.778	131.6445	1.980812
932	0	-925.054	-1056.803	131.7493	1.875957
933	1	-921.9127	-1053.724	131.8117	1.813591
934	0	-946.2686	-1078.118	131.8498	1.775452
935	1	-915.2778	-1047.089	131.8117	1.813591
936	0	-913.7583	-1045.499	131.7405	1.884814
937	1	-915.4972	-1047.223	131.7258	1.899456
938	0	-942.4651	-1073.987	131.5219	2.103345
939	1	-914.077	-1045.537	131.4598	2.165442
940	0	-925.9992	-1057.521	131.5219	2.103345
941	1	-921.2273	-1052.738	131.5105	2.114791
942	0	-927.7304	-1059.334	131.6032	2.022072
943	1	-926.0995	-1057.917	131.8179	1.807375
944	0	-923.5439	-1055.102	131.5577	2.067554
945	1	-922.3731	-1054.361	131.9877	1.637605
946	0	-917.5336	-1048.803	131.2698	2.355445
947	1	-923.5286	-1055.324	131.7956	1.829717
948	0	-922.0565	-1053.615	131.5589	2.066351
949	1	-923.9519	-1055.638	131.6859	1.939333
950	0	-936.0343	-1067.695	131.6603	1.964995
951	1	-926.4932	-1058.098	131.6043	2.020967
952	0	-933.0996	-1065.059	131.959	1.666244
953	1	-923.6459	-1055.435	131.789	1.836253
954	0	-925.6321	-1057.532	131.8997	1.72557
955	1	-918.454	-1050.183	131.7287	1.896625
956	0	-917.9453	-1049.75	131.8046	1.820649
957	1	-918.1433	-1049.972	131.8291	1.796225
958	0	-938.6381	-1069.942	131.3038	2.321495
959	1	-926.9504	-1058.361	131.4103	2.214978
960	0	-925.3032	-1056.892	131.5885	2.036782
961	1	-932.4904	-1064.025	131.5343	2.090935
962	0	-915.8453	-1047.253	131.4076	2.217632
963	1	-916.3196	-1047.873	131.5538	2.071452
964	0	-934.3323	-1065.911	131.5784	2.046923
965	1	-918.3396	-1049.595	131.2559	2.369425
966	0	-925.9569	-1057.667	131.7099	1.915393
967	1	-916.9947	-1048.595	131.6002	2.025032
968	0	-928.1697	-1059.903	131.7336	1.891641
969	1	-941.4739	-1073.106	131.6319	1.993383
970	0	-932.8366	-1064.618	131.7813	1.843974
971	1	-921.0541	-1052.427	131.3724	2.252875
972	0	-927.858	-1059.589	131.7315	1.893804
973	1	-919.7429	-1051.536	131.793	1.83227
974	0	-920.3606	-1052.113	131.7525	1.872795
975	1	-914.9863	-1046.44	131.4535	2.171741
976	0	-916.7211	-1048.481	131.7595	1.865798
977	1	-919.5718	-1051.025	131.4535	2.171741
978	0	-917.3881	-1048.876	131.4883	2.136962
979	1	-920.2604	-1052.031	131.7701	1.855165
980	0	-919.7116	-1051.191	131.479	2.146311
981	1	-925.118	-1057.253	132.1354	1.489902
982	0	-925.7759	-1057.182	131.4057	2.219602
983	1	-925.4761	-1057.488	132.0124	1.612863
984	0	-923.5967	-1055.291	131.6943	1.93096
985	1	-932.3873	-1063.925	131.5381	2.087191
986	0	-939.2445	-1071.163	131.919	1.706257
987	1	-930.3309	-1061.893	131.5622	2.06306
988	0	-943.2556	-1074.668	131.4126	2.212653
989	1	-915.7268	-1047.422	131.6955	1.929757
990	0	-933.0983	-1064.672	131.5734	2.051908
991	1	-916.5527	-1048.191	131.6386	1.986666
992	0	-924.2877	-1055.67	131.3819	2.243407
993	1	-924.8317	-1056.647	131.8156	1.809718
994	0	-913.8151	-1045.57	131.7553	1.870014
995	1	-928.6664	-1060.284	131.6176	2.007683
996	0	-916.2818	-1047.987	131.7048	1.920528
997	1	-923.6029	-1055.068	131.4655	2.159801
998	0	-920.0946	-1051.657	131.5627	2.062617
999	1	-922.1987	-1053.832	131.6334	1.991899
1000	0	-933.4271	-1065.064	131.6364	1.988834
1001	1	-921.0318	-1052.601	131.5688	2.056431
1002	0	-931.436	-1062.785	131.349	2.276255
1003	1	-923.5445	-1055.314	131.7695	1.85581
1004	0	-928.7767	-1060.414	131.6372	1.98805
1005	1	-910.1902	-1041.739	131.5488	2.07649
1006	0	-911.8106	-1043.293	131.4825	2.142812
1007	1	-918.9663	-1050.65	131.6833	1.942018
1008	0	-913.3979	-1045.05	131.6525	1.97274
1009	1	-916.2806	-1048.201	131.9199	1.705374
1010	0	-928.2575	-1060.047	131.7898	1.835528
1011	1	-917.6826	-1049.379	131.6966	1.928717
1012	0	-921.073	-1052.674	131.6008	2.024507
1013	1	-936.8844	-1068.47	131.5861	2.039222
1014	0	-941.3467	-1072.994	131.6476	1.977702
1015	1	-929.7753	-1061.498	131.7225	1.902782
1016	0	-947.8083	-1079.78	131.9715	1.653821
1017	1	-928.5855	-1060.372	131.7867	1.838605
1018	0	-940.9556	-1072.814	131.8584	1.766883
1019	1	-927.4356	-1058.838	131.4027	2.222548
1020	0	-928.8307	-1060.676	131.8457	1.779535
1021	1	-909.9345	-1041.683	131.7489	1.876338
1022	0	-930.0574	-1061.405	131.348	2.277311
1023	1	-909.9799	-1041.558	131.5779	2.047367
1024	0	-926.6994	-1058.607	131.9081	1.717227
1025	1	-919.6158	-1051.418	131.802	1.823315
1026	0	-929.6363	-1061.016	131.3799	2.245366
1027	1	-915.0694	-1046.554	131.4848	2.140469
1028	0	-931.3706	-1062.813	131.4427	2.182611
1029	1	-917.6969	-1049.336	131.6396	1.985647
1030	0	-922.0927	-1053.902	131.8089	1.816413
1031	1	-922.6214	-1054.387	131.7653	1.860028
1032	0	-924.3648	-1055.873	131.5083	2.116931
1033	1	-928.0173	-1059.656	131.6385	1.98673
1034	0	-933.2741	-1064.851	131.5772	2.048048
1035	1	-930.6474	-1062.222	131.5748	2.050438
1036	0	-932.2998	-1064.043	131.7429	1.882376
1037	1	-925.7758	-1057.405	131.6289	1.99635
1038	0	-926.7575	-1058.246	131.4888	2.136472
1039	1	-920.7591	-1052.61	131.8507	1.774606
1040	0	-931.9283	-1063.767	131.8387	1.786601
1041	1	-931.1172	-1063.224	132.1064	1.518915
1042	0	-921.9862	-1053.667	131.6813	1.944026
1043	1	-920.9604	-1052.802	131.8417	1.783593
1044	0	-922.0396	-1053.602	131.5623	2.063004
1045	1	-934.1703	-1065.938	131.7672	1.858033
1046	0	-925.6248	-1057.151	131.5262	2.099077
1047	1	-923.4602	-1055.101	131.6405	1.984766
1048	0	-934.929	-1066.524	131.595	2.030238
1049	1	-927.0629	-1058.564	131.5011	2.124152
1050	0	-928.0352	-1059.404	131.3686	2.256677
1051	1	-914.0916	-1045.676	131.5842	2.041122
1052	0	-928.1185	-1059.967	131.8488	1.776487
1053	1	-924.7977	-1056.516	131.7181	1.907229
1054	0	-939.3127	-1070.983	131.6706	1.954713
1055	1	-929.1234	-1060.91	131.7866	1.838644
1056	0	-941.088	-1072.226	131.1376	2.487643
1057	1	-925.5006	-1057.278	131.7778	1.847492
1058	0	-931.395	-1062.982	131.5866	2.038711
1059	1	-921.2961	-1053.018	131.7221	1.90318
1060	0	-931.8583	-1063.817	131.9582	1.66708
1061	1	-930.5924	-1061.835	131.2423	2.382942
1062	0	-934.8348	-1066.245	131.4107	2.214611
1063	1	-931.3867	-1063.415	132.0288	1.596495
1064	0	-923.7122	-1055.239	131.5272	2.098084
1065	1	-937.4234	-1068.822	131.3987	2.226577
1066	0	-925.1956	-1056.618	131.4225	2.202754
1067	1	-931.1453	-1062.622	131.4772	2.148081
1068	0	-913.691	-1045.323	131.6321	1.993136
1069	1	-929.2387	-1060.913	131.6747	1.95053
1070	0	-913.8943	-1045.76	131.8659	1.759422
1071	1	-911.0233	-1042.696	131.6723	1.952942
1072	0	-917.4675	-1049.078	131.6103	2.01494
1073	1	-926.3917	-1057.699	131.3074	2.317906
1074	0	-925.4192	-1057.26	131.8407	1.784565
1075	1	-929.4418	-1061.284	131.8422	1.783088
1076	0	-933.9528	-1065.701	131.7487	1.876616
1077	1	-938.1173	-1069.992	131.8747	1.750569
1078	0	-939.8014	-1071.533	131.7318	1.893505
1079	1	-925.37	-1057.006	131.6361	1.989224
1080	0	-931.7574	-1063.203	131.4453	2.179957
1081	1	-923.8812	-1055.52	131.6385	1.98674
1082	0	-938.73	-1070.499	131.7685	1.856758
1083	1	-920.7733	-1052.502	131.7285	1.896797
1084	0	-926.4162	-1058.172	131.7558	1.869529
1085	1	-932.7223	-1064.416	131.694	1.931238
1086	0	-922.564	-1054.339	131.7747	1.850548
1087	1	-936.0562	-1067.63	131.5735	2.051809
1088	0	-943.6448	-1075.536	131.8914	1.733884
1089	1	-919.4743	-1051.263	131.7885	1.836812
1090	0	-942.4085	-1073.828	131.4195	2.20574
1091	1	-924.5425	-1056.104	131.5619	2.063386
1092	0	-933.3643	-1064.976	131.6115	2.0138
1093	1	-914.072	-1045.864	131.7923	1.833011
1094	0	-915.9833	-1047.624	131.6408	1.984448
1095	1	-918.8543	-1050.188	131.3338	2.291449
1096	0	-923.6348	-1055.167	131.5323	2.093021
1097	1	-924.4854	-1056.002	131.5163	2.108965
1098	0	-925.2052	-1056.376	131.1704	2.454841
1099	1	-912.1054	-1043.715	131.6093	2.015975
1100	0	-927.3949	-1059.18	131.7849	1.840413
1101	1	-921.0502	-1052.772	131.7219	1.903381
1102	0	-929.7585	-1061.564	131.8055	1.819781
1103	1	-917.8653	-1049.441	131.576	2.049254
1104	0	-928.2798	-1059.641	131.3611	2.264188
1105	1	-916.7716	-1048.434	131.6628	1.962435
1106	0	-931.4886	-1063.354	131.865	1.760234
1107	1	-921.9136	-1053.513	131.5994	2.025868
1108	0	-928.7916	-1060.221	131.4291	2.196212
1109	1	-928.8012	-1060.401	131.5994	2.025868
1110	0	-928.0819	-1059.83	131.7482	1.877045
1111	1	-917.7456	-1049.365	131.6198	2.005451
1112	0	-925.867	-1057.116	131.2485	2.376754
1113	1	-922.4134	-1053.961	131.5481	2.077188
1114	0	-931.4248	-1063.175	131.75	1.875235
1115	1	-918.1256	-1049.887	131.7618	1.86349
1116	0	-926.357	-1057.767	131.4102	2.215118
1117	1	-922.824	-1054.223	131.3991	2.226221
1118	0	-926.5808	-1058.076	131.4948	2.130486
1119	1	-938.1511	-1069.972	131.8206	1.804707
1120	0	-926.6848	-1058.299	131.6142	2.011102
1121	1	-920.7918	-1052.822	132.0297	1.595569
1122	0	-942.2112	-1073.761	131.5502	2.075117
1123	1	-924.2812	-1055.794	131.5124	2.112894
1124	0	-928.3104	-1060.031	131.7207	1.904573
1125	1	-927.6687	-1059.465	131.7965	1.828762
1126	0	-940.2444	-1071.744	131.4996	2.125663
1127	1	-926.1536	-1057.722	131.568	2.057282
1128	0	-944.381	-1075.872	131.4907	2.134574
1129	1	-934.8452	-1066.27	131.4248	2.20051
1130	0	-937.6755	-1069.331	131.655	1.970281
1131	1	-923.2182	-1055.067	131.8489	1.776339
1132	0	-933.0975	-1064.733	131.6353	1.989965
1133	1	-925.661	-1057.389	131.7279	1.897351
1134	0	-930.2516	-1061.695	131.4431	2.1822
1135	1	-929.9707	-1061.708	131.7369	1.888365
1136	0	-931.5069	-1063.301	131.7942	1.831049
1137	1	-926.5539	-1058.228	131.6742	1.951042
1138	0	-920.8288	-1052.22	131.3916	2.233687
1139	1	-940.5413	-1072.271	131.7298	1.895441
1140	0	-924.1504	-1055.443	131.2926	2.33265
1141	1	-915.2351	-1046.921	131.6857	1.939593
1142	0	-922.2324	-1053.973	131.7409	1.884394
1143	1	-923.053	-1054.739	131.6857	1.939593
1144	0	-945.7741	-1077.405	131.6312	1.994038
1145	1	-925.5213	-1056.961	131.4396	2.185725
1146	0	-937.3916	-1069.329	131.9376	1.687693
1147	1	-933.0072	-1064.455	131.4481	2.177198
1148	0	-930.7623	-1062.46	131.6975	1.927795
1149	1	-919.3035	-1050.991	131.6871	1.938208
1150	0	-940.5484	-1072.336	131.7876	1.837683
1151	1	-940.2653	-1071.826	131.5604	2.064925
1152	0	-936.7357	-1068.16	131.4247	2.200546
1153	1	-937.6812	-1069.35	131.6685	1.956776
1154	0	-926.9986	-1058.353	131.3543	2.270965
1155	1	-928.4816	-1060.261	131.7789	1.846337
1156	0	-931.1408	-1062.85	131.7097	1.915623
1157	1	-921.7041	-1053.277	131.5728	2.052477
1158	0	-940.0052	-1071.712	131.7066	1.918637
1159	1	-927.1657	-1058.807	131.6414	1.98388
1160	0	-930.0556	-1061.875	131.8194	1.805857
1161	1	-920.4015	-1051.95	131.5487	2.076624
1162	0	-937.036	-1068.74	131.7041	1.921215
1163	1	-933.6033	-1064.841	131.2377	2.387568
1164	0	-928.5362	-1060.296	131.76	1.865326
1165	1	-921.3891	-1053.118	131.7292	1.896092
1166	0	-919.4922	-1051.23	131.7379	1.88733
1167	1	-932.6416	-1064.288	131.6468	1.978486
1168	0	-928.2103	-1059.492	131.2818	2.343439
1169	1	-926.4868	-1058.13	131.6433	1.982016
1170	0	-924.3631	-1055.991	131.6277	1.997535
1171	1	-925.6976	-1057.352	131.6547	1.970611
1172	0	-930.0815	-1061.928	131.8465	1.778733
1173	1	-931.0309	-1062.9	131.8692	1.756067
1174	0	-920.4512	-1052.051	131.5999	2.025333
1175	1	-929.5175	-1060.948	131.4305	2.194762
1176	0	-933.8866	-1065.704	131.8178	1.807477
1177	1	-923.5787	-1055.369	131.7901	1.835182
1178	0	-927.9083	-1059.505	131.597	2.028265
1179	1	-926.8731	-1058.534	131.6613	1.964024
1180	0	-931.0796	-1062.679	131.5993	2.026001
1181	1	-924.9728	-1056.523	131.5506	2.074643
1182	0	-933.2016	-1064.897	131.6956	1.929691
1183	1	-928.958	-1060.746	131.7879	1.837385
1184	0	-927.0065	-1058.441	131.4349	2.190382
1185	1	-928.5622	-1059.965	131.4027	2.222574
1186	0	-920.5688	-1051.997	131.4286	2.196712
1187	1	-933.0643	-1064.911	131.8464	1.778918
1188	0	-922.1662	-1053.348	131.1821	2.443149
1189	1	-934.7032	-1066.61	131.9068	1.718521
1190	0	-923.3026	-1055.071	131.7679	1.857364
1191	1	-934.4262	-1066.1	131.6737	1.951532
1192	0	-929.8475	-1061.497	131.6498	1.97551
1193	1	-928.2947	-1060.214	131.9192	1.706051
1194	0	-929.5936	-1060.951	131.357	2.268254
1195	1	-918.4303	-1050.35	131.9192	1.706051
1196	0	-936.1761	-1068.001	131.8245	1.800767
1197	1	-923.858	-1055.459	131.6008	2.024431
1198	0	-919.3367	-1051.474	132.1372	1.488117
1199	1	-921.6974	-1053.343	131.6458	1.979481
1200	0	-928.8708	-1060.345	131.474	2.151301
1201	1	-928.4336	-1060.099	131.6654	1.9599
1202	0	-925.9845	-1057.91	131.9257	1.699628
1203	1	-925.6632	-1057.42	131.7571	1.86821
1204	0	-927.9922	-1059.84	131.8475	1.777748
1205	1	-920.2317	-1051.548	131.3165	2.308731
1206	0	-924.9174	-1056.682	131.7646	1.860659
1207	1	-925.1615	-1056.734	131.5727	2.052547
1208	0	-923.7613	-1055.528	131.7669	1.858411
1209	1	-932.1642	-1063.786	131.6223	2.00299
1210	0	-925.8764	-1057.486	131.61	2.015232
1211	1	-923.9967	-1055.383	131.3866	2.238657
1212	0	-929.7251	-1061.783	132.0582	1.567073
1213	1	-932.6424	-1064.306	131.6639	1.961339
1214	0	-918.1175	-1049.901	131.7838	1.841438
1215	1	-924.6965	-1056.232	131.535	2.090286
1216	0	-930.8955	-1062.591	131.6952	1.930057
1217	1	-919.7501	-1051.399	131.6485	1.976778
1218	0	-916.4254	-1047.959	131.5332	2.092054
1219	1	-916.3546	-1047.62	131.2655	2.359748
1220	0	-931.2178	-1062.782	131.5641	2.061202
1221	1	-920.3497	-1051.995	131.6457	1.979584
1222	0	-932.0401	-1063.647	131.6065	2.018791
1223	1	-914.0945	-1045.592	131.4976	2.127703
1224	0	-931.2064	-1062.802	131.5956	2.029717
1225	1	-930.5059	-1062.322	131.8165	1.808764
1226	0	-922.9003	-1054.538	131.6382	1.98705
1227	1	-934.1799	-1065.81	131.6296	1.995674
1228	0	-917.8492	-1049.334	131.4844	2.140895
1229	1	-944.9108	-1076.609	131.6983	1.926975
1230	0	-928.9765	-1060.609	131.6322	1.993046
1231	1	-940.1169	-1071.529	131.412	2.213236
1232	0	-935.9907	-1067.572	131.5818	2.043507
1233	1	-911.495	-1043.286	131.7906	1.834637
1234	0	-941.4283	-1072.574	131.1457	2.479604
1235	1	-914.5593	-1046.417	131.8577	1.767571
1236	0	-915.2676	-1047.044	131.7759	1.849357
1237	1	-922.1831	-1053.91	131.7265	1.898813
1238	0	-928.2152	-1060.183	131.9677	1.657555
1239	1	-921.0154	-1052.602	131.5866	2.038666
1240	0	-922.7953	-1054.784	131.9884	1.636895
1241	1	-912.0794	-1043.548	131.469	2.156245
1242	0	-911.7514	-1043.084	131.3328	2.292471
1243	1	-916.1586	-1047.888	131.7297	1.895543
1244	0	-913.4308	-1045.423	131.9927	1.632546
1245	1	-924.2129	-1056.128	131.9151	1.710182
1246	0	-923.8222	-1055.484	131.6613	1.963945
1247	1	-914.181	-1045.604	131.4232	2.202034
1248	0	-923.254	-1055.201	131.9475	1.677779
1249	1	-923.6147	-1055.235	131.6206	2.00463
1250	0	-934.2576	-1065.967	131.7096	1.91571
1251	1	-930.709	-1062.14	131.4311	2.194213
1252	0	-925.3683	-1057.3	131.9321	1.693177
1253	1	-918.22	-1049.635	131.4151	2.210208
1254	0	-925.3546	-1057.199	131.8442	1.781101
1255	1	-932.1229	-1063.737	131.614	2.011316
1256	0	-926.2398	-1057.931	131.6911	1.934184
1257	1	-922.8615	-1054.311	131.449	2.1763
1258	0	-927.8736	-1059.799	131.9258	1.699439
1259	1	-928.8512	-1060.395	131.5435	2.081794
1260	0	-928.1161	-1059.781	131.6654	1.959887
1261	1	-919.911	-1051.44	131.5293	2.095966
1262	0	-916.4685	-1048.16	131.691	1.934264
1263	1	-915.7849	-1047.218	131.4335	2.191741
1264	0	-929.2969	-1060.901	131.6043	2.02101
1265	1	-921.9431	-1053.656	131.7128	1.912431
1266	0	-921.8881	-1053.472	131.5834	2.041885
1267	1	-922.7156	-1054.357	131.6419	1.983394
1268	0	-931.0237	-1062.88	131.8566	1.768674
1269	1	-928.7998	-1060.356	131.5557	2.06959
1270	0	-933.5955	-1065.503	131.9072	1.718085
1271	1	-926.8114	-1058.513	131.7012	1.924056
1272	0	-934.2876	-1065.783	131.4951	2.130155
1273	1	-921.9343	-1053.632	131.6976	1.927635
1274	0	-929.3361	-1060.986	131.6501	1.975183
1275	1	-920.0384	-1051.906	131.8677	1.757601
1276	0	-930.4258	-1061.967	131.5414	2.083911
1277	1	-926.3211	-1058.216	131.895	1.730279
1278	0	-925.7787	-1057.317	131.5386	2.086702
1279	1	-922.3675	-1053.803	131.4358	2.18951
1280	0	-924.0483	-1055.79	131.7415	1.883808
1281	1	-926.2728	-1057.769	131.4958	2.129467
1282	0	-930.5894	-1062.602	132.0129	1.612405
1283	1	-924.3732	-1055.93	131.557	2.068245
1284	0	-937.7772	-1069.339	131.5621	2.063167
1285	1	-923.7788	-1055.313	131.5346	2.090643
1286	0	-937.7922	-1069.278	131.4859	2.139355
1287	1	-917.0766	-1048.813	131.7363	1.888953
1288	0	-918.1244	-1049.825	131.7005	1.924765
1289	1	-927.8424	-1059.879	132.0363	1.588977
1290	0	-929.9024	-1061.167	131.2645	2.360801
1291	1	-920.0821	-1052.088	132.0055	1.619827
1292	0	-923.3102	-1054.793	131.4827	2.142547
1293	1	-914.6826	-1046.46	131.7774	1.847906
1294	0	-928.8456	-1060.477	131.6315	1.993776
1295	1	-923.2034	-1054.781	131.5781	2.047223
1296	0	-922.0733	-1053.745	131.6717	1.95362
1297	1	-924.5122	-1056.207	131.6943	1.931012
1298	0	-940.0347	-1071.663	131.6287	1.996571
1299	1	-926.2724	-1057.967	131.6943	1.931012
1300	0	-932.9654	-1064.732	131.7669	1.858368
1301	1	-918.3803	-1050.191	131.8106	1.814651
1302	0	-928.2774	-1059.986	131.7087	1.916568
1303	1	-923.1565	-1054.774	131.6173	2.007957
1304	0	-941.7026	-1073.102	131.3994	2.225843
1305	1	-931.5237	-1063.063	131.5393	2.085962
1306	0	-938.6482	-1070.262	131.6138	2.011451
1307	1	-933.3739	-1065.162	131.7876	1.837652
1308	0	-933.5485	-1065.089	131.5403	2.084932
1309	1	-935.4189	-1066.959	131.5398	2.085453
1310	0	-937.9035	-1069.413	131.5092	2.116036
1311	1	-940.0108	-1071.554	131.5436	2.081651
1312	0	-947.7736	-1079.536	131.7627	1.862552
1313	1	-930.2771	-1061.808	131.5313	2.093984
1314	0	-931.5659	-1063.107	131.5413	2.083966
1315	1	-917.2592	-1048.731	131.4717	2.15359
1316	0	-922.6939	-1054.324	131.6298	1.995473
1317	1	-909.4882	-1041.237	131.7484	1.876899
1318	0	-922.9756	-1054.849	131.8736	1.751667
1319	1	-912.8315	-1044.319	131.4875	2.137756
1320	0	-929.7752	-1061.391	131.6153	2.009956
1321	1	-922.8867	-1054.538	131.6517	1.973554
1322	0	-924.4996	-1056.514	132.0148	1.610471
1323	1	-923.1409	-1054.681	131.5399	2.085415
1324	0	-933.3781	-1065.107	131.729	1.896285
1325	1	-931.9619	-1063.18	131.2181	2.40718
1326	0	-936.9487	-1068.658	131.7097	1.915566
1327	1	-928.7992	-1060.547	131.7477	1.877576
1328	0	-928.0441	-1059.591	131.5471	2.078148
1329	1	-946.7162	-1078.329	131.613	2.012316
1330	0	-927.6613	-1059.025	131.3632	2.26211
1331	1	-941.4893	-1072.931	131.4415	2.183806
1332	0	-915.2678	-1047.233	131.9649	1.66037
1333	1	-938.8082	-1070.555	131.7472	1.878114
1334	0	-930.6246	-1062.425	131.8009	1.824423
1335	1	-935.4661	-1066.987	131.5211	2.104153
1336	0	-923.4781	-1055.259	131.7805	1.844784
1337	1	-937.0212	-1068.611	131.5893	2.035966
1338	0	-922.4428	-1053.963	131.5201	2.105171
1339	1	-919.3586	-1051.086	131.7272	1.898077
1340	0	-941.7163	-1073.117	131.4007	2.224551
1341	1	-923.1643	-1054.894	131.7293	1.895965
1342	0	-946.5888	-1078.018	131.4288	2.196493
1343	1	-914.1855	-1045.662	131.4769	2.148426
1344	0	-935.9357	-1067.547	131.6108	2.014502
1345	1	-919.1751	-1051.001	131.8259	1.799349
1346	0	-929.7921	-1061.194	131.4022	2.223031
1347	1	-927.1867	-1058.778	131.5909	2.034421
1348	0	-927.2323	-1058.708	131.4755	2.149805
1349	1	-921.8836	-1053.609	131.7249	1.900422
1350	0	-929.3533	-1061.273	131.9202	1.705087
1351	1	-937.8118	-1069.38	131.5679	2.057334
1352	0	-926.5597	-1057.821	131.2613	2.363955
1353	1	-931.0249	-1062.899	131.8738	1.751461
1354	0	-924.2685	-1055.963	131.6942	1.931084
1355	1	-928.2154	-1059.679	131.464	2.161239
1356	0	-925.1448	-1056.752	131.6076	2.017704
1357	1	-920.0919	-1051.577	131.4854	2.139882
1358	0	-926.9464	-1058.443	131.4966	2.128641
1359	1	-918.5967	-1050.394	131.7968	1.828459
1360	0	-930.7121	-1062.56	131.8484	1.776922
1361	1	-932.5298	-1064.172	131.642	1.983302
1362	0	-931.962	-1063.122	131.1596	2.465673
1363	1	-922.1845	-1053.729	131.5449	2.080422
1364	0	-931.7575	-1063.575	131.8178	1.807473
1365	1	-927.0992	-1058.638	131.5391	2.086133
1366	0	-928.8958	-1060.635	131.7397	1.885548
1367	1	-931.6722	-1062.795	131.123	2.502259
1368	0	-925.8685	-1057.744	131.8756	1.749713
1369	1	-918.1145	-1049.669	131.5542	2.071075
1370	0	-931.9646	-1063.56	131.5951	2.030181
1371	1	-914.4564	-1046.208	131.752	1.87327
1372	0	-935.1582	-1067.136	131.9776	1.647725
1373	1	-921.561	-1053.085	131.5242	2.101041
1374	0	-930.7718	-1062.351	131.5795	2.045772
1375	1	-915.3338	-1046.946	131.6118	2.013493
1376	0	-929.6928	-1061.32	131.6274	1.997861
1377	1	-924.9691	-1056.346	131.3771	2.248182
1378	0	-931.682	-1063.456	131.774	1.851234
1379	1	-922.4057	-1054.152	131.746	1.879274
1380	0	-938.6795	-1070.184	131.5048	2.12048
1381	1	-924.1421	-1055.757	131.6148	2.010466
1382	0	-946.4602	-1078.043	131.5832	2.04205
1383	1	-929.3745	-1060.826	131.4512	2.174109
1384	0	-935.8445	-1067.416	131.5719	2.053351
1385	1	-929.6146	-1061.128	131.5136	2.111637
1386	0	-932.6095	-1064.07	131.4603	2.165005
1387	1	-941.4144	-1073.102	131.6872	1.938051
1388	0	-924.3988	-1055.997	131.5984	2.026925
1389	1	-926.79	-1058.374	131.5844	2.04089
1390	0	-923.3824	-1055.116	131.7334	1.891912
1391	1	-930.3675	-1062.426	132.0583	1.566963
1392	0	-919.8929	-1051.389	131.4965	2.128736
1393	1	-932.2584	-1063.598	131.3394	2.285911
1394	0	-917.1257	-1048.528	131.4026	2.222708
1395	1	-929.5182	-1061.035	131.517	2.108272
1396	0	-920.97	-1052.426	131.4562	2.169046
1397	1	-925.0274	-1056.628	131.6005	2.024733
1398	0	-924.1831	-1055.567	131.3841	2.241208
1399	1	-921.3567	-1053.02	131.6636	1.961655
1400	0	-930.4035	-1061.906	131.503	2.122315
1401	1	-931.2795	-1062.861	131.582	2.043247
1402	0	-931.5628	-1063.391	131.8287	1.79657
1403	1	-931.7542	-1063.483	131.7292	1.896085
1404	0	-927.3172	-1059.037	131.7197	1.905561
1405	1	-934.5937	-1066.159	131.5654	2.059841
1406	0	-928.9661	-1060.716	131.7495	1.875745
1407	1	-928.628	-1060.141	131.5131	2.112196
1408	0	-921.8407	-1053.513	131.6718	1.953522
1409	1	-937.9511	-1069.615	131.6637	1.961618
1410	0	-927.4092	-1059.061	131.6514	1.973907
1411	1	-931.3562	-1063.044	131.6881	1.937218
1412	0	-923.7078	-1055.257	131.5497	2.075588
1413	1	-921.0745	-1052.542	131.4677	2.157556
1414	0	-924.8985	-1056.69	131.7914	1.833883
1415	1	-921.6416	-1053.213	131.5712	2.054086
1416	0	-921.8009	-1053.304	131.5035	2.121734
1417	1	-920.1206	-1051.934	131.8134	1.811845
1418	0	-920.4891	-1051.993	131.5035	2.121734
1419	1	-927.1675	-1059.146	131.9783	1.64702
1420	0	-930.5404	-1062.108	131.5672	2.05808
1421	1	-934.3544	-1065.701	131.347	2.278237
1422	0	-931.0571	-1062.626	131.569	2.056272
1423	1	-927.3591	-1058.598	131.2392	2.386039
1424	0	-930.551	-1062.218	131.6671	1.958141
1425	1	-921.1848	-1052.466	131.2808	2.344447
1426	0	-932.6675	-1064.171	131.5033	2.121945
1427	1	-923.098	-1055.029	131.9309	1.69439
1428	0	-927.7651	-1059.602	131.8368	1.78852
1429	1	-921.4582	-1053.239	131.7807	1.844559
1430	0	-934.8052	-1066.555	131.7502	1.875107
1431	1	-928.9592	-1060.634	131.6747	1.950614
1432	0	-931.8188	-1063.621	131.8023	1.822947
1433	1	-932.5527	-1064.305	131.7524	1.872877
1434	0	-932.0687	-1063.501	131.4325	2.19282
1435	1	-925.4869	-1056.898	131.4115	2.213759
1436	0	-923.672	-1055.391	131.7195	1.905806
1437	1	-921.1588	-1052.734	131.5748	2.05045
1438	0	-932.1531	-1063.896	131.7428	1.882476
1439	1	-918.0633	-1049.835	131.7713	1.853997
1440	0	-937.6072	-1069.283	131.6758	1.949433
1441	1	-917.678	-1049.486	131.8076	1.817648
1442	0	-928.202	-1059.772	131.5698	2.055456
1443	1	-928.462	-1060.252	131.7896	1.835663
1444	0	-922.8506	-1054.725	131.8746	1.750696
1445	1	-929.2877	-1060.533	131.245	2.380248
1446	0	-936.9399	-1068.918	131.9785	1.646816
1447	1	-925.4877	-1056.88	131.3927	2.232625
1448	0	-929.831	-1061.364	131.5333	2.091936
1449	1	-929.6465	-1061.366	131.7199	1.905339
1450	0	-944.8658	-1076.457	131.5912	2.034062
1451	1	-917.9385	-1049.445	131.5065	2.118749
1452	0	-929.5288	-1061.304	131.775	1.850274
1453	1	-919.1193	-1050.563	131.4436	2.181668
1454	0	-919.3885	-1051.322	131.9337	1.691531
1455	1	-930.175	-1061.897	131.7224	1.902907
1456	0	-924.6177	-1056.363	131.7454	1.879861
1457	1	-925.4337	-1057.276	131.8423	1.783025
1458	0	-932.9473	-1064.605	131.6574	1.967901
1459	1	-923.5326	-1055.312	131.7789	1.846356
1460	0	-933.67	-1065.301	131.6306	1.994693
1461	1	-920.0967	-1051.966	131.8696	1.755649
1462	0	-931.623	-1063.01	131.3873	2.237932
1463	1	-925.4698	-1057.283	131.8133	1.811997
1464	0	-929.7683	-1061.193	131.4242	2.201084
1465	1	-920.9527	-1052.549	131.5966	2.028688
1466	0	-937.9799	-1069.604	131.6236	2.001642
1467	1	-923.19	-1054.626	131.4364	2.188923
1468	0	-936.8433	-1068.448	131.6043	2.02099
1469	1	-927.4616	-1059.198	131.7367	1.888566
1470	0	-939.3934	-1070.831	131.4371	2.188174
1471	1	-922.7745	-1054.208	131.4332	2.192033
1472	0	-933.9868	-1065.392	131.4049	2.220382
1473	1	-924.1525	-1055.752	131.5992	2.02606
1474	0	-925.2645	-1056.657	131.3924	2.232831
1475	1	-921.6507	-1053.115	131.4638	2.161461
1476	0	-930.869	-1062.377	131.5077	2.11755
1477	1	-919.3361	-1051.186	131.8502	1.775045
1478	0	-923.9398	-1055.626	131.6863	1.938984
1479	1	-940.2541	-1071.637	131.3828	2.242461
1480	0	-925.7444	-1057.471	131.7265	1.898731
1481	1	-930.3599	-1062.311	131.9509	1.674376
1482	0	-933.7633	-1065.682	131.9188	1.706508
1483	1	-916.4755	-1047.947	131.4715	2.153822
1484	0	-926.618	-1058.268	131.6495	1.975749
1485	1	-924.6425	-1056.339	131.6964	1.928874
1486	0	-932.8808	-1064.374	131.4936	2.131683
1487	1	-927.1515	-1058.806	131.6548	1.970473
1488	0	-949.6549	-1081.155	131.5	2.125259
1489	1	-924.8204	-1056.462	131.6415	1.983804
1490	0	-946.866	-1078.604	131.7376	1.887682
1491	1	-928.9321	-1060.619	131.6865	1.938763
1492	0	-931.8137	-1063.466	131.6527	1.972623
1493	1	-917.3438	-1048.957	131.6129	2.012426
1494	0	-942.8573	-1074.426	131.5687	2.056538
1495	1	-919.6343	-1051.551	131.9168	1.708504
1496	0	-935.2021	-1066.618	131.4163	2.208999
1497	1	-931.5793	-1062.898	131.3188	2.30647
1498	0	-933.546	-1065.615	132.0686	1.556652
1499	1	-921.6899	-1053.323	131.6332	1.99211
1500	0	-926.3368	-1057.959	131.6218	2.003463
1501	1	-919.5929	-1051.277	131.6836	1.941653
1502	0	-924.6153	-1056.367	131.7515	1.873823
1503	1	-925.6462	-1057.249	131.6029	2.022386
1504	0	-922.6586	-1054.422	131.7635	1.861811
1505	1	-910.0266	-1041.646	131.6194	2.005878
1506	0	-922.0065	-1053.523	131.5169	2.108403
1507	1	-919.249	-1050.751	131.5025	2.122822
1508	0	-919.157	-1050.692	131.5353	2.089972
1509	1	-922.2835	-1053.616	131.3327	2.292549
1510	0	-924.0979	-1055.866	131.7676	1.857631
1511	1	-927.8143	-1059.738	131.9241	1.701145
1512	0	-922.5812	-1053.78	131.1988	2.426461
1513	1	-915.9278	-1047.535	131.6072	2.018069
1514	0	-928.045	-1059.618	131.573	2.05232
1515	1	-922.0468	-1053.759	131.712	1.913294
1516	0	-926.5701	-1058.013	131.4432	2.182127
1517	1	-920.794	-1052.439	131.6446	1.980644
1518	0	-945.1095	-1076.9	131.7906	1.834716
1519	1	-928.0247	-1059.882	131.8569	1.76841
1520	0	-926.9584	-1058.744	131.7853	1.839973
1521	1	-935.4083	-1066.893	131.4851	2.140158
1522	0	-929.3415	-1061.191	131.8497	1.775585
1523	1	-910.176	-1041.716	131.54	2.085305
1524	0	-934.842	-1066.392	131.55	2.075289
1525	1	-916.0637	-1047.714	131.6502	1.975057
1526	0	-940.9729	-1072.95	131.9772	1.648061
1527	1	-925.1939	-1056.677	131.4829	2.142336
1528	0	-935.1877	-1066.658	131.4703	2.154984
1529	1	-932.1622	-1063.733	131.5711	2.054169
1530	0	-924.3404	-1056.141	131.8009	1.824377
1531	1	-925.5969	-1056.673	131.0758	2.549489
1532	0	-915.5759	-1047.35	131.7745	1.850795
1533	1	-924.4567	-1056.006	131.5496	2.075711
1534	0	-932.2908	-1063.425	131.1343	2.490993
1535	1	-917.1923	-1048.683	131.4906	2.134639
1536	0	-922.9393	-1054.255	131.316	2.309325
1537	1	-916.2737	-1047.635	131.3608	2.264478
1538	0	-920.0908	-1051.407	131.316	2.309325
1539	1	-920.4009	-1052.085	131.6838	1.941476
1540	0	-917.8248	-1049.618	131.7934	1.831897
1541	1	-912.6808	-1044.321	131.6402	1.98504
1542	0	-929.6754	-1061.22	131.5451	2.080195
1543	1	-924.4745	-1056.305	131.8303	1.795025
1544	0	-926.3138	-1058.188	131.8744	1.750863
1545	1	-917.6408	-1049.558	131.9174	1.707904
1546	0	-928.7163	-1059.967	131.2509	2.374403
1547	1	-920.8638	-1052.578	131.7144	1.91089
1548	0	-928.2129	-1059.96	131.7467	1.878561
1549	1	-928.931	-1060.537	131.6058	2.019487
1550	0	-929.3138	-1060.995	131.6813	1.943937
1551	1	-927.5776	-1059.264	131.6864	1.938885
1552	0	-927.9525	-1059.333	131.3801	2.245183
1553	1	-932.2943	-1063.864	131.5693	2.056011
1554	0	-929.9236	-1061.42	131.4963	2.12898
1555	1	-922.6931	-1054.588	131.8944	1.730877
1556	0	-918.0021	-1049.672	131.6695	1.955777
1557	1	-929.1337	-1060.621	131.4872	2.138043
1558	0	-917.0152	-1048.623	131.6078	2.017433
1559	1	-922.6484	-1054.25	131.6021	2.023159
1560	0	-917.6623	-1049.339	131.6768	1.948438
1561	1	-933.3527	-1065.385	132.0318	1.593468
1562	0	-917.7487	-1049.722	131.9729	1.652359
1563	1	-913.338	-1044.888	131.5502	2.075037
1564	0	-919.8628	-1051.903	132.0399	1.585421
1565	1	-914.6391	-1046.48	131.8409	1.784397
1566	0	-921.2421	-1053.085	131.8425	1.782743
1567	1	-922.4313	-1054.208	131.777	1.848301
1568	0	-923.4843	-1055.164	131.6792	1.946043
1569	1	-922.5685	-1054.2	131.6315	1.99378
1570	0	-921.9354	-1053.774	131.8386	1.786667
1571	1	-930.0281	-1061.895	131.8665	1.758776
1572	0	-934.2632	-1065.544	131.2811	2.344144
1573	1	-917.8523	-1049.404	131.5513	2.073974
1574	0	-924.7569	-1056.557	131.8004	1.824839
1575	1	-925.3749	-1057.212	131.8366	1.78866
1576	0	-931.3746	-1063.208	131.8331	1.79222
1577	1	-917.7945	-1049.496	131.7015	1.923793
1578	0	-923.4308	-1055.28	131.8495	1.775817
1579	1	-924.2918	-1056.185	131.893	1.732314
1580	0	-923.5859	-1055.132	131.5464	2.078908
1581	1	-915.0132	-1046.608	131.5943	2.03099
1582	0	-918.7501	-1050.372	131.6218	2.003505
1583	1	-924.864	-1056.502	131.6382	1.987129
1584	0	-924.7282	-1056.328	131.5998	2.025439
1585	1	-923.1186	-1054.709	131.5903	2.035003
1586	0	-923.4012	-1054.831	131.4301	2.19518
1587	1	-925.6481	-1057.299	131.6504	1.974897
1588	0	-927.3422	-1058.878	131.5359	2.089346
1589	1	-918.5334	-1050.307	131.7735	1.85178
1590	0	-928.284	-1059.695	131.4115	2.213805
1591	1	-926.8416	-1058.542	131.7	1.925317
1592	0	-932.7878	-1064.286	131.4986	2.126679
1593	1	-923.7575	-1055.223	131.4654	2.159928
1594	0	-943.8343	-1074.876	131.0419	2.583389
1595	1	-922.5525	-1054.017	131.4648	2.160433
1596	0	-936.8951	-1068.351	131.4561	2.169177
1597	1	-928.2796	-1059.825	131.5449	2.080363
1598	0	-939.6433	-1071.216	131.5724	2.05285
1599	1	-929.4291	-1060.952	131.5228	2.102523
1600	0	-928.6981	-1060.214	131.5155	2.109767
1601	1	-925.5638	-1057.577	132.0135	1.611809
1602	0	-941.7137	-1073.596	131.8827	1.742543
1603	1	-920.1478	-1051.823	131.6747	1.950552
1604	0	-933.0254	-1064.408	131.3827	2.242562
1605	1	-915.5943	-1047.043	131.4487	2.176614
1606	0	-930.8843	-1062.693	131.809	1.816312
1607	1	-929.2697	-1060.722	131.4525	2.172803
1608	0	-922.518	-1054.221	131.7031	1.922221
1609	1	-916.4447	-1048.252	131.8076	1.817669
1610	0	-926.5709	-1058.301	131.7305	1.894815
1611	1	-920.1525	-1051.808	131.6553	1.970019
1612	0	-916.8061	-1048.533	131.7266	1.898677
1613	1	-917.8094	-1049.72	131.9101	1.715158
1614	0	-927.3612	-1059.024	131.6631	1.962188
1615	1	-917.1947	-1048.898	131.7031	1.922199
1616	0	-930.1036	-1061.627	131.5237	2.101608
1617	1	-917.7088	-1049.672	131.9628	1.662442
1618	0	-936.0148	-1068.062	132.0471	1.578185
1619	1	-927.9375	-1059.492	131.5546	2.070728
1620	0	-936.7516	-1068.329	131.5779	2.047367
1621	1	-924.6408	-1056.409	131.7677	1.857549
1622	0	-939.8058	-1071.582	131.7762	1.849095
1623	1	-919.9768	-1051.672	131.695	1.930288
1624	0	-930.1731	-1061.638	131.4649	2.160355
1625	1	-913.8301	-1045.413	131.5833	2.041956
1626	0	-929.6538	-1061.248	131.5946	2.03068
1627	1	-917.2935	-1048.962	131.668	1.957269
1628	0	-932.9098	-1064.502	131.5927	2.032589
1629	1	-917.9541	-1049.55	131.5964	2.028906
1630	0	-926.8584	-1058.424	131.5653	2.059991
1631	1	-917.8221	-1049.46	131.6382	1.987093
1632	0	-934.5453	-1066.228	131.6832	1.942107
1633	1	-928.4127	-1060.068	131.6553	1.970006
1634	0	-922.3236	-1054.233	131.9093	1.715999
1635	1	-931.8455	-1063.431	131.585	2.040254
1636	0	-924.8029	-1056.807	132.0043	1.621025
1637	1	-933.768	-1065.569	131.8006	1.824672
1638	0	-918.6943	-1050.397	131.7026	1.922652
1639	1	-938.5848	-1070.087	131.502	2.123261
1640	0	-927.7259	-1059.334	131.6085	2.016738
1641	1	-915.8971	-1047.732	131.8347	1.790552
1642	0	-926.1654	-1057.772	131.607	2.018234
1643	1	-916.3526	-1047.807	131.454	2.171241
1644	0	-929.9769	-1061.839	131.8624	1.762864
1645	1	-915.5434	-1047.077	131.5334	2.091919
1646	0	-932.6239	-1064.24	131.616	2.009234
1647	1	-921.6819	-1053.154	131.4724	2.15287
1648	0	-935.1418	-1067.242	132.1001	1.525176
1649	1	-918.4089	-1050.287	131.8783	1.746962
1650	0	-924.5622	-1056.538	131.976	1.649277
1651	1	-916.9	-1048.27	131.3705	2.254774
1652	0	-919.1889	-1051.12	131.9313	1.693952
1653	1	-923.1616	-1054.633	131.4711	2.154192
1654	0	-919.1806	-1050.998	131.8179	1.807417
1655	1	-924.8817	-1056.646	131.7638	1.861481
1656	0	-927.6261	-1059.308	131.6815	1.943786
1657	1	-930.213	-1061.691	131.4775	2.14773
1658	0	-935.8759	-1067.613	131.7376	1.88767
1659	1	-927.8868	-1059.564	131.6772	1.948114
1660	0	-925.4896	-1056.853	131.3637	2.261544
1661	1	-919.7776	-1051.339	131.5612	2.064052
1662	0	-937.6903	-1069.552	131.8618	1.763442
1663	1	-920.8383	-1052.206	131.3682	2.257078
1664	0	-920.7267	-1052.486	131.7595	1.865797
1665	1	-907.3887	-1039.004	131.615	2.010321
1666	0	-934.6723	-1066.242	131.5702	2.055107
1667	1	-928.8589	-1060.595	131.7366	1.888696
1668	0	-932.5352	-1064.293	131.7577	1.867626
1669	1	-918.8321	-1050.616	131.784	1.841251
1670	0	-931.3095	-1063.234	131.9243	1.700966
1671	1	-925.031	-1056.981	131.9496	1.675723
1672	0	-931.2709	-1062.855	131.5841	2.04117
1673	1	-918.6222	-1050.268	131.6462	1.979052
1674	0	-924.7603	-1056.46	131.6996	1.925654
1675	1	-928.8985	-1060.694	131.7953	1.829968
1676	0	-921.2202	-1052.711	131.4908	2.134449
1677	1	-924.6256	-1056.213	131.5876	2.037674
1678	0	-920.5891	-1052.114	131.5247	2.100589
1679	1	-933.3255	-1064.913	131.5875	2.037801
1680	0	-920.2132	-1052.009	131.7953	1.829934
1681	1	-928.8351	-1059.994	131.1586	2.466721
1682	0	-931.9061	-1063.935	132.0294	1.595877
1683	1	-926.8327	-1058.363	131.5299	2.095419
1684	0	-923.9446	-1055.816	131.8716	1.753639
1685	1	-923.4969	-1055.264	131.7671	1.858218
1686	0	-924.0018	-1055.515	131.513	2.112244
1687	1	-919.0318	-1050.655	131.6236	2.001703
1688	0	-930.7145	-1062.624	131.9099	1.715346
1689	1	-915.2109	-1046.61	131.3992	2.226093
1690	0	-924.3428	-1056.132	131.7892	1.836127
1691	1	-930.4279	-1062.015	131.5869	2.038354
1692	0	-928.9315	-1060.557	131.626	1.999313
1693	1	-931.9363	-1063.647	131.7107	1.914598
1694	0	-933.6518	-1065.414	131.7625	1.862744
1695	1	-916.725	-1048.225	131.4998	2.125436
1696	0	-926.0338	-1057.373	131.3397	2.285586
1697	1	-921.4304	-1052.821	131.3902	2.2351
1698	0	-926.3517	-1058.111	131.7591	1.866135
1699	1	-934.7694	-1066.304	131.5347	2.090574
1700	0	-939.8522	-1071.407	131.5551	2.070187
1701	1	-925.0684	-1056.671	131.6031	2.022209
1702	0	-939.6194	-1070.92	131.3004	2.324878
1703	1	-922.4621	-1054.347	131.8851	1.740178
1704	0	-933.5661	-1064.951	131.3849	2.240365
1705	1	-928.8576	-1060.498	131.6405	1.984814
1706	0	-931.2723	-1062.988	131.716	1.909287
1707	1	-923.8523	-1055.576	131.7236	1.901682
1708	0	-933.5283	-1065.14	131.6119	2.013401
1709	1	-917.7411	-1049.193	131.4522	2.173095
1710	0	-931.6099	-1063.397	131.7873	1.838013
1711	1	-927.073	-1058.637	131.5637	2.06157
1712	0	-925.0641	-1056.719	131.655	1.970321
1713	1	-923.9358	-1055.662	131.7263	1.899001
1714	0	-918.8582	-1050.315	131.4566	2.16863
1715	1	-927.4038	-1058.711	131.3076	2.317645
1716	0	-923.7688	-1055.361	131.5922	2.033123
1717	1	-931.9647	-1063.489	131.5246	2.10065
1718	0	-925.852	-1057.266	131.414	2.211322
1719	1	-928.3081	-1060.013	131.7049	1.920397
1720	0	-929.7685	-1061.354	131.5854	2.039884
1721	1	-916.0694	-1047.873	131.8032	1.822126
1722	0	-927.8541	-1059.268	131.4143	2.211018
1723	1	-921.5974	-1053.26	131.6629	1.962354
1724	0	-939.062	-1070.873	131.8107	1.814581
1725	1	-922.1839	-1053.739	131.5546	2.070698
1726	0	-928.4526	-1060.014	131.5611	2.064195
1727	1	-924.6016	-1056.28	131.6779	1.947369
1728	0	-924.535	-1055.99	131.4552	2.170126
1729	1	-926.011	-1057.417	131.4059	2.219423
1730	0	-929.0673	-1060.598	131.5311	2.094163
1731	1	-917.0096	-1048.1	131.0908	2.534477
1732	0	-930.5092	-1062.075	131.566	2.059306
1733	1	-932.0371	-1063.404	131.3668	2.258498
1734	0	-939.3192	-1070.831	131.512	2.113283
1735	1	-931.1282	-1062.798	131.6699	1.955335
1736	0	-933.0771	-1064.881	131.8034	1.82185
1737	1	-928.9604	-1060.462	131.5016	2.123691
1738	0	-928.5823	-1060.298	131.7157	1.909573
1739	1	-928.8819	-1060.339	131.4573	2.167931
1740	0	-921.9593	-1053.434	131.4743	2.151016
1741	1	-930.7675	-1062.459	131.6917	1.933574
1742	0	-933.4758	-1065.233	131.7576	1.867638
1743	1	-924.8358	-1056.55	131.7142	1.911033
1744	0	-924.4027	-1055.866	131.4637	2.161534
1745	1	-924.0669	-1055.68	131.613	2.012295
1746	0	-917.9124	-1049.5	131.5875	2.037745
1747	1	-926.5602	-1058.004	131.4433	2.181937
1748	0	-919.638	-1051.357	131.7191	1.906132
1749	1	-929.5775	-1061.093	131.5156	2.109691
1750	0	-921.1553	-1052.247	131.092	2.53329
1751	1	-917.3831	-1049.064	131.6804	1.944869
1752	0	-931.6291	-1063.082	131.453	2.17223
1753	1	-922.7602	-1054.599	131.8387	1.786564
1754	0	-932.2864	-1063.668	131.3818	2.243503
1755	1	-922.9497	-1054.731	131.7813	1.844001
1756	0	-928.6303	-1060.206	131.5758	2.049439
1757	1	-922.6393	-1054.277	131.6377	1.987571
1758	0	-927.9318	-1059.572	131.6402	1.985067
1759	1	-934.9513	-1066.434	131.4828	2.142507
1760	0	-923.1935	-1054.982	131.7882	1.837091
1761	1	-921.4652	-1052.818	131.3529	2.27234
1762	0	-935.4576	-1067.034	131.5762	2.049032
1763	1	-911.4548	-1043.302	131.8476	1.777728
1764	0	-928.1761	-1059.537	131.3606	2.264724
1765	1	-918.01	-1049.928	131.9181	1.707146
1766	0	-928.8766	-1060.26	131.3837	2.241621
1767	1	-924.5242	-1056.259	131.7351	1.89019
1768	0	-922.2607	-1053.893	131.6325	1.992737
1769	1	-926.1649	-1057.899	131.7339	1.891366
1770	0	-925.7538	-1057.705	131.9514	1.673877
1771	1	-925.3497	-1057.134	131.7847	1.840565
1772	0	-930.2314	-1062.056	131.8251	1.800166
1773	1	-932.4932	-1064.294	131.8007	1.824548
1774	0	-925.1235	-1056.677	131.5537	2.071556
1775	1	-932.0111	-1063.36	131.3485	2.276827
1776	0	-926.0031	-1057.758	131.7547	1.87058
1777	1	-927.44	-1059.21	131.7698	1.855525
1778	0	-921.6646	-1053.199	131.5345	2.090762
1779	1	-930.3163	-1062.053	131.7365	1.888828
1780	0	-927.6769	-1059.204	131.5276	2.097722
1781	1	-931.9136	-1063.343	131.4294	2.195878
1782	0	-926.5888	-1058.374	131.7857	1.839598
1783	1	-916.9695	-1048.501	131.5314	2.093853
1784	0	-932	-1063.522	131.5223	2.102931
1785	1	-913.7037	-1045.403	131.6994	1.92584
1786	0	-928.83	-1060.148	131.3177	2.307562
1787	1	-915.7509	-1047.183	131.4322	2.193044
1788	0	-919.6436	-1051.243	131.5994	2.025841
1789	1	-928.502	-1059.854	131.3516	2.273647
1790	0	-921.7805	-1053.316	131.5357	2.089549
1791	1	-926.7411	-1058.079	131.3377	2.287608
1792	0	-925.8118	-1057.52	131.708	1.917243
1793	1	-926.0113	-1057.349	131.3377	2.287608
1794	0	-934.0236	-1065.397	131.3729	2.252348
1795	1	-929.1483	-1060.593	131.4442	2.18104
1796	0	-930.6244	-1062.344	131.7194	1.905889
1797	1	-922.9935	-1054.975	131.982	1.643327
1798	0	-937.4676	-1068.899	131.4314	2.193841
1799	1	-919.0931	-1050.422	131.3287	2.296555
1800	0	-924.6611	-1056.489	131.828	1.797325
1801	1	-911.4185	-1043.169	131.7507	1.874601
1802	0	-934.7474	-1066.25	131.5025	2.122816
1803	1	-920.2188	-1052.052	131.8332	1.792073
1804	0	-927.487	-1059.263	131.7759	1.849355
1805	1	-932.0336	-1063.737	131.7039	1.921407
1806	0	-919.2991	-1050.695	131.3954	2.229856
1807	1	-936.8803	-1068.173	131.293	2.332299
1808	0	-926.1923	-1057.804	131.6114	2.013889
1809	1	-943.505	-1074.945	131.4399	2.18541
1810	0	-926.2042	-1057.945	131.7404	1.884925
1811	1	-934.858	-1066.578	131.7198	1.905519
1812	0	-927.2683	-1058.999	131.7305	1.894759
1813	1	-938.3254	-1070.045	131.7198	1.905519
1814	0	-923.4343	-1055.046	131.6122	2.013129
1815	1	-943.0274	-1074.273	131.2459	2.379341
1816	0	-940.8064	-1072.396	131.5895	2.035755
1817	1	-931.2702	-1062.945	131.6749	1.950346
1818	0	-926.7264	-1058.298	131.5712	2.054096
1819	1	-916.2774	-1048.013	131.736	1.889302
1820	0	-924.0205	-1055.592	131.5712	2.054096
1821	1	-928.4297	-1060.067	131.6371	1.988223
1822	0	-920.9171	-1052.571	131.6538	1.971484
1823	1	-920.0932	-1051.894	131.8006	1.824668
1824	0	-926.2124	-1057.95	131.738	1.887299
1825	1	-923.2491	-1054.907	131.6584	1.966873
1826	0	-927.4276	-1058.776	131.3483	2.277018
1827	1	-930.1782	-1062.139	131.9605	1.664777
1828	0	-925.4045	-1057.042	131.6377	1.98756
1829	1	-926.633	-1058.265	131.6318	1.993491
1830	0	-920.9648	-1052.564	131.5996	2.025635
1831	1	-915.3571	-1046.924	131.5671	2.058194
1832	0	-927.7449	-1059.237	131.4923	2.132999
1833	1	-921.5802	-1053.207	131.6263	1.998992
1834	0	-925.9831	-1057.655	131.6716	1.953652
1835	1	-924.7459	-1056.398	131.6519	1.973358
1836	0	-930.4662	-1062.109	131.6432	1.982099
1837	1	-926.5156	-1058.246	131.7306	1.894673
1838	0	-927.5345	-1059.163	131.6282	1.997046
1839	1	-924.9979	-1056.639	131.6406	1.984636
1840	0	-927.0614	-1058.661	131.5994	2.025891
1841	1	-926.2071	-1057.57	131.3627	2.262564
1842	0	-925.0933	-1056.705	131.6119	2.013336
1843	1	-934.5684	-1066.186	131.6181	2.007216
1844	0	-920.5493	-1051.992	131.4428	2.182465
1845	1	-924.3215	-1055.946	131.6249	2.000348
1846	0	-917.9636	-1049.521	131.5571	2.068209
1847	1	-930.7792	-1062.829	132.0501	1.575175
1848	0	-918.891	-1050.312	131.4213	2.204021
1849	1	-918.9009	-1050.504	131.603	2.022265
1850	0	-925.7997	-1057.195	131.3954	2.22991
1851	1	-921.8052	-1053.496	131.6911	1.934163
1852	0	-919.5681	-1051.486	131.9176	1.707678
1853	1	-916.8267	-1048.27	131.4437	2.181578
1854	0	-924.5941	-1056.512	131.9176	1.707678
1855	1	-928.5212	-1060.291	131.7699	1.855395
1856	0	-918.5777	-1050.032	131.454	2.171249
1857	1	-927.0729	-1058.905	131.832	1.79332
1858	0	-921.1651	-1053.032	131.8666	1.75866
1859	1	-922.3539	-1054.049	131.6949	1.930335
1860	0	-922.6353	-1053.831	131.1957	2.429547
1861	1	-936.6288	-1068.44	131.8108	1.814529
1862	0	-919.4469	-1050.896	131.4486	2.176649
1863	1	-926.9454	-1058.708	131.7621	1.863189
1864	0	-937.4053	-1069.023	131.6172	2.008038
1865	1	-918.2569	-1050.079	131.822	1.803269
1866	0	-922.4971	-1054.126	131.629	1.996261
1867	1	-938.3351	-1069.974	131.6389	1.98643
1868	0	-936.735	-1068.268	131.5327	2.092587
1869	1	-918.1128	-1049.855	131.7427	1.882601
1870	0	-929.1968	-1060.729	131.5327	2.092587
1871	1	-920.399	-1052.108	131.7092	1.916067
1872	0	-926.3221	-1058.227	131.905	1.720303
1873	1	-922.0701	-1053.593	131.5231	2.10214
1874	0	-926.6204	-1058.103	131.4826	2.142714
1875	1	-938.9687	-1070.537	131.5684	2.056841
1876	0	-921.255	-1052.822	131.5672	2.058078
1877	1	-943.9378	-1075.345	131.4076	2.21767
1878	0	-931.115	-1062.567	131.4521	2.173192
1879	1	-941.486	-1073.203	131.7172	1.908113
1880	0	-924.2479	-1055.72	131.4723	2.152988
1881	1	-926.5515	-1058.078	131.5262	2.099094
1882	0	-921.7838	-1053.216	131.4321	2.193135
1883	1	-929.4905	-1060.911	131.4204	2.204919
1884	0	-920.1937	-1052.065	131.8709	1.754406
1885	1	-920.0911	-1051.943	131.8521	1.773136
1886	0	-924.978	-1056.587	131.6088	2.016463
1887	1	-916.9178	-1048.13	131.2125	2.412749
1888	0	-928.3552	-1060.02	131.6649	1.960386
1889	1	-917.8384	-1049.43	131.5917	2.033615
1890	0	-926.5251	-1057.971	131.4462	2.179127
1891	1	-928.6633	-1060.138	131.475	2.150325
1892	0	-922.9502	-1054.816	131.8654	1.759919
1893	1	-912.8371	-1044.666	131.8292	1.796057
1894	0	-928.8358	-1060.58	131.7443	1.88098
1895	1	-932.5849	-1064.338	131.7531	1.872226
1896	0	-920.0776	-1051.739	131.661	1.964287
1897	1	-926.9598	-1058.423	131.4631	2.162208
1898	0	-925.3833	-1057.049	131.6658	1.959452
1899	1	-923.7729	-1055.515	131.742	1.883301
1900	0	-915.6827	-1047.263	131.5806	2.044657
1901	1	-934.9851	-1066.887	131.9023	1.723005
1902	0	-918.6931	-1050.638	131.9448	1.680508
1903	1	-934.4632	-1066.366	131.9029	1.72236
1904	0	-924.1678	-1055.7	131.5325	2.092807
1905	1	-920.6525	-1052.234	131.581	2.044272
1906	0	-911.6402	-1043.539	131.8993	1.726012
1907	1	-918.1105	-1049.807	131.6968	1.928494
1908	0	-921.8303	-1053.367	131.5369	2.08834
1909	1	-922.9756	-1054.411	131.4351	2.190208
1910	0	-919.3578	-1051.075	131.7175	1.90779
1911	1	-937.1194	-1068.977	131.8572	1.768044
1912	0	-924.3622	-1056.011	131.6484	1.976854
1913	1	-920.002	-1051.48	131.4782	2.147045
1914	0	-926.0153	-1057.627	131.6114	2.013893
1915	1	-925.2815	-1056.578	131.2964	2.328834
1916	0	-916.5797	-1048.221	131.6411	1.984184
1917	1	-922.775	-1054.312	131.5375	2.087802
1918	0	-924.8812	-1056.746	131.8653	1.759949
1919	1	-920.7143	-1052.504	131.7901	1.835131
1920	0	-925.0168	-1056.886	131.8691	1.756199
1921	1	-920.8082	-1052.402	131.5933	2.031951
1922	0	-931.6626	-1063.307	131.6447	1.980565
1923	1	-920.9541	-1052.71	131.7556	1.869638
1924	0	-923.4148	-1055.012	131.5973	2.027986
1925	1	-922.0638	-1053.726	131.6621	1.963214
1926	0	-918.6678	-1050.334	131.6667	1.95862
1927	1	-924.9339	-1056.521	131.5872	2.038129
1928	0	-918.1881	-1050.098	131.9097	1.715536
1929	1	-931.4785	-1062.958	131.4796	2.145694
1930	0	-920.9568	-1052.576	131.6194	2.005909
1931	1	-919.2866	-1050.988	131.7017	1.923595
1932	0	-928.6763	-1060.53	131.8538	1.771438
1933	1	-920.784	-1052.391	131.6066	2.018707
1934	0	-921.1811	-1052.854	131.6727	1.952539
1935	1	-937.2642	-1068.599	131.3344	2.290885
1936	0	-927.9168	-1059.419	131.5022	2.123126
1937	1	-930.2393	-1062.005	131.7657	1.859596
1938	0	-925.4121	-1057.221	131.8086	1.81665
1939	1	-919.7137	-1051.397	131.6836	1.941637
1940	0	-929.7242	-1061.223	131.4989	2.126353
1941	1	-934.0386	-1065.924	131.885	1.740302
1942	0	-926.0054	-1057.389	131.3837	2.241564
1943	1	-930.7223	-1061.787	131.0646	2.560655
1944	0	-926.3375	-1058.128	131.7902	1.835041
1945	1	-924.446	-1056.16	131.7139	1.911357
1946	0	-918.1594	-1049.976	131.8165	1.808762
1947	1	-924.0884	-1055.782	131.6936	1.931646
1948	0	-915.3783	-1047.026	131.648	1.977288
1949	1	-922.7918	-1054.425	131.6329	1.99241
1950	0	-917.7976	-1049.209	131.4111	2.214227
1951	1	-929.5616	-1061.433	131.8709	1.754388
1952	0	-923.2316	-1054.628	131.3968	2.228482
1953	1	-940.7256	-1072.58	131.8545	1.770772
1954	0	-916.3104	-1047.686	131.376	2.249305
1955	1	-946.8738	-1078.823	131.9488	1.676466
1956	0	-911.676	-1043.207	131.5307	2.094573
1957	1	-937.397	-1069.221	131.8236	1.801672
1958	0	-928.5175	-1060.395	131.8776	1.747708
1959	1	-930.6396	-1062.432	131.7924	1.832904
1960	0	-928.8358	-1060.373	131.537	2.08823
1961	1	-919.2676	-1050.821	131.5531	2.072192
1962	0	-915.25	-1046.843	131.5934	2.03188
1963	1	-917.7263	-1049.401	131.6747	1.950602
1964	0	-923.7629	-1055.528	131.7651	1.860191
1965	1	-924.3124	-1055.778	131.4653	2.159933
1966	0	-930.6656	-1062.107	131.4415	2.183813
1967	1	-923.4309	-1055.186	131.7547	1.870583
1968	0	-917.7203	-1049.527	131.807	1.818284
1969	1	-923.6417	-1055.511	131.8694	1.755885
1970	0	-933.7066	-1065.315	131.6082	2.01707
1971	1	-926.1273	-1058.063	131.9358	1.689507
1972	0	-927.0266	-1058.703	131.6759	1.949379
1973	1	-929.3036	-1060.778	131.4745	2.150741
1974	0	-925.3663	-1057.188	131.8219	1.803351
1975	1	-932.7982	-1064.057	131.2589	2.366356
1976	0	-926.2153	-1058.232	132.0163	1.608938
1977	1	-929.925	-1061.194	131.2693	2.35595
1978	0	-918.2183	-1049.913	131.6946	1.930631
1979	1	-942.9376	-1074.201	131.2636	2.361632
1980	0	-915.7685	-1047.576	131.8078	1.817466
1981	1	-923.3734	-1055.102	131.7285	1.896766
1982	0	-925.7513	-1057.16	131.4087	2.216616
1983	1	-924.8816	-1056.725	131.8433	1.781963
1984	0	-922.3196	-1053.841	131.521	2.104308
1985	1	-919.348	-1051.021	131.6732	1.952067
1986	0	-917.8391	-1049.289	131.4499	2.175359
1987	1	-926.909	-1058.493	131.5845	2.040827
1988	0	-928.0181	-1059.385	131.3666	2.258708
1989	1	-929.0593	-1060.66	131.6003	2.024968
1990	0	-926.1813	-1057.619	131.4373	2.188028
1991	1	-917.4346	-1049.182	131.7476	1.877652
1992	0	-919.7628	-1051.564	131.8011	1.824224
1993	1	-916.5572	-1047.876	131.3193	2.305961
1994	0	-925.4277	-1056.899	131.4709	2.154414
1995	1	-919.9936	-1051.35	131.3561	2.269218
1996	0	-921.8118	-1053.634	131.8218	1.803507
1997	1	-928.1042	-1059.731	131.6266	1.9987
1998	0	-926.3036	-1057.632	131.3283	2.29702
1999	1	-928.3751	-1060.332	131.9568	1.668477
2000	0	-917.1942	-1049.005	131.8111	1.814176
2001	1	-925.0404	-1056.733	131.6925	1.932827
