Iteration	Posterior	Likelihood	Prior	tree_length
0	-927.2162	-1059.147	131.931	1.694263
10	-923.0138	-1054.799	131.7854	1.839837
20	-913.4422	-1045.031	131.5883	2.036933
30	-920.8011	-1052.445	131.6436	1.981658
40	-940.7274	-1072.718	131.9911	1.634205
50	-915.9109	-1047.869	131.9582	1.667065
60	-916.0206	-1047.86	131.8399	1.785381
70	-924.3813	-1056.1	131.7186	1.906727
80	-922.5588	-1053.972	131.4128	2.212513
90	-920.7923	-1052.643	131.851	1.774269
100	-924.8527	-1056.641	131.7881	1.837176
110	-920.3885	-1051.977	131.5886	2.03668
120	-916.0659	-1047.921	131.8547	1.770583
130	-918.7758	-1050.639	131.8629	1.762385
140	-917.1223	-1049.041	131.9191	1.706189
150	-919.7624	-1050.976	131.2136	2.411687
160	-927.5243	-1059.048	131.524	2.101234
170	-920.0538	-1051.897	131.8431	1.782145
180	-929.8846	-1061.343	131.4584	2.166836
190	-925.6747	-1057.269	131.5947	2.030533
200	-925.1403	-1056.747	131.6064	2.018876
210	-921.4144	-1053.242	131.8279	1.797428
220	-923.1196	-1054.927	131.8075	1.817761
230	-922.2787	-1054.076	131.7974	1.827856
240	-923.3139	-1054.816	131.5022	2.123058
250	-930.2827	-1061.833	131.55	2.075245
260	-930.3353	-1062.22	131.8842	1.741063
270	-932.302	-1063.662	131.3604	2.264903
280	-916.884	-1048.724	131.8396	1.785724
290	-926.185	-1057.833	131.6481	1.977223
300	-915.3158	-1046.61	131.294	2.331329
310	-933.0936	-1064.756	131.662	1.963237
320	-933.0017	-1064.82	131.8182	1.807056
330	-925.2607	-1057.24	131.9795	1.645746
340	-927.4756	-1059.317	131.841	1.784314
350	-917.1455	-1048.915	131.7699	1.855348
360	-923.2789	-1054.816	131.537	2.088242
370	-918.4845	-1050.054	131.5694	2.055895
380	-921.9494	-1053.759	131.8095	1.815815
390	-915.0048	-1046.759	131.7543	1.870973
400	-915.3083	-1046.913	131.6052	2.020119
410	-921.8035	-1053.409	131.6052	2.020119
420	-923.2711	-1054.834	131.5629	2.062357
430	-944.1439	-1075.289	131.1451	2.480161
440	-929.859	-1061.731	131.8725	1.752824
450	-922.4978	-1054.293	131.7953	1.829961
460	-926.9987	-1058.5	131.5014	2.123852
470	-914.6064	-1046.293	131.687	1.938314
480	-921.2081	-1052.661	131.4532	2.172112
490	-931.6844	-1063.351	131.6669	1.958425
500	-926.6593	-1058.177	131.5182	2.107097
510	-925.2503	-1057.016	131.766	1.859254
520	-934.8784	-1066.726	131.8479	1.777358
530	-920.2258	-1051.824	131.5984	2.0269
540	-915.1592	-1046.646	131.4872	2.138053
550	-915.005	-1046.772	131.767	1.858279
560	-927.2037	-1058.975	131.7715	1.853764
570	-912.3412	-1044.083	131.7415	1.883775
580	-919.4502	-1050.885	131.4346	2.190652
590	-922.7547	-1054.291	131.5365	2.088772
600	-931.2244	-1062.989	131.7647	1.860615
610	-927.8532	-1059.597	131.7434	1.881869
620	-934.2807	-1065.798	131.517	2.108251
630	-923.85	-1055.5	131.6496	1.975705
640	-920.0925	-1051.745	131.6522	1.973079
650	-933.5794	-1065.102	131.5224	2.102864
660	-920.7091	-1052.232	131.5224	2.102864
670	-918.8361	-1050.608	131.7718	1.85348
680	-931.7585	-1062.805	131.0462	2.579079
690	-923.1224	-1054.808	131.6858	1.939468
700	-921.1516	-1052.837	131.6858	1.939468
710	-916.7654	-1048.525	131.7592	1.866124
720	-927.022	-1058.835	131.8125	1.812752
730	-928.925	-1060.852	131.9267	1.698592
740	-939.449	-1071.103	131.6537	1.971548
750	-930.9516	-1062.768	131.8166	1.808715
760	-922.9361	-1054.806	131.8695	1.755812
770	-915.9818	-1047.535	131.5528	2.07248
780	-916.749	-1048.295	131.5455	2.079733
790	-921.6356	-1053.208	131.5723	2.052979
800	-923.9071	-1055.66	131.7527	1.872566
810	-925.6141	-1057.143	131.5289	2.096417
820	-912.2185	-1043.665	131.4465	2.178792
830	-923.1665	-1054.795	131.6287	1.996609
840	-916.6759	-1048.224	131.5482	2.077056
850	-924.4392	-1055.846	131.4071	2.218217
860	-930.1517	-1061.838	131.6863	1.938946
870	-921.8649	-1053.342	131.4772	2.148052
880	-911.7788	-1043.331	131.5518	2.073494
890	-930.5156	-1062.114	131.5981	2.027202
900	-916.1255	-1047.821	131.6959	1.929401
910	-922.0403	-1053.95	131.9098	1.715501
920	-926.0555	-1057.597	131.5412	2.084088
930	-938.6554	-1069.971	131.3157	2.309532
940	-933.4904	-1065.278	131.788	1.837296
950	-921.2362	-1053.067	131.8304	1.794831
960	-926.5751	-1058.083	131.5078	2.117434
970	-921.6839	-1053.453	131.769	1.856269
980	-920.4409	-1051.945	131.504	2.121265
990	-929.8793	-1061.637	131.7581	1.867133
1000	-920.7405	-1052.119	131.378	2.247283
1010	-928.2622	-1059.977	131.7146	1.910717
1020	-932.6957	-1064.222	131.5267	2.09853
1030	-923.7287	-1055.37	131.6414	1.983855
1040	-928.9664	-1060.866	131.8997	1.725575
1050	-928.4378	-1059.875	131.4375	2.187757
1060	-920.0036	-1051.556	131.5526	2.072677
1070	-919.6355	-1051.348	131.7127	1.912624
1080	-921.7582	-1053.181	131.4227	2.202594
1090	-919.7597	-1051.371	131.6115	2.013796
1100	-915.8988	-1047.684	131.7856	1.839698
1110	-928.6289	-1060.344	131.7149	1.910395
1120	-918.8346	-1050.479	131.6446	1.980711
1130	-923.8214	-1055.713	131.8915	1.733791
1140	-910.2109	-1041.925	131.7139	1.911386
1150	-930.3927	-1061.794	131.401	2.224303
1160	-920.8077	-1052.235	131.427	2.198262
1170	-916.8651	-1048.424	131.5591	2.066163
1180	-920.0734	-1051.858	131.7849	1.84036
1190	-923.5919	-1055.074	131.4824	2.142838
1200	-922.7985	-1054.303	131.5048	2.12047
1210	-922.0946	-1053.979	131.8844	1.740912
1220	-929.3027	-1060.546	131.2428	2.382467
1230	-938.3703	-1069.939	131.5688	2.056525
1240	-933.3105	-1064.809	131.4981	2.127185
1250	-920.9777	-1052.734	131.7563	1.868968
1260	-933.0165	-1064.21	131.1939	2.431376
1270	-923.6215	-1055.242	131.6204	2.004833
1280	-926.1295	-1057.739	131.6092	2.016108
1290	-923.4891	-1055.103	131.6139	2.011382
1300	-918.675	-1050.307	131.632	1.993254
1310	-921.5199	-1053.149	131.6293	1.995957
1320	-924.5791	-1055.888	131.3093	2.31602
1330	-914.4735	-1046.184	131.7101	1.915191
1340	-932.2538	-1063.766	131.5122	2.113031
1350	-923.7807	-1055.413	131.6321	1.993217
1360	-927.9198	-1059.426	131.5062	2.119056
1370	-911.4676	-1043.174	131.7064	1.91883
1380	-929.7365	-1061.465	131.7283	1.896933
1390	-918.8339	-1050.56	131.7263	1.898983
1400	-930.5538	-1062.131	131.5773	2.047959
1410	-936.2521	-1067.872	131.6199	2.005342
1420	-939.01	-1070.65	131.6405	1.984785
1430	-929.149	-1060.939	131.79	1.835242
1440	-925.0425	-1056.831	131.789	1.836292
1450	-919.8558	-1051.582	131.7265	1.898808
1460	-931.1873	-1062.914	131.7265	1.898808
1470	-935.6473	-1067.259	131.612	2.013282
1480	-926.1595	-1058.103	131.9433	1.68197
1490	-928.0227	-1059.328	131.3056	2.319632
1500	-928.1606	-1060.055	131.8942	1.731121
1510	-933.5442	-1064.901	131.3569	2.268331
1520	-932.5128	-1063.873	131.3598	2.265496
1530	-920.1869	-1051.918	131.7308	1.894462
1540	-926.9718	-1058.748	131.7765	1.848798
1550	-921.4169	-1052.728	131.3112	2.31406
1560	-924.3741	-1056.224	131.8496	1.775665
1570	-920.0744	-1051.811	131.737	1.888329
1580	-936.3679	-1067.809	131.4415	2.18375
1590	-914.6777	-1046.187	131.5098	2.115526
1600	-928.1964	-1060.015	131.8181	1.807166
1610	-917.0093	-1048.539	131.53	2.095276
1620	-920.9701	-1052.777	131.807	1.818314
1630	-916.3535	-1048.226	131.8725	1.752812
1640	-920.7196	-1051.972	131.2522	2.373077
1650	-917.9097	-1049.574	131.6639	1.961371
1660	-918.4692	-1050.231	131.7622	1.863061
1670	-930.0406	-1061.499	131.4583	2.166973
1680	-918.7496	-1050.706	131.9568	1.66845
1690	-923.6602	-1055.254	131.5937	2.03158
1700	-926.748	-1058.342	131.5937	2.03158
1710	-919.7551	-1051.46	131.7045	1.920807
1720	-926.2586	-1057.918	131.659	1.966258
1730	-937.1336	-1068.726	131.5926	2.0327
1740	-926.2325	-1057.472	131.2393	2.385974
1750	-921.0049	-1052.699	131.6937	1.931567
1760	-921.8709	-1053.153	131.2824	2.342873
1770	-916.8556	-1048.221	131.3658	2.259489
1780	-917.8469	-1049.709	131.8618	1.763525
1790	-918.5477	-1050.266	131.7179	1.9074
1800	-925.5544	-1057.352	131.7981	1.827192
1810	-938.0969	-1069.759	131.6616	1.963639
1820	-929.7999	-1061.594	131.7945	1.830753
1830	-924.9356	-1056.526	131.5906	2.034654
1840	-932.5581	-1064.241	131.6825	1.942735
1850	-920.2516	-1052.263	132.0111	1.614193
1860	-917.0218	-1048.892	131.8701	1.755169
1870	-922.7896	-1054.572	131.7825	1.842761
1880	-932.427	-1064.055	131.6279	1.99734
1890	-927.0684	-1058.652	131.5833	2.042007
1900	-940.5022	-1072.238	131.736	1.889323
1910	-930.3864	-1061.68	131.2938	2.331503
1920	-919.9603	-1051.719	131.7588	1.866472
1930	-930.4945	-1062.365	131.8706	1.754668
1940	-925.4902	-1056.954	131.4641	2.161147
1950	-926.3604	-1058.123	131.7628	1.862459
1960	-922.6766	-1054.283	131.6066	2.018652
1970	-922.2373	-1053.696	131.4588	2.166455
1980	-929.1065	-1060.746	131.6392	1.986035
1990	-925.9152	-1057.238	131.3225	2.302755
2000	-929.703	-1061.435	131.7317	1.893618
2010	-917.5467	-1049.05	131.5034	2.12184
2020	-932.6832	-1064.284	131.6009	2.024422
2030	-928.0383	-1059.604	131.5661	2.059208
2040	-918.2423	-1050.237	131.9943	1.630997
2050	-920.7134	-1052.105	131.3917	2.233562
2060	-910.8697	-1042.345	131.4753	2.149947
2070	-925.5231	-1057.292	131.769	1.856327
2080	-920.8148	-1052.194	131.3792	2.246069
2090	-931.2504	-1062.922	131.6719	1.953343
2100	-918.4166	-1049.98	131.5638	2.061459
2110	-921.1708	-1052.756	131.5852	2.040041
2120	-927.9747	-1059.89	131.9158	1.709513
2130	-913.3773	-1045.293	131.9158	1.709513
2140	-926.6098	-1058.067	131.4575	2.16776
2150	-939.618	-1071.207	131.5887	2.036578
2160	-931.3091	-1062.72	131.411	2.214271
2170	-929.2105	-1060.892	131.6815	1.943761
2180	-931.6455	-1063.327	131.6815	1.943761
2190	-938.6125	-1069.834	131.222	2.403325
2200	-922.1986	-1054.182	131.9836	1.641658
2210	-926.0278	-1057.413	131.385	2.240306
2220	-920.9025	-1052.817	131.9149	1.710347
2230	-918.4345	-1049.81	131.3753	2.24999
2240	-910.6002	-1042.184	131.5842	2.041111
2250	-916.2799	-1047.86	131.5803	2.044977
2260	-917.8627	-1049.432	131.5693	2.055951
2270	-928.5409	-1060.209	131.6678	1.957525
2280	-930.5102	-1062.017	131.5067	2.118608
2290	-919.7174	-1051.206	131.4886	2.136658
2300	-934.6435	-1066.11	131.4662	2.159077
2310	-937.2384	-1068.942	131.704	1.921269
2320	-927.0324	-1058.697	131.6643	1.961007
2330	-925.9744	-1057.86	131.8854	1.739845
2340	-919.5356	-1051.375	131.8398	1.785457
2350	-931.7215	-1063	131.279	2.346311
2360	-931.3543	-1063.068	131.714	1.911232
2370	-918.9597	-1050.629	131.6689	1.9564
2380	-918.7841	-1050.261	131.4771	2.148159
2390	-917.4929	-1049.171	131.678	1.947322
2400	-922.6468	-1054.278	131.6308	1.994461
2410	-920.0933	-1051.735	131.642	1.983272
2420	-923.5539	-1055.32	131.7658	1.859477
2430	-923.5135	-1055.072	131.5582	2.067076
2440	-924.4245	-1056.019	131.595	2.030304
2450	-924.7986	-1056.121	131.3219	2.303371
2460	-917.4344	-1049.042	131.6078	2.01749
2470	-924.479	-1055.856	131.3772	2.248097
2480	-934.6836	-1066.462	131.7787	1.8466
2490	-927.7431	-1059.734	131.9908	1.634486
2500	-910.6029	-1042.093	131.4904	2.134852
2510	-915.1516	-1046.757	131.6052	2.020129
2520	-912.7374	-1044.285	131.548	2.07731
2530	-914.1988	-1045.626	131.4274	2.197836
2540	-926.8254	-1058.337	131.5119	2.113358
2550	-928.2562	-1059.619	131.3632	2.262109
2560	-920.1244	-1051.959	131.8345	1.790765
2570	-914.5788	-1046.336	131.7571	1.868138
2580	-924.4518	-1056.077	131.6247	2.00055
2590	-930.2941	-1061.905	131.611	2.014302
2600	-926.5114	-1057.661	131.1491	2.476197
2610	-912.6495	-1044.051	131.4011	2.224215
2620	-922.3062	-1053.773	131.4672	2.158069
2630	-926.4671	-1058.354	131.887	1.738273
2640	-916.6325	-1048.409	131.7761	1.849161
2650	-923.8773	-1055.389	131.5122	2.113069
2660	-919.5802	-1051.31	131.7298	1.895471
2670	-923.0013	-1054.892	131.8911	1.734165
2680	-921.2966	-1052.846	131.5497	2.075622
2690	-925.3371	-1057.201	131.8634	1.761839
2700	-918.5901	-1050.356	131.7658	1.859461
2710	-918.6681	-1050.239	131.5706	2.054659
2720	-914.5554	-1045.878	131.3224	2.30286
2730	-920.3632	-1052.325	131.962	1.663313
2740	-933.9542	-1065.369	131.4148	2.210445
2750	-923.7516	-1055.131	131.379	2.246307
2760	-928.4211	-1060.271	131.8501	1.775219
2770	-923.445	-1054.774	131.329	2.296264
2780	-924.3838	-1056.283	131.899	1.726271
2790	-930.7729	-1062.424	131.6515	1.973794
2800	-914.8977	-1046.807	131.9098	1.715464
2810	-931.7765	-1063.4	131.6237	2.001598
2820	-924.8205	-1056.549	131.7285	1.896773
2830	-930.5555	-1062.485	131.9291	1.696206
2840	-934.3331	-1065.938	131.6052	2.020032
2850	-923.6384	-1055.135	131.4963	2.128992
2860	-918.0907	-1049.494	131.4036	2.221681
2870	-915.3648	-1046.891	131.5259	2.099382
2880	-916.481	-1048.196	131.7151	1.910162
2890	-923.8804	-1055.5	131.6192	2.00611
2900	-927.9612	-1059.445	131.4842	2.141067
2910	-929.1302	-1060.726	131.5962	2.029059
2920	-928.315	-1059.732	131.417	2.208234
2930	-933.4665	-1064.89	131.423	2.202313
2940	-936.1325	-1067.577	131.445	2.180326
2950	-926.068	-1057.782	131.7145	1.910778
2960	-938.9176	-1070.446	131.5284	2.096895
2970	-923.7498	-1055.055	131.305	2.320241
2980	-929.7755	-1061.284	131.5082	2.11709
2990	-931.8296	-1063.652	131.8221	1.803139
3000	-938.7328	-1070.223	131.4899	2.135341
3010	-934.8539	-1066.249	131.3952	2.230062
3020	-936.9077	-1068.293	131.3857	2.239618
3030	-939.9597	-1071.661	131.7014	1.923908
3040	-934.7636	-1066.008	131.2443	2.380939
3050	-935.5163	-1067.233	131.7171	1.908201
3060	-933.6165	-1065.342	131.7256	1.8997
3070	-927.941	-1059.792	131.8513	1.773964
3080	-937.1791	-1069.033	131.8543	1.771025
3090	-916.8796	-1048.351	131.4717	2.153615
3100	-925.0086	-1056.699	131.6904	1.934839
3110	-924.5898	-1056.21	131.6199	2.005364
3120	-928.4848	-1059.882	131.3977	2.227605
3130	-930.6707	-1062.424	131.7532	1.872043
3140	-926.0163	-1057.644	131.6277	1.997597
3150	-940.2634	-1072.23	131.9668	1.658515
3160	-935.5006	-1066.899	131.3986	2.226678
3170	-924.8616	-1056.446	131.5849	2.040358
3180	-926.7126	-1058.285	131.5721	2.053204
3190	-938.3109	-1069.667	131.3564	2.268882
3200	-931.3846	-1062.775	131.3905	2.234791
3210	-920.5255	-1052.106	131.5801	2.045138
3220	-930.557	-1062.158	131.6012	2.02403
3230	-915.0267	-1046.692	131.6656	1.959676
3240	-915.1472	-1046.837	131.6896	1.935702
3250	-923.8987	-1055.288	131.3891	2.236158
3260	-931.5699	-1063.17	131.6	2.02526
3270	-929.1595	-1060.943	131.7837	1.841562
3280	-935.2771	-1066.803	131.5262	2.099082
3290	-928.9114	-1060.464	131.5527	2.072534
3300	-935.2321	-1066.959	131.7266	1.898642
3310	-934.7511	-1066.07	131.3185	2.306819
3320	-934.2788	-1066.196	131.9176	1.707708
3330	-921.9925	-1053.849	131.8562	1.769035
3340	-920.6485	-1052.279	131.6308	1.994489
3350	-933.2536	-1064.859	131.6057	2.019606
3360	-928.3141	-1060.054	131.7394	1.885847
3370	-919.3152	-1051.032	131.7171	1.908172
3380	-921.2722	-1052.773	131.5008	2.124452
3390	-915.3274	-1046.989	131.6621	1.96321
3400	-921.7706	-1053.409	131.6382	1.987053
3410	-929.8992	-1061.58	131.6805	1.944735
3420	-930.0255	-1061.556	131.53	2.095249
3430	-921.3258	-1052.666	131.3397	2.285563
3440	-911.7725	-1043.531	131.7587	1.866569
3450	-927.9375	-1060.074	132.1369	1.4884
3460	-936.9485	-1068.132	131.1835	2.441751
3470	-913.6562	-1045.203	131.5464	2.078853
3480	-931.9505	-1063.434	131.4835	2.141784
3490	-926.0957	-1057.978	131.8825	1.742762
3500	-933.6045	-1065.599	131.9941	1.631149
3510	-923.4156	-1055.32	131.9041	1.721193
3520	-939.5211	-1071.073	131.5521	2.073165
3530	-931.0725	-1062.845	131.773	1.852327
3540	-926.9212	-1058.566	131.6447	1.980551
3550	-926.216	-1057.721	131.5047	2.120628
3560	-917.7723	-1049.43	131.6579	1.967383
3570	-927.252	-1058.629	131.3768	2.24846
3580	-930.9679	-1062.704	131.7358	1.889477
3590	-926.4171	-1058.219	131.8022	1.823041
3600	-921.7985	-1053.429	131.6302	1.995033
3610	-929.3722	-1061.002	131.6302	1.995033
3620	-933.5939	-1065.32	131.7264	1.898911
3630	-929.8105	-1061.528	131.7179	1.907363
3640	-920.4383	-1051.922	131.4836	2.141666
3650	-936.2113	-1067.995	131.7837	1.841574
3660	-929.2019	-1060.665	131.4631	2.16221
3670	-932.409	-1064.163	131.7541	1.871187
3680	-930.3757	-1062.03	131.6545	1.970827
3690	-935.9223	-1067.258	131.3362	2.289096
3700	-944.4423	-1075.798	131.3561	2.269225
3710	-928.7945	-1060.686	131.8917	1.733612
3720	-934.3637	-1065.802	131.4378	2.187486
3730	-932.6387	-1064.172	131.5337	2.091628
3740	-937.2121	-1068.715	131.5031	2.122138
3750	-934.3334	-1065.973	131.6399	1.985381
3760	-941.1506	-1072.593	131.4421	2.183182
3770	-921.3621	-1052.824	131.4623	2.162993
3780	-930.7109	-1062.301	131.5898	2.035437
3790	-930.455	-1062.229	131.7742	1.851128
3800	-930.9278	-1062.572	131.6445	1.980775
3810	-920.1209	-1051.77	131.649	1.976298
3820	-921.074	-1052.736	131.6618	1.963457
3830	-932.1025	-1063.541	131.4385	2.186786
3840	-938.4322	-1069.73	131.2977	2.327565
3850	-928.4539	-1060.286	131.8322	1.793113
3860	-935.4788	-1067.227	131.7483	1.876961
3870	-916.902	-1048.755	131.853	1.772272
3880	-919.8516	-1051.378	131.5262	2.099103
3890	-920.3617	-1052.245	131.8834	1.74192
3900	-935.3443	-1067.094	131.7492	1.87604
3910	-934.4746	-1066.281	131.8067	1.818549
3920	-932.2061	-1063.827	131.6212	2.004054
3930	-934.5992	-1066.096	131.4971	2.128183
3940	-935.6639	-1067.318	131.6541	1.971163
3950	-935.9175	-1067.36	131.4427	2.182565
3960	-931.3216	-1062.85	131.5281	2.097179
3970	-928.9688	-1060.669	131.7005	1.924813
3980	-929.3801	-1060.945	131.5645	2.060759
3990	-935.1396	-1066.905	131.7654	1.859924
4000	-929.5531	-1061.261	131.7079	1.917373
4010	-933.4774	-1065.221	131.7433	1.881971
4020	-924.6343	-1056.172	131.5374	2.087874
4030	-924.7461	-1056.223	131.4772	2.148112
4040	-936.0544	-1067.561	131.5069	2.118353
4050	-918.2103	-1050.023	131.8122	1.813092
4060	-917.7429	-1049.578	131.8349	1.790415
4070	-925.9093	-1057.31	131.4012	2.224072
4080	-923.735	-1055.439	131.7038	1.921483
4090	-928.2351	-1059.731	131.4964	2.128918
4100	-931.0397	-1062.755	131.7149	1.910398
4110	-927.8281	-1059.753	131.9251	1.700215
4120	-924.4387	-1055.865	131.4267	2.198616
4130	-922.9219	-1054.607	131.6852	1.940071
4140	-916.6843	-1048.283	131.5992	2.026119
4150	-925.997	-1057.532	131.535	2.090246
4160	-925.8713	-1057.369	131.4981	2.127227
4170	-925.0887	-1056.804	131.7157	1.909626
4180	-926.1058	-1057.821	131.7148	1.91051
4190	-926.7907	-1058.297	131.5066	2.11866
4200	-928.3722	-1060.077	131.705	1.920324
4210	-929.3702	-1061.149	131.7791	1.846142
4220	-924.1491	-1055.988	131.8387	1.786618
4230	-920.7167	-1052.107	131.3901	2.235191
4240	-918.2752	-1049.786	131.5111	2.114203
4250	-915.2473	-1046.869	131.6221	2.003182
4260	-936.0011	-1067.948	131.9472	1.678073
4270	-919.0654	-1050.76	131.6949	1.930395
4280	-928.6852	-1060.257	131.5717	2.053572
4290	-925.0255	-1056.583	131.557	2.068248
4300	-923.7541	-1055.32	131.5662	2.059058
4310	-927.7752	-1059.479	131.7041	1.921199
4320	-925.0076	-1056.401	131.3935	2.231821
4330	-932.547	-1064.107	131.5598	2.065513
4340	-921.835	-1053.401	131.5656	2.059674
4350	-930.3417	-1062.125	131.7831	1.842165
4360	-932.6016	-1064.404	131.8023	1.823004
4370	-921.5003	-1052.902	131.4014	2.223831
4380	-930.9783	-1062.452	131.4739	2.15139
4390	-933.4894	-1065.051	131.5612	2.064062
4400	-918.4772	-1049.888	131.411	2.214233
4410	-916.8464	-1048.649	131.8029	1.822348
4420	-922.2317	-1054.122	131.8899	1.735427
4430	-931.6073	-1063.456	131.8486	1.776696
4440	-943.9622	-1075.386	131.4237	2.20158
4450	-936.4405	-1068.479	132.0389	1.58637
4460	-927.7711	-1059.58	131.8092	1.816045
4470	-924.1851	-1056.048	131.8634	1.761919
4480	-924.3426	-1056.239	131.8961	1.729211
4490	-926.2363	-1058.197	131.9603	1.664931
4500	-924.3463	-1056.155	131.8085	1.816768
4510	-936.8173	-1068.606	131.789	1.83625
4520	-918.5563	-1050.283	131.7266	1.898633
4530	-924.975	-1056.149	131.1743	2.450994
4540	-923.929	-1055.663	131.7339	1.891399
4550	-922.8564	-1054.377	131.5204	2.104898
4560	-933.2197	-1064.853	131.6338	1.991505
4570	-931.4871	-1062.809	131.3219	2.303388
4580	-931.1732	-1063.051	131.8778	1.74752
4590	-918.6615	-1050.386	131.7241	1.901207
4600	-918.137	-1050.108	131.9707	1.654533
4610	-914.6168	-1046.398	131.781	1.844255
4620	-925.2168	-1056.944	131.7276	1.89769
4630	-921.9019	-1053.798	131.896	1.729302
4640	-928.5403	-1060.289	131.7492	1.876065
4650	-915.1337	-1046.778	131.6445	1.980812
4660	-921.9127	-1053.724	131.8117	1.813591
4670	-915.2778	-1047.089	131.8117	1.813591
4680	-915.4972	-1047.223	131.7258	1.899456
4690	-914.077	-1045.537	131.4598	2.165442
4700	-921.2273	-1052.738	131.5105	2.114791
4710	-926.0995	-1057.917	131.8179	1.807375
4720	-922.3731	-1054.361	131.9877	1.637605
4730	-923.5286	-1055.324	131.7956	1.829717
4740	-923.9519	-1055.638	131.6859	1.939333
4750	-926.4932	-1058.098	131.6043	2.020967
4760	-923.6459	-1055.435	131.789	1.836253
4770	-918.454	-1050.183	131.7287	1.896625
4780	-918.1433	-1049.972	131.8291	1.796225
4790	-926.9504	-1058.361	131.4103	2.214978
4800	-932.4904	-1064.025	131.5343	2.090935
4810	-916.3196	-1047.873	131.5538	2.071452
4820	-918.3396	-1049.595	131.2559	2.369425
4830	-916.9947	-1048.595	131.6002	2.025032
4840	-941.4739	-1073.106	131.6319	1.993383
4850	-921.0541	-1052.427	131.3724	2.252875
4860	-919.7429	-1051.536	131.793	1.83227
4870	-914.9863	-1046.44	131.4535	2.171741
4880	-919.5718	-1051.025	131.4535	2.171741
4890	-920.2604	-1052.031	131.7701	1.855165
4900	-925.118	-1057.253	132.1354	1.489902
4910	-925.4761	-1057.488	132.0124	1.612863
4920	-932.3873	-1063.925	131.5381	2.087191
4930	-930.3309	-1061.893	131.5622	2.06306
4940	-915.7268	-1047.422	131.6955	1.929757
4950	-916.5527	-1048.191	131.6386	1.986666
4960	-924.8317	-1056.647	131.8156	1.809718
4970	-928.6664	-1060.284	131.6176	2.007683
4980	-923.6029	-1055.068	131.4655	2.159801
4990	-922.1987	-1053.832	131.6334	1.991899
5000	-921.0318	-1052.601	131.5688	2.056431
5010	-923.5445	-1055.314	131.7695	1.85581
5020	-910.1902	-1041.739	131.5488	2.07649
5030	-918.9663	-1050.65	131.6833	1.942018
5040	-916.2806	-1048.201	131.9199	1.705374
5050	-917.6826	-1049.379	131.6966	1.928717
5060	-936.8844	-1068.47	131.5861	2.039222
5070	-929.7753	-1061.498	131.7225	1.902782
5080	-928.5855	-1060.372	131.7867	1.838605
5090	-927.4356	-1058.838	131.4027	2.222548
5100	-909.9345	-1041.683	131.7489	1.876338
5110	-909.9799	-1041.558	131.5779	2.047367
5120	-919.6158	-1051.418	131.802	1.823315
5130	-915.0694	-1046.554	131.4848	2.140469
5140	-917.6969	-1049.336	131.6396	1.985647
5150	-922.6214	-1054.387	131.7653	1.860028
5160	-928.0173	-1059.656	131.6385	1.98673
5170	-930.6474	-1062.222	131.5748	2.050438
5180	-925.7758	-1057.405	131.6289	1.99635
5190	-920.7591	-1052.61	131.8507	1.774606
5200	-931.1172	-1063.224	132.1064	1.518915
5210	-920.9604	-1052.802	131.8417	1.783593
5220	-934.1703	-1065.938	131.7672	1.858033
5230	-923.4602	-1055.101	131.6405	1.984766
5240	-927.0629	-1058.564	131.5011	2.124152
5250	-914.0916	-1045.676	131.5842	2.041122
5260	-924.7977	-1056.516	131.7181	1.907229
5270	-929.1234	-1060.91	131.7866	1.838644
5280	-925.5006	-1057.278	131.7778	1.847492
5290	-921.2961	-1053.018	131.7221	1.90318
5300	-930.5924	-1061.835	131.2423	2.382942
5310	-931.3867	-1063.415	132.0288	1.596495
5320	-937.4234	-1068.822	131.3987	2.226577
5330	-931.1453	-1062.622	131.4772	2.148081
5340	-929.2387	-1060.913	131.6747	1.95053
5350	-911.0233	-1042.696	131.6723	1.952942
5360	-926.3917	-1057.699	131.3074	2.317906
5370	-929.4418	-1061.284	131.8422	1.783088
5380	-938.1173	-1069.992	131.8747	1.750569
5390	-925.37	-1057.006	131.6361	1.989224
5400	-923.8812	-1055.52	131.6385	1.98674
5410	-920.7733	-1052.502	131.7285	1.896797
5420	-932.7223	-1064.416	131.694	1.931238
5430	-936.0562	-1067.63	131.5735	2.051809
5440	-919.4743	-1051.263	131.7885	1.836812
5450	-924.5425	-1056.104	131.5619	2.063386
5460	-914.072	-1045.864	131.7923	1.833011
5470	-918.8543	-1050.188	131.3338	2.291449
5480	-924.4854	-1056.002	131.5163	2.108965
5490	-912.1054	-1043.715	131.6093	2.015975
5500	-921.0502	-1052.772	131.7219	1.903381
5510	-917.8653	-1049.441	131.576	2.049254
5520	-916.7716	-1048.434	131.6628	1.962435
5530	-921.9136	-1053.513	131.5994	2.025868
5540	-928.8012	-1060.401	131.5994	2.025868
5550	-917.7456	-1049.365	131.6198	2.005451
5560	-922.4134	-1053.961	131.5481	2.077188
5570	-918.1256	-1049.887	131.7618	1.86349
5580	-922.824	-1054.223	131.3991	2.226221
5590	-938.1511	-1069.972	131.8206	1.804707
5600	-920.7918	-1052.822	132.0297	1.595569
5610	-924.2812	-1055.794	131.5124	2.112894
5620	-927.6687	-1059.465	131.7965	1.828762
5630	-926.1536	-1057.722	131.568	2.057282
5640	-934.8452	-1066.27	131.4248	2.20051
5650	-923.2182	-1055.067	131.8489	1.776339
5660	-925.661	-1057.389	131.7279	1.897351
5670	-929.9707	-1061.708	131.7369	1.888365
5680	-926.5539	-1058.228	131.6742	1.951042
5690	-940.5413	-1072.271	131.7298	1.895441
5700	-915.2351	-1046.921	131.6857	1.939593
5710	-923.053	-1054.739	131.6857	1.939593
5720	-925.5213	-1056.961	131.4396	2.185725
5730	-933.0072	-1064.455	131.4481	2.177198
5740	-919.3035	-1050.991	131.6871	1.938208
5750	-940.2653	-1071.826	131.5604	2.064925
5760	-937.6812	-1069.35	131.6685	1.956776
5770	-928.4816	-1060.261	131.7789	1.846337
5780	-921.7041	-1053.277	131.5728	2.052477
5790	-927.1657	-1058.807	131.6414	1.98388
5800	-920.4015	-1051.95	131.5487	2.076624
5810	-933.6033	-1064.841	131.2377	2.387568
5820	-921.3891	-1053.118	131.7292	1.896092
5830	-932.6416	-1064.288	131.6468	1.978486
5840	-926.4868	-1058.13	131.6433	1.982016
5850	-925.6976	-1057.352	131.6547	1.970611
5860	-931.0309	-1062.9	131.8692	1.756067
5870	-929.5175	-1060.948	131.4305	2.194762
5880	-923.5787	-1055.369	131.7901	1.835182
5890	-926.8731	-1058.534	131.6613	1.964024
5900	-924.9728	-1056.523	131.5506	2.074643
5910	-928.958	-1060.746	131.7879	1.837385
5920	-928.5622	-1059.965	131.4027	2.222574
5930	-933.0643	-1064.911	131.8464	1.778918
5940	-934.7032	-1066.61	131.9068	1.718521
5950	-934.4262	-1066.1	131.6737	1.951532
5960	-928.2947	-1060.214	131.9192	1.706051
5970	-918.4303	-1050.35	131.9192	1.706051
5980	-923.858	-1055.459	131.6008	2.024431
5990	-921.6974	-1053.343	131.6458	1.979481
6000	-928.4336	-1060.099	131.6654	1.9599
6010	-925.6632	-1057.42	131.7571	1.86821
6020	-920.2317	-1051.548	131.3165	2.308731
6030	-925.1615	-1056.734	131.5727	2.052547
6040	-932.1642	-1063.786	131.6223	2.00299
6050	-923.9967	-1055.383	131.3866	2.238657
6060	-932.6424	-1064.306	131.6639	1.961339
6070	-924.6965	-1056.232	131.535	2.090286
6080	-919.7501	-1051.399	131.6485	1.976778
6090	-916.3546	-1047.62	131.2655	2.359748
6100	-920.3497	-1051.995	131.6457	1.979584
6110	-914.0945	-1045.592	131.4976	2.127703
6120	-930.5059	-1062.322	131.8165	1.808764
6130	-934.1799	-1065.81	131.6296	1.995674
6140	-944.9108	-1076.609	131.6983	1.926975
6150	-940.1169	-1071.529	131.412	2.213236
6160	-911.495	-1043.286	131.7906	1.834637
6170	-914.5593	-1046.417	131.8577	1.767571
6180	-922.1831	-1053.91	131.7265	1.898813
6190	-921.0154	-1052.602	131.5866	2.038666
6200	-912.0794	-1043.548	131.469	2.156245
6210	-916.1586	-1047.888	131.7297	1.895543
6220	-924.2129	-1056.128	131.9151	1.710182
6230	-914.181	-1045.604	131.4232	2.202034
6240	-923.6147	-1055.235	131.6206	2.00463
6250	-930.709	-1062.14	131.4311	2.194213
6260	-918.22	-1049.635	131.4151	2.210208
6270	-932.1229	-1063.737	131.614	2.011316
6280	-922.8615	-1054.311	131.449	2.1763
6290	-928.8512	-1060.395	131.5435	2.081794
6300	-919.911	-1051.44	131.5293	2.095966
6310	-915.7849	-1047.218	131.4335	2.191741
6320	-921.9431	-1053.656	131.7128	1.912431
6330	-922.7156	-1054.357	131.6419	1.983394
6340	-928.7998	-1060.356	131.5557	2.06959
6350	-926.8114	-1058.513	131.7012	1.924056
6360	-921.9343	-1053.632	131.6976	1.927635
6370	-920.0384	-1051.906	131.8677	1.757601
6380	-926.3211	-1058.216	131.895	1.730279
6390	-922.3675	-1053.803	131.4358	2.18951
6400	-926.2728	-1057.769	131.4958	2.129467
6410	-924.3732	-1055.93	131.557	2.068245
6420	-923.7788	-1055.313	131.5346	2.090643
6430	-917.0766	-1048.813	131.7363	1.888953
6440	-927.8424	-1059.879	132.0363	1.588977
6450	-920.0821	-1052.088	132.0055	1.619827
6460	-914.6826	-1046.46	131.7774	1.847906
6470	-923.2034	-1054.781	131.5781	2.047223
6480	-924.5122	-1056.207	131.6943	1.931012
6490	-926.2724	-1057.967	131.6943	1.931012
6500	-918.3803	-1050.191	131.8106	1.814651
6510	-923.1565	-1054.774	131.6173	2.007957
6520	-931.5237	-1063.063	131.5393	2.085962
6530	-933.3739	-1065.162	131.7876	1.837652
6540	-935.4189	-1066.959	131.5398	2.085453
6550	-940.0108	-1071.554	131.5436	2.081651
6560	-930.2771	-1061.808	131.5313	2.093984
6570	-917.2592	-1048.731	131.4717	2.15359
6580	-909.4882	-1041.237	131.7484	1.876899
6590	-912.8315	-1044.319	131.4875	2.137756
6600	-922.8867	-1054.538	131.6517	1.973554
6610	-923.1409	-1054.681	131.5399	2.085415
6620	-931.9619	-1063.18	131.2181	2.40718
6630	-928.7992	-1060.547	131.7477	1.877576
6640	-946.7162	-1078.329	131.613	2.012316
6650	-941.4893	-1072.931	131.4415	2.183806
6660	-938.8082	-1070.555	131.7472	1.878114
6670	-935.4661	-1066.987	131.5211	2.104153
6680	-937.0212	-1068.611	131.5893	2.035966
6690	-919.3586	-1051.086	131.7272	1.898077
6700	-923.1643	-1054.894	131.7293	1.895965
6710	-914.1855	-1045.662	131.4769	2.148426
6720	-919.1751	-1051.001	131.8259	1.799349
6730	-927.1867	-1058.778	131.5909	2.034421
6740	-921.8836	-1053.609	131.7249	1.900422
6750	-937.8118	-1069.38	131.5679	2.057334
6760	-931.0249	-1062.899	131.8738	1.751461
6770	-928.2154	-1059.679	131.464	2.161239
6780	-920.0919	-1051.577	131.4854	2.139882
6790	-918.5967	-1050.394	131.7968	1.828459
6800	-932.5298	-1064.172	131.642	1.983302
6810	-922.1845	-1053.729	131.5449	2.080422
6820	-927.0992	-1058.638	131.5391	2.086133
6830	-931.6722	-1062.795	131.123	2.502259
6840	-918.1145	-1049.669	131.5542	2.071075
6850	-914.4564	-1046.208	131.752	1.87327
6860	-921.561	-1053.085	131.5242	2.101041
6870	-915.3338	-1046.946	131.6118	2.013493
6880	-924.9691	-1056.346	131.3771	2.248182
6890	-922.4057	-1054.152	131.746	1.879274
6900	-924.1421	-1055.757	131.6148	2.010466
6910	-929.3745	-1060.826	131.4512	2.174109
6920	-929.6146	-1061.128	131.5136	2.111637
6930	-941.4144	-1073.102	131.6872	1.938051
6940	-926.79	-1058.374	131.5844	2.04089
6950	-930.3675	-1062.426	132.0583	1.566963
6960	-932.2584	-1063.598	131.3394	2.285911
6970	-929.5182	-1061.035	131.517	2.108272
6980	-925.0274	-1056.628	131.6005	2.024733
6990	-921.3567	-1053.02	131.6636	1.961655
7000	-931.2795	-1062.861	131.582	2.043247
7010	-931.7542	-1063.483	131.7292	1.896085
7020	-934.5937	-1066.159	131.5654	2.059841
7030	-928.628	-1060.141	131.5131	2.112196
7040	-937.9511	-1069.615	131.6637	1.961618
7050	-931.3562	-1063.044	131.6881	1.937218
7060	-921.0745	-1052.542	131.4677	2.157556
7070	-921.6416	-1053.213	131.5712	2.054086
7080	-920.1206	-1051.934	131.8134	1.811845
7090	-927.1675	-1059.146	131.9783	1.64702
7100	-934.3544	-1065.701	131.347	2.278237
7110	-927.3591	-1058.598	131.2392	2.386039
7120	-921.1848	-1052.466	131.2808	2.344447
7130	-923.098	-1055.029	131.9309	1.69439
7140	-921.4582	-1053.239	131.7807	1.844559
7150	-928.9592	-1060.634	131.6747	1.950614
7160	-932.5527	-1064.305	131.7524	1.872877
7170	-925.4869	-1056.898	131.4115	2.213759
7180	-921.1588	-1052.734	131.5748	2.05045
7190	-918.0633	-1049.835	131.7713	1.853997
7200	-917.678	-1049.486	131.8076	1.817648
7210	-928.462	-1060.252	131.7896	1.835663
7220	-929.2877	-1060.533	131.245	2.380248
7230	-925.4877	-1056.88	131.3927	2.232625
7240	-929.6465	-1061.366	131.7199	1.905339
7250	-917.9385	-1049.445	131.5065	2.118749
7260	-919.1193	-1050.563	131.4436	2.181668
7270	-930.175	-1061.897	131.7224	1.902907
7280	-925.4337	-1057.276	131.8423	1.783025
7290	-923.5326	-1055.312	131.7789	1.846356
7300	-920.0967	-1051.966	131.8696	1.755649
7310	-925.4698	-1057.283	131.8133	1.811997
7320	-920.9527	-1052.549	131.5966	2.028688
7330	-923.19	-1054.626	131.4364	2.188923
7340	-927.4616	-1059.198	131.7367	1.888566
7350	-922.7745	-1054.208	131.4332	2.192033
7360	-924.1525	-1055.752	131.5992	2.02606
7370	-921.6507	-1053.115	131.4638	2.161461
7380	-919.3361	-1051.186	131.8502	1.775045
7390	-940.2541	-1071.637	131.3828	2.242461
7400	-930.3599	-1062.311	131.9509	1.674376
7410	-916.4755	-1047.947	131.4715	2.153822
7420	-924.6425	-1056.339	131.6964	1.928874
7430	-927.1515	-1058.806	131.6548	1.970473
7440	-924.8204	-1056.462	131.6415	1.983804
7450	-928.9321	-1060.619	131.6865	1.938763
7460	-917.3438	-1048.957	131.6129	2.012426
7470	-919.6343	-1051.551	131.9168	1.708504
7480	-931.5793	-1062.898	131.3188	2.30647
7490	-921.6899	-1053.323	131.6332	1.99211
7500	-919.5929	-1051.277	131.6836	1.941653
7510	-925.6462	-1057.249	131.6029	2.022386
7520	-910.0266	-1041.646	131.6194	2.005878
7530	-919.249	-1050.751	131.5025	2.122822
7540	-922.2835	-1053.616	131.3327	2.292549
7550	-927.8143	-1059.738	131.9241	1.701145
7560	-915.9278	-1047.535	131.6072	2.018069
7570	-922.0468	-1053.759	131.712	1.913294
7580	-920.794	-1052.439	131.6446	1.980644
7590	-928.0247	-1059.882	131.8569	1.76841
7600	-935.4083	-1066.893	131.4851	2.140158
7610	-910.176	-1041.716	131.54	2.085305
7620	-916.0637	-1047.714	131.6502	1.975057
7630	-925.1939	-1056.677	131.4829	2.142336
7640	-932.1622	-1063.733	131.5711	2.054169
7650	-925.5969	-1056.673	131.0758	2.549489
7660	-924.4567	-1056.006	131.5496	2.075711
7670	-917.1923	-1048.683	131.4906	2.134639
7680	-916.2737	-1047.635	131.3608	2.264478
7690	-920.4009	-1052.085	131.6838	1.941476
7700	-912.6808	-1044.321	131.6402	1.98504
7710	-924.4745	-1056.305	131.8303	1.795025
7720	-917.6408	-1049.558	131.9174	1.707904
7730	-920.8638	-1052.578	131.7144	1.91089
7740	-928.931	-1060.537	131.6058	2.019487
7750	-927.5776	-1059.264	131.6864	1.938885
7760	-932.2943	-1063.864	131.5693	2.056011
7770	-922.6931	-1054.588	131.8944	1.730877
7780	-929.1337	-1060.621	131.4872	2.138043
7790	-922.6484	-1054.25	131.6021	2.023159
7800	-933.3527	-1065.385	132.0318	1.593468
7810	-913.338	-1044.888	131.5502	2.075037
7820	-914.6391	-1046.48	131.8409	1.784397
7830	-922.4313	-1054.208	131.777	1.848301
7840	-922.5685	-1054.2	131.6315	1.99378
7850	-930.0281	-1061.895	131.8665	1.758776
7860	-917.8523	-1049.404	131.5513	2.073974
7870	-925.3749	-1057.212	131.8366	1.78866
7880	-917.7945	-1049.496	131.7015	1.923793
7890	-924.2918	-1056.185	131.893	1.732314
7900	-915.0132	-1046.608	131.5943	2.03099
7910	-924.864	-1056.502	131.6382	1.987129
7920	-923.1186	-1054.709	131.5903	2.035003
7930	-925.6481	-1057.299	131.6504	1.974897
7940	-918.5334	-1050.307	131.7735	1.85178
7950	-926.8416	-1058.542	131.7	1.925317
7960	-923.7575	-1055.223	131.4654	2.159928
7970	-922.5525	-1054.017	131.4648	2.160433
7980	-928.2796	-1059.825	131.5449	2.080363
7990	-929.4291	-1060.952	131.5228	2.102523
8000	-925.5638	-1057.577	132.0135	1.611809
8010	-920.1478	-1051.823	131.6747	1.950552
8020	-915.5943	-1047.043	131.4487	2.176614
8030	-929.2697	-1060.722	131.4525	2.172803
8040	-916.4447	-1048.252	131.8076	1.817669
8050	-920.1525	-1051.808	131.6553	1.970019
8060	-917.8094	-1049.72	131.9101	1.715158
8070	-917.1947	-1048.898	131.7031	1.922199
8080	-917.7088	-1049.672	131.9628	1.662442
8090	-927.9375	-1059.492	131.5546	2.070728
8100	-924.6408	-1056.409	131.7677	1.857549
8110	-919.9768	-1051.672	131.695	1.930288
8120	-913.8301	-1045.413	131.5833	2.041956
8130	-917.2935	-1048.962	131.668	1.957269
8140	-917.9541	-1049.55	131.5964	2.028906
8150	-917.8221	-1049.46	131.6382	1.987093
8160	-928.4127	-1060.068	131.6553	1.970006
8170	-931.8455	-1063.431	131.585	2.040254
8180	-933.768	-1065.569	131.8006	1.824672
8190	-938.5848	-1070.087	131.502	2.123261
8200	-915.8971	-1047.732	131.8347	1.790552
8210	-916.3526	-1047.807	131.454	2.171241
8220	-915.5434	-1047.077	131.5334	2.091919
8230	-921.6819	-1053.154	131.4724	2.15287
8240	-918.4089	-1050.287	131.8783	1.746962
8250	-916.9	-1048.27	131.3705	2.254774
8260	-923.1616	-1054.633	131.4711	2.154192
8270	-924.8817	-1056.646	131.7638	1.861481
8280	-930.213	-1061.691	131.4775	2.14773
8290	-927.8868	-1059.564	131.6772	1.948114
8300	-919.7776	-1051.339	131.5612	2.064052
8310	-920.8383	-1052.206	131.3682	2.257078
8320	-907.3887	-1039.004	131.615	2.010321
8330	-928.8589	-1060.595	131.7366	1.888696
8340	-918.8321	-1050.616	131.784	1.841251
8350	-925.031	-1056.981	131.9496	1.675723
8360	-918.6222	-1050.268	131.6462	1.979052
8370	-928.8985	-1060.694	131.7953	1.829968
8380	-924.6256	-1056.213	131.5876	2.037674
8390	-933.3255	-1064.913	131.5875	2.037801
8400	-928.8351	-1059.994	131.1586	2.466721
8410	-926.8327	-1058.363	131.5299	2.095419
8420	-923.4969	-1055.264	131.7671	1.858218
8430	-919.0318	-1050.655	131.6236	2.001703
8440	-915.2109	-1046.61	131.3992	2.226093
8450	-930.4279	-1062.015	131.5869	2.038354
8460	-931.9363	-1063.647	131.7107	1.914598
8470	-916.725	-1048.225	131.4998	2.125436
8480	-921.4304	-1052.821	131.3902	2.2351
8490	-934.7694	-1066.304	131.5347	2.090574
8500	-925.0684	-1056.671	131.6031	2.022209
8510	-922.4621	-1054.347	131.8851	1.740178
8520	-928.8576	-1060.498	131.6405	1.984814
8530	-923.8523	-1055.576	131.7236	1.901682
8540	-917.7411	-1049.193	131.4522	2.173095
8550	-927.073	-1058.637	131.5637	2.06157
8560	-923.9358	-1055.662	131.7263	1.899001
8570	-927.4038	-1058.711	131.3076	2.317645
8580	-931.9647	-1063.489	131.5246	2.10065
8590	-928.3081	-1060.013	131.7049	1.920397
8600	-916.0694	-1047.873	131.8032	1.822126
8610	-921.5974	-1053.26	131.6629	1.962354
8620	-922.1839	-1053.739	131.5546	2.070698
8630	-924.6016	-1056.28	131.6779	1.947369
8640	-926.011	-1057.417	131.4059	2.219423
8650	-917.0096	-1048.1	131.0908	2.534477
8660	-932.0371	-1063.404	131.3668	2.258498
8670	-931.1282	-1062.798	131.6699	1.955335
8680	-928.9604	-1060.462	131.5016	2.123691
8690	-928.8819	-1060.339	131.4573	2.167931
8700	-930.7675	-1062.459	131.6917	1.933574
8710	-924.8358	-1056.55	131.7142	1.911033
8720	-924.0669	-1055.68	131.613	2.012295
8730	-926.5602	-1058.004	131.4433	2.181937
8740	-929.5775	-1061.093	131.5156	2.109691
8750	-917.3831	-1049.064	131.6804	1.944869
8760	-922.7602	-1054.599	131.8387	1.786564
8770	-922.9497	-1054.731	131.7813	1.844001
8780	-922.6393	-1054.277	131.6377	1.987571
8790	-934.9513	-1066.434	131.4828	2.142507
8800	-921.4652	-1052.818	131.3529	2.27234
8810	-911.4548	-1043.302	131.8476	1.777728
8820	-918.01	-1049.928	131.9181	1.707146
8830	-924.5242	-1056.259	131.7351	1.89019
8840	-926.1649	-1057.899	131.7339	1.891366
8850	-925.3497	-1057.134	131.7847	1.840565
8860	-932.4932	-1064.294	131.8007	1.824548
8870	-932.0111	-1063.36	131.3485	2.276827
8880	-927.44	-1059.21	131.7698	1.855525
8890	-930.3163	-1062.053	131.7365	1.888828
8900	-931.9136	-1063.343	131.4294	2.195878
8910	-916.9695	-1048.501	131.5314	2.093853
8920	-913.7037	-1045.403	131.6994	1.92584
8930	-915.7509	-1047.183	131.4322	2.193044
8940	-928.502	-1059.854	131.3516	2.273647
8950	-926.7411	-1058.079	131.3377	2.287608
8960	-926.0113	-1057.349	131.3377	2.287608
8970	-929.1483	-1060.593	131.4442	2.18104
8980	-922.9935	-1054.975	131.982	1.643327
8990	-919.0931	-1050.422	131.3287	2.296555
9000	-911.4185	-1043.169	131.7507	1.874601
9010	-920.2188	-1052.052	131.8332	1.792073
9020	-932.0336	-1063.737	131.7039	1.921407
9030	-936.8803	-1068.173	131.293	2.332299
9040	-943.505	-1074.945	131.4399	2.18541
9050	-934.858	-1066.578	131.7198	1.905519
9060	-938.3254	-1070.045	131.7198	1.905519
9070	-943.0274	-1074.273	131.2459	2.379341
9080	-931.2702	-1062.945	131.6749	1.950346
9090	-916.2774	-1048.013	131.736	1.889302
9100	-928.4297	-1060.067	131.6371	1.988223
9110	-920.0932	-1051.894	131.8006	1.824668
9120	-923.2491	-1054.907	131.6584	1.966873
9130	-930.1782	-1062.139	131.9605	1.664777
9140	-926.633	-1058.265	131.6318	1.993491
9150	-915.3571	-1046.924	131.5671	2.058194
9160	-921.5802	-1053.207	131.6263	1.998992
9170	-924.7459	-1056.398	131.6519	1.973358
9180	-926.5156	-1058.246	131.7306	1.894673
9190	-924.9979	-1056.639	131.6406	1.984636
9200	-926.2071	-1057.57	131.3627	2.262564
9210	-934.5684	-1066.186	131.6181	2.007216
9220	-924.3215	-1055.946	131.6249	2.000348
9230	-930.7792	-1062.829	132.0501	1.575175
9240	-918.9009	-1050.504	131.603	2.022265
9250	-921.8052	-1053.496	131.6911	1.934163
9260	-916.8267	-1048.27	131.4437	2.181578
9270	-928.5212	-1060.291	131.7699	1.855395
9280	-927.0729	-1058.905	131.832	1.79332
9290	-922.3539	-1054.049	131.6949	1.930335
9300	-936.6288	-1068.44	131.8108	1.814529
9310	-926.9454	-1058.708	131.7621	1.863189
9320	-918.2569	-1050.079	131.822	1.803269
9330	-938.3351	-1069.974	131.6389	1.98643
9340	-918.1128	-1049.855	131.7427	1.882601
9350	-920.399	-1052.108	131.7092	1.916067
9360	-922.0701	-1053.593	131.5231	2.10214
9370	-938.9687	-1070.537	131.5684	2.056841
9380	-943.9378	-1075.345	131.4076	2.21767
9390	-941.486	-1073.203	131.7172	1.908113
9400	-926.5515	-1058.078	131.5262	2.099094
9410	-929.4905	-1060.911	131.4204	2.204919
9420	-920.0911	-1051.943	131.8521	1.773136
9430	-916.9178	-1048.13	131.2125	2.412749
9440	-917.8384	-1049.43	131.5917	2.033615
9450	-928.6633	-1060.138	131.475	2.150325
9460	-912.8371	-1044.666	131.8292	1.796057
9470	-932.5849	-1064.338	131.7531	1.872226
9480	-926.9598	-1058.423	131.4631	2.162208
9490	-923.7729	-1055.515	131.742	1.883301
9500	-934.9851	-1066.887	131.9023	1.723005
9510	-934.4632	-1066.366	131.9029	1.72236
9520	-920.6525	-1052.234	131.581	2.044272
9530	-918.1105	-1049.807	131.6968	1.928494
9540	-922.9756	-1054.411	131.4351	2.190208
9550	-937.1194	-1068.977	131.8572	1.768044
9560	-920.002	-1051.48	131.4782	2.147045
9570	-925.2815	-1056.578	131.2964	2.328834
9580	-922.775	-1054.312	131.5375	2.087802
9590	-920.7143	-1052.504	131.7901	1.835131
9600	-920.8082	-1052.402	131.5933	2.031951
9610	-920.9541	-1052.71	131.7556	1.869638
9620	-922.0638	-1053.726	131.6621	1.963214
9630	-924.9339	-1056.521	131.5872	2.038129
9640	-931.4785	-1062.958	131.4796	2.145694
9650	-919.2866	-1050.988	131.7017	1.923595
9660	-920.784	-1052.391	131.6066	2.018707
9670	-937.2642	-1068.599	131.3344	2.290885
9680	-930.2393	-1062.005	131.7657	1.859596
9690	-919.7137	-1051.397	131.6836	1.941637
9700	-934.0386	-1065.924	131.885	1.740302
9710	-930.7223	-1061.787	131.0646	2.560655
9720	-924.446	-1056.16	131.7139	1.911357
9730	-924.0884	-1055.782	131.6936	1.931646
9740	-922.7918	-1054.425	131.6329	1.99241
9750	-929.5616	-1061.433	131.8709	1.754388
9760	-940.7256	-1072.58	131.8545	1.770772
9770	-946.8738	-1078.823	131.9488	1.676466
9780	-937.397	-1069.221	131.8236	1.801672
9790	-930.6396	-1062.432	131.7924	1.832904
9800	-919.2676	-1050.821	131.5531	2.072192
9810	-917.7263	-1049.401	131.6747	1.950602
9820	-924.3124	-1055.778	131.4653	2.159933
9830	-923.4309	-1055.186	131.7547	1.870583
9840	-923.6417	-1055.511	131.8694	1.755885
9850	-926.1273	-1058.063	131.9358	1.689507
9860	-929.3036	-1060.778	131.4745	2.150741
9870	-932.7982	-1064.057	131.2589	2.366356
9880	-929.925	-1061.194	131.2693	2.35595
9890	-942.9376	-1074.201	131.2636	2.361632
9900	-923.3734	-1055.102	131.7285	1.896766
9910	-924.8816	-1056.725	131.8433	1.781963
9920	-919.348	-1051.021	131.6732	1.952067
9930	-926.909	-1058.493	131.5845	2.040827
9940	-929.0593	-1060.66	131.6003	2.024968
9950	-917.4346	-1049.182	131.7476	1.877652
9960	-916.5572	-1047.876	131.3193	2.305961
9970	-919.9936	-1051.35	131.3561	2.269218
9980	-928.1042	-1059.731	131.6266	1.9987
9990	-928.3751	-1060.332	131.9568	1.668477
10000	-925.0404	-1056.733	131.6925	1.932827
