Iteration	Posterior	Likelihood	Prior	tree_length
0	-940.8281	-1072.585	131.7572	1.868038
10	-953.7555	-1085.164	131.4088	2.216527
20	-930.8585	-1062.656	131.7972	1.828118
30	-938.706	-1070.491	131.7846	1.840663
40	-931.7638	-1063.273	131.5088	2.116525
50	-931.7009	-1063.324	131.6233	2.001966
60	-948.2949	-1079.826	131.5312	2.094082
70	-950.2871	-1082.084	131.797	1.828253
80	-939.1426	-1070.917	131.7739	1.851341
90	-936.7444	-1068.487	131.7425	1.88282
100	-930.6026	-1061.849	131.2465	2.378753
110	-928.7557	-1060.327	131.5711	2.054143
120	-932.8337	-1064.384	131.5507	2.074565
130	-923.4851	-1054.872	131.3872	2.238121
140	-923.9595	-1055.474	131.5142	2.111071
150	-922.3691	-1053.988	131.619	2.006242
160	-910.9242	-1042.637	131.7124	1.912907
170	-914.8318	-1046.671	131.8394	1.785926
180	-919.6762	-1051.273	131.5968	2.028475
190	-919.7726	-1051.118	131.3454	2.279846
200	-916.5769	-1048.348	131.7712	1.85404
210	-933.4559	-1065.259	131.8031	1.822168
220	-924.5379	-1056.025	131.4869	2.138386
230	-927.4047	-1059.116	131.7109	1.91442
240	-928.1785	-1059.787	131.6082	2.017124
250	-925.519	-1057.241	131.7224	1.902888
260	-929.7804	-1061.44	131.6599	1.965364
270	-921.5752	-1053.027	131.4522	2.173073
280	-937.6511	-1069.243	131.5915	2.033794
290	-931.2144	-1062.877	131.6626	1.962678
300	-941.5515	-1073.182	131.6308	1.994521
310	-935.5802	-1067.17	131.5901	2.035141
320	-936.0185	-1067.964	131.9453	1.680017
330	-947.0092	-1078.661	131.6514	1.97384
340	-937.2089	-1069.072	131.8636	1.761719
350	-914.6489	-1046.289	131.6405	1.98477
360	-917.1697	-1048.8	131.6298	1.995443
370	-922.805	-1054.742	131.9374	1.687863
380	-922.4943	-1053.94	131.4458	2.179511
390	-934.533	-1066.184	131.651	1.974231
400	-934.7224	-1066.471	131.7488	1.876492
410	-922.6264	-1054.169	131.5421	2.083134
420	-926.7954	-1058.144	131.3488	2.276526
430	-924.0622	-1055.88	131.8176	1.807696
440	-930.4325	-1062.343	131.9109	1.714336
450	-938.3866	-1070.026	131.6395	1.985809
460	-939.4966	-1070.909	131.4128	2.212518
470	-930.1431	-1061.672	131.5287	2.096579
480	-928.9961	-1060.608	131.6115	2.013828
490	-922.1721	-1054.036	131.8634	1.761869
500	-939.7259	-1071.393	131.6672	1.958122
510	-929.0903	-1060.925	131.8346	1.790692
520	-936.1294	-1067.921	131.7911	1.834143
530	-924.4674	-1056.421	131.9532	1.672104
540	-931.2684	-1062.862	131.5933	2.031937
550	-933.2891	-1064.709	131.4201	2.205208
560	-936.9293	-1068.526	131.597	2.028244
570	-920.1574	-1052.028	131.8711	1.754213
580	-936.5046	-1067.904	131.3998	2.225441
590	-935.8024	-1067.552	131.7495	1.875762
600	-931.4917	-1063.102	131.6107	2.014609
610	-930.3537	-1062.18	131.8265	1.798742
620	-924.9284	-1056.479	131.5507	2.074542
630	-941.8631	-1073.205	131.3418	2.283485
640	-930.2708	-1061.813	131.5419	2.083383
650	-934.7617	-1066.445	131.6829	1.94238
660	-931.0015	-1062.83	131.8288	1.796434
670	-931.3353	-1063.398	132.0623	1.563006
680	-938.2952	-1069.761	131.4656	2.159694
690	-929.9852	-1061.622	131.6366	1.988673
700	-936.5361	-1068.233	131.6968	1.928494
710	-940.2031	-1071.791	131.588	2.037253
720	-931.3131	-1063.178	131.8649	1.760364
730	-921.9012	-1053.775	131.8743	1.751029
740	-926.4735	-1058.021	131.5474	2.07783
750	-920.3606	-1051.885	131.5239	2.101343
760	-930.3619	-1062.024	131.6624	1.962888
770	-932.8783	-1064.319	131.4409	2.1844
780	-936.3697	-1068.208	131.8387	1.786542
790	-929.579	-1061.451	131.8716	1.753664
800	-929.789	-1061.569	131.78	1.845313
810	-929.6294	-1061.297	131.6677	1.957531
820	-930.9722	-1062.751	131.7788	1.846491
830	-923.5107	-1055.057	131.5466	2.078723
840	-931.4601	-1063.112	131.6522	1.973109
850	-923.0203	-1054.661	131.6408	1.984496
860	-923.3652	-1054.994	131.6292	1.996097
870	-931.7099	-1063.155	131.4449	2.180348
880	-922.0169	-1053.886	131.8689	1.756391
890	-913.5206	-1045.35	131.8295	1.795818
900	-920.6679	-1052.258	131.5903	2.035013
910	-924.3436	-1055.822	131.4781	2.14716
920	-934.6768	-1066.289	131.6119	2.013404
930	-929.8047	-1061.479	131.6741	1.951148
940	-922.5047	-1054.191	131.6868	1.938492
950	-940.7983	-1072.311	131.513	2.112325
960	-921.2791	-1052.674	131.3951	2.230192
970	-913.2812	-1044.923	131.6421	1.983229
980	-925.7864	-1057.356	131.5701	2.055144
990	-929.4344	-1061.223	131.7882	1.837118
1000	-940.8729	-1072.313	131.4399	2.185429
1010	-935.9381	-1067.377	131.4386	2.186714
1020	-931.8707	-1063.372	131.501	2.124321
1030	-934.2583	-1065.741	131.4827	2.142546
1040	-932.7365	-1064.415	131.6786	1.946645
1050	-924.087	-1055.882	131.7949	1.830392
1060	-926.3292	-1057.951	131.6214	2.003898
1070	-921.0836	-1052.774	131.6908	1.934501
1080	-917.3453	-1049.034	131.6886	1.936703
1090	-921.2551	-1052.774	131.5193	2.105962
1100	-933.5578	-1065.074	131.5161	2.109204
1110	-926.6335	-1058.294	131.66	1.965261
1120	-924.6098	-1055.957	131.3473	2.278009
1130	-921.6404	-1053.137	131.497	2.128286
1140	-927.8304	-1059.456	131.6259	1.999347
1150	-928.1997	-1060.018	131.8187	1.806556
1160	-926.9133	-1058.198	131.285	2.340293
1170	-926.9096	-1058.565	131.6551	1.97016
1180	-927.4326	-1059.088	131.6551	1.97016
1190	-932.1688	-1063.961	131.792	1.833293
1200	-933.9197	-1065.538	131.6183	2.007016
1210	-931.7607	-1063.324	131.563	2.062257
1220	-933.4163	-1065.143	131.7263	1.898938
1230	-926.4155	-1058.057	131.6417	1.983625
1240	-931.4652	-1063.245	131.7802	1.845107
1250	-925.6048	-1057.385	131.7802	1.845107
1260	-926.6677	-1058.279	131.611	2.014307
1270	-932.461	-1064.186	131.7249	1.900401
1280	-925.0466	-1056.448	131.4015	2.223765
1290	-916.5844	-1048.217	131.6328	1.992503
1300	-919.7668	-1051.389	131.6219	2.003375
1310	-928.4228	-1060.032	131.6093	2.015975
1320	-926.574	-1058.508	131.9344	1.690878
1330	-920.706	-1052.352	131.6464	1.978892
1340	-916.1214	-1047.796	131.6749	1.950357
1350	-920.5385	-1051.868	131.3298	2.295512
1360	-929.9525	-1061.466	131.5138	2.111475
1370	-926.7071	-1058.196	131.4888	2.136498
1380	-928.9337	-1060.465	131.531	2.094325
1390	-923.8999	-1055.431	131.531	2.094325
1400	-939.8112	-1071.537	131.7253	1.899944
1410	-937.1252	-1068.722	131.5965	2.028756
1420	-933.4416	-1064.767	131.3254	2.299846
1430	-928.0207	-1059.811	131.7903	1.834986
1440	-919.5103	-1051.081	131.5706	2.054724
1450	-920.2601	-1051.802	131.5422	2.083113
1460	-934.8798	-1066.854	131.9744	1.650887
1470	-917.683	-1049.488	131.8049	1.820378
1480	-925.3959	-1057.051	131.6555	1.9698
1490	-925.4158	-1056.983	131.5676	2.05768
1500	-928.7799	-1060.159	131.3789	2.246376
1510	-930.1014	-1061.854	131.7522	1.873129
1520	-920.0071	-1051.428	131.4205	2.204749
1530	-936.373	-1067.871	131.4978	2.127436
1540	-935.7556	-1067.251	131.4955	2.129791
1550	-932.8502	-1064.356	131.5054	2.119906
1560	-929.0667	-1060.618	131.5517	2.073587
1570	-928.9056	-1060.501	131.5955	2.029754
1580	-930.8641	-1062.312	131.4476	2.177673
1590	-949.8478	-1081.338	131.4899	2.135407
1600	-938.7763	-1070.255	131.4786	2.146707
1610	-928.0213	-1059.604	131.5831	2.042188
1620	-925.5601	-1057.173	131.6129	2.012401
1630	-925.4004	-1056.78	131.3799	2.245351
1640	-926.2811	-1057.651	131.3696	2.255656
1650	-916.4546	-1047.97	131.5152	2.110045
1660	-923.8964	-1055.438	131.542	2.08329
1670	-931.5419	-1063.502	131.9602	1.665079
1680	-926.2559	-1057.918	131.6623	1.962957
1690	-922.5406	-1054.272	131.7318	1.893525
1700	-924.3715	-1055.718	131.3463	2.279004
1710	-930.5811	-1062.296	131.7154	1.909902
1720	-926.5922	-1058.059	131.4669	2.158357
1730	-927.7489	-1059.315	131.5658	2.059481
1740	-937.4017	-1068.986	131.5838	2.041443
1750	-939.9531	-1071.32	131.3673	2.257976
1760	-938.5902	-1070.415	131.8243	1.800942
1770	-927.1871	-1058.886	131.6987	1.926582
1780	-925.4109	-1056.695	131.2836	2.341672
1790	-924.3301	-1055.448	131.1179	2.50734
1800	-934.8927	-1066.874	131.9811	1.644176
1810	-931.4833	-1062.951	131.4675	2.15776
1820	-930.6896	-1062.107	131.4169	2.208386
1830	-929.4931	-1061.179	131.6863	1.938972
1840	-934.6416	-1066.092	131.4505	2.174753
1850	-940.6519	-1072.01	131.3586	2.266723
1860	-919.6765	-1051.401	131.725	1.900323
1870	-934.7956	-1066.411	131.6149	2.010336
1880	-934.4256	-1065.977	131.551	2.074286
1890	-922.3245	-1054.101	131.7762	1.849124
1900	-928.0413	-1059.751	131.7093	1.915986
1910	-928.3047	-1059.817	131.5118	2.113447
1920	-934.4144	-1065.87	131.4555	2.169792
1930	-930.0086	-1061.549	131.5402	2.08504
1940	-922.988	-1054.491	131.503	2.122233
1950	-938.4899	-1070.369	131.879	1.746329
1960	-916.3399	-1048.224	131.8844	1.740896
1970	-934.5712	-1066.187	131.6162	2.009067
1980	-926.1483	-1057.88	131.7313	1.894025
1990	-937.5691	-1068.97	131.4004	2.224856
2000	-940.197	-1071.919	131.7216	1.903698
2010	-926.9119	-1058.747	131.8347	1.790579
2020	-931.8551	-1063.645	131.7901	1.835164
2030	-934.9213	-1066.318	131.397	2.228283
2040	-924.6394	-1056.059	131.4193	2.205957
2050	-928.3932	-1059.868	131.4744	2.150911
2060	-925.0833	-1056.606	131.5231	2.102185
2070	-922.5287	-1054.375	131.8462	1.779127
2080	-921.5839	-1053.108	131.5244	2.100882
2090	-927.4992	-1059.103	131.6039	2.021412
2100	-925.244	-1056.756	131.5125	2.112784
2110	-925.1971	-1056.349	131.1517	2.473571
2120	-922.7491	-1054.164	131.4151	2.210163
2130	-918.6682	-1050.182	131.5134	2.111901
2140	-932.7143	-1064.315	131.6003	2.025013
2150	-933.8846	-1065.574	131.6889	1.936374
2160	-931.9985	-1063.726	131.7273	1.897944
2170	-925.8986	-1057.419	131.5201	2.105188
2180	-919.0129	-1050.469	131.4561	2.169203
2190	-914.916	-1046.48	131.5637	2.061532
2200	-931.9395	-1063.472	131.5322	2.093108
2210	-930.1326	-1061.913	131.7802	1.845087
2220	-934.9224	-1066.693	131.7705	1.854818
2230	-916.5184	-1048.335	131.8166	1.808642
2240	-922.3572	-1053.851	131.4935	2.131812
2250	-917.0834	-1048.79	131.7064	1.918866
2260	-927.9389	-1059.682	131.7429	1.882373
2270	-919.8562	-1051.521	131.6646	1.960691
2280	-916.394	-1048.113	131.7191	1.906219
2290	-927.0676	-1058.794	131.7266	1.898707
2300	-924.6451	-1056.214	131.569	2.056273
2310	-927.6047	-1059.491	131.8866	1.738712
2320	-925.6085	-1057.314	131.7054	1.919879
2330	-929.8498	-1061.647	131.7967	1.828531
2340	-928.5069	-1060.047	131.5404	2.084874
2350	-935.478	-1066.946	131.4683	2.15694
2360	-927.7683	-1059.157	131.3889	2.236405
2370	-936.4377	-1068.31	131.8725	1.752751
2380	-931.1187	-1062.848	131.7296	1.895651
2390	-927.2793	-1059.359	132.0802	1.5451
2400	-923.7702	-1055.27	131.4996	2.125638
2410	-919.3851	-1051.288	131.9024	1.722881
2420	-927.5712	-1058.958	131.3865	2.238794
2430	-925.3356	-1056.598	131.262	2.363231
2440	-914.5875	-1046.286	131.6982	1.927116
2450	-929.2103	-1060.919	131.7089	1.916381
2460	-925.9845	-1057.693	131.7089	1.916381
2470	-934.781	-1066.475	131.6939	1.931383
2480	-930.0805	-1061.54	131.4593	2.166004
2490	-930.9217	-1062.634	131.712	1.913313
2500	-933.4463	-1065.188	131.7418	1.88343
2510	-926.1324	-1058.005	131.8725	1.752808
2520	-924.5716	-1056.171	131.5992	2.026059
2530	-928.6757	-1060.089	131.4133	2.212006
2540	-935.0208	-1067.141	132.1204	1.504852
2550	-924.9565	-1056.698	131.7417	1.883559
2560	-921.6094	-1053.548	131.9388	1.686443
2570	-933.8041	-1065.614	131.81	1.81525
2580	-925.9554	-1057.862	131.9069	1.718346
2590	-920.7571	-1052.555	131.7983	1.827025
2600	-933.1933	-1064.577	131.3836	2.241726
2610	-934.0305	-1065.485	131.4548	2.170478
2620	-912.6235	-1044.187	131.5639	2.061396
2630	-923.8431	-1055.585	131.742	1.883261
2640	-936.6471	-1067.919	131.2722	2.353044
2650	-935.8114	-1067.325	131.5139	2.111416
2660	-926.1577	-1057.807	131.649	1.976327
2670	-931.0107	-1062.686	131.675	1.950312
2680	-932.1962	-1063.879	131.6828	1.942499
2690	-924.9673	-1056.406	131.4387	2.186597
2700	-934.3114	-1065.961	131.6501	1.975204
2710	-929.2589	-1060.867	131.6086	2.016683
2720	-933.436	-1065.01	131.5744	2.050924
2730	-939.4802	-1071.276	131.7957	1.829588
2740	-941.6143	-1073.357	131.7423	1.88295
2750	-923.7784	-1055.534	131.7553	1.869975
2760	-930.9861	-1062.882	131.8963	1.72894
2770	-921.2157	-1052.558	131.342	2.283238
2780	-928.5441	-1059.939	131.3949	2.23036
2790	-929.383	-1061.116	131.7328	1.892482
2800	-926.2108	-1057.657	131.4466	2.178658
2810	-918.9892	-1050.831	131.8418	1.783501
2820	-923.6376	-1055.582	131.9446	1.680708
2830	-921.6318	-1053.14	131.5082	2.117047
2840	-916.8975	-1048.727	131.8299	1.795357
2850	-935.1202	-1066.665	131.5445	2.080747
2860	-931.4764	-1063.518	132.0418	1.583509
2870	-929.4303	-1061.203	131.7725	1.852781
2880	-921.3749	-1053.12	131.7449	1.880332
2890	-915.0562	-1047.051	131.9952	1.630118
2900	-921.5009	-1053.12	131.6195	2.005783
2910	-916.0294	-1047.724	131.6945	1.930817
2920	-922.4722	-1054.306	131.8333	1.791932
2930	-936.4746	-1068	131.5251	2.100151
2940	-939.7983	-1071.261	131.4629	2.162388
2950	-939.157	-1070.998	131.8409	1.784372
2960	-932.7435	-1064.487	131.7439	1.881385
2970	-921.3677	-1053.068	131.7006	1.92468
2980	-943.2586	-1075.161	131.9026	1.722685
2990	-926.2744	-1057.943	131.6687	1.956614
3000	-926.5994	-1058.265	131.6657	1.959602
3010	-927.9264	-1059.336	131.4099	2.215411
3020	-941.5951	-1073.077	131.4818	2.143522
3030	-941.1448	-1072.945	131.7997	1.825548
3040	-927.9617	-1059.475	131.5134	2.111895
3050	-914.798	-1046.518	131.7195	1.905783
3060	-923.3897	-1055.3	131.9106	1.714669
3070	-912.9797	-1044.597	131.6177	2.007587
3080	-927.7226	-1059.176	131.4535	2.171771
3090	-932.6425	-1064.195	131.5524	2.072885
3100	-929.8463	-1061.742	131.896	1.729285
3110	-929.6032	-1061.044	131.4412	2.184037
3120	-924.1476	-1055.651	131.5036	2.121639
3130	-922.4075	-1053.847	131.4397	2.185548
3140	-916.8382	-1048.463	131.6247	2.000598
3150	-934.9457	-1066.425	131.4793	2.146002
3160	-932.2073	-1063.685	131.4777	2.147619
3170	-918.054	-1049.638	131.5836	2.041667
3180	-931.0069	-1062.129	131.1219	2.503419
3190	-923.5651	-1055.496	131.9312	1.694083
3200	-926.1783	-1057.603	131.4246	2.200729
3210	-930.3878	-1062.633	132.2456	1.379674
3220	-921.6302	-1053.003	131.3726	2.252676
3230	-933.5495	-1065.224	131.6744	1.950923
3240	-925.7957	-1057.15	131.3545	2.270805
3250	-921.0405	-1052.674	131.6334	1.991836
3260	-915.4357	-1047.18	131.7446	1.880669
3270	-920.3416	-1052.118	131.7766	1.848691
3280	-930.5088	-1062.347	131.838	1.78723
3290	-930.6167	-1062.294	131.6777	1.947555
3300	-921.3775	-1053.34	131.9626	1.662721
3310	-924.3983	-1056.196	131.7973	1.827939
3320	-926.4827	-1058.477	131.9941	1.631136
3330	-931.1359	-1062.609	131.4727	2.152544
3340	-937.2321	-1069.016	131.7839	1.841383
3350	-933.7388	-1065.571	131.832	1.79326
3360	-939.8998	-1071.504	131.6046	2.020666
3370	-927.7014	-1059.429	131.7277	1.897548
3380	-917.8923	-1049.515	131.6228	2.002455
3390	-925.0999	-1056.872	131.7719	1.853411
3400	-932.4353	-1064.207	131.7719	1.853411
3410	-933.2593	-1065.133	131.874	1.751253
3420	-928.9816	-1060.539	131.5578	2.06748
3430	-923.8767	-1055.487	131.6103	2.015013
3440	-932.4768	-1064.236	131.759	1.86627
3450	-938.2373	-1069.505	131.2674	2.357847
3460	-929.4195	-1061.032	131.6125	2.012767
3470	-936.2397	-1068.101	131.8612	1.76411
3480	-943.8221	-1075.515	131.6929	1.932423
3490	-927.2029	-1058.819	131.6166	2.008712
3500	-935.8996	-1067.516	131.6166	2.008712
3510	-934.0044	-1065.473	131.4689	2.156421
3520	-936.8807	-1068.499	131.6182	2.007084
3530	-930.6099	-1062.546	131.9362	1.689052
3540	-927.8928	-1059.304	131.4111	2.21417
3550	-914.4919	-1045.936	131.4445	2.180828
3560	-925.9695	-1057.553	131.5832	2.042118
3570	-921.9321	-1053.486	131.5539	2.07142
3580	-936.2327	-1067.672	131.4397	2.185566
3590	-924.0746	-1055.578	131.5037	2.121534
3600	-929.8595	-1061.363	131.5037	2.121534
3610	-924.6932	-1056.304	131.6107	2.014585
3620	-930.2057	-1061.668	131.4625	2.162745
3630	-929.8272	-1061.459	131.6315	1.993741
3640	-941.5683	-1073.051	131.4829	2.142384
3650	-945.7377	-1077.221	131.4829	2.142384
3660	-939.7555	-1071.224	131.4682	2.157096
3670	-937.9827	-1069.479	131.4963	2.128932
3680	-931.4827	-1063.032	131.5496	2.075698
3690	-925.4674	-1057.319	131.8515	1.773813
3700	-920.6408	-1052.485	131.8444	1.780857
3710	-928.2437	-1060.008	131.7646	1.860649
3720	-930.7322	-1062.434	131.702	1.923268
3730	-934.0979	-1065.742	131.6446	1.980729
3740	-930.3155	-1061.96	131.6446	1.980729
3750	-920.9379	-1052.639	131.7008	1.924465
3760	-918.9318	-1050.531	131.5996	2.025647
3770	-918.1842	-1049.771	131.5872	2.038107
3780	-928.4909	-1060.098	131.6076	2.017718
3790	-924.6547	-1056.324	131.6697	1.955589
3800	-923.9897	-1055.452	131.4628	2.162514
3810	-926.3663	-1057.853	131.4869	2.138375
3820	-934.5914	-1065.962	131.3709	2.254386
3830	-928.1486	-1059.785	131.6364	1.988837
3840	-929.1772	-1061.056	131.8788	1.74645
3850	-926.3231	-1057.844	131.5211	2.104199
3860	-921.6244	-1053.127	131.5022	2.123113
3870	-933.0047	-1064.414	131.4088	2.216449
3880	-930.5463	-1062.248	131.7021	1.923215
3890	-917.9587	-1049.636	131.6774	1.947838
3900	-934.5316	-1066.091	131.5591	2.066198
3910	-930.0897	-1061.857	131.767	1.858292
3920	-938.3889	-1069.956	131.5675	2.0578
3930	-938.1026	-1069.782	131.6798	1.945473
3940	-932.9337	-1064.467	131.5334	2.091879
3950	-933.986	-1065.484	131.4981	2.127213
3960	-943.0748	-1074.826	131.7508	1.874514
3970	-934.5104	-1066.046	131.5353	2.089994
3980	-934.2372	-1065.635	131.3974	2.227873
3990	-923.4835	-1055.215	131.7315	1.89379
4000	-916.4072	-1048.252	131.8451	1.780183
4010	-916.3047	-1048.024	131.7195	1.905788
4020	-917.015	-1048.739	131.7242	1.90109
4030	-929.0901	-1061.015	131.9248	1.700514
4040	-928.2723	-1059.801	131.5291	2.096141
4050	-921.1676	-1052.593	131.4252	2.200101
4060	-924.7155	-1056.107	131.3917	2.233594
4070	-926.0217	-1057.309	131.2873	2.337991
4080	-927.6593	-1059.138	131.4786	2.146689
4090	-929.3555	-1060.598	131.2428	2.382465
4100	-941.6345	-1072.825	131.1907	2.434598
4110	-921.0331	-1052.743	131.7096	1.915682
4120	-923.0383	-1054.998	131.9599	1.665423
4130	-920.5091	-1052.032	131.5233	2.101938
4140	-932.3897	-1064.105	131.7155	1.909812
4150	-931.1545	-1062.709	131.5542	2.071074
4160	-930.0548	-1061.858	131.8029	1.822395
4170	-921.6863	-1053.155	131.4689	2.156358
4180	-920.9177	-1052.628	131.7105	1.914775
4190	-923.5396	-1055.07	131.5306	2.094693
4200	-922.1529	-1053.862	131.7095	1.915778
4210	-923.8201	-1055.313	131.4929	2.132365
4220	-929.2892	-1060.949	131.6595	1.965746
4230	-924.1603	-1055.568	131.408	2.217232
4240	-932.2745	-1063.992	131.7174	1.907852
4250	-930.0362	-1061.723	131.6867	1.938579
4260	-919.3944	-1051.124	131.7297	1.895559
4270	-925.2192	-1056.763	131.5438	2.0815
4280	-922.4124	-1054.23	131.8174	1.80792
4290	-923.9206	-1055.36	131.4392	2.186128
4300	-927.7845	-1059.192	131.4071	2.218222
4310	-922.0197	-1053.495	131.4756	2.149649
4320	-931.1255	-1062.707	131.5813	2.043974
4330	-921.6398	-1053.198	131.5586	2.066639
4340	-928.5037	-1060.127	131.6234	2.001887
4350	-931.575	-1063.17	131.5949	2.030392
4360	-938.7977	-1070.671	131.8732	1.752097
4370	-926.1846	-1057.713	131.528	2.097295
4380	-928.7094	-1060.235	131.5259	2.099429
4390	-930.5707	-1062.18	131.6091	2.016145
4400	-918.4616	-1050.257	131.7958	1.829465
4410	-925.449	-1056.997	131.5484	2.076883
4420	-922.0266	-1053.685	131.658	1.967321
4430	-922.983	-1054.661	131.6783	1.94701
4440	-920.8087	-1052.487	131.6783	1.94701
4450	-934.923	-1066.562	131.6391	1.986148
4460	-922.047	-1053.308	131.261	2.364286
4470	-921.6687	-1052.93	131.261	2.364286
4480	-929.1834	-1060.726	131.5429	2.082409
4490	-934.3642	-1065.626	131.2619	2.363415
4500	-932.6386	-1064.293	131.6548	1.970445
4510	-931.106	-1062.858	131.7518	1.873491
4520	-931.3539	-1062.783	131.4295	2.195796
4530	-930.0881	-1061.534	131.4464	2.178913
4540	-935.055	-1066.643	131.5882	2.037081
4550	-936.4533	-1068.038	131.5848	2.040463
4560	-925.9518	-1057.629	131.6773	1.948022
4570	-926.9492	-1058.552	131.6031	2.02216
4580	-923.5059	-1055.175	131.6695	1.955792
4590	-938.622	-1070.358	131.7362	1.889114
4600	-928.7746	-1060.63	131.8552	1.770053
4610	-929.9671	-1061.574	131.6068	2.018468
4620	-926.9443	-1058.392	131.448	2.177295
4630	-935.6687	-1067.321	131.6524	1.972888
4640	-931.8817	-1063.722	131.8401	1.78521
4650	-928.8312	-1060.246	131.4152	2.210091
4660	-925.054	-1056.803	131.7493	1.875957
4670	-946.2686	-1078.118	131.8498	1.775452
4680	-913.7583	-1045.499	131.7405	1.884814
4690	-942.4651	-1073.987	131.5219	2.103345
4700	-925.9992	-1057.521	131.5219	2.103345
4710	-927.7304	-1059.334	131.6032	2.022072
4720	-923.5439	-1055.102	131.5577	2.067554
4730	-917.5336	-1048.803	131.2698	2.355445
4740	-922.0565	-1053.615	131.5589	2.066351
4750	-936.0343	-1067.695	131.6603	1.964995
4760	-933.0996	-1065.059	131.959	1.666244
4770	-925.6321	-1057.532	131.8997	1.72557
4780	-917.9453	-1049.75	131.8046	1.820649
4790	-938.6381	-1069.942	131.3038	2.321495
4800	-925.3032	-1056.892	131.5885	2.036782
4810	-915.8453	-1047.253	131.4076	2.217632
4820	-934.3323	-1065.911	131.5784	2.046923
4830	-925.9569	-1057.667	131.7099	1.915393
4840	-928.1697	-1059.903	131.7336	1.891641
4850	-932.8366	-1064.618	131.7813	1.843974
4860	-927.858	-1059.589	131.7315	1.893804
4870	-920.3606	-1052.113	131.7525	1.872795
4880	-916.7211	-1048.481	131.7595	1.865798
4890	-917.3881	-1048.876	131.4883	2.136962
4900	-919.7116	-1051.191	131.479	2.146311
4910	-925.7759	-1057.182	131.4057	2.219602
4920	-923.5967	-1055.291	131.6943	1.93096
4930	-939.2445	-1071.163	131.919	1.706257
4940	-943.2556	-1074.668	131.4126	2.212653
4950	-933.0983	-1064.672	131.5734	2.051908
4960	-924.2877	-1055.67	131.3819	2.243407
4970	-913.8151	-1045.57	131.7553	1.870014
4980	-916.2818	-1047.987	131.7048	1.920528
4990	-920.0946	-1051.657	131.5627	2.062617
5000	-933.4271	-1065.064	131.6364	1.988834
5010	-931.436	-1062.785	131.349	2.276255
5020	-928.7767	-1060.414	131.6372	1.98805
5030	-911.8106	-1043.293	131.4825	2.142812
5040	-913.3979	-1045.05	131.6525	1.97274
5050	-928.2575	-1060.047	131.7898	1.835528
5060	-921.073	-1052.674	131.6008	2.024507
5070	-941.3467	-1072.994	131.6476	1.977702
5080	-947.8083	-1079.78	131.9715	1.653821
5090	-940.9556	-1072.814	131.8584	1.766883
5100	-928.8307	-1060.676	131.8457	1.779535
5110	-930.0574	-1061.405	131.348	2.277311
5120	-926.6994	-1058.607	131.9081	1.717227
5130	-929.6363	-1061.016	131.3799	2.245366
5140	-931.3706	-1062.813	131.4427	2.182611
5150	-922.0927	-1053.902	131.8089	1.816413
5160	-924.3648	-1055.873	131.5083	2.116931
5170	-933.2741	-1064.851	131.5772	2.048048
5180	-932.2998	-1064.043	131.7429	1.882376
5190	-926.7575	-1058.246	131.4888	2.136472
5200	-931.9283	-1063.767	131.8387	1.786601
5210	-921.9862	-1053.667	131.6813	1.944026
5220	-922.0396	-1053.602	131.5623	2.063004
5230	-925.6248	-1057.151	131.5262	2.099077
5240	-934.929	-1066.524	131.595	2.030238
5250	-928.0352	-1059.404	131.3686	2.256677
5260	-928.1185	-1059.967	131.8488	1.776487
5270	-939.3127	-1070.983	131.6706	1.954713
5280	-941.088	-1072.226	131.1376	2.487643
5290	-931.395	-1062.982	131.5866	2.038711
5300	-931.8583	-1063.817	131.9582	1.66708
5310	-934.8348	-1066.245	131.4107	2.214611
5320	-923.7122	-1055.239	131.5272	2.098084
5330	-925.1956	-1056.618	131.4225	2.202754
5340	-913.691	-1045.323	131.6321	1.993136
5350	-913.8943	-1045.76	131.8659	1.759422
5360	-917.4675	-1049.078	131.6103	2.01494
5370	-925.4192	-1057.26	131.8407	1.784565
5380	-933.9528	-1065.701	131.7487	1.876616
5390	-939.8014	-1071.533	131.7318	1.893505
5400	-931.7574	-1063.203	131.4453	2.179957
5410	-938.73	-1070.499	131.7685	1.856758
5420	-926.4162	-1058.172	131.7558	1.869529
5430	-922.564	-1054.339	131.7747	1.850548
5440	-943.6448	-1075.536	131.8914	1.733884
5450	-942.4085	-1073.828	131.4195	2.20574
5460	-933.3643	-1064.976	131.6115	2.0138
5470	-915.9833	-1047.624	131.6408	1.984448
5480	-923.6348	-1055.167	131.5323	2.093021
5490	-925.2052	-1056.376	131.1704	2.454841
5500	-927.3949	-1059.18	131.7849	1.840413
5510	-929.7585	-1061.564	131.8055	1.819781
5520	-928.2798	-1059.641	131.3611	2.264188
5530	-931.4886	-1063.354	131.865	1.760234
5540	-928.7916	-1060.221	131.4291	2.196212
5550	-928.0819	-1059.83	131.7482	1.877045
5560	-925.867	-1057.116	131.2485	2.376754
5570	-931.4248	-1063.175	131.75	1.875235
5580	-926.357	-1057.767	131.4102	2.215118
5590	-926.5808	-1058.076	131.4948	2.130486
5600	-926.6848	-1058.299	131.6142	2.011102
5610	-942.2112	-1073.761	131.5502	2.075117
5620	-928.3104	-1060.031	131.7207	1.904573
5630	-940.2444	-1071.744	131.4996	2.125663
5640	-944.381	-1075.872	131.4907	2.134574
5650	-937.6755	-1069.331	131.655	1.970281
5660	-933.0975	-1064.733	131.6353	1.989965
5670	-930.2516	-1061.695	131.4431	2.1822
5680	-931.5069	-1063.301	131.7942	1.831049
5690	-920.8288	-1052.22	131.3916	2.233687
5700	-924.1504	-1055.443	131.2926	2.33265
5710	-922.2324	-1053.973	131.7409	1.884394
5720	-945.7741	-1077.405	131.6312	1.994038
5730	-937.3916	-1069.329	131.9376	1.687693
5740	-930.7623	-1062.46	131.6975	1.927795
5750	-940.5484	-1072.336	131.7876	1.837683
5760	-936.7357	-1068.16	131.4247	2.200546
5770	-926.9986	-1058.353	131.3543	2.270965
5780	-931.1408	-1062.85	131.7097	1.915623
5790	-940.0052	-1071.712	131.7066	1.918637
5800	-930.0556	-1061.875	131.8194	1.805857
5810	-937.036	-1068.74	131.7041	1.921215
5820	-928.5362	-1060.296	131.76	1.865326
5830	-919.4922	-1051.23	131.7379	1.88733
5840	-928.2103	-1059.492	131.2818	2.343439
5850	-924.3631	-1055.991	131.6277	1.997535
5860	-930.0815	-1061.928	131.8465	1.778733
5870	-920.4512	-1052.051	131.5999	2.025333
5880	-933.8866	-1065.704	131.8178	1.807477
5890	-927.9083	-1059.505	131.597	2.028265
5900	-931.0796	-1062.679	131.5993	2.026001
5910	-933.2016	-1064.897	131.6956	1.929691
5920	-927.0065	-1058.441	131.4349	2.190382
5930	-920.5688	-1051.997	131.4286	2.196712
5940	-922.1662	-1053.348	131.1821	2.443149
5950	-923.3026	-1055.071	131.7679	1.857364
5960	-929.8475	-1061.497	131.6498	1.97551
5970	-929.5936	-1060.951	131.357	2.268254
5980	-936.1761	-1068.001	131.8245	1.800767
5990	-919.3367	-1051.474	132.1372	1.488117
6000	-928.8708	-1060.345	131.474	2.151301
6010	-925.9845	-1057.91	131.9257	1.699628
6020	-927.9922	-1059.84	131.8475	1.777748
6030	-924.9174	-1056.682	131.7646	1.860659
6040	-923.7613	-1055.528	131.7669	1.858411
6050	-925.8764	-1057.486	131.61	2.015232
6060	-929.7251	-1061.783	132.0582	1.567073
6070	-918.1175	-1049.901	131.7838	1.841438
6080	-930.8955	-1062.591	131.6952	1.930057
6090	-916.4254	-1047.959	131.5332	2.092054
6100	-931.2178	-1062.782	131.5641	2.061202
6110	-932.0401	-1063.647	131.6065	2.018791
6120	-931.2064	-1062.802	131.5956	2.029717
6130	-922.9003	-1054.538	131.6382	1.98705
6140	-917.8492	-1049.334	131.4844	2.140895
6150	-928.9765	-1060.609	131.6322	1.993046
6160	-935.9907	-1067.572	131.5818	2.043507
6170	-941.4283	-1072.574	131.1457	2.479604
6180	-915.2676	-1047.044	131.7759	1.849357
6190	-928.2152	-1060.183	131.9677	1.657555
6200	-922.7953	-1054.784	131.9884	1.636895
6210	-911.7514	-1043.084	131.3328	2.292471
6220	-913.4308	-1045.423	131.9927	1.632546
6230	-923.8222	-1055.484	131.6613	1.963945
6240	-923.254	-1055.201	131.9475	1.677779
6250	-934.2576	-1065.967	131.7096	1.91571
6260	-925.3683	-1057.3	131.9321	1.693177
6270	-925.3546	-1057.199	131.8442	1.781101
6280	-926.2398	-1057.931	131.6911	1.934184
6290	-927.8736	-1059.799	131.9258	1.699439
6300	-928.1161	-1059.781	131.6654	1.959887
6310	-916.4685	-1048.16	131.691	1.934264
6320	-929.2969	-1060.901	131.6043	2.02101
6330	-921.8881	-1053.472	131.5834	2.041885
6340	-931.0237	-1062.88	131.8566	1.768674
6350	-933.5955	-1065.503	131.9072	1.718085
6360	-934.2876	-1065.783	131.4951	2.130155
6370	-929.3361	-1060.986	131.6501	1.975183
6380	-930.4258	-1061.967	131.5414	2.083911
6390	-925.7787	-1057.317	131.5386	2.086702
6400	-924.0483	-1055.79	131.7415	1.883808
6410	-930.5894	-1062.602	132.0129	1.612405
6420	-937.7772	-1069.339	131.5621	2.063167
6430	-937.7922	-1069.278	131.4859	2.139355
6440	-918.1244	-1049.825	131.7005	1.924765
6450	-929.9024	-1061.167	131.2645	2.360801
6460	-923.3102	-1054.793	131.4827	2.142547
6470	-928.8456	-1060.477	131.6315	1.993776
6480	-922.0733	-1053.745	131.6717	1.95362
6490	-940.0347	-1071.663	131.6287	1.996571
6500	-932.9654	-1064.732	131.7669	1.858368
6510	-928.2774	-1059.986	131.7087	1.916568
6520	-941.7026	-1073.102	131.3994	2.225843
6530	-938.6482	-1070.262	131.6138	2.011451
6540	-933.5485	-1065.089	131.5403	2.084932
6550	-937.9035	-1069.413	131.5092	2.116036
6560	-947.7736	-1079.536	131.7627	1.862552
6570	-931.5659	-1063.107	131.5413	2.083966
6580	-922.6939	-1054.324	131.6298	1.995473
6590	-922.9756	-1054.849	131.8736	1.751667
6600	-929.7752	-1061.391	131.6153	2.009956
6610	-924.4996	-1056.514	132.0148	1.610471
6620	-933.3781	-1065.107	131.729	1.896285
6630	-936.9487	-1068.658	131.7097	1.915566
6640	-928.0441	-1059.591	131.5471	2.078148
6650	-927.6613	-1059.025	131.3632	2.26211
6660	-915.2678	-1047.233	131.9649	1.66037
6670	-930.6246	-1062.425	131.8009	1.824423
6680	-923.4781	-1055.259	131.7805	1.844784
6690	-922.4428	-1053.963	131.5201	2.105171
6700	-941.7163	-1073.117	131.4007	2.224551
6710	-946.5888	-1078.018	131.4288	2.196493
6720	-935.9357	-1067.547	131.6108	2.014502
6730	-929.7921	-1061.194	131.4022	2.223031
6740	-927.2323	-1058.708	131.4755	2.149805
6750	-929.3533	-1061.273	131.9202	1.705087
6760	-926.5597	-1057.821	131.2613	2.363955
6770	-924.2685	-1055.963	131.6942	1.931084
6780	-925.1448	-1056.752	131.6076	2.017704
6790	-926.9464	-1058.443	131.4966	2.128641
6800	-930.7121	-1062.56	131.8484	1.776922
6810	-931.962	-1063.122	131.1596	2.465673
6820	-931.7575	-1063.575	131.8178	1.807473
6830	-928.8958	-1060.635	131.7397	1.885548
6840	-925.8685	-1057.744	131.8756	1.749713
6850	-931.9646	-1063.56	131.5951	2.030181
6860	-935.1582	-1067.136	131.9776	1.647725
6870	-930.7718	-1062.351	131.5795	2.045772
6880	-929.6928	-1061.32	131.6274	1.997861
6890	-931.682	-1063.456	131.774	1.851234
6900	-938.6795	-1070.184	131.5048	2.12048
6910	-946.4602	-1078.043	131.5832	2.04205
6920	-935.8445	-1067.416	131.5719	2.053351
6930	-932.6095	-1064.07	131.4603	2.165005
6940	-924.3988	-1055.997	131.5984	2.026925
6950	-923.3824	-1055.116	131.7334	1.891912
6960	-919.8929	-1051.389	131.4965	2.128736
6970	-917.1257	-1048.528	131.4026	2.222708
6980	-920.97	-1052.426	131.4562	2.169046
6990	-924.1831	-1055.567	131.3841	2.241208
7000	-930.4035	-1061.906	131.503	2.122315
7010	-931.5628	-1063.391	131.8287	1.79657
7020	-927.3172	-1059.037	131.7197	1.905561
7030	-928.9661	-1060.716	131.7495	1.875745
7040	-921.8407	-1053.513	131.6718	1.953522
7050	-927.4092	-1059.061	131.6514	1.973907
7060	-923.7078	-1055.257	131.5497	2.075588
7070	-924.8985	-1056.69	131.7914	1.833883
7080	-921.8009	-1053.304	131.5035	2.121734
7090	-920.4891	-1051.993	131.5035	2.121734
7100	-930.5404	-1062.108	131.5672	2.05808
7110	-931.0571	-1062.626	131.569	2.056272
7120	-930.551	-1062.218	131.6671	1.958141
7130	-932.6675	-1064.171	131.5033	2.121945
7140	-927.7651	-1059.602	131.8368	1.78852
7150	-934.8052	-1066.555	131.7502	1.875107
7160	-931.8188	-1063.621	131.8023	1.822947
7170	-932.0687	-1063.501	131.4325	2.19282
7180	-923.672	-1055.391	131.7195	1.905806
7190	-932.1531	-1063.896	131.7428	1.882476
7200	-937.6072	-1069.283	131.6758	1.949433
7210	-928.202	-1059.772	131.5698	2.055456
7220	-922.8506	-1054.725	131.8746	1.750696
7230	-936.9399	-1068.918	131.9785	1.646816
7240	-929.831	-1061.364	131.5333	2.091936
7250	-944.8658	-1076.457	131.5912	2.034062
7260	-929.5288	-1061.304	131.775	1.850274
7270	-919.3885	-1051.322	131.9337	1.691531
7280	-924.6177	-1056.363	131.7454	1.879861
7290	-932.9473	-1064.605	131.6574	1.967901
7300	-933.67	-1065.301	131.6306	1.994693
7310	-931.623	-1063.01	131.3873	2.237932
7320	-929.7683	-1061.193	131.4242	2.201084
7330	-937.9799	-1069.604	131.6236	2.001642
7340	-936.8433	-1068.448	131.6043	2.02099
7350	-939.3934	-1070.831	131.4371	2.188174
7360	-933.9868	-1065.392	131.4049	2.220382
7370	-925.2645	-1056.657	131.3924	2.232831
7380	-930.869	-1062.377	131.5077	2.11755
7390	-923.9398	-1055.626	131.6863	1.938984
7400	-925.7444	-1057.471	131.7265	1.898731
7410	-933.7633	-1065.682	131.9188	1.706508
7420	-926.618	-1058.268	131.6495	1.975749
7430	-932.8808	-1064.374	131.4936	2.131683
7440	-949.6549	-1081.155	131.5	2.125259
7450	-946.866	-1078.604	131.7376	1.887682
7460	-931.8137	-1063.466	131.6527	1.972623
7470	-942.8573	-1074.426	131.5687	2.056538
7480	-935.2021	-1066.618	131.4163	2.208999
7490	-933.546	-1065.615	132.0686	1.556652
7500	-926.3368	-1057.959	131.6218	2.003463
7510	-924.6153	-1056.367	131.7515	1.873823
7520	-922.6586	-1054.422	131.7635	1.861811
7530	-922.0065	-1053.523	131.5169	2.108403
7540	-919.157	-1050.692	131.5353	2.089972
7550	-924.0979	-1055.866	131.7676	1.857631
7560	-922.5812	-1053.78	131.1988	2.426461
7570	-928.045	-1059.618	131.573	2.05232
7580	-926.5701	-1058.013	131.4432	2.182127
7590	-945.1095	-1076.9	131.7906	1.834716
7600	-926.9584	-1058.744	131.7853	1.839973
7610	-929.3415	-1061.191	131.8497	1.775585
7620	-934.842	-1066.392	131.55	2.075289
7630	-940.9729	-1072.95	131.9772	1.648061
7640	-935.1877	-1066.658	131.4703	2.154984
7650	-924.3404	-1056.141	131.8009	1.824377
7660	-915.5759	-1047.35	131.7745	1.850795
7670	-932.2908	-1063.425	131.1343	2.490993
7680	-922.9393	-1054.255	131.316	2.309325
7690	-920.0908	-1051.407	131.316	2.309325
7700	-917.8248	-1049.618	131.7934	1.831897
7710	-929.6754	-1061.22	131.5451	2.080195
7720	-926.3138	-1058.188	131.8744	1.750863
7730	-928.7163	-1059.967	131.2509	2.374403
7740	-928.2129	-1059.96	131.7467	1.878561
7750	-929.3138	-1060.995	131.6813	1.943937
7760	-927.9525	-1059.333	131.3801	2.245183
7770	-929.9236	-1061.42	131.4963	2.12898
7780	-918.0021	-1049.672	131.6695	1.955777
7790	-917.0152	-1048.623	131.6078	2.017433
7800	-917.6623	-1049.339	131.6768	1.948438
7810	-917.7487	-1049.722	131.9729	1.652359
7820	-919.8628	-1051.903	132.0399	1.585421
7830	-921.2421	-1053.085	131.8425	1.782743
7840	-923.4843	-1055.164	131.6792	1.946043
7850	-921.9354	-1053.774	131.8386	1.786667
7860	-934.2632	-1065.544	131.2811	2.344144
7870	-924.7569	-1056.557	131.8004	1.824839
7880	-931.3746	-1063.208	131.8331	1.79222
7890	-923.4308	-1055.28	131.8495	1.775817
7900	-923.5859	-1055.132	131.5464	2.078908
7910	-918.7501	-1050.372	131.6218	2.003505
7920	-924.7282	-1056.328	131.5998	2.025439
7930	-923.4012	-1054.831	131.4301	2.19518
7940	-927.3422	-1058.878	131.5359	2.089346
7950	-928.284	-1059.695	131.4115	2.213805
7960	-932.7878	-1064.286	131.4986	2.126679
7970	-943.8343	-1074.876	131.0419	2.583389
7980	-936.8951	-1068.351	131.4561	2.169177
7990	-939.6433	-1071.216	131.5724	2.05285
8000	-928.6981	-1060.214	131.5155	2.109767
8010	-941.7137	-1073.596	131.8827	1.742543
8020	-933.0254	-1064.408	131.3827	2.242562
8030	-930.8843	-1062.693	131.809	1.816312
8040	-922.518	-1054.221	131.7031	1.922221
8050	-926.5709	-1058.301	131.7305	1.894815
8060	-916.8061	-1048.533	131.7266	1.898677
8070	-927.3612	-1059.024	131.6631	1.962188
8080	-930.1036	-1061.627	131.5237	2.101608
8090	-936.0148	-1068.062	132.0471	1.578185
8100	-936.7516	-1068.329	131.5779	2.047367
8110	-939.8058	-1071.582	131.7762	1.849095
8120	-930.1731	-1061.638	131.4649	2.160355
8130	-929.6538	-1061.248	131.5946	2.03068
8140	-932.9098	-1064.502	131.5927	2.032589
8150	-926.8584	-1058.424	131.5653	2.059991
8160	-934.5453	-1066.228	131.6832	1.942107
8170	-922.3236	-1054.233	131.9093	1.715999
8180	-924.8029	-1056.807	132.0043	1.621025
8190	-918.6943	-1050.397	131.7026	1.922652
8200	-927.7259	-1059.334	131.6085	2.016738
8210	-926.1654	-1057.772	131.607	2.018234
8220	-929.9769	-1061.839	131.8624	1.762864
8230	-932.6239	-1064.24	131.616	2.009234
8240	-935.1418	-1067.242	132.1001	1.525176
8250	-924.5622	-1056.538	131.976	1.649277
8260	-919.1889	-1051.12	131.9313	1.693952
8270	-919.1806	-1050.998	131.8179	1.807417
8280	-927.6261	-1059.308	131.6815	1.943786
8290	-935.8759	-1067.613	131.7376	1.88767
8300	-925.4896	-1056.853	131.3637	2.261544
8310	-937.6903	-1069.552	131.8618	1.763442
8320	-920.7267	-1052.486	131.7595	1.865797
8330	-934.6723	-1066.242	131.5702	2.055107
8340	-932.5352	-1064.293	131.7577	1.867626
8350	-931.3095	-1063.234	131.9243	1.700966
8360	-931.2709	-1062.855	131.5841	2.04117
8370	-924.7603	-1056.46	131.6996	1.925654
8380	-921.2202	-1052.711	131.4908	2.134449
8390	-920.5891	-1052.114	131.5247	2.100589
8400	-920.2132	-1052.009	131.7953	1.829934
8410	-931.9061	-1063.935	132.0294	1.595877
8420	-923.9446	-1055.816	131.8716	1.753639
8430	-924.0018	-1055.515	131.513	2.112244
8440	-930.7145	-1062.624	131.9099	1.715346
8450	-924.3428	-1056.132	131.7892	1.836127
8460	-928.9315	-1060.557	131.626	1.999313
8470	-933.6518	-1065.414	131.7625	1.862744
8480	-926.0338	-1057.373	131.3397	2.285586
8490	-926.3517	-1058.111	131.7591	1.866135
8500	-939.8522	-1071.407	131.5551	2.070187
8510	-939.6194	-1070.92	131.3004	2.324878
8520	-933.5661	-1064.951	131.3849	2.240365
8530	-931.2723	-1062.988	131.716	1.909287
8540	-933.5283	-1065.14	131.6119	2.013401
8550	-931.6099	-1063.397	131.7873	1.838013
8560	-925.0641	-1056.719	131.655	1.970321
8570	-918.8582	-1050.315	131.4566	2.16863
8580	-923.7688	-1055.361	131.5922	2.033123
8590	-925.852	-1057.266	131.414	2.211322
8600	-929.7685	-1061.354	131.5854	2.039884
8610	-927.8541	-1059.268	131.4143	2.211018
8620	-939.062	-1070.873	131.8107	1.814581
8630	-928.4526	-1060.014	131.5611	2.064195
8640	-924.535	-1055.99	131.4552	2.170126
8650	-929.0673	-1060.598	131.5311	2.094163
8660	-930.5092	-1062.075	131.566	2.059306
8670	-939.3192	-1070.831	131.512	2.113283
8680	-933.0771	-1064.881	131.8034	1.82185
8690	-928.5823	-1060.298	131.7157	1.909573
8700	-921.9593	-1053.434	131.4743	2.151016
8710	-933.4758	-1065.233	131.7576	1.867638
8720	-924.4027	-1055.866	131.4637	2.161534
8730	-917.9124	-1049.5	131.5875	2.037745
8740	-919.638	-1051.357	131.7191	1.906132
8750	-921.1553	-1052.247	131.092	2.53329
8760	-931.6291	-1063.082	131.453	2.17223
8770	-932.2864	-1063.668	131.3818	2.243503
8780	-928.6303	-1060.206	131.5758	2.049439
8790	-927.9318	-1059.572	131.6402	1.985067
8800	-923.1935	-1054.982	131.7882	1.837091
8810	-935.4576	-1067.034	131.5762	2.049032
8820	-928.1761	-1059.537	131.3606	2.264724
8830	-928.8766	-1060.26	131.3837	2.241621
8840	-922.2607	-1053.893	131.6325	1.992737
8850	-925.7538	-1057.705	131.9514	1.673877
8860	-930.2314	-1062.056	131.8251	1.800166
8870	-925.1235	-1056.677	131.5537	2.071556
8880	-926.0031	-1057.758	131.7547	1.87058
8890	-921.6646	-1053.199	131.5345	2.090762
8900	-927.6769	-1059.204	131.5276	2.097722
8910	-926.5888	-1058.374	131.7857	1.839598
8920	-932	-1063.522	131.5223	2.102931
8930	-928.83	-1060.148	131.3177	2.307562
8940	-919.6436	-1051.243	131.5994	2.025841
8950	-921.7805	-1053.316	131.5357	2.089549
8960	-925.8118	-1057.52	131.708	1.917243
8970	-934.0236	-1065.397	131.3729	2.252348
8980	-930.6244	-1062.344	131.7194	1.905889
8990	-937.4676	-1068.899	131.4314	2.193841
9000	-924.6611	-1056.489	131.828	1.797325
9010	-934.7474	-1066.25	131.5025	2.122816
9020	-927.487	-1059.263	131.7759	1.849355
9030	-919.2991	-1050.695	131.3954	2.229856
9040	-926.1923	-1057.804	131.6114	2.013889
9050	-926.2042	-1057.945	131.7404	1.884925
9060	-927.2683	-1058.999	131.7305	1.894759
9070	-923.4343	-1055.046	131.6122	2.013129
9080	-940.8064	-1072.396	131.5895	2.035755
9090	-926.7264	-1058.298	131.5712	2.054096
9100	-924.0205	-1055.592	131.5712	2.054096
9110	-920.9171	-1052.571	131.6538	1.971484
9120	-926.2124	-1057.95	131.738	1.887299
9130	-927.4276	-1058.776	131.3483	2.277018
9140	-925.4045	-1057.042	131.6377	1.98756
9150	-920.9648	-1052.564	131.5996	2.025635
9160	-927.7449	-1059.237	131.4923	2.132999
9170	-925.9831	-1057.655	131.6716	1.953652
9180	-930.4662	-1062.109	131.6432	1.982099
9190	-927.5345	-1059.163	131.6282	1.997046
9200	-927.0614	-1058.661	131.5994	2.025891
9210	-925.0933	-1056.705	131.6119	2.013336
9220	-920.5493	-1051.992	131.4428	2.182465
9230	-917.9636	-1049.521	131.5571	2.068209
9240	-918.891	-1050.312	131.4213	2.204021
9250	-925.7997	-1057.195	131.3954	2.22991
9260	-919.5681	-1051.486	131.9176	1.707678
9270	-924.5941	-1056.512	131.9176	1.707678
9280	-918.5777	-1050.032	131.454	2.171249
9290	-921.1651	-1053.032	131.8666	1.75866
9300	-922.6353	-1053.831	131.1957	2.429547
9310	-919.4469	-1050.896	131.4486	2.176649
9320	-937.4053	-1069.023	131.6172	2.008038
9330	-922.4971	-1054.126	131.629	1.996261
9340	-936.735	-1068.268	131.5327	2.092587
9350	-929.1968	-1060.729	131.5327	2.092587
9360	-926.3221	-1058.227	131.905	1.720303
9370	-926.6204	-1058.103	131.4826	2.142714
9380	-921.255	-1052.822	131.5672	2.058078
9390	-931.115	-1062.567	131.4521	2.173192
9400	-924.2479	-1055.72	131.4723	2.152988
9410	-921.7838	-1053.216	131.4321	2.193135
9420	-920.1937	-1052.065	131.8709	1.754406
9430	-924.978	-1056.587	131.6088	2.016463
9440	-928.3552	-1060.02	131.6649	1.960386
9450	-926.5251	-1057.971	131.4462	2.179127
9460	-922.9502	-1054.816	131.8654	1.759919
9470	-928.8358	-1060.58	131.7443	1.88098
9480	-920.0776	-1051.739	131.661	1.964287
9490	-925.3833	-1057.049	131.6658	1.959452
9500	-915.6827	-1047.263	131.5806	2.044657
9510	-918.6931	-1050.638	131.9448	1.680508
9520	-924.1678	-1055.7	131.5325	2.092807
9530	-911.6402	-1043.539	131.8993	1.726012
9540	-921.8303	-1053.367	131.5369	2.08834
9550	-919.3578	-1051.075	131.7175	1.90779
9560	-924.3622	-1056.011	131.6484	1.976854
9570	-926.0153	-1057.627	131.6114	2.013893
9580	-916.5797	-1048.221	131.6411	1.984184
9590	-924.8812	-1056.746	131.8653	1.759949
9600	-925.0168	-1056.886	131.8691	1.756199
9610	-931.6626	-1063.307	131.6447	1.980565
9620	-923.4148	-1055.012	131.5973	2.027986
9630	-918.6678	-1050.334	131.6667	1.95862
9640	-918.1881	-1050.098	131.9097	1.715536
9650	-920.9568	-1052.576	131.6194	2.005909
9660	-928.6763	-1060.53	131.8538	1.771438
9670	-921.1811	-1052.854	131.6727	1.952539
9680	-927.9168	-1059.419	131.5022	2.123126
9690	-925.4121	-1057.221	131.8086	1.81665
9700	-929.7242	-1061.223	131.4989	2.126353
9710	-926.0054	-1057.389	131.3837	2.241564
9720	-926.3375	-1058.128	131.7902	1.835041
9730	-918.1594	-1049.976	131.8165	1.808762
9740	-915.3783	-1047.026	131.648	1.977288
9750	-917.7976	-1049.209	131.4111	2.214227
9760	-923.2316	-1054.628	131.3968	2.228482
9770	-916.3104	-1047.686	131.376	2.249305
9780	-911.676	-1043.207	131.5307	2.094573
9790	-928.5175	-1060.395	131.8776	1.747708
9800	-928.8358	-1060.373	131.537	2.08823
9810	-915.25	-1046.843	131.5934	2.03188
9820	-923.7629	-1055.528	131.7651	1.860191
9830	-930.6656	-1062.107	131.4415	2.183813
9840	-917.7203	-1049.527	131.807	1.818284
9850	-933.7066	-1065.315	131.6082	2.01707
9860	-927.0266	-1058.703	131.6759	1.949379
9870	-925.3663	-1057.188	131.8219	1.803351
9880	-926.2153	-1058.232	132.0163	1.608938
9890	-918.2183	-1049.913	131.6946	1.930631
9900	-915.7685	-1047.576	131.8078	1.817466
9910	-925.7513	-1057.16	131.4087	2.216616
9920	-922.3196	-1053.841	131.521	2.104308
9930	-917.8391	-1049.289	131.4499	2.175359
9940	-928.0181	-1059.385	131.3666	2.258708
9950	-926.1813	-1057.619	131.4373	2.188028
9960	-919.7628	-1051.564	131.8011	1.824224
9970	-925.4277	-1056.899	131.4709	2.154414
9980	-921.8118	-1053.634	131.8218	1.803507
9990	-926.3036	-1057.632	131.3283	2.29702
10000	-917.1942	-1049.005	131.8111	1.814176
