Iteration	Posterior	Likelihood	Prior	tree_length
0	-1316.651	-1448.675	132.0236	1.601664
10	-1319.117	-1451.015	131.8982	1.727123
20	-1322.29	-1454.224	131.934	1.69123
30	-1331.243	-1463.277	132.0341	1.591159
40	-1312.81	-1444.729	131.9194	1.705875
50	-1310.118	-1442.236	132.1177	1.50761
60	-1324.314	-1455.948	131.6344	1.990872
70	-1325.943	-1457.996	132.0527	1.572595
80	-1318.273	-1450.096	131.8231	1.802135
90	-1324.933	-1456.756	131.8231	1.802135
100	-1317.608	-1449.287	131.6794	1.945909
110	-1333.04	-1464.925	131.8844	1.740843
120	-1330.104	-1461.844	131.7404	1.884914
130	-1315.159	-1447.23	132.0707	1.554549
140	-1318.452	-1450.637	132.1848	1.440497
150	-1328.574	-1460.297	131.7224	1.902856
160	-1321.597	-1453.121	131.5238	2.101452
170	-1324.548	-1456.194	131.6457	1.979596
180	-1328.929	-1460.981	132.0526	1.572697
190	-1326.692	-1458.669	131.9768	1.648458
200	-1325.498	-1457.338	131.8401	1.785164
210	-1324.163	-1455.83	131.6667	1.958545
220	-1320.003	-1451.943	131.9401	1.685221
230	-1323.896	-1455.946	132.0494	1.575849
240	-1324.346	-1456.395	132.0492	1.576104
250	-1331.646	-1463.293	131.6471	1.978214
260	-1317.7	-1449.398	131.6981	1.927168
270	-1326.035	-1457.757	131.7217	1.903541
280	-1323.041	-1455.083	132.0417	1.583618
290	-1325.023	-1456.95	131.9268	1.698526
300	-1323.971	-1455.96	131.9881	1.637213
310	-1320.104	-1451.948	131.8446	1.780714
320	-1330.371	-1462.263	131.892	1.733291
330	-1328.482	-1460.374	131.892	1.733291
340	-1325.517	-1457.394	131.8769	1.748366
350	-1325.179	-1456.887	131.7082	1.917068
360	-1321.346	-1453.274	131.9278	1.697521
370	-1326.34	-1458.094	131.7543	1.870983
380	-1332.081	-1463.95	131.8696	1.755718
390	-1330.095	-1461.857	131.7623	1.862975
400	-1322.761	-1454.423	131.6626	1.962646
410	-1316.973	-1448.928	131.9551	1.67016
420	-1321.86	-1453.511	131.6512	1.974126
430	-1308.399	-1440.367	131.9678	1.657491
440	-1323.642	-1455.389	131.7471	1.878199
450	-1322.882	-1454.849	131.9668	1.658438
460	-1317.989	-1449.859	131.8703	1.755003
470	-1319.779	-1451.727	131.9472	1.678063
480	-1317.484	-1449.627	132.1433	1.482009
490	-1310.184	-1441.89	131.706	1.91932
500	-1315.59	-1447.296	131.706	1.91932
510	-1311.475	-1443.302	131.8269	1.798357
520	-1315.774	-1447.576	131.8021	1.823223
530	-1322.537	-1454.372	131.835	1.790234
540	-1324.934	-1456.687	131.7524	1.872838
550	-1324.948	-1457.16	132.2122	1.413068
560	-1320.922	-1452.912	131.9903	1.634968
570	-1331.383	-1463.478	132.0945	1.530746
580	-1327.145	-1459.357	132.2117	1.413562
590	-1319.169	-1450.52	131.3512	2.274119
600	-1311.707	-1443.562	131.8546	1.770653
610	-1320.965	-1452.651	131.6858	1.939505
620	-1325.142	-1457.252	132.1103	1.514971
630	-1325.004	-1457.048	132.0444	1.580842
640	-1336.333	-1468.244	131.9112	1.71407
650	-1327.163	-1459.03	131.8669	1.75836
660	-1342.494	-1474.094	131.6008	2.024496
670	-1322.194	-1453.691	131.4964	2.12889
680	-1336.942	-1468.828	131.8864	1.738843
690	-1349.947	-1481.588	131.6406	1.984638
700	-1329.152	-1461.13	131.9783	1.646996
710	-1328.2	-1459.912	131.7117	1.913623
720	-1325.618	-1457.169	131.551	2.074305
730	-1330.131	-1461.788	131.6571	1.968141
740	-1327.13	-1459.214	132.0843	1.540938
750	-1319.273	-1451.175	131.902	1.723285
760	-1323.298	-1455.206	131.9085	1.716731
770	-1337.58	-1469.389	131.8085	1.816827
780	-1336.065	-1467.615	131.5496	2.075704
790	-1321.234	-1453.103	131.8687	1.756582
800	-1332.783	-1464.93	132.1476	1.477673
810	-1309.481	-1441.242	131.7607	1.864585
820	-1322.578	-1454.398	131.8203	1.804942
830	-1319.105	-1451.031	131.9258	1.699505
840	-1316.642	-1448.392	131.7501	1.875206
850	-1318.27	-1450.188	131.9184	1.706838
860	-1317.414	-1449.666	132.2524	1.372853
870	-1314.392	-1446.291	131.8989	1.726388
880	-1313.409	-1445.434	132.0252	1.600031
890	-1318.193	-1450.052	131.8596	1.765661
900	-1323.375	-1455.236	131.8611	1.764214
910	-1326.105	-1458.047	131.9427	1.682532
920	-1321.212	-1453.094	131.8823	1.742939
930	-1313.823	-1445.819	131.9955	1.629783
940	-1315.651	-1447.637	131.9858	1.639448
950	-1322.521	-1454.255	131.7339	1.891417
960	-1320.151	-1451.971	131.8198	1.805526
970	-1315.38	-1447.512	132.1323	1.492957
980	-1327.967	-1459.882	131.9151	1.710155
990	-1331.586	-1463.453	131.8677	1.757604
1000	-1322.972	-1455.031	132.059	1.566248
1010	-1337.726	-1469.215	131.4888	2.136511
1020	-1319.184	-1451.083	131.8992	1.726064
1030	-1313.528	-1445.3	131.7721	1.853185
1040	-1317.127	-1449.095	131.9682	1.657043
1050	-1325.236	-1457.347	132.111	1.514245
1060	-1342.499	-1474.02	131.5208	2.10448
1070	-1319.4	-1451.345	131.9446	1.680651
1080	-1322.638	-1454.421	131.7827	1.842577
1090	-1331.501	-1463.251	131.7498	1.875436
1100	-1318.967	-1450.69	131.7237	1.901616
1110	-1324.351	-1456.022	131.6706	1.954728
1120	-1322.236	-1454.013	131.7763	1.84899
1130	-1328.473	-1460.686	132.2131	1.412201
1140	-1323.936	-1455.843	131.9073	1.717931
1150	-1325.564	-1457.245	131.6803	1.945023
1160	-1321.636	-1453.552	131.916	1.709247
1170	-1318.122	-1449.994	131.8725	1.752772
1180	-1319.908	-1451.576	131.6681	1.957195
1190	-1323.48	-1455.109	131.6285	1.996747
1200	-1332.489	-1464.113	131.6232	2.002049
1210	-1317.242	-1449.09	131.8479	1.777412
1220	-1331.112	-1463.037	131.9248	1.700464
1230	-1314.151	-1446.126	131.9752	1.650044
1240	-1327.816	-1459.87	132.054	1.571271
1250	-1322.42	-1454.399	131.9792	1.646109
1260	-1318.483	-1450.347	131.864	1.761261
1270	-1325.5	-1457.536	132.0352	1.590052
1280	-1326.157	-1457.999	131.8419	1.783337
1290	-1331.316	-1463.27	131.9542	1.671069
1300	-1317.144	-1449.064	131.9198	1.705511
1310	-1335.781	-1467.654	131.8734	1.751857
1320	-1311.825	-1443.724	131.8996	1.725716
1330	-1315.08	-1447.152	132.0725	1.552747
1340	-1319.926	-1451.884	131.9577	1.667539
1350	-1328.118	-1459.89	131.772	1.853251
1360	-1319.046	-1450.979	131.9323	1.692979
1370	-1318.682	-1450.745	132.0622	1.563049
1380	-1322.521	-1454.233	131.7117	1.913535
1390	-1322.436	-1454.259	131.8237	1.801532
1400	-1324.031	-1455.855	131.8237	1.801532
1410	-1316.302	-1448.059	131.7568	1.8685
1420	-1327.966	-1459.896	131.9303	1.694945
1430	-1316.354	-1448.166	131.812	1.813281
1440	-1318.302	-1450.206	131.9043	1.720997
1450	-1326.304	-1457.672	131.3682	2.257063
1460	-1326.792	-1458.677	131.8854	1.739896
1470	-1337.987	-1469.909	131.922	1.703307
1480	-1344.83	-1476.36	131.5296	2.095658
1490	-1322.265	-1454.061	131.7967	1.828615
1500	-1322.059	-1453.432	131.3729	2.252424
1510	-1321.886	-1453.577	131.6903	1.93494
1520	-1327.674	-1459.773	132.0994	1.525851
1530	-1324.192	-1455.947	131.7544	1.870841
1540	-1321.435	-1453.185	131.7501	1.875132
1550	-1324.165	-1455.975	131.8096	1.815689
1560	-1320.814	-1452.54	131.7262	1.899066
1570	-1325	-1456.957	131.9571	1.668193
1580	-1326.289	-1458.302	132.0133	1.611946
1590	-1313.998	-1445.93	131.9323	1.692996
1600	-1325.319	-1457.143	131.8239	1.801368
1610	-1325.361	-1457.124	131.7636	1.861695
1620	-1324.541	-1456.687	132.1466	1.47867
1630	-1320.359	-1452.084	131.7251	1.900197
1640	-1331.464	-1463.571	132.107	1.518285
1650	-1332.515	-1464.12	131.6052	2.020039
1660	-1325.281	-1457.088	131.8078	1.817499
1670	-1322.045	-1454.066	132.0204	1.604878
1680	-1329.31	-1461.071	131.7617	1.86355
1690	-1323.615	-1455.211	131.5962	2.029036
1700	-1324.772	-1456.363	131.5917	2.033624
1710	-1325.548	-1457.458	131.9098	1.715448
1720	-1315.175	-1447.061	131.8867	1.738604
1730	-1322.294	-1454.254	131.9598	1.665511
1740	-1317.394	-1449.047	131.6536	1.971727
1750	-1316.305	-1448.249	131.9439	1.681425
1760	-1313.956	-1446.004	132.0473	1.577977
1770	-1326.957	-1458.73	131.7739	1.851426
1780	-1322.601	-1454.614	132.0133	1.612005
1790	-1326.874	-1459.042	132.1679	1.457429
1800	-1316.071	-1447.705	131.6344	1.990902
1810	-1316.938	-1448.916	131.9781	1.647164
1820	-1312.802	-1444.668	131.8659	1.759334
1830	-1319.046	-1450.832	131.786	1.839265
1840	-1327.976	-1459.848	131.8719	1.753389
1850	-1327.083	-1458.837	131.7546	1.870679
1860	-1332.203	-1463.842	131.639	1.986294
1870	-1329.008	-1460.854	131.8464	1.778926
1880	-1322.27	-1453.943	131.6732	1.952069
1890	-1326.737	-1458.876	132.1392	1.486041
1900	-1322.262	-1454.001	131.739	1.886287
1910	-1320.994	-1453.008	132.0141	1.61119
1920	-1322.372	-1454.201	131.8291	1.79615
1930	-1328.201	-1459.578	131.3773	2.247985
1940	-1327.667	-1459.297	131.6309	1.994403
1950	-1330.678	-1462.385	131.7077	1.91761
1960	-1330.932	-1462.639	131.7077	1.91761
1970	-1322.808	-1454.825	132.0165	1.608807
1980	-1321.429	-1453.363	131.9342	1.691071
1990	-1326.058	-1457.819	131.7619	1.863409
2000	-1317.015	-1449.004	131.989	1.636269
2010	-1325.476	-1457.448	131.9721	1.653182
2020	-1325.751	-1457.504	131.753	1.872308
2030	-1325.057	-1457.071	132.0138	1.611488
2040	-1314.874	-1446.691	131.8165	1.808774
2050	-1336.974	-1468.874	131.8996	1.725652
2060	-1318.072	-1449.801	131.7292	1.896106
2070	-1325.523	-1457.458	131.9352	1.690047
2080	-1323.776	-1455.7	131.9245	1.700817
2090	-1324.697	-1456.478	131.7811	1.844187
2100	-1327.399	-1459.183	131.7849	1.8404
2110	-1322.203	-1453.962	131.7599	1.865349
2120	-1328.499	-1460.198	131.6985	1.92676
2130	-1324.069	-1455.919	131.8505	1.774735
2140	-1326.397	-1458.417	132.0192	1.606125
2150	-1320.142	-1451.982	131.8402	1.785054
2160	-1331.866	-1463.572	131.7061	1.919162
2170	-1323.755	-1455.808	132.0538	1.571506
2180	-1320.974	-1452.966	131.9919	1.633398
2190	-1324.148	-1456.287	132.1391	1.486145
2200	-1331.771	-1463.361	131.59	2.035256
2210	-1331.288	-1463.073	131.7845	1.840814
2220	-1325.631	-1457.421	131.79	1.835308
2230	-1324.415	-1456.084	131.6693	1.956004
2240	-1322.478	-1454.417	131.9388	1.686513
2250	-1315.566	-1447.597	132.0301	1.595178
2260	-1313.649	-1445.443	131.7943	1.831005
2270	-1313.369	-1445.377	132.0077	1.617532
2280	-1316.087	-1448.229	132.1421	1.483164
2290	-1314.113	-1445.962	131.8487	1.77654
2300	-1339.18	-1471.125	131.945	1.680242
2310	-1321.584	-1453.716	132.1323	1.493021
2320	-1317.192	-1448.962	131.7692	1.856049
2330	-1326.12	-1457.813	131.6924	1.932909
2340	-1316.55	-1448.439	131.8889	1.736339
2350	-1321.144	-1453.004	131.8603	1.764936
2360	-1316.374	-1448.132	131.7588	1.866512
2370	-1320.873	-1452.774	131.9007	1.724624
2380	-1316.247	-1448.184	131.9373	1.687987
2390	-1316.072	-1447.889	131.8165	1.808815
2400	-1321.178	-1452.891	131.7128	1.912472
2410	-1311.907	-1443.811	131.9043	1.721027
2420	-1331.508	-1463.482	131.9744	1.65083
2430	-1327.48	-1459.266	131.7859	1.839417
2440	-1328.619	-1460.5	131.8803	1.744978
2450	-1328.328	-1460.138	131.8096	1.815691
2460	-1320.761	-1452.822	132.0612	1.564105
2470	-1328.906	-1460.589	131.6823	1.942964
2480	-1315.619	-1447.581	131.961	1.664261
2490	-1327.638	-1459.716	132.0775	1.547812
2500	-1316.636	-1448.543	131.9074	1.717855
2510	-1321.488	-1453.347	131.8589	1.766331
2520	-1316.836	-1448.367	131.5308	2.094486
2530	-1319.256	-1451.151	131.8955	1.729751
2540	-1319.668	-1451.663	131.9952	1.630071
2550	-1327.46	-1459.251	131.7916	1.833669
2560	-1330.802	-1462.567	131.7647	1.860611
2570	-1322.233	-1454.045	131.8125	1.812829
2580	-1314.378	-1446.241	131.8631	1.762177
2590	-1318.498	-1450.458	131.9603	1.664972
2600	-1319.863	-1451.709	131.8458	1.779456
2610	-1324.642	-1456.196	131.5541	2.071162
2620	-1322.919	-1454.642	131.723	1.902289
2630	-1328.441	-1460.393	131.952	1.673256
2640	-1323.748	-1455.715	131.9666	1.658665
2650	-1316.094	-1448.132	132.0378	1.587432
2660	-1326.41	-1458.401	131.9906	1.634654
2670	-1314.238	-1446.275	132.0369	1.588379
2680	-1326.453	-1458.353	131.9003	1.725005
2690	-1326.106	-1458.006	131.9003	1.725005
2700	-1333.278	-1465.053	131.7751	1.850134
2710	-1316.514	-1448.361	131.8463	1.778957
2720	-1319.456	-1451.579	132.1233	1.501996
2730	-1316.125	-1447.868	131.7428	1.882468
2740	-1320.109	-1451.984	131.875	1.750296
2750	-1322.563	-1454.458	131.895	1.730297
2760	-1324.467	-1456.328	131.8617	1.763539
2770	-1317.465	-1449.132	131.6665	1.958773
2780	-1314.995	-1446.554	131.5585	2.066769
2790	-1314.683	-1446.7	132.0163	1.608962
2800	-1322.572	-1454.468	131.896	1.72923
2810	-1323.069	-1454.719	131.6504	1.97487
2820	-1322.656	-1454.453	131.7968	1.828502
2830	-1329.213	-1460.971	131.7573	1.868025
2840	-1337.022	-1468.603	131.5814	2.043871
2850	-1322.137	-1453.773	131.6357	1.989569
2860	-1327.112	-1458.838	131.7257	1.899601
2870	-1325.796	-1457.543	131.7474	1.877889
2880	-1329.36	-1461.209	131.8495	1.775795
2890	-1325.303	-1456.869	131.5667	2.058542
2900	-1327.5	-1459.197	131.6975	1.927799
2910	-1323.509	-1455.213	131.7033	1.921963
2920	-1332.734	-1464.551	131.817	1.808265
2930	-1321.882	-1453.767	131.8853	1.739959
2940	-1324.804	-1456.612	131.8079	1.817405
2950	-1322.846	-1454.9	132.0537	1.571603
2960	-1317.814	-1449.76	131.9459	1.679345
2970	-1313.677	-1445.66	131.9837	1.64157
2980	-1333.68	-1465.526	131.8456	1.779671
2990	-1328.178	-1459.924	131.7462	1.879097
3000	-1332.007	-1463.753	131.7462	1.879097
3010	-1338.787	-1470.662	131.8758	1.749504
3020	-1318.506	-1450.748	132.2417	1.383597
3030	-1324.279	-1456.176	131.8971	1.728178
3040	-1318.049	-1449.835	131.7856	1.83966
3050	-1327.732	-1459.723	131.9913	1.634026
3060	-1335.572	-1467.088	131.5155	2.109732
3070	-1335.564	-1467.683	132.1196	1.505714
3080	-1334.525	-1466.428	131.903	1.722241
3090	-1325.333	-1456.992	131.6586	1.966631
3100	-1325.733	-1457.729	131.9957	1.62956
3110	-1325.025	-1456.768	131.7431	1.882191
3120	-1322.166	-1454.031	131.8645	1.760738
3130	-1326.305	-1457.883	131.5775	2.047736
3140	-1317.885	-1449.544	131.6593	1.966009
3150	-1328.915	-1460.624	131.7092	1.916076
3160	-1326.035	-1457.723	131.6878	1.93749
3170	-1318.683	-1450.423	131.7404	1.884922
3180	-1319.122	-1450.962	131.84	1.785329
3190	-1322.303	-1454.369	132.0658	1.559499
3200	-1311.201	-1443.149	131.9479	1.677371
3210	-1317.026	-1448.743	131.7162	1.909109
3220	-1327.765	-1459.798	132.0325	1.592769
3230	-1333.062	-1465.016	131.9546	1.67065
3240	-1333.191	-1464.992	131.8009	1.824403
3250	-1334.47	-1466.345	131.8745	1.750741
3260	-1320.948	-1452.53	131.5823	2.042961
3270	-1329.366	-1461.396	132.0295	1.595796
3280	-1327.967	-1459.828	131.8616	1.763681
3290	-1333.948	-1465.583	131.635	1.99025
3300	-1318.808	-1450.62	131.8111	1.81421
3310	-1324.879	-1456.8	131.9205	1.704739
3320	-1320.038	-1451.862	131.8234	1.801871
3330	-1321.365	-1453.176	131.8116	1.813712
3340	-1325.898	-1457.871	131.973	1.652252
3350	-1329.008	-1460.916	131.9076	1.717697
3360	-1337.084	-1468.917	131.8333	1.792018
3370	-1337.428	-1469.181	131.7531	1.872199
3380	-1317.725	-1449.752	132.0265	1.59879
3390	-1314.108	-1446.096	131.9887	1.63661
3400	-1325.427	-1457.384	131.957	1.668245
3410	-1311.76	-1443.718	131.9583	1.667013
3420	-1317.268	-1449.109	131.8418	1.783511
3430	-1324.491	-1456.359	131.8677	1.75753
3440	-1321.945	-1453.958	132.013	1.612304
3450	-1309.939	-1441.754	131.8153	1.809934
3460	-1309.04	-1440.796	131.756	1.869302
3470	-1322.11	-1454.019	131.9092	1.71608
3480	-1323.912	-1455.915	132.0036	1.621704
3490	-1318.611	-1450.56	131.9485	1.676766
3500	-1332.548	-1464.142	131.5938	2.031431
3510	-1325.379	-1457.009	131.6306	1.994642
3520	-1327.418	-1459.37	131.9515	1.673801
3530	-1318.469	-1450.415	131.9456	1.679659
3540	-1325.247	-1457.083	131.8357	1.789556
3550	-1320.942	-1452.805	131.8629	1.762371
3560	-1323.777	-1455.682	131.905	1.720324
3570	-1322.559	-1454.285	131.7265	1.898793
3580	-1337.113	-1469.018	131.9052	1.720104
3590	-1317.442	-1449.455	132.013	1.612274
3600	-1313.581	-1445.586	132.0054	1.619889
3610	-1315.369	-1447.011	131.6416	1.983686
3620	-1332.328	-1463.938	131.6096	2.015677
3630	-1331.387	-1463.239	131.8518	1.773524
3640	-1332.636	-1464.597	131.9612	1.664086
3650	-1323.917	-1455.967	132.0504	1.574872
3660	-1324.074	-1455.862	131.7872	1.838069
3670	-1324.334	-1456.103	131.7698	1.855465
3680	-1334.462	-1466.238	131.7763	1.848976
3690	-1327.269	-1459.183	131.9144	1.710892
3700	-1317.053	-1448.989	131.9358	1.689451
3710	-1320.464	-1452.475	132.0104	1.61489
3720	-1324.268	-1455.87	131.6017	2.023611
3730	-1322.219	-1453.818	131.5997	2.025589
3740	-1314.81	-1446.888	132.0783	1.546938
3750	-1326.467	-1458.28	131.8125	1.812756
3760	-1331.241	-1462.866	131.6252	2.000047
3770	-1320.434	-1452.314	131.8797	1.745573
3780	-1315.939	-1447.873	131.9345	1.690819
3790	-1332.027	-1463.731	131.704	1.921267
3800	-1324.084	-1456.089	132.0049	1.620351
3810	-1326.792	-1458.638	131.8464	1.778927
3820	-1333.847	-1465.696	131.8485	1.776807
3830	-1325.028	-1456.87	131.8415	1.783773
3840	-1324.636	-1456.464	131.8284	1.79691
3850	-1328.811	-1460.552	131.7403	1.884972
3860	-1326.268	-1458.091	131.8229	1.802331
3870	-1313.607	-1445.518	131.9108	1.714435
3880	-1324.358	-1456.002	131.644	1.981317
3890	-1316.822	-1448.547	131.7248	1.900488
3900	-1331.635	-1463.372	131.7367	1.88854
3910	-1335.567	-1467.446	131.8796	1.745667
3920	-1326.377	-1458.192	131.8153	1.81002
3930	-1325.094	-1457.191	132.097	1.528297
3940	-1331.732	-1463.576	131.8447	1.78058
3950	-1322.418	-1454.26	131.8419	1.783362
3960	-1323.038	-1454.921	131.8831	1.742157
3970	-1331.681	-1463.468	131.7869	1.838375
3980	-1330.702	-1462.595	131.8928	1.732442
3990	-1323.794	-1455.527	131.7334	1.891869
4000	-1326.599	-1458.284	131.6853	1.939937
4010	-1338.896	-1471.057	132.1607	1.464559
4020	-1334.948	-1466.866	131.9183	1.706997
4030	-1333.007	-1464.893	131.8861	1.739211
4040	-1323.889	-1455.876	131.9876	1.637707
4050	-1319.732	-1451.54	131.8078	1.817454
4060	-1323.921	-1455.53	131.6089	2.016354
4070	-1327.596	-1459.488	131.8919	1.733392
4080	-1312.198	-1443.968	131.7701	1.855204
4090	-1314.875	-1446.852	131.9774	1.647833
4100	-1315.062	-1446.959	131.8972	1.728089
4110	-1318.426	-1450.323	131.8972	1.728089
4120	-1325.481	-1457.599	132.118	1.507271
4130	-1327.201	-1459.156	131.9544	1.670916
4140	-1325.611	-1457.51	131.8988	1.726509
4150	-1331.702	-1463.542	131.8399	1.785422
4160	-1326.111	-1457.687	131.576	2.049266
4170	-1323.862	-1455.627	131.7652	1.86006
4180	-1323.639	-1455.602	131.9632	1.662045
4190	-1319.816	-1451.523	131.7066	1.918683
4200	-1332.363	-1464.346	131.9821	1.643157
4210	-1326.15	-1458.148	131.9974	1.627842
4220	-1327.875	-1459.635	131.7601	1.865211
4230	-1325.212	-1456.951	131.7385	1.886792
4240	-1319.965	-1451.899	131.9341	1.69122
4250	-1323.714	-1455.551	131.8373	1.787937
4260	-1317.335	-1449.167	131.8317	1.793595
4270	-1316.748	-1448.486	131.7383	1.886942
4280	-1321.917	-1453.722	131.8044	1.820888
4290	-1312.09	-1444.16	132.0693	1.55597
4300	-1319.976	-1451.834	131.858	1.767275
4310	-1334.612	-1466.424	131.812	1.813261
4320	-1325.188	-1457.187	131.9995	1.625745
4330	-1321.579	-1453.197	131.6176	2.007707
4340	-1325.624	-1457.568	131.9431	1.682226
4350	-1332.061	-1464.075	132.0143	1.610943
4360	-1323.447	-1455.219	131.7717	1.853531
4370	-1332.282	-1464.206	131.924	1.701235
4380	-1330.714	-1462.491	131.7768	1.848465
4390	-1326.294	-1457.92	131.6255	1.99973
4400	-1326.7	-1458.374	131.6736	1.951675
4410	-1317.779	-1449.774	131.9944	1.63092
4420	-1317.002	-1448.731	131.7287	1.896559
4430	-1327.063	-1458.956	131.8931	1.732196
4440	-1324.183	-1456.082	131.8998	1.72543
4450	-1327.924	-1459.491	131.5675	2.057733
4460	-1317.488	-1449.329	131.8407	1.784579
4470	-1315.561	-1447.62	132.0585	1.56681
4480	-1316.253	-1448.018	131.765	1.860262
4490	-1324.317	-1456.093	131.7764	1.848921
4500	-1332.632	-1464.49	131.8576	1.767704
4510	-1331.388	-1463.228	131.8399	1.785409
4520	-1329.563	-1461.243	131.6801	1.945147
4530	-1323.534	-1455.417	131.8837	1.741554
4540	-1323.679	-1455.284	131.6044	2.020846
4550	-1320.228	-1451.617	131.389	2.236278
4560	-1316.343	-1448.118	131.7751	1.850141
4570	-1334.328	-1466.137	131.8095	1.815777
4580	-1327.639	-1459.33	131.6908	1.934457
4590	-1326.506	-1458.188	131.6821	1.943143
4600	-1318.182	-1450.067	131.8857	1.739593
4610	-1326.985	-1458.912	131.9265	1.698756
4620	-1335.036	-1466.891	131.8547	1.770608
4630	-1313.695	-1445.571	131.8764	1.748835
4640	-1317.198	-1449.077	131.8784	1.746855
4650	-1333.607	-1465.498	131.8909	1.734334
4660	-1324.359	-1456.155	131.7965	1.828769
4670	-1330.425	-1462.267	131.8418	1.783479
4680	-1322.301	-1453.951	131.6495	1.975808
4690	-1338.55	-1469.857	131.3074	2.317881
4700	-1333.491	-1465.539	132.0484	1.57686
4710	-1333.07	-1464.932	131.8618	1.763447
4720	-1320.294	-1452.11	131.8164	1.808868
4730	-1332.85	-1464.568	131.7188	1.90652
4740	-1338.728	-1470.442	131.7134	1.91186
4750	-1324.22	-1456.2	131.98	1.645271
4760	-1325.764	-1457.39	131.6262	1.999054
4770	-1329.748	-1461.562	131.8146	1.810637
4780	-1323.886	-1455.699	131.8127	1.812602
4790	-1318.346	-1450.142	131.796	1.8293
4800	-1319.556	-1451.463	131.9073	1.71797
4810	-1322.514	-1454.655	132.1416	1.483676
4820	-1321.716	-1453.568	131.8524	1.772911
4830	-1313.838	-1445.789	131.9512	1.6741
4840	-1325.145	-1456.819	131.6738	1.951453
4850	-1328.987	-1461.008	132.0206	1.604674
4860	-1318.368	-1450.226	131.858	1.767261
4870	-1317.665	-1449.451	131.7865	1.838828
4880	-1319.269	-1451.022	131.7538	1.871433
4890	-1316.769	-1448.48	131.7106	1.914698
4900	-1316.6	-1448.39	131.7895	1.835823
4910	-1320.724	-1452.399	131.6753	1.950022
4920	-1330.312	-1462.274	131.9616	1.663673
4930	-1335.54	-1467.455	131.9158	1.709498
4940	-1331.644	-1463.128	131.4846	2.14067
4950	-1322.859	-1454.552	131.6927	1.932595
4960	-1319.805	-1451.692	131.8863	1.738962
4970	-1327.774	-1459.563	131.7892	1.836042
4980	-1324.839	-1456.936	132.0963	1.528999
4990	-1321.626	-1453.496	131.8702	1.755096
5000	-1324.304	-1456.147	131.8434	1.781886
5010	-1320.509	-1452.352	131.8434	1.781886
5020	-1330.806	-1462.639	131.8328	1.79245
5030	-1316.099	-1447.771	131.6725	1.952739
5040	-1317.625	-1449.504	131.879	1.746265
5050	-1315.936	-1447.733	131.7964	1.828918
5060	-1328.282	-1460.377	132.0943	1.530933
5070	-1330.368	-1462.44	132.0716	1.553721
5080	-1330.046	-1462.214	132.1681	1.457222
5090	-1319.686	-1451.519	131.8332	1.792052
5100	-1323.953	-1455.645	131.6924	1.932928
5110	-1330.284	-1462.253	131.9691	1.656153
5120	-1321.273	-1453.033	131.7596	1.865677
5130	-1322.534	-1454.199	131.6656	1.95972
5140	-1318.368	-1450.032	131.6638	1.961467
5150	-1333.178	-1465.157	131.979	1.646328
5160	-1328.023	-1459.813	131.7906	1.834656
5170	-1332.319	-1464.176	131.8577	1.767618
5180	-1323.468	-1455.185	131.7162	1.909129
5190	-1318.738	-1450.646	131.9077	1.717558
5200	-1316.093	-1447.882	131.7886	1.836674
5210	-1320.43	-1452.336	131.9065	1.718735
5220	-1321.762	-1453.717	131.9555	1.669824
5230	-1320.053	-1452.04	131.9873	1.637994
5240	-1326.747	-1458.66	131.9134	1.711834
5250	-1333.181	-1465.061	131.8802	1.74509
5260	-1327.74	-1459.577	131.8371	1.788192
5270	-1327.592	-1459.283	131.6901	1.935188
5280	-1324.72	-1456.646	131.9254	1.699857
5290	-1324.853	-1456.978	132.1245	1.500771
5300	-1318.96	-1450.583	131.6239	2.001386
5310	-1322.458	-1454.235	131.7766	1.848686
5320	-1326.127	-1458.18	132.0527	1.5726
5330	-1332.281	-1464.274	131.9927	1.632592
5340	-1336.235	-1467.905	131.6703	1.954972
5350	-1330.171	-1461.936	131.7649	1.860368
5360	-1328.766	-1460.682	131.9167	1.708607
5370	-1315.7	-1447.603	131.9026	1.722688
5380	-1323.629	-1455.46	131.8308	1.79444
5390	-1328.168	-1460.054	131.8861	1.739158
5400	-1338.539	-1470.428	131.8895	1.735732
5410	-1339.38	-1471.057	131.6767	1.948601
5420	-1333.175	-1465.061	131.8852	1.740048
5430	-1327.894	-1459.715	131.821	1.804279
5440	-1327.132	-1458.985	131.853	1.7723
5450	-1327.197	-1459.208	132.0113	1.614005
5460	-1337.429	-1469.062	131.6332	1.992096
5470	-1334.252	-1465.927	131.6752	1.950054
5480	-1323.725	-1455.761	132.0354	1.589896
5490	-1316.777	-1448.606	131.8295	1.795735
5500	-1316.725	-1448.355	131.6301	1.995229
5510	-1313.084	-1445.103	132.0189	1.606384
5520	-1316.626	-1448.448	131.8214	1.803873
5530	-1323.006	-1454.933	131.9265	1.698759
5540	-1321.367	-1453.227	131.8594	1.76585
5550	-1328.665	-1460.626	131.9617	1.663602
5560	-1320.614	-1452.597	131.9827	1.642557
5570	-1335.508	-1467.433	131.9252	1.700058
5580	-1326.835	-1458.813	131.9784	1.646861
5590	-1316.707	-1448.557	131.8502	1.775081
5600	-1319.879	-1451.875	131.9961	1.629202
5610	-1325.013	-1457.018	132.005	1.620286
5620	-1325.687	-1457.37	131.6832	1.942127
5630	-1327.254	-1458.765	131.5112	2.114107
5640	-1325.788	-1457.426	131.6381	1.987153
5650	-1317.037	-1448.956	131.919	1.706277
5660	-1329.612	-1461.315	131.7027	1.922574
5670	-1325.624	-1457.59	131.9654	1.65989
5680	-1328.124	-1459.958	131.8333	1.791981
5690	-1331.233	-1463.085	131.8516	1.773691
5700	-1338.038	-1469.78	131.7422	1.883094
5710	-1335.068	-1466.709	131.6408	1.98452
5720	-1320.33	-1452.121	131.791	1.834274
5730	-1315.25	-1446.922	131.6723	1.952991
5740	-1331.146	-1462.819	131.673	1.952271
5750	-1331.247	-1463.166	131.9183	1.706989
5760	-1324.86	-1456.757	131.8967	1.728599
5770	-1316.7	-1448.661	131.9614	1.663845
5780	-1332.011	-1464.282	132.2713	1.35398
5790	-1319.278	-1450.87	131.5921	2.033175
5800	-1331.707	-1463.798	132.091	1.534271
5810	-1321.994	-1453.878	131.8841	1.741179
5820	-1313.728	-1445.442	131.7132	1.912056
5830	-1318.856	-1450.858	132.0023	1.622982
5840	-1323.345	-1455.411	132.0662	1.559081
5850	-1332.068	-1463.652	131.5838	2.041518
5860	-1319.732	-1451.568	131.8364	1.788879
5870	-1317.668	-1449.365	131.6973	1.928004
5880	-1322.254	-1454.182	131.9278	1.697464
5890	-1313.512	-1445.34	131.828	1.797284
5900	-1322.362	-1454.502	132.1405	1.484782
5910	-1329.885	-1461.957	132.0712	1.554108
5920	-1334.331	-1466.212	131.8813	1.743951
5930	-1327.562	-1459.51	131.9486	1.676636
5940	-1320.801	-1452.44	131.6389	1.986426
5950	-1323.766	-1455.336	131.5695	2.055796
5960	-1320.28	-1452.069	131.7886	1.836667
5970	-1323.361	-1455.519	132.158	1.46732
5980	-1322.391	-1453.991	131.5997	2.025617
5990	-1329.697	-1461.074	131.377	2.248257
6000	-1317.64	-1449.494	131.8542	1.771119
6010	-1317.76	-1449.843	132.0826	1.542728
6020	-1314.902	-1447.035	132.1328	1.492444
6030	-1311.882	-1443.845	131.9633	1.662013
6040	-1323.199	-1454.953	131.7544	1.870851
6050	-1325.287	-1456.978	131.6913	1.933995
6060	-1332.387	-1464.045	131.6581	1.96717
6070	-1322.083	-1453.809	131.7264	1.898859
6080	-1319.223	-1450.839	131.6156	2.009659
6090	-1318.018	-1449.642	131.6238	2.001477
6100	-1318.872	-1450.889	132.0173	1.607974
6110	-1335.293	-1467.108	131.8158	1.809479
6120	-1323.195	-1455.243	132.0488	1.576481
6130	-1331.487	-1463.132	131.645	1.980272
6140	-1326.889	-1458.72	131.8312	1.794094
6150	-1332.419	-1464.375	131.956	1.669243
6160	-1327.698	-1459.497	131.7995	1.825761
6170	-1320.213	-1451.906	131.6935	1.931742
6180	-1323.828	-1455.666	131.8382	1.787077
6190	-1324.179	-1456.037	131.8577	1.767561
6200	-1324.749	-1456.85	132.1014	1.523915
6210	-1326.312	-1458.303	131.9903	1.635022
6220	-1320.876	-1452.658	131.7825	1.842823
6230	-1319.736	-1451.816	132.0797	1.545618
6240	-1331.358	-1463.295	131.9374	1.687875
6250	-1327.085	-1458.842	131.757	1.868269
6260	-1328.691	-1460.413	131.7221	1.903167
6270	-1325.59	-1457.306	131.7154	1.909846
6280	-1327.813	-1459.979	132.1657	1.459593
6290	-1327.241	-1458.8	131.5596	2.065653
6300	-1326.156	-1457.972	131.8162	1.80911
6310	-1319.506	-1451.029	131.523	2.102295
6320	-1329.106	-1460.85	131.7442	1.881109
6330	-1327.182	-1459.156	131.974	1.651294
6340	-1323.433	-1455.129	131.6961	1.929208
6350	-1326.842	-1458.656	131.8135	1.811769
6360	-1321.409	-1453.22	131.811	1.814323
6370	-1334.233	-1465.844	131.6106	2.014724
6380	-1327.223	-1459.235	132.0122	1.613085
6390	-1332.252	-1464.001	131.7491	1.876226
6400	-1331.627	-1463.49	131.8632	1.762128
6410	-1327.989	-1459.308	131.3195	2.305762
6420	-1326.777	-1458.339	131.562	2.063292
6430	-1318.656	-1450.192	131.5364	2.088837
6440	-1319.32	-1451.043	131.7224	1.902909
6450	-1331.353	-1462.944	131.591	2.034305
6460	-1323.061	-1454.71	131.6488	1.976453
6470	-1324.801	-1456.501	131.7005	1.92479
6480	-1311.574	-1443.396	131.8214	1.803856
6490	-1323.228	-1454.939	131.7117	1.91358
6500	-1317.984	-1449.686	131.702	1.923288
6510	-1335.054	-1466.867	131.8126	1.812633
6520	-1324.595	-1455.926	131.3304	2.294922
6530	-1318.788	-1450.716	131.9279	1.69739
6540	-1323.324	-1455.294	131.9696	1.655682
6550	-1326.067	-1457.94	131.8725	1.752812
6560	-1322.135	-1453.959	131.8246	1.800673
6570	-1339.624	-1471.295	131.6707	1.954604
6580	-1336.259	-1467.736	131.4774	2.147847
6590	-1326.409	-1458.255	131.8458	1.779472
6600	-1329.564	-1461.314	131.7508	1.874455
6610	-1328.894	-1460.555	131.6611	1.964149
6620	-1333.632	-1465.293	131.6611	1.964149
6630	-1334.278	-1465.939	131.6611	1.964149
6640	-1324.077	-1455.911	131.8338	1.791467
6650	-1328.351	-1460.074	131.7231	1.902141
6660	-1338.672	-1470.398	131.7252	1.900041
6670	-1315.625	-1447.603	131.9786	1.646669
6680	-1319.262	-1451.339	132.0771	1.548209
6690	-1321.772	-1453.55	131.779	1.846325
6700	-1323.361	-1455.366	132.0044	1.620902
6710	-1317.342	-1449.225	131.8835	1.74181
6720	-1329.927	-1461.783	131.8566	1.768665
6730	-1331.98	-1463.836	131.8567	1.76862
6740	-1322.527	-1454.493	131.9657	1.65953
6750	-1341.939	-1473.624	131.6849	1.940348
6760	-1342.93	-1474.707	131.7767	1.848613
6770	-1331.615	-1463.333	131.7182	1.907043
6780	-1327.204	-1459.002	131.7983	1.826961
6790	-1321.949	-1453.681	131.7312	1.894088
6800	-1328.413	-1460.233	131.8205	1.804826
6810	-1320.031	-1451.908	131.8764	1.748847
6820	-1324.48	-1456.593	132.1131	1.512137
6830	-1322.02	-1454.137	132.1167	1.508562
6840	-1320.099	-1451.969	131.87	1.755325
6850	-1331.423	-1463.564	132.1411	1.484156
6860	-1316.916	-1448.873	131.9577	1.667611
6870	-1335.265	-1467.106	131.8408	1.784495
6880	-1326.829	-1458.769	131.9401	1.685151
6890	-1331.893	-1463.731	131.8371	1.78819
6900	-1331.265	-1462.968	131.7037	1.921586
6910	-1334.329	-1466.089	131.7601	1.865183
6920	-1326.768	-1458.764	131.9961	1.629224
6930	-1324.163	-1455.99	131.8275	1.797757
6940	-1333.897	-1465.813	131.916	1.709257
6950	-1328.792	-1460.662	131.8694	1.755906
6960	-1323.97	-1455.998	132.0277	1.597546
6970	-1328.076	-1459.925	131.8496	1.775711
6980	-1325.153	-1456.8	131.647	1.978263
6990	-1323.797	-1455.624	131.8266	1.798679
7000	-1336.306	-1468.257	131.9501	1.675155
7010	-1333.956	-1466.088	132.132	1.493237
7020	-1335.992	-1467.812	131.8195	1.805777
7030	-1322.973	-1454.747	131.7743	1.851026
7040	-1331.532	-1463.332	131.8003	1.824989
7050	-1321.01	-1452.707	131.6974	1.92792
7060	-1328.866	-1460.905	132.0387	1.586602
7070	-1322.909	-1454.777	131.8679	1.757418
7080	-1320.494	-1452.168	131.6744	1.950921
7090	-1329.455	-1461.703	132.2482	1.377083
7100	-1318.789	-1450.824	132.0343	1.590941
7110	-1326.452	-1458.001	131.549	2.076231
7120	-1335.881	-1467.756	131.8754	1.749909
7130	-1327.741	-1459.502	131.7602	1.865055
7140	-1332.98	-1464.872	131.8921	1.733178
7150	-1318.352	-1450.409	132.0572	1.568089
7160	-1315.179	-1447.024	131.8449	1.78037
7170	-1320.361	-1452.383	132.0227	1.602548
7180	-1324.266	-1456.443	132.1761	1.44915
7190	-1320.727	-1452.648	131.921	1.704308
7200	-1332.627	-1464.229	131.6026	2.022691
7210	-1328.085	-1459.692	131.6064	2.018863
7220	-1323.911	-1455.656	131.7446	1.880663
7230	-1321.156	-1453.323	132.1667	1.458538
7240	-1321.852	-1453.743	131.8907	1.734588
7250	-1328.44	-1460.251	131.8116	1.813644
7260	-1327.877	-1459.879	132.0027	1.62259
7270	-1324.859	-1456.404	131.5449	2.080373
7280	-1332.752	-1464.401	131.6492	1.976046
7290	-1330.478	-1462.27	131.7911	1.834167
7300	-1333.799	-1465.382	131.5831	2.042203
7310	-1336.991	-1468.908	131.9173	1.707978
7320	-1325.484	-1457.542	132.0579	1.56739
7330	-1334.757	-1466.418	131.6607	1.964596
7340	-1323.955	-1455.945	131.9901	1.635204
7350	-1328.221	-1460.019	131.7979	1.827428
7360	-1321.114	-1453.138	132.0242	1.601062
7370	-1334.034	-1465.528	131.4931	2.132132
7380	-1336.465	-1468.444	131.979	1.646259
7390	-1325.887	-1457.733	131.8458	1.779521
7400	-1323.72	-1455.537	131.8171	1.808207
7410	-1329.573	-1461.576	132.0028	1.622484
7420	-1328.558	-1460.679	132.1205	1.504815
7430	-1323.431	-1455.108	131.6769	1.948409
7440	-1320.008	-1451.89	131.8819	1.743363
7450	-1320.384	-1452.118	131.7338	1.89147
7460	-1327.386	-1459.261	131.8753	1.749957
7470	-1324.8	-1456.612	131.8118	1.813433
7480	-1346.891	-1478.872	131.9808	1.644528
7490	-1336.699	-1468.618	131.9185	1.706745
7500	-1326.66	-1458.067	131.4069	2.218376
7510	-1326.235	-1458.031	131.7964	1.828887
7520	-1338.935	-1470.577	131.6417	1.983536
7530	-1321.127	-1453.048	131.9215	1.703785
7540	-1325.947	-1457.897	131.9502	1.675092
7550	-1335.099	-1466.621	131.522	2.10329
7560	-1334.944	-1466.75	131.8063	1.819024
7570	-1334.106	-1466.049	131.9424	1.682848
7580	-1318.185	-1450.126	131.9413	1.683971
7590	-1327.171	-1458.792	131.6214	2.003901
7600	-1316.427	-1448.428	132.0008	1.624473
7610	-1317.163	-1448.757	131.5938	2.03149
7620	-1319.512	-1451.195	131.6832	1.942081
7630	-1321.652	-1453.564	131.9118	1.713454
7640	-1324.274	-1455.921	131.6468	1.978474
7650	-1330.532	-1462.454	131.9219	1.703399
7660	-1322.138	-1453.951	131.8124	1.812836
7670	-1321.777	-1453.546	131.7692	1.856114
7680	-1322.768	-1454.594	131.8257	1.799584
7690	-1326.009	-1457.934	131.9242	1.701032
7700	-1336.368	-1468.126	131.7584	1.866911
7710	-1326.239	-1458.054	131.8152	1.810053
7720	-1336.955	-1468.633	131.6783	1.946998
7730	-1336.186	-1468.263	132.077	1.548316
7740	-1324.261	-1456.151	131.8901	1.735207
7750	-1320.043	-1452.099	132.0558	1.569519
7760	-1317.342	-1449.18	131.8384	1.786886
7770	-1322.901	-1454.885	131.984	1.641329
7780	-1322.159	-1453.926	131.767	1.858325
7790	-1319.626	-1451.304	131.6788	1.946522
7800	-1324.275	-1456.154	131.8783	1.746965
7810	-1317.793	-1449.74	131.9469	1.678389
7820	-1332.67	-1464.501	131.8313	1.794017
7830	-1327.118	-1459.112	131.9941	1.631156
7840	-1325.18	-1456.834	131.6541	1.97119
7850	-1320.529	-1452.604	132.0745	1.550817
7860	-1325.575	-1457.551	131.9763	1.649012
7870	-1332.506	-1464.625	132.1188	1.506507
7880	-1320.876	-1452.745	131.8689	1.756359
7890	-1319.694	-1451.586	131.8922	1.733114
7900	-1321.102	-1452.858	131.7565	1.868801
7910	-1328.986	-1460.843	131.8569	1.768381
7920	-1316.907	-1448.887	131.9801	1.64517
7930	-1316.301	-1447.987	131.6857	1.939545
7940	-1329.029	-1460.677	131.648	1.977252
7950	-1315.314	-1447.163	131.8489	1.776334
7960	-1317.978	-1449.407	131.4285	2.196805
7970	-1325.774	-1457.636	131.8628	1.762497
7980	-1336.34	-1467.996	131.6559	1.969414
7990	-1314.443	-1446.449	132.0055	1.619766
8000	-1316.862	-1448.549	131.6867	1.938594
8010	-1336.683	-1468.636	131.9532	1.672042
8020	-1329.116	-1460.783	131.6675	1.957777
8030	-1323.712	-1455.31	131.5975	2.027814
8040	-1327.418	-1459.286	131.8678	1.757503
8050	-1326.771	-1458.541	131.7703	1.854988
8060	-1316.539	-1448.647	132.1077	1.517623
8070	-1317.562	-1449.297	131.7355	1.889794
8080	-1324.604	-1456.391	131.7865	1.83876
8090	-1322.011	-1453.867	131.8553	1.769937
8100	-1309.882	-1441.602	131.7198	1.905489
8110	-1326.695	-1458.441	131.7467	1.878559
8120	-1320.641	-1452.428	131.7873	1.837962
8130	-1328.134	-1460.106	131.9717	1.653557
8140	-1328.834	-1460.457	131.6221	2.003149
8150	-1326.837	-1458.617	131.7803	1.845012
8160	-1326.21	-1458.232	132.0216	1.603654
8170	-1336.772	-1468.662	131.8903	1.734999
8180	-1326.803	-1458.682	131.8795	1.745731
8190	-1324.007	-1455.753	131.7467	1.878629
8200	-1322.342	-1454.279	131.9373	1.687997
8210	-1330.277	-1462.393	132.1166	1.508664
8220	-1321.827	-1453.776	131.9484	1.676881
8230	-1316.491	-1448.457	131.9662	1.659117
8240	-1315.239	-1447.135	131.8962	1.729036
8250	-1319.13	-1450.839	131.7089	1.916384
8260	-1318.046	-1449.851	131.8051	1.820134
8270	-1332.093	-1463.971	131.8782	1.747114
8280	-1329.082	-1461.322	132.2401	1.385224
8290	-1323.202	-1454.71	131.5077	2.117596
8300	-1319.497	-1451.378	131.8812	1.744072
8310	-1330.615	-1462.558	131.9432	1.682054
8320	-1323.653	-1455.606	131.9536	1.671668
8330	-1334.565	-1466.422	131.8577	1.767622
8340	-1328.634	-1460.093	131.4593	2.16601
8350	-1334.315	-1465.871	131.5558	2.069461
8360	-1326.99	-1458.861	131.8705	1.75476
8370	-1318.964	-1450.791	131.8265	1.798815
8380	-1321.275	-1453.317	132.0422	1.583116
8390	-1328.021	-1459.499	131.4781	2.14716
8400	-1319.86	-1451.444	131.5841	2.04115
8410	-1324.053	-1456.03	131.9769	1.648389
8420	-1312.851	-1444.837	131.9853	1.63994
8430	-1308.888	-1440.88	131.9917	1.633582
8440	-1318.645	-1450.6	131.9553	1.669942
8450	-1324.208	-1456.267	132.0592	1.566049
8460	-1330.741	-1462.478	131.7366	1.888634
8470	-1339.124	-1470.748	131.6239	2.001348
8480	-1337.227	-1469.274	132.0465	1.578794
8490	-1340	-1471.782	131.7825	1.842743
8500	-1331.893	-1463.602	131.7094	1.915913
8510	-1317.216	-1449.279	132.0632	1.56209
8520	-1323.809	-1455.66	131.8502	1.775032
8530	-1318.784	-1450.787	132.003	1.622312
8540	-1323.475	-1455.47	131.9953	1.630022
8550	-1331.941	-1464.067	132.1254	1.499855
8560	-1322.239	-1453.918	131.679	1.946238
8570	-1323.919	-1455.828	131.9084	1.716927
8580	-1326.611	-1458.399	131.788	1.837233
8590	-1329.88	-1461.49	131.6099	2.015384
8600	-1310.631	-1442.344	131.7125	1.912812
8610	-1316.749	-1448.939	132.1901	1.435218
8620	-1320.149	-1451.822	131.6736	1.951647
8630	-1321.763	-1453.602	131.8387	1.786619
8640	-1327.962	-1459.755	131.7935	1.831733
8650	-1322.539	-1454.318	131.7789	1.846408
8660	-1314.424	-1446.401	131.9776	1.647679
8670	-1319.333	-1451.162	131.829	1.796312
8680	-1326.95	-1459.076	132.1257	1.499597
8690	-1322.622	-1454.464	131.8417	1.783568
8700	-1312.773	-1444.625	131.8528	1.77249
8710	-1327.567	-1459.754	132.1862	1.439085
8720	-1318.483	-1450.484	132.0013	1.623933
8730	-1320.436	-1451.927	131.4906	2.134706
8740	-1342.965	-1474.56	131.5958	2.02944
8750	-1336.432	-1468.343	131.9109	1.714363
8760	-1322.806	-1454.717	131.911	1.71431
8770	-1329.451	-1461.411	131.9595	1.665809
8780	-1324.041	-1455.687	131.6456	1.979685
8790	-1313.783	-1445.883	132.0998	1.525449
8800	-1313.714	-1445.671	131.9567	1.668628
8810	-1310.571	-1442.37	131.7985	1.826779
8820	-1325.369	-1457.422	132.0529	1.572425
8830	-1325.661	-1457.378	131.717	1.908249
8840	-1326.563	-1458.619	132.0564	1.568851
8850	-1330.639	-1462.592	131.9525	1.672761
8860	-1327.079	-1458.948	131.8682	1.757084
8870	-1319.771	-1451.723	131.9517	1.673563
8880	-1323	-1454.786	131.7863	1.839013
8890	-1324.098	-1455.557	131.4588	2.166516
8900	-1330.204	-1461.872	131.6687	1.956585
8910	-1325.045	-1456.923	131.8785	1.746746
8920	-1322.717	-1454.369	131.6523	1.972979
8930	-1329.329	-1461.216	131.8874	1.737889
8940	-1318.634	-1450.47	131.8364	1.788857
8950	-1330.43	-1462.216	131.7861	1.839145
8960	-1330.676	-1462.41	131.7344	1.890901
8970	-1323.925	-1455.655	131.7303	1.895025
8980	-1323.221	-1454.925	131.7039	1.921346
8990	-1331.755	-1463.582	131.8268	1.798447
9000	-1326.151	-1457.926	131.7755	1.84978
9010	-1319.994	-1451.888	131.8939	1.73136
9020	-1318.071	-1450.093	132.0223	1.60293
9030	-1338.166	-1469.973	131.8076	1.817721
9040	-1332.165	-1463.725	131.5608	2.06444
9050	-1327.452	-1459.354	131.9024	1.722866
9060	-1322.258	-1454.117	131.8585	1.766749
9070	-1315.818	-1447.76	131.9424	1.682928
9080	-1326.785	-1458.515	131.7293	1.89597
9090	-1314.67	-1446.557	131.8869	1.738419
9100	-1330.838	-1462.651	131.8137	1.811566
9110	-1319.221	-1451.062	131.8407	1.784616
9120	-1323.253	-1455.255	132.0026	1.622713
9130	-1328.278	-1460.315	132.0361	1.589197
9140	-1328.258	-1460.035	131.7774	1.847894
9150	-1331.571	-1463.236	131.6654	1.959853
9160	-1323.278	-1455.251	131.9725	1.652779
9170	-1324.359	-1456.191	131.8315	1.793742
9180	-1308.422	-1440.395	131.9727	1.652573
9190	-1320.062	-1451.637	131.5756	2.049669
9200	-1330.059	-1462.176	132.1163	1.508974
9210	-1332.056	-1463.871	131.8145	1.810746
9220	-1319.064	-1450.962	131.8986	1.72673
9230	-1322.612	-1454.696	132.0844	1.540869
9240	-1320.955	-1452.551	131.5966	2.028681
9250	-1318.199	-1449.835	131.6361	1.98915
9260	-1315.127	-1446.932	131.8048	1.820509
9270	-1320.88	-1452.785	131.9044	1.720856
9280	-1311.182	-1442.926	131.7439	1.881338
9290	-1322.143	-1453.726	131.5835	2.041781
9300	-1316.039	-1447.64	131.601	2.024272
9310	-1333.322	-1465.074	131.7514	1.873924
9320	-1333.668	-1465.645	131.9769	1.648344
9330	-1328.48	-1460.369	131.8885	1.73677
9340	-1320.654	-1452.271	131.6168	2.008483
9350	-1323.4	-1455.139	131.7395	1.885784
9360	-1325.288	-1457.245	131.9567	1.668612
9370	-1325.555	-1457.405	131.8508	1.774484
9380	-1321.22	-1452.844	131.6244	2.000913
9390	-1319.16	-1451.071	131.911	1.714234
9400	-1318.772	-1450.783	132.0108	1.614462
9410	-1325.02	-1456.881	131.8606	1.764695
9420	-1313.205	-1444.98	131.7741	1.851227
9430	-1310.916	-1443.005	132.0889	1.536429
9440	-1325.142	-1456.898	131.7567	1.868567
9450	-1321.776	-1453.832	132.0561	1.569191
9460	-1316.542	-1448.381	131.8395	1.785789
9470	-1327.801	-1460	132.1997	1.425568
9480	-1316.495	-1448.293	131.7986	1.826715
9490	-1320.279	-1452.236	131.9568	1.668517
9500	-1328.288	-1460.168	131.8799	1.745337
9510	-1316.225	-1448.279	132.0536	1.57164
9520	-1320.482	-1452.104	131.622	2.003293
9530	-1322.584	-1454.502	131.9181	1.707192
9540	-1318.183	-1450.101	131.9181	1.707192
9550	-1317.409	-1449.34	131.9305	1.694732
9560	-1319.694	-1451.436	131.7421	1.883203
9570	-1322.845	-1454.681	131.8359	1.789405
9580	-1316.522	-1448.317	131.7954	1.82988
9590	-1316.633	-1448.565	131.9327	1.692621
9600	-1317.355	-1449.13	131.7749	1.850425
9610	-1316.059	-1447.835	131.7756	1.849704
9620	-1316.95	-1448.994	132.0446	1.580682
9630	-1319.735	-1451.959	132.2237	1.401567
9640	-1323.906	-1455.656	131.7494	1.875911
9650	-1313.075	-1445.057	131.9816	1.643714
9660	-1321.253	-1453.23	131.9771	1.648156
9670	-1321.391	-1453.6	132.2097	1.415627
9680	-1319.421	-1451.446	132.0256	1.599671
9690	-1332.091	-1464.084	131.9926	1.632701
9700	-1314.075	-1446.068	131.9923	1.632958
9710	-1318.998	-1450.887	131.8885	1.736795
9720	-1322.13	-1453.835	131.705	1.920276
9730	-1331.719	-1463.662	131.9426	1.682655
9740	-1314.661	-1446.8	132.139	1.48627
9750	-1324.432	-1456.089	131.657	1.968248
9760	-1322.904	-1454.855	131.9501	1.675229
9770	-1315.175	-1447.125	131.9501	1.675229
9780	-1321.63	-1453.452	131.8223	1.802978
9790	-1327.926	-1459.649	131.7235	1.901809
9800	-1332.375	-1464.226	131.8507	1.774571
9810	-1321.575	-1453.299	131.7237	1.901536
9820	-1314.923	-1446.83	131.9067	1.718575
9830	-1325.154	-1457.072	131.9185	1.70674
9840	-1327.035	-1458.955	131.9206	1.704656
9850	-1318.268	-1449.975	131.7062	1.919084
9860	-1326.044	-1457.922	131.8785	1.746798
9870	-1330.356	-1462.438	132.0821	1.543142
9880	-1328.196	-1459.823	131.6273	1.997965
9890	-1327.671	-1459.467	131.7959	1.829427
9900	-1330.356	-1462.574	132.2182	1.407067
9910	-1330.126	-1461.705	131.579	2.04628
9920	-1326.309	-1458.135	131.8259	1.799389
9930	-1334.253	-1466.094	131.8409	1.784419
9940	-1330.164	-1462.093	131.9295	1.695818
9950	-1317.348	-1449.382	132.0342	1.591048
9960	-1317.16	-1448.976	131.8156	1.809687
9970	-1324.166	-1456.133	131.9671	1.658153
9980	-1330.256	-1462.213	131.9577	1.667579
9990	-1317.353	-1449.172	131.8196	1.80565
10000	-1319.047	-1450.99	131.9428	1.682437
