Iteration	Replicate_ID	Posterior	Likelihood	Prior	tree_length
0	0	-1316.651	-1448.675	132.0236	1.601664
1	1	-1330.159	-1462.308	132.1495	1.475743
2	0	-1319.117	-1451.015	131.8982	1.727123
3	1	-1347.687	-1479.587	131.9002	1.72508
4	0	-1322.29	-1454.224	131.934	1.69123
5	1	-1336.778	-1468.662	131.8841	1.741214
6	0	-1331.243	-1463.277	132.0341	1.591159
7	1	-1324.188	-1455.905	131.7175	1.907766
8	0	-1312.81	-1444.729	131.9194	1.705875
9	1	-1331.158	-1462.778	131.6199	2.005417
10	0	-1310.118	-1442.236	132.1177	1.50761
11	1	-1331.646	-1463.434	131.7878	1.837482
12	0	-1324.314	-1455.948	131.6344	1.990872
13	1	-1319.655	-1451.316	131.6608	1.964459
14	0	-1325.943	-1457.996	132.0527	1.572595
15	1	-1324.06	-1455.523	131.4626	2.162652
16	0	-1318.273	-1450.096	131.8231	1.802135
17	1	-1318.772	-1450.62	131.8483	1.776959
18	0	-1324.933	-1456.756	131.8231	1.802135
19	1	-1327.854	-1459.417	131.563	2.062266
20	0	-1317.608	-1449.287	131.6794	1.945909
21	1	-1315.224	-1447.121	131.8976	1.727631
22	0	-1333.04	-1464.925	131.8844	1.740843
23	1	-1332.489	-1464.239	131.7501	1.875188
24	0	-1330.104	-1461.844	131.7404	1.884914
25	1	-1335.01	-1466.805	131.7951	1.830224
26	0	-1315.159	-1447.23	132.0707	1.554549
27	1	-1334.616	-1466.453	131.8369	1.788364
28	0	-1318.452	-1450.637	132.1848	1.440497
29	1	-1333.924	-1465.848	131.9238	1.701523
30	0	-1328.574	-1460.297	131.7224	1.902856
31	1	-1336.588	-1468.585	131.997	1.628264
32	0	-1321.597	-1453.121	131.5238	2.101452
33	1	-1328.265	-1460.038	131.7736	1.85165
34	0	-1324.548	-1456.194	131.6457	1.979596
35	1	-1322.489	-1454.387	131.8979	1.727347
36	0	-1328.929	-1460.981	132.0526	1.572697
37	1	-1327.837	-1459.519	131.6822	1.943081
38	0	-1326.692	-1458.669	131.9768	1.648458
39	1	-1325.824	-1457.662	131.8378	1.787492
40	0	-1325.498	-1457.338	131.8401	1.785164
41	1	-1311.203	-1443.084	131.8808	1.744482
42	0	-1324.163	-1455.83	131.6667	1.958545
43	1	-1328.699	-1460.502	131.8038	1.821457
44	0	-1320.003	-1451.943	131.9401	1.685221
45	1	-1327.206	-1459.249	132.0434	1.581875
46	0	-1323.896	-1455.946	132.0494	1.575849
47	1	-1314.162	-1446.259	132.0964	1.528857
48	0	-1324.346	-1456.395	132.0492	1.576104
49	1	-1329.177	-1461.053	131.8757	1.749608
50	0	-1331.646	-1463.293	131.6471	1.978214
51	1	-1322.994	-1454.579	131.5856	2.03967
52	0	-1317.7	-1449.398	131.6981	1.927168
53	1	-1326.894	-1458.906	132.0115	1.613813
54	0	-1326.035	-1457.757	131.7217	1.903541
55	1	-1327.194	-1459.012	131.8182	1.807119
56	0	-1323.041	-1455.083	132.0417	1.583618
57	1	-1325.196	-1456.985	131.7892	1.836045
58	0	-1325.023	-1456.95	131.9268	1.698526
59	1	-1319.209	-1450.856	131.6468	1.978523
60	0	-1323.971	-1455.96	131.9881	1.637213
61	1	-1319.598	-1451.418	131.8208	1.804463
62	0	-1320.104	-1451.948	131.8446	1.780714
63	1	-1325.849	-1457.362	131.5128	2.11245
64	0	-1330.371	-1462.263	131.892	1.733291
65	1	-1333.662	-1465.539	131.8765	1.748769
66	0	-1328.482	-1460.374	131.892	1.733291
67	1	-1330.276	-1462.135	131.8596	1.765652
68	0	-1325.517	-1457.394	131.8769	1.748366
69	1	-1322.026	-1453.919	131.8936	1.731693
70	0	-1325.179	-1456.887	131.7082	1.917068
71	1	-1325.648	-1457.58	131.9317	1.693599
72	0	-1321.346	-1453.274	131.9278	1.697521
73	1	-1328.35	-1460.14	131.7897	1.835559
74	0	-1326.34	-1458.094	131.7543	1.870983
75	1	-1327.968	-1459.674	131.7066	1.918674
76	0	-1332.081	-1463.95	131.8696	1.755718
77	1	-1323.476	-1455.442	131.9658	1.659477
78	0	-1330.095	-1461.857	131.7623	1.862975
79	1	-1330.75	-1462.859	132.1084	1.516834
80	0	-1322.761	-1454.423	131.6626	1.962646
81	1	-1328.755	-1460.672	131.9166	1.708699
82	0	-1316.973	-1448.928	131.9551	1.67016
83	1	-1336.845	-1468.284	131.4392	2.186042
84	0	-1321.86	-1453.511	131.6512	1.974126
85	1	-1331.216	-1462.999	131.7831	1.842142
86	0	-1308.399	-1440.367	131.9678	1.657491
87	1	-1332.278	-1463.796	131.5188	2.106466
88	0	-1323.642	-1455.389	131.7471	1.878199
89	1	-1335.719	-1467.75	132.0308	1.594443
90	0	-1322.882	-1454.849	131.9668	1.658438
91	1	-1328.039	-1459.529	131.4903	2.135023
92	0	-1317.989	-1449.859	131.8703	1.755003
93	1	-1331.016	-1462.724	131.7076	1.917649
94	0	-1319.779	-1451.727	131.9472	1.678063
95	1	-1333.981	-1466.027	132.0461	1.579219
96	0	-1317.484	-1449.627	132.1433	1.482009
97	1	-1321.005	-1453.032	132.0269	1.598371
98	0	-1310.184	-1441.89	131.706	1.91932
99	1	-1318.044	-1449.888	131.8445	1.780732
100	0	-1315.59	-1447.296	131.706	1.91932
101	1	-1330.141	-1461.935	131.795	1.83032
102	0	-1311.475	-1443.302	131.8269	1.798357
103	1	-1329.31	-1461	131.6901	1.935136
104	0	-1315.774	-1447.576	131.8021	1.823223
105	1	-1336.049	-1468.128	132.0794	1.545847
106	0	-1322.537	-1454.372	131.835	1.790234
107	1	-1337.545	-1469.516	131.9705	1.654748
108	0	-1324.934	-1456.687	131.7524	1.872838
109	1	-1329.068	-1460.77	131.7016	1.923649
110	0	-1324.948	-1457.16	132.2122	1.413068
111	1	-1322.752	-1454.446	131.6939	1.931405
112	0	-1320.922	-1452.912	131.9903	1.634968
113	1	-1334.637	-1466.396	131.7595	1.865755
114	0	-1331.383	-1463.478	132.0945	1.530746
115	1	-1318.349	-1449.933	131.5842	2.04105
116	0	-1327.145	-1459.357	132.2117	1.413562
117	1	-1311.257	-1443.188	131.9314	1.693895
118	0	-1319.169	-1450.52	131.3512	2.274119
119	1	-1328.939	-1460.87	131.9314	1.693895
120	0	-1311.707	-1443.562	131.8546	1.770653
121	1	-1317.405	-1449.432	132.0266	1.598699
122	0	-1320.965	-1452.651	131.6858	1.939505
123	1	-1323.908	-1455.741	131.8328	1.792504
124	0	-1325.142	-1457.252	132.1103	1.514971
125	1	-1319.269	-1451.071	131.8029	1.822385
126	0	-1325.004	-1457.048	132.0444	1.580842
127	1	-1333.128	-1465.029	131.901	1.72424
128	0	-1336.333	-1468.244	131.9112	1.71407
129	1	-1325.853	-1458.029	132.1754	1.449849
130	0	-1327.163	-1459.03	131.8669	1.75836
131	1	-1319.419	-1451.466	132.047	1.578327
132	0	-1342.494	-1474.094	131.6008	2.024496
133	1	-1318.782	-1450.313	131.5313	2.093941
134	0	-1322.194	-1453.691	131.4964	2.12889
135	1	-1322.936	-1454.891	131.9543	1.67101
136	0	-1336.942	-1468.828	131.8864	1.738843
137	1	-1317.955	-1449.658	131.7031	1.922149
138	0	-1349.947	-1481.588	131.6406	1.984638
139	1	-1325.661	-1457.359	131.6985	1.926813
140	0	-1329.152	-1461.13	131.9783	1.646996
141	1	-1317.301	-1449.228	131.9264	1.698869
142	0	-1328.2	-1459.912	131.7117	1.913623
143	1	-1316.129	-1448.192	132.0631	1.562179
144	0	-1325.618	-1457.169	131.551	2.074305
145	1	-1330.336	-1461.889	131.5527	2.072614
146	0	-1330.131	-1461.788	131.6571	1.968141
147	1	-1327.776	-1459.607	131.831	1.794329
148	0	-1327.13	-1459.214	132.0843	1.540938
149	1	-1329.521	-1461.333	131.8114	1.81385
150	0	-1319.273	-1451.175	131.902	1.723285
151	1	-1334.93	-1466.587	131.6574	1.967835
152	0	-1323.298	-1455.206	131.9085	1.716731
153	1	-1319.268	-1451.132	131.8635	1.761791
154	0	-1337.58	-1469.389	131.8085	1.816827
155	1	-1334.286	-1466.055	131.769	1.85626
156	0	-1336.065	-1467.615	131.5496	2.075704
157	1	-1331.591	-1463.23	131.6394	1.985901
158	0	-1321.234	-1453.103	131.8687	1.756582
159	1	-1317.267	-1448.986	131.7189	1.906345
160	0	-1332.783	-1464.93	132.1476	1.477673
161	1	-1335.417	-1467.544	132.1267	1.498561
162	0	-1309.481	-1441.242	131.7607	1.864585
163	1	-1328.389	-1459.926	131.537	2.088236
164	0	-1322.578	-1454.398	131.8203	1.804942
165	1	-1320.103	-1452.094	131.9907	1.634563
166	0	-1319.105	-1451.031	131.9258	1.699505
167	1	-1332.182	-1464.054	131.8717	1.753615
168	0	-1316.642	-1448.392	131.7501	1.875206
169	1	-1329.794	-1461.458	131.6642	1.961072
170	0	-1318.27	-1450.188	131.9184	1.706838
171	1	-1323.448	-1455.441	131.9938	1.631447
172	0	-1317.414	-1449.666	132.2524	1.372853
173	1	-1315.647	-1447.636	131.9897	1.635572
174	0	-1314.392	-1446.291	131.8989	1.726388
175	1	-1314.709	-1446.698	131.9897	1.635572
176	0	-1313.409	-1445.434	132.0252	1.600031
177	1	-1312.659	-1444.419	131.7602	1.865038
178	0	-1318.193	-1450.052	131.8596	1.765661
179	1	-1324.701	-1456.327	131.6261	1.999216
180	0	-1323.375	-1455.236	131.8611	1.764214
181	1	-1320.403	-1452.265	131.8617	1.763562
182	0	-1326.105	-1458.047	131.9427	1.682532
183	1	-1316.537	-1448.27	131.7334	1.891865
184	0	-1321.212	-1453.094	131.8823	1.742939
185	1	-1323.755	-1455.63	131.8751	1.750176
186	0	-1313.823	-1445.819	131.9955	1.629783
187	1	-1317.411	-1449.354	131.9431	1.682173
188	0	-1315.651	-1447.637	131.9858	1.639448
189	1	-1320.591	-1452.246	131.6555	1.969822
190	0	-1322.521	-1454.255	131.7339	1.891417
191	1	-1315.083	-1447.005	131.9213	1.703947
192	0	-1320.151	-1451.971	131.8198	1.805526
193	1	-1322.535	-1454.43	131.8942	1.731082
194	0	-1315.38	-1447.512	132.1323	1.492957
195	1	-1321.713	-1453.854	132.1407	1.484574
196	0	-1327.967	-1459.882	131.9151	1.710155
197	1	-1320.949	-1452.796	131.8472	1.778047
198	0	-1331.586	-1463.453	131.8677	1.757604
199	1	-1312.39	-1444.521	132.1319	1.493374
200	0	-1322.972	-1455.031	132.059	1.566248
201	1	-1322.902	-1454.705	131.8032	1.822059
202	0	-1337.726	-1469.215	131.4888	2.136511
203	1	-1315.638	-1447.203	131.5648	2.060479
204	0	-1319.184	-1451.083	131.8992	1.726064
205	1	-1325.089	-1456.721	131.632	1.993252
206	0	-1313.528	-1445.3	131.7721	1.853185
207	1	-1316.96	-1448.811	131.8509	1.77442
208	0	-1317.127	-1449.095	131.9682	1.657043
209	1	-1327.424	-1459.275	131.8509	1.77442
210	0	-1325.236	-1457.347	132.111	1.514245
211	1	-1325.825	-1457.739	131.9136	1.711699
212	0	-1342.499	-1474.02	131.5208	2.10448
213	1	-1319.01	-1450.745	131.7347	1.890592
214	0	-1319.4	-1451.345	131.9446	1.680651
215	1	-1316.356	-1448.198	131.8419	1.783335
216	0	-1322.638	-1454.421	131.7827	1.842577
217	1	-1329.75	-1461.658	131.9088	1.716502
218	0	-1331.501	-1463.251	131.7498	1.875436
219	1	-1312.297	-1444.002	131.705	1.920257
220	0	-1318.967	-1450.69	131.7237	1.901616
221	1	-1330.684	-1462.269	131.5855	2.039819
222	0	-1324.351	-1456.022	131.6706	1.954728
223	1	-1328.309	-1459.954	131.6441	1.981131
224	0	-1322.236	-1454.013	131.7763	1.84899
225	1	-1321.964	-1453.823	131.8598	1.765441
226	0	-1328.473	-1460.686	132.2131	1.412201
227	1	-1318.997	-1450.895	131.8985	1.72674
228	0	-1323.936	-1455.843	131.9073	1.717931
229	1	-1321.149	-1453.048	131.8985	1.72674
230	0	-1325.564	-1457.245	131.6803	1.945023
231	1	-1330.633	-1462.203	131.5698	2.055517
232	0	-1321.636	-1453.552	131.916	1.709247
233	1	-1322.764	-1454.575	131.8103	1.814943
234	0	-1318.122	-1449.994	131.8725	1.752772
235	1	-1332.582	-1464.433	131.8515	1.773795
236	0	-1319.908	-1451.576	131.6681	1.957195
237	1	-1322.076	-1453.996	131.9198	1.705485
238	0	-1323.48	-1455.109	131.6285	1.996747
239	1	-1342.014	-1473.63	131.6165	2.008792
240	0	-1332.489	-1464.113	131.6232	2.002049
241	1	-1322.035	-1453.725	131.6895	1.935813
242	0	-1317.242	-1449.09	131.8479	1.777412
243	1	-1333.5	-1465.572	132.072	1.553245
244	0	-1331.112	-1463.037	131.9248	1.700464
245	1	-1329.915	-1461.725	131.8096	1.815709
246	0	-1314.151	-1446.126	131.9752	1.650044
247	1	-1330.475	-1462.422	131.9465	1.678799
248	0	-1327.816	-1459.87	132.054	1.571271
249	1	-1326.84	-1458.743	131.9029	1.722393
250	0	-1322.42	-1454.399	131.9792	1.646109
251	1	-1328.75	-1460.776	132.0262	1.599116
252	0	-1318.483	-1450.347	131.864	1.761261
253	1	-1329.236	-1461.022	131.7856	1.839725
254	0	-1325.5	-1457.536	132.0352	1.590052
255	1	-1331.042	-1462.817	131.7758	1.849436
256	0	-1326.157	-1457.999	131.8419	1.783337
257	1	-1323.307	-1454.949	131.6428	1.982508
258	0	-1331.316	-1463.27	131.9542	1.671069
259	1	-1330.377	-1462.401	132.0237	1.601605
260	0	-1317.144	-1449.064	131.9198	1.705511
261	1	-1325.35	-1457.088	131.7379	1.887378
262	0	-1335.781	-1467.654	131.8734	1.751857
263	1	-1319.314	-1451.508	132.1933	1.431949
264	0	-1311.825	-1443.724	131.8996	1.725716
265	1	-1323.563	-1455.378	131.815	1.810309
266	0	-1315.08	-1447.152	132.0725	1.552747
267	1	-1325.386	-1457.231	131.8454	1.779907
268	0	-1319.926	-1451.884	131.9577	1.667539
269	1	-1327.411	-1459.33	131.9188	1.706431
270	0	-1328.118	-1459.89	131.772	1.853251
271	1	-1321.654	-1453.701	132.0472	1.578085
272	0	-1319.046	-1450.979	131.9323	1.692979
273	1	-1319.217	-1451.189	131.9723	1.65302
274	0	-1318.682	-1450.745	132.0622	1.563049
275	1	-1333.406	-1465.457	132.0501	1.575157
276	0	-1322.521	-1454.233	131.7117	1.913535
277	1	-1329.607	-1461.541	131.9334	1.691926
278	0	-1322.436	-1454.259	131.8237	1.801532
279	1	-1331.415	-1463.389	131.9742	1.651082
280	0	-1324.031	-1455.855	131.8237	1.801532
281	1	-1318.514	-1450.176	131.6619	1.963383
282	0	-1316.302	-1448.059	131.7568	1.8685
283	1	-1330.318	-1462.209	131.8905	1.734749
284	0	-1327.966	-1459.896	131.9303	1.694945
285	1	-1318.89	-1450.915	132.0251	1.600178
286	0	-1316.354	-1448.166	131.812	1.813281
287	1	-1326.926	-1458.76	131.8341	1.791205
288	0	-1318.302	-1450.206	131.9043	1.720997
289	1	-1318.553	-1450.411	131.858	1.767277
290	0	-1326.304	-1457.672	131.3682	2.257063
291	1	-1325.11	-1456.829	131.7191	1.906223
292	0	-1326.792	-1458.677	131.8854	1.739896
293	1	-1331.944	-1463.955	132.0109	1.614406
294	0	-1337.987	-1469.909	131.922	1.703307
295	1	-1340.452	-1472.604	132.1517	1.473615
296	0	-1344.83	-1476.36	131.5296	2.095658
297	1	-1329.989	-1461.819	131.8301	1.795212
298	0	-1322.265	-1454.061	131.7967	1.828615
299	1	-1324.623	-1456.453	131.8301	1.795212
300	0	-1322.059	-1453.432	131.3729	2.252424
301	1	-1326.102	-1457.919	131.8168	1.808448
302	0	-1321.886	-1453.577	131.6903	1.93494
303	1	-1329.35	-1460.716	131.3656	2.259645
304	0	-1327.674	-1459.773	132.0994	1.525851
305	1	-1319.95	-1451.864	131.9138	1.711514
306	0	-1324.192	-1455.947	131.7544	1.870841
307	1	-1326.743	-1458.816	132.0736	1.551651
308	0	-1321.435	-1453.185	131.7501	1.875132
309	1	-1325.539	-1457.285	131.7456	1.879691
310	0	-1324.165	-1455.975	131.8096	1.815689
311	1	-1321.737	-1453.499	131.7614	1.863926
312	0	-1320.814	-1452.54	131.7262	1.899066
313	1	-1331.888	-1463.708	131.8204	1.804918
314	0	-1325	-1456.957	131.9571	1.668193
315	1	-1325.954	-1457.922	131.9677	1.657619
316	0	-1326.289	-1458.302	132.0133	1.611946
317	1	-1327.92	-1459.751	131.8316	1.793694
318	0	-1313.998	-1445.93	131.9323	1.692996
319	1	-1332.355	-1463.889	131.5342	2.09108
320	0	-1325.319	-1457.143	131.8239	1.801368
321	1	-1330.198	-1462.054	131.8559	1.769424
322	0	-1325.361	-1457.124	131.7636	1.861695
323	1	-1327.179	-1459.043	131.8637	1.761573
324	0	-1324.541	-1456.687	132.1466	1.47867
325	1	-1326.692	-1458.705	132.0135	1.611792
326	0	-1320.359	-1452.084	131.7251	1.900197
327	1	-1314.889	-1446.586	131.6971	1.928228
328	0	-1331.464	-1463.571	132.107	1.518285
329	1	-1320.096	-1452.023	131.9277	1.697555
330	0	-1332.515	-1464.12	131.6052	2.020039
331	1	-1321.069	-1452.972	131.9035	1.721823
332	0	-1325.281	-1457.088	131.8078	1.817499
333	1	-1321.654	-1453.718	132.0637	1.561536
334	0	-1322.045	-1454.066	132.0204	1.604878
335	1	-1315.992	-1447.849	131.8566	1.768682
336	0	-1329.31	-1461.071	131.7617	1.86355
337	1	-1324.682	-1456.517	131.8347	1.790629
338	0	-1323.615	-1455.211	131.5962	2.029036
339	1	-1320.761	-1452.629	131.8678	1.757471
340	0	-1324.772	-1456.363	131.5917	2.033624
341	1	-1324.202	-1456.089	131.8869	1.738377
342	0	-1325.548	-1457.458	131.9098	1.715448
343	1	-1323.936	-1455.719	131.7832	1.842061
344	0	-1315.175	-1447.061	131.8867	1.738604
345	1	-1316.068	-1447.88	131.8123	1.813018
346	0	-1322.294	-1454.254	131.9598	1.665511
347	1	-1323.468	-1455.171	131.7029	1.922428
348	0	-1317.394	-1449.047	131.6536	1.971727
349	1	-1321.45	-1452.999	131.5489	2.076361
350	0	-1316.305	-1448.249	131.9439	1.681425
351	1	-1321.584	-1453.539	131.9555	1.66974
352	0	-1313.956	-1446.004	132.0473	1.577977
353	1	-1328.206	-1459.982	131.7763	1.848945
354	0	-1326.957	-1458.73	131.7739	1.851426
355	1	-1325.76	-1457.148	131.388	2.237247
356	0	-1322.601	-1454.614	132.0133	1.612005
357	1	-1331.075	-1462.903	131.8281	1.797136
358	0	-1326.874	-1459.042	132.1679	1.457429
359	1	-1327.145	-1458.515	131.3701	2.255166
360	0	-1316.071	-1447.705	131.6344	1.990902
361	1	-1328.02	-1459.676	131.6561	1.969209
362	0	-1316.938	-1448.916	131.9781	1.647164
363	1	-1331.473	-1463.254	131.7808	1.844505
364	0	-1312.802	-1444.668	131.8659	1.759334
365	1	-1329.441	-1461.066	131.625	2.000246
366	0	-1319.046	-1450.832	131.786	1.839265
367	1	-1332.925	-1464.894	131.9692	1.656095
368	0	-1327.976	-1459.848	131.8719	1.753389
369	1	-1329.589	-1461.267	131.6778	1.947486
370	0	-1327.083	-1458.837	131.7546	1.870679
371	1	-1316.611	-1448.429	131.8183	1.806938
372	0	-1332.203	-1463.842	131.639	1.986294
373	1	-1322.129	-1454.087	131.9586	1.66663
374	0	-1329.008	-1460.854	131.8464	1.778926
375	1	-1326.421	-1458.327	131.9068	1.718497
376	0	-1322.27	-1453.943	131.6732	1.952069
377	1	-1331.309	-1463.076	131.7667	1.858626
378	0	-1326.737	-1458.876	132.1392	1.486041
379	1	-1328.125	-1459.86	131.7354	1.889837
380	0	-1322.262	-1454.001	131.739	1.886287
381	1	-1320.405	-1452.35	131.9458	1.679496
382	0	-1320.994	-1453.008	132.0141	1.61119
383	1	-1326.293	-1458.135	131.8413	1.783971
384	0	-1322.372	-1454.201	131.8291	1.79615
385	1	-1324.889	-1456.737	131.8482	1.777076
386	0	-1328.201	-1459.578	131.3773	2.247985
387	1	-1319.174	-1450.888	131.7137	1.911574
388	0	-1327.667	-1459.297	131.6309	1.994403
389	1	-1328.405	-1460.119	131.7137	1.91161
390	0	-1330.678	-1462.385	131.7077	1.91761
391	1	-1320.395	-1452.249	131.8531	1.772171
392	0	-1330.932	-1462.639	131.7077	1.91761
393	1	-1320.659	-1452.847	132.1878	1.437441
394	0	-1322.808	-1454.825	132.0165	1.608807
395	1	-1318.373	-1450.66	132.2879	1.337368
396	0	-1321.429	-1453.363	131.9342	1.691071
397	1	-1320.838	-1452.652	131.814	1.811312
398	0	-1326.058	-1457.819	131.7619	1.863409
399	1	-1330.009	-1462.013	132.004	1.621232
400	0	-1317.015	-1449.004	131.989	1.636269
401	1	-1319.911	-1451.68	131.7696	1.855676
402	0	-1325.476	-1457.448	131.9721	1.653182
403	1	-1327.127	-1458.652	131.5259	2.099358
404	0	-1325.751	-1457.504	131.753	1.872308
405	1	-1320.104	-1452.002	131.8977	1.727552
406	0	-1325.057	-1457.071	132.0138	1.611488
407	1	-1329.726	-1461.787	132.0607	1.564618
408	0	-1314.874	-1446.691	131.8165	1.808774
409	1	-1320.037	-1451.622	131.585	2.04033
410	0	-1336.974	-1468.874	131.8996	1.725652
411	1	-1311.849	-1443.601	131.7511	1.874138
412	0	-1318.072	-1449.801	131.7292	1.896106
413	1	-1320.967	-1452.825	131.8578	1.76751
414	0	-1325.523	-1457.458	131.9352	1.690047
415	1	-1322.429	-1454.314	131.8855	1.739766
416	0	-1323.776	-1455.7	131.9245	1.700817
417	1	-1310.328	-1442.35	132.0219	1.603345
418	0	-1324.697	-1456.478	131.7811	1.844187
419	1	-1322.751	-1454.66	131.909	1.716253
420	0	-1327.399	-1459.183	131.7849	1.8404
421	1	-1330.638	-1462.503	131.8646	1.760674
422	0	-1322.203	-1453.962	131.7599	1.865349
423	1	-1323.702	-1455.639	131.9366	1.688721
424	0	-1328.499	-1460.198	131.6985	1.92676
425	1	-1324.817	-1456.644	131.8274	1.797831
426	0	-1324.069	-1455.919	131.8505	1.774735
427	1	-1333.561	-1465.274	131.7133	1.911936
428	0	-1326.397	-1458.417	132.0192	1.606125
429	1	-1315.867	-1447.624	131.7575	1.867809
430	0	-1320.142	-1451.982	131.8402	1.785054
431	1	-1335.349	-1467.425	132.0765	1.548792
432	0	-1331.866	-1463.572	131.7061	1.919162
433	1	-1329.349	-1461.361	132.0121	1.613139
434	0	-1323.755	-1455.808	132.0538	1.571506
435	1	-1318.211	-1450.037	131.8265	1.798779
436	0	-1320.974	-1452.966	131.9919	1.633398
437	1	-1323.688	-1455.504	131.8158	1.809505
438	0	-1324.148	-1456.287	132.1391	1.486145
439	1	-1312.494	-1444.457	131.9633	1.662022
440	0	-1331.771	-1463.361	131.59	2.035256
441	1	-1320.628	-1452.108	131.4799	2.145416
442	0	-1331.288	-1463.073	131.7845	1.840814
443	1	-1322.756	-1454.389	131.6326	1.992694
444	0	-1325.631	-1457.421	131.79	1.835308
445	1	-1326.475	-1458.237	131.7623	1.862947
446	0	-1324.415	-1456.084	131.6693	1.956004
447	1	-1326.501	-1458.04	131.5391	2.086171
448	0	-1322.478	-1454.417	131.9388	1.686513
449	1	-1324.534	-1456.193	131.6593	1.965973
450	0	-1315.566	-1447.597	132.0301	1.595178
451	1	-1330.018	-1461.933	131.9148	1.710487
452	0	-1313.649	-1445.443	131.7943	1.831005
453	1	-1325.29	-1457.13	131.8401	1.785161
454	0	-1313.369	-1445.377	132.0077	1.617532
455	1	-1329.899	-1461.694	131.7943	1.830975
456	0	-1316.087	-1448.229	132.1421	1.483164
457	1	-1332.492	-1464.654	132.1612	1.464039
458	0	-1314.113	-1445.962	131.8487	1.77654
459	1	-1319.275	-1450.744	131.4691	2.156229
460	0	-1339.18	-1471.125	131.945	1.680242
461	1	-1318.876	-1450.445	131.5688	2.056521
462	0	-1321.584	-1453.716	132.1323	1.493021
463	1	-1312.287	-1444.294	132.0069	1.618353
464	0	-1317.192	-1448.962	131.7692	1.856049
465	1	-1318.821	-1450.735	131.9142	1.711106
466	0	-1326.12	-1457.813	131.6924	1.932909
467	1	-1313.777	-1445.633	131.8554	1.769896
468	0	-1316.55	-1448.439	131.8889	1.736339
469	1	-1323.703	-1455.357	131.6536	1.971682
470	0	-1321.144	-1453.004	131.8603	1.764936
471	1	-1315.343	-1447.295	131.9516	1.673722
472	0	-1316.374	-1448.132	131.7588	1.866512
473	1	-1317.195	-1449.251	132.0563	1.568973
474	0	-1320.873	-1452.774	131.9007	1.724624
475	1	-1313.647	-1445.653	132.0053	1.620023
476	0	-1316.247	-1448.184	131.9373	1.687987
477	1	-1313.55	-1445.478	131.9283	1.697002
478	0	-1316.072	-1447.889	131.8165	1.808815
479	1	-1323.387	-1455.291	131.9039	1.721379
480	0	-1321.178	-1452.891	131.7128	1.912472
481	1	-1326.628	-1458.385	131.7572	1.868122
482	0	-1311.907	-1443.811	131.9043	1.721027
483	1	-1330.183	-1461.955	131.7724	1.852859
484	0	-1331.508	-1463.482	131.9744	1.65083
485	1	-1332.244	-1464.327	132.0837	1.54162
486	0	-1327.48	-1459.266	131.7859	1.839417
487	1	-1324.864	-1457.036	132.1719	1.453353
488	0	-1328.619	-1460.5	131.8803	1.744978
489	1	-1317.648	-1449.63	131.9822	1.64308
490	0	-1328.328	-1460.138	131.8096	1.815691
491	1	-1325.661	-1457.407	131.746	1.879329
492	0	-1320.761	-1452.822	132.0612	1.564105
493	1	-1322.391	-1454.29	131.8981	1.727216
494	0	-1328.906	-1460.589	131.6823	1.942964
495	1	-1327.312	-1458.983	131.6705	1.954773
496	0	-1315.619	-1447.581	131.961	1.664261
497	1	-1321.948	-1453.525	131.5766	2.048657
498	0	-1327.638	-1459.716	132.0775	1.547812
499	1	-1322.854	-1454.776	131.9223	1.702974
500	0	-1316.636	-1448.543	131.9074	1.717855
501	1	-1330.731	-1462.099	131.3681	2.257182
502	0	-1321.488	-1453.347	131.8589	1.766331
503	1	-1322.224	-1454.031	131.8068	1.818477
504	0	-1316.836	-1448.367	131.5308	2.094486
505	1	-1329.05	-1460.792	131.7418	1.88345
506	0	-1319.256	-1451.151	131.8955	1.729751
507	1	-1315.914	-1447.795	131.8803	1.744967
508	0	-1319.668	-1451.663	131.9952	1.630071
509	1	-1320.232	-1452.165	131.9332	1.692096
510	0	-1327.46	-1459.251	131.7916	1.833669
511	1	-1319.802	-1451.716	131.9144	1.710833
512	0	-1330.802	-1462.567	131.7647	1.860611
513	1	-1321.478	-1453.338	131.8605	1.76477
514	0	-1322.233	-1454.045	131.8125	1.812829
515	1	-1321.447	-1453.335	131.8883	1.736951
516	0	-1314.378	-1446.241	131.8631	1.762177
517	1	-1323.387	-1454.91	131.523	2.102244
518	0	-1318.498	-1450.458	131.9603	1.664972
519	1	-1326.78	-1458.8	132.0199	1.605359
520	0	-1319.863	-1451.709	131.8458	1.779456
521	1	-1327.63	-1459.234	131.6041	2.021175
522	0	-1324.642	-1456.196	131.5541	2.071162
523	1	-1323.289	-1455.215	131.9261	1.699207
524	0	-1322.919	-1454.642	131.723	1.902289
525	1	-1325.496	-1457.183	131.6871	1.938133
526	0	-1328.441	-1460.393	131.952	1.673256
527	1	-1316.063	-1447.817	131.7538	1.871471
528	0	-1323.748	-1455.715	131.9666	1.658665
529	1	-1322.877	-1454.58	131.7037	1.921612
530	0	-1316.094	-1448.132	132.0378	1.587432
531	1	-1321.03	-1453.061	132.0318	1.593506
532	0	-1326.41	-1458.401	131.9906	1.634654
533	1	-1346.908	-1478.902	131.9947	1.630585
534	0	-1314.238	-1446.275	132.0369	1.588379
535	1	-1334.474	-1466.265	131.7919	1.83342
536	0	-1326.453	-1458.353	131.9003	1.725005
537	1	-1313.416	-1445.301	131.8854	1.739909
538	0	-1326.106	-1458.006	131.9003	1.725005
539	1	-1307.598	-1439.51	131.9122	1.713056
540	0	-1333.278	-1465.053	131.7751	1.850134
541	1	-1329.713	-1461.656	131.9427	1.682604
542	0	-1316.514	-1448.361	131.8463	1.778957
543	1	-1315.303	-1447.298	131.9957	1.629546
544	0	-1319.456	-1451.579	132.1233	1.501996
545	1	-1331.526	-1463.241	131.7149	1.910384
546	0	-1316.125	-1447.868	131.7428	1.882468
547	1	-1334.595	-1466.235	131.6407	1.984576
548	0	-1320.109	-1451.984	131.875	1.750296
549	1	-1335.606	-1467.633	132.0267	1.598579
550	0	-1322.563	-1454.458	131.895	1.730297
551	1	-1331.672	-1463.535	131.8631	1.762152
552	0	-1324.467	-1456.328	131.8617	1.763539
553	1	-1321.851	-1453.675	131.824	1.80132
554	0	-1317.465	-1449.132	131.6665	1.958773
555	1	-1324.4	-1456.091	131.6907	1.934548
556	0	-1314.995	-1446.554	131.5585	2.066769
557	1	-1319.675	-1451.489	131.8144	1.8109
558	0	-1314.683	-1446.7	132.0163	1.608962
559	1	-1325.146	-1457.053	131.9069	1.718399
560	0	-1322.572	-1454.468	131.896	1.72923
561	1	-1320.795	-1452.669	131.8745	1.750829
562	0	-1323.069	-1454.719	131.6504	1.97487
563	1	-1328.629	-1460.345	131.7156	1.909679
564	0	-1322.656	-1454.453	131.7968	1.828502
565	1	-1328.627	-1460.763	132.1365	1.488795
566	0	-1329.213	-1460.971	131.7573	1.868025
567	1	-1331.72	-1463.664	131.9435	1.681739
568	0	-1337.022	-1468.603	131.5814	2.043871
569	1	-1324.66	-1456.474	131.8149	1.810416
570	0	-1322.137	-1453.773	131.6357	1.989569
571	1	-1319.607	-1451.553	131.9464	1.678887
572	0	-1327.112	-1458.838	131.7257	1.899601
573	1	-1314.984	-1447.047	132.0626	1.562696
574	0	-1325.796	-1457.543	131.7474	1.877889
575	1	-1328.762	-1460.596	131.8343	1.790942
576	0	-1329.36	-1461.209	131.8495	1.775795
577	1	-1331.01	-1463.109	132.0989	1.526336
578	0	-1325.303	-1456.869	131.5667	2.058542
579	1	-1333.886	-1465.942	132.0558	1.569504
580	0	-1327.5	-1459.197	131.6975	1.927799
581	1	-1322.804	-1455.003	132.1982	1.427059
582	0	-1323.509	-1455.213	131.7033	1.921963
583	1	-1315.116	-1446.898	131.7826	1.842686
584	0	-1332.734	-1464.551	131.817	1.808265
585	1	-1322.812	-1454.634	131.8219	1.803408
586	0	-1321.882	-1453.767	131.8853	1.739959
587	1	-1320.846	-1452.736	131.8905	1.734732
588	0	-1324.804	-1456.612	131.8079	1.817405
589	1	-1319.255	-1450.979	131.724	1.901329
590	0	-1322.846	-1454.9	132.0537	1.571603
591	1	-1322.753	-1454.499	131.746	1.879309
592	0	-1317.814	-1449.76	131.9459	1.679345
593	1	-1315.613	-1447.522	131.9092	1.716096
594	0	-1313.677	-1445.66	131.9837	1.64157
595	1	-1323.573	-1455.072	131.4994	2.125878
596	0	-1333.68	-1465.526	131.8456	1.779671
597	1	-1321.034	-1452.884	131.8499	1.77539
598	0	-1328.178	-1459.924	131.7462	1.879097
599	1	-1321.472	-1453.392	131.9199	1.70536
600	0	-1332.007	-1463.753	131.7462	1.879097
601	1	-1325.534	-1457.541	132.0065	1.618731
602	0	-1338.787	-1470.662	131.8758	1.749504
603	1	-1323.864	-1455.673	131.809	1.81628
604	0	-1318.506	-1450.748	132.2417	1.383597
605	1	-1325.672	-1457.539	131.8669	1.758401
606	0	-1324.279	-1456.176	131.8971	1.728178
607	1	-1324.504	-1456.38	131.876	1.749265
608	0	-1318.049	-1449.835	131.7856	1.83966
609	1	-1317.582	-1449.349	131.767	1.858267
610	0	-1327.732	-1459.723	131.9913	1.634026
611	1	-1321.988	-1453.916	131.9273	1.697982
612	0	-1335.572	-1467.088	131.5155	2.109732
613	1	-1307.376	-1439.005	131.6281	1.997166
614	0	-1335.564	-1467.683	132.1196	1.505714
615	1	-1321.763	-1453.467	131.7046	1.920698
616	0	-1334.525	-1466.428	131.903	1.722241
617	1	-1319.625	-1451.481	131.8555	1.769753
618	0	-1325.333	-1456.992	131.6586	1.966631
619	1	-1315.929	-1447.823	131.8933	1.732004
620	0	-1325.733	-1457.729	131.9957	1.62956
621	1	-1319.253	-1451.123	131.8705	1.754814
622	0	-1325.025	-1456.768	131.7431	1.882191
623	1	-1323.185	-1455.178	131.9924	1.632836
624	0	-1322.166	-1454.031	131.8645	1.760738
625	1	-1323.653	-1455.368	131.7151	1.910132
626	0	-1326.305	-1457.883	131.5775	2.047736
627	1	-1324.773	-1456.475	131.7023	1.923012
628	0	-1317.885	-1449.544	131.6593	1.966009
629	1	-1322.256	-1454.19	131.9348	1.69048
630	0	-1328.915	-1460.624	131.7092	1.916076
631	1	-1336.946	-1469.095	132.1496	1.475689
632	0	-1326.035	-1457.723	131.6878	1.93749
633	1	-1331.455	-1462.887	131.4321	2.193132
634	0	-1318.683	-1450.423	131.7404	1.884922
635	1	-1315.839	-1447.702	131.8629	1.762414
636	0	-1319.122	-1450.962	131.84	1.785329
637	1	-1323.414	-1455.139	131.7252	1.900041
638	0	-1322.303	-1454.369	132.0658	1.559499
639	1	-1317.679	-1449.723	132.0435	1.581792
640	0	-1311.201	-1443.149	131.9479	1.677371
641	1	-1317.64	-1449.638	131.9982	1.627043
642	0	-1317.026	-1448.743	131.7162	1.909109
643	1	-1313.479	-1445.343	131.8646	1.760691
644	0	-1327.765	-1459.798	132.0325	1.592769
645	1	-1308.744	-1440.597	131.8536	1.771662
646	0	-1333.062	-1465.016	131.9546	1.67065
647	1	-1307.347	-1439.088	131.7405	1.884826
648	0	-1333.191	-1464.992	131.8009	1.824403
649	1	-1321.313	-1453.439	132.1257	1.49953
650	0	-1334.47	-1466.345	131.8745	1.750741
651	1	-1326.214	-1458.079	131.8652	1.760036
652	0	-1320.948	-1452.53	131.5823	2.042961
653	1	-1319.261	-1450.968	131.7072	1.918058
654	0	-1329.366	-1461.396	132.0295	1.595796
655	1	-1311.512	-1443.263	131.7513	1.873962
656	0	-1327.967	-1459.828	131.8616	1.763681
657	1	-1320.707	-1452.747	132.0407	1.584574
658	0	-1333.948	-1465.583	131.635	1.99025
659	1	-1317.793	-1449.731	131.9386	1.686688
660	0	-1318.808	-1450.62	131.8111	1.81421
661	1	-1307.1	-1438.977	131.8772	1.748042
662	0	-1324.879	-1456.8	131.9205	1.704739
663	1	-1321.72	-1453.597	131.8772	1.748042
664	0	-1320.038	-1451.862	131.8234	1.801871
665	1	-1326.92	-1458.916	131.9968	1.6285
666	0	-1321.365	-1453.176	131.8116	1.813712
667	1	-1321.872	-1453.688	131.8157	1.809607
668	0	-1325.898	-1457.871	131.973	1.652252
669	1	-1334.548	-1466.348	131.7997	1.825615
670	0	-1329.008	-1460.916	131.9076	1.717697
671	1	-1332.965	-1464.869	131.9037	1.721615
672	0	-1337.084	-1468.917	131.8333	1.792018
673	1	-1336.676	-1468.567	131.8906	1.734708
674	0	-1337.428	-1469.181	131.7531	1.872199
675	1	-1344.757	-1476.819	132.0622	1.563095
676	0	-1317.725	-1449.752	132.0265	1.59879
677	1	-1338.184	-1470.353	132.1686	1.456704
678	0	-1314.108	-1446.096	131.9887	1.63661
679	1	-1330.026	-1461.588	131.5618	2.063467
680	0	-1325.427	-1457.384	131.957	1.668245
681	1	-1333.528	-1465.501	131.9731	1.652163
682	0	-1311.76	-1443.718	131.9583	1.667013
683	1	-1331.387	-1463.331	131.944	1.681293
684	0	-1317.268	-1449.109	131.8418	1.783511
685	1	-1328.104	-1460.291	132.1872	1.438081
686	0	-1324.491	-1456.359	131.8677	1.75753
687	1	-1321.447	-1453.275	131.8283	1.796953
688	0	-1321.945	-1453.958	132.013	1.612304
689	1	-1326.399	-1458.072	131.6734	1.951835
690	0	-1309.939	-1441.754	131.8153	1.809934
691	1	-1319.81	-1451.501	131.6913	1.933952
692	0	-1309.04	-1440.796	131.756	1.869302
693	1	-1331.56	-1463.219	131.6588	1.966435
694	0	-1322.11	-1454.019	131.9092	1.71608
695	1	-1333.681	-1465.69	132.009	1.616234
696	0	-1323.912	-1455.915	132.0036	1.621704
697	1	-1327.628	-1459.375	131.7463	1.878937
698	0	-1318.611	-1450.56	131.9485	1.676766
699	1	-1321.684	-1453.447	131.7635	1.861784
700	0	-1332.548	-1464.142	131.5938	2.031431
701	1	-1321.973	-1453.468	131.4958	2.12945
702	0	-1325.379	-1457.009	131.6306	1.994642
703	1	-1322.493	-1454.481	131.988	1.637236
704	0	-1327.418	-1459.37	131.9515	1.673801
705	1	-1314.949	-1446.836	131.8871	1.738155
706	0	-1318.469	-1450.415	131.9456	1.679659
707	1	-1318.439	-1450.461	132.0221	1.603131
708	0	-1325.247	-1457.083	131.8357	1.789556
709	1	-1322.478	-1454.452	131.9742	1.651111
710	0	-1320.942	-1452.805	131.8629	1.762371
711	1	-1316.873	-1448.701	131.8278	1.7975
712	0	-1323.777	-1455.682	131.905	1.720324
713	1	-1325.908	-1457.811	131.9035	1.721824
714	0	-1322.559	-1454.285	131.7265	1.898793
715	1	-1326.738	-1458.61	131.8722	1.753031
716	0	-1337.113	-1469.018	131.9052	1.720104
717	1	-1328.549	-1460.431	131.8821	1.743216
718	0	-1317.442	-1449.455	132.013	1.612274
719	1	-1328.812	-1460.693	131.8817	1.743593
720	0	-1313.581	-1445.586	132.0054	1.619889
721	1	-1319.228	-1451.396	132.1681	1.45715
722	0	-1315.369	-1447.011	131.6416	1.983686
723	1	-1311.937	-1443.715	131.7779	1.847362
724	0	-1332.328	-1463.938	131.6096	2.015677
725	1	-1321.747	-1453.505	131.7574	1.86786
726	0	-1331.387	-1463.239	131.8518	1.773524
727	1	-1328.599	-1460.717	132.1174	1.507907
728	0	-1332.636	-1464.597	131.9612	1.664086
729	1	-1325.41	-1457.216	131.806	1.819286
730	0	-1323.917	-1455.967	132.0504	1.574872
731	1	-1333.818	-1465.638	131.8192	1.806065
732	0	-1324.074	-1455.862	131.7872	1.838069
733	1	-1334.728	-1466.421	131.6931	1.932201
734	0	-1324.334	-1456.103	131.7698	1.855465
735	1	-1335.184	-1466.967	131.7832	1.842081
736	0	-1334.462	-1466.238	131.7763	1.848976
737	1	-1329.973	-1461.809	131.8368	1.788472
738	0	-1327.269	-1459.183	131.9144	1.710892
739	1	-1329.393	-1461.338	131.9452	1.680075
740	0	-1317.053	-1448.989	131.9358	1.689451
741	1	-1328.438	-1460.383	131.9452	1.680098
742	0	-1320.464	-1452.475	132.0104	1.61489
743	1	-1333.932	-1465.787	131.8551	1.7702
744	0	-1324.268	-1455.87	131.6017	2.023611
745	1	-1326.289	-1458.224	131.9345	1.69081
746	0	-1322.219	-1453.818	131.5997	2.025589
747	1	-1319.302	-1451.258	131.9554	1.669875
748	0	-1314.81	-1446.888	132.0783	1.546938
749	1	-1312.618	-1444.358	131.7398	1.88546
750	0	-1326.467	-1458.28	131.8125	1.812756
751	1	-1318.259	-1450.156	131.8979	1.727378
752	0	-1331.241	-1462.866	131.6252	2.000047
753	1	-1321.069	-1452.987	131.9184	1.706865
754	0	-1320.434	-1452.314	131.8797	1.745573
755	1	-1326.065	-1458.107	132.0419	1.583338
756	0	-1315.939	-1447.873	131.9345	1.690819
757	1	-1322.039	-1453.795	131.7561	1.869169
758	0	-1332.027	-1463.731	131.704	1.921267
759	1	-1327.056	-1459.045	131.9897	1.635551
760	0	-1324.084	-1456.089	132.0049	1.620351
761	1	-1322.564	-1453.953	131.389	2.236245
762	0	-1326.792	-1458.638	131.8464	1.778927
763	1	-1316.791	-1448.517	131.7259	1.899379
764	0	-1333.847	-1465.696	131.8485	1.776807
765	1	-1315.419	-1447.093	131.6742	1.951037
766	0	-1325.028	-1456.87	131.8415	1.783773
767	1	-1325.365	-1457.3	131.9354	1.689904
768	0	-1324.636	-1456.464	131.8284	1.79691
769	1	-1321.341	-1453.071	131.7295	1.895744
770	0	-1328.811	-1460.552	131.7403	1.884972
771	1	-1316.018	-1447.977	131.96	1.665319
772	0	-1326.268	-1458.091	131.8229	1.802331
773	1	-1316.706	-1448.65	131.9443	1.680968
774	0	-1313.607	-1445.518	131.9108	1.714435
775	1	-1316.344	-1448.134	131.7908	1.834486
776	0	-1324.358	-1456.002	131.644	1.981317
777	1	-1327.662	-1459.472	131.8108	1.814458
778	0	-1316.822	-1448.547	131.7248	1.900488
779	1	-1329.471	-1461.307	131.8361	1.789158
780	0	-1331.635	-1463.372	131.7367	1.88854
781	1	-1328.351	-1460.34	131.9893	1.636003
782	0	-1335.567	-1467.446	131.8796	1.745667
783	1	-1315.338	-1447.412	132.0739	1.551371
784	0	-1326.377	-1458.192	131.8153	1.81002
785	1	-1321.976	-1453.616	131.6407	1.984611
786	0	-1325.094	-1457.191	132.097	1.528297
787	1	-1312.876	-1444.764	131.8886	1.736676
788	0	-1331.732	-1463.576	131.8447	1.78058
789	1	-1316.637	-1448.338	131.7014	1.92392
790	0	-1322.418	-1454.26	131.8419	1.783362
791	1	-1323.312	-1455.441	132.1291	1.496221
792	0	-1323.038	-1454.921	131.8831	1.742157
793	1	-1324.375	-1456.123	131.7482	1.877096
794	0	-1331.681	-1463.468	131.7869	1.838375
795	1	-1318.551	-1450.524	131.9739	1.651429
796	0	-1330.702	-1462.595	131.8928	1.732442
797	1	-1318.871	-1451.123	132.2523	1.373001
798	0	-1323.794	-1455.527	131.7334	1.891869
799	1	-1315.913	-1447.536	131.6224	2.002927
800	0	-1326.599	-1458.284	131.6853	1.939937
801	1	-1313.709	-1445.531	131.8224	1.802845
802	0	-1338.896	-1471.057	132.1607	1.464559
803	1	-1326.91	-1458.89	131.9802	1.645099
804	0	-1334.948	-1466.866	131.9183	1.706997
805	1	-1316.285	-1447.965	131.6809	1.944381
806	0	-1333.007	-1464.893	131.8861	1.739211
807	1	-1321.077	-1453.313	132.2357	1.38953
808	0	-1323.889	-1455.876	131.9876	1.637707
809	1	-1313.058	-1444.958	131.8993	1.725948
810	0	-1319.732	-1451.54	131.8078	1.817454
811	1	-1316.259	-1448.032	131.7727	1.852595
812	0	-1323.921	-1455.53	131.6089	2.016354
813	1	-1318.752	-1450.346	131.5944	2.030889
814	0	-1327.596	-1459.488	131.8919	1.733392
815	1	-1315.682	-1447.646	131.9638	1.661436
816	0	-1312.198	-1443.968	131.7701	1.855204
817	1	-1324.376	-1456.233	131.8575	1.767802
818	0	-1314.875	-1446.852	131.9774	1.647833
819	1	-1321.138	-1453.096	131.9577	1.667538
820	0	-1315.062	-1446.959	131.8972	1.728089
821	1	-1322.751	-1454.647	131.896	1.729313
822	0	-1318.426	-1450.323	131.8972	1.728089
823	1	-1334.216	-1466.039	131.8231	1.802182
824	0	-1325.481	-1457.599	132.118	1.507271
825	1	-1333.244	-1465.191	131.9474	1.677864
826	0	-1327.201	-1459.156	131.9544	1.670916
827	1	-1328.984	-1460.54	131.556	2.069327
828	0	-1325.611	-1457.51	131.8988	1.726509
829	1	-1317.321	-1448.902	131.581	2.044324
830	0	-1331.702	-1463.542	131.8399	1.785422
831	1	-1316.354	-1448.053	131.699	1.926277
832	0	-1326.111	-1457.687	131.576	2.049266
833	1	-1319.5	-1451.226	131.7264	1.898878
834	0	-1323.862	-1455.627	131.7652	1.86006
835	1	-1316.165	-1447.814	131.6493	1.976009
836	0	-1323.639	-1455.602	131.9632	1.662045
837	1	-1314.444	-1446.159	131.7148	1.910498
838	0	-1319.816	-1451.523	131.7066	1.918683
839	1	-1330.585	-1462.521	131.936	1.68932
840	0	-1332.363	-1464.346	131.9821	1.643157
841	1	-1319.583	-1451.188	131.6046	2.020697
842	0	-1326.15	-1458.148	131.9974	1.627842
843	1	-1336.293	-1468.293	132.0005	1.624774
844	0	-1327.875	-1459.635	131.7601	1.865211
845	1	-1326.409	-1458.336	131.9266	1.698729
846	0	-1325.212	-1456.951	131.7385	1.886792
847	1	-1332.48	-1464.407	131.9266	1.698729
848	0	-1319.965	-1451.899	131.9341	1.69122
849	1	-1330.609	-1462.634	132.0249	1.600359
850	0	-1323.714	-1455.551	131.8373	1.787937
851	1	-1326.712	-1458.184	131.4719	2.153387
852	0	-1317.335	-1449.167	131.8317	1.793595
853	1	-1328.409	-1460.263	131.8546	1.770661
854	0	-1316.748	-1448.486	131.7383	1.886942
855	1	-1315.342	-1447.118	131.7763	1.848973
856	0	-1321.917	-1453.722	131.8044	1.820888
857	1	-1319.257	-1451.113	131.856	1.769252
858	0	-1312.09	-1444.16	132.0693	1.55597
859	1	-1324.609	-1456.404	131.7945	1.830815
860	0	-1319.976	-1451.834	131.858	1.767275
861	1	-1317.573	-1449.39	131.8165	1.808734
862	0	-1334.612	-1466.424	131.812	1.813261
863	1	-1329.531	-1461.073	131.5422	2.083123
864	0	-1325.188	-1457.187	131.9995	1.625745
865	1	-1315.438	-1447.416	131.9784	1.646852
866	0	-1321.579	-1453.197	131.6176	2.007707
867	1	-1316.478	-1448.457	131.9784	1.646852
868	0	-1325.624	-1457.568	131.9431	1.682226
869	1	-1323.798	-1455.483	131.6854	1.939864
870	0	-1332.061	-1464.075	132.0143	1.610943
871	1	-1321.162	-1453.12	131.9582	1.667042
872	0	-1323.447	-1455.219	131.7717	1.853531
873	1	-1323.898	-1455.814	131.9164	1.708888
874	0	-1332.282	-1464.206	131.924	1.701235
875	1	-1332.694	-1464.66	131.9657	1.659586
876	0	-1330.714	-1462.491	131.7768	1.848465
877	1	-1322.773	-1454.402	131.6287	1.996622
878	0	-1326.294	-1457.92	131.6255	1.99973
879	1	-1315.065	-1446.972	131.9068	1.718513
880	0	-1326.7	-1458.374	131.6736	1.951675
881	1	-1321.145	-1453.406	132.261	1.364314
882	0	-1317.779	-1449.774	131.9944	1.63092
883	1	-1316.791	-1448.429	131.6379	1.987378
884	0	-1317.002	-1448.731	131.7287	1.896559
885	1	-1327.928	-1460.037	132.1085	1.516748
886	0	-1327.063	-1458.956	131.8931	1.732196
887	1	-1316.191	-1448.013	131.8217	1.803605
888	0	-1324.183	-1456.082	131.8998	1.72543
889	1	-1324.749	-1456.595	131.8461	1.779163
890	0	-1327.924	-1459.491	131.5675	2.057733
891	1	-1319.526	-1451.325	131.7995	1.825749
892	0	-1317.488	-1449.329	131.8407	1.784579
893	1	-1324.023	-1455.889	131.8662	1.759064
894	0	-1315.561	-1447.62	132.0585	1.56681
895	1	-1317.784	-1449.687	131.9034	1.721875
896	0	-1316.253	-1448.018	131.765	1.860262
897	1	-1319.51	-1451.362	131.8522	1.773082
898	0	-1324.317	-1456.093	131.7764	1.848921
899	1	-1318.761	-1450.623	131.8624	1.762859
900	0	-1332.632	-1464.49	131.8576	1.767704
901	1	-1320.947	-1452.42	131.4732	2.152059
902	0	-1331.388	-1463.228	131.8399	1.785409
903	1	-1323.792	-1455.543	131.7504	1.874866
904	0	-1329.563	-1461.243	131.6801	1.945147
905	1	-1321.547	-1453.376	131.8291	1.79617
906	0	-1323.534	-1455.417	131.8837	1.741554
907	1	-1315.371	-1447.084	131.7136	1.911711
908	0	-1323.679	-1455.284	131.6044	2.020846
909	1	-1316.611	-1448.453	131.8417	1.783582
910	0	-1320.228	-1451.617	131.389	2.236278
911	1	-1323.113	-1454.958	131.8448	1.780497
912	0	-1316.343	-1448.118	131.7751	1.850141
913	1	-1328.416	-1460.471	132.0551	1.570153
914	0	-1334.328	-1466.137	131.8095	1.815777
915	1	-1322.302	-1453.984	131.6816	1.943659
916	0	-1327.639	-1459.33	131.6908	1.934457
917	1	-1324.485	-1456.568	132.0825	1.542783
918	0	-1326.506	-1458.188	131.6821	1.943143
919	1	-1338.392	-1470.171	131.7788	1.846496
920	0	-1318.182	-1450.067	131.8857	1.739593
921	1	-1332.529	-1464.383	131.8537	1.77157
922	0	-1326.985	-1458.912	131.9265	1.698756
923	1	-1326.281	-1457.814	131.533	2.092289
924	0	-1335.036	-1466.891	131.8547	1.770608
925	1	-1333.495	-1465.352	131.8568	1.76845
926	0	-1313.695	-1445.571	131.8764	1.748835
927	1	-1327.116	-1458.796	131.6798	1.945441
928	0	-1317.198	-1449.077	131.8784	1.746855
929	1	-1339.445	-1471.391	131.9461	1.679166
930	0	-1333.607	-1465.498	131.8909	1.734334
931	1	-1326.32	-1458.119	131.7985	1.826753
932	0	-1324.359	-1456.155	131.7965	1.828769
933	1	-1319.564	-1451.275	131.7115	1.913747
934	0	-1330.425	-1462.267	131.8418	1.783479
935	1	-1318.187	-1450.08	131.8924	1.732885
936	0	-1322.301	-1453.951	131.6495	1.975808
937	1	-1318.779	-1450.653	131.8737	1.751602
938	0	-1338.55	-1469.857	131.3074	2.317881
939	1	-1311.945	-1443.892	131.9467	1.678581
940	0	-1333.491	-1465.539	132.0484	1.57686
941	1	-1317.735	-1449.702	131.9673	1.657938
942	0	-1333.07	-1464.932	131.8618	1.763447
943	1	-1333.182	-1465.064	131.8823	1.742959
944	0	-1320.294	-1452.11	131.8164	1.808868
945	1	-1321.14	-1453.052	131.9124	1.71285
946	0	-1332.85	-1464.568	131.7188	1.90652
947	1	-1328.064	-1459.836	131.7715	1.853828
948	0	-1338.728	-1470.442	131.7134	1.91186
949	1	-1331.748	-1463.707	131.959	1.666307
950	0	-1324.22	-1456.2	131.98	1.645271
951	1	-1324.075	-1455.659	131.5842	2.041065
952	0	-1325.764	-1457.39	131.6262	1.999054
953	1	-1323.41	-1455.325	131.9148	1.71051
954	0	-1329.748	-1461.562	131.8146	1.810637
955	1	-1315.437	-1447.168	131.7306	1.89465
956	0	-1323.886	-1455.699	131.8127	1.812602
957	1	-1312.242	-1444.061	131.819	1.806305
958	0	-1318.346	-1450.142	131.796	1.8293
959	1	-1315.22	-1447.189	131.9684	1.656873
960	0	-1319.556	-1451.463	131.9073	1.71797
961	1	-1333.993	-1465.877	131.8839	1.741365
962	0	-1322.514	-1454.655	132.1416	1.483676
963	1	-1330.512	-1462.117	131.6052	2.020119
964	0	-1321.716	-1453.568	131.8524	1.772911
965	1	-1322.658	-1454.374	131.7157	1.909607
966	0	-1313.838	-1445.789	131.9512	1.6741
967	1	-1323.15	-1454.916	131.7661	1.859182
968	0	-1325.145	-1456.819	131.6738	1.951453
969	1	-1336.164	-1467.947	131.7825	1.842821
970	0	-1328.987	-1461.008	132.0206	1.604674
971	1	-1321.711	-1453.631	131.9195	1.705777
972	0	-1318.368	-1450.226	131.858	1.767261
973	1	-1330.257	-1462.088	131.8315	1.793745
974	0	-1317.665	-1449.451	131.7865	1.838828
975	1	-1327.421	-1459.174	131.7531	1.872204
976	0	-1319.269	-1451.022	131.7538	1.871433
977	1	-1325.659	-1457.74	132.0816	1.54366
978	0	-1316.769	-1448.48	131.7106	1.914698
979	1	-1323.952	-1455.768	131.8159	1.80938
980	0	-1316.6	-1448.39	131.7895	1.835823
981	1	-1319.299	-1451.02	131.7207	1.904541
982	0	-1320.724	-1452.399	131.6753	1.950022
983	1	-1323.388	-1454.964	131.5757	2.04954
984	0	-1330.312	-1462.274	131.9616	1.663673
985	1	-1319.797	-1451.469	131.6715	1.953752
986	0	-1335.54	-1467.455	131.9158	1.709498
987	1	-1327.696	-1459.705	132.0098	1.615511
988	0	-1331.644	-1463.128	131.4846	2.14067
989	1	-1326.321	-1458.164	131.8433	1.782006
990	0	-1322.859	-1454.552	131.6927	1.932595
991	1	-1322.444	-1454.426	131.9825	1.642768
992	0	-1319.805	-1451.692	131.8863	1.738962
993	1	-1313.568	-1445.539	131.9705	1.654757
994	0	-1327.774	-1459.563	131.7892	1.836042
995	1	-1322.167	-1454.15	131.9836	1.641652
996	0	-1324.839	-1456.936	132.0963	1.528999
997	1	-1325.938	-1457.646	131.7082	1.917075
998	0	-1321.626	-1453.496	131.8702	1.755096
999	1	-1327.897	-1459.91	132.0132	1.612044
1000	0	-1324.304	-1456.147	131.8434	1.781886
1001	1	-1318.712	-1450.471	131.7596	1.865685
1002	0	-1320.509	-1452.352	131.8434	1.781886
1003	1	-1326.624	-1458.709	132.0855	1.539737
1004	0	-1330.806	-1462.639	131.8328	1.79245
1005	1	-1322.416	-1454.138	131.7218	1.903466
1006	0	-1316.099	-1447.771	131.6725	1.952739
1007	1	-1310.915	-1442.719	131.8037	1.821604
1008	0	-1317.625	-1449.504	131.879	1.746265
1009	1	-1317.162	-1449.131	131.9683	1.656997
1010	0	-1315.936	-1447.733	131.7964	1.828918
1011	1	-1320.497	-1452.2	131.7028	1.922514
1012	0	-1328.282	-1460.377	132.0943	1.530933
1013	1	-1327.359	-1459.12	131.7606	1.864662
1014	0	-1330.368	-1462.44	132.0716	1.553721
1015	1	-1316.792	-1448.646	131.8541	1.771174
1016	0	-1330.046	-1462.214	132.1681	1.457222
1017	1	-1328.869	-1460.751	131.8824	1.742852
1018	0	-1319.686	-1451.519	131.8332	1.792052
1019	1	-1316.049	-1447.864	131.8147	1.810563
1020	0	-1323.953	-1455.645	131.6924	1.932928
1021	1	-1320.511	-1452.456	131.9447	1.680566
1022	0	-1330.284	-1462.253	131.9691	1.656153
1023	1	-1328.137	-1459.842	131.7048	1.92043
1024	0	-1321.273	-1453.033	131.7596	1.865677
1025	1	-1326.336	-1458.09	131.7547	1.870576
1026	0	-1322.534	-1454.199	131.6656	1.95972
1027	1	-1326.767	-1458.487	131.7206	1.904668
1028	0	-1318.368	-1450.032	131.6638	1.961467
1029	1	-1326.661	-1458.732	132.0709	1.554369
1030	0	-1333.178	-1465.157	131.979	1.646328
1031	1	-1324.82	-1456.618	131.7975	1.827781
1032	0	-1328.023	-1459.813	131.7906	1.834656
1033	1	-1324.46	-1456.03	131.5703	2.055022
1034	0	-1332.319	-1464.176	131.8577	1.767618
1035	1	-1325.398	-1457.351	131.9535	1.671745
1036	0	-1323.468	-1455.185	131.7162	1.909129
1037	1	-1321.172	-1453.046	131.8732	1.7521
1038	0	-1318.738	-1450.646	131.9077	1.717558
1039	1	-1320.131	-1452.264	132.1326	1.49269
1040	0	-1316.093	-1447.882	131.7886	1.836674
1041	1	-1323.29	-1454.969	131.6783	1.947002
1042	0	-1320.43	-1452.336	131.9065	1.718735
1043	1	-1324.679	-1456.816	132.1368	1.48844
1044	0	-1321.762	-1453.717	131.9555	1.669824
1045	1	-1329.291	-1460.793	131.5019	2.123385
1046	0	-1320.053	-1452.04	131.9873	1.637994
1047	1	-1314.614	-1446.43	131.8165	1.808763
1048	0	-1326.747	-1458.66	131.9134	1.711834
1049	1	-1325.734	-1457.583	131.8499	1.77533
1050	0	-1333.181	-1465.061	131.8802	1.74509
1051	1	-1322.87	-1454.694	131.8235	1.801765
1052	0	-1327.74	-1459.577	131.8371	1.788192
1053	1	-1322.694	-1454.518	131.8235	1.801765
1054	0	-1327.592	-1459.283	131.6901	1.935188
1055	1	-1319.948	-1451.861	131.9122	1.713052
1056	0	-1324.72	-1456.646	131.9254	1.699857
1057	1	-1324.451	-1456.267	131.8168	1.808455
1058	0	-1324.853	-1456.978	132.1245	1.500771
1059	1	-1325.155	-1457.128	131.9731	1.652141
1060	0	-1318.96	-1450.583	131.6239	2.001386
1061	1	-1330.872	-1462.706	131.8342	1.791065
1062	0	-1322.458	-1454.235	131.7766	1.848686
1063	1	-1326.769	-1458.386	131.6173	2.007972
1064	0	-1326.127	-1458.18	132.0527	1.5726
1065	1	-1325.526	-1457.546	132.0194	1.605851
1066	0	-1332.281	-1464.274	131.9927	1.632592
1067	1	-1320.509	-1452.359	131.8496	1.775643
1068	0	-1336.235	-1467.905	131.6703	1.954972
1069	1	-1321.64	-1453.659	132.019	1.606271
1070	0	-1330.171	-1461.936	131.7649	1.860368
1071	1	-1324.696	-1456.521	131.8252	1.800097
1072	0	-1328.766	-1460.682	131.9167	1.708607
1073	1	-1322.77	-1454.63	131.8594	1.765908
1074	0	-1315.7	-1447.603	131.9026	1.722688
1075	1	-1329.677	-1461.695	132.0181	1.607215
1076	0	-1323.629	-1455.46	131.8308	1.79444
1077	1	-1322.443	-1454.354	131.9105	1.714749
1078	0	-1328.168	-1460.054	131.8861	1.739158
1079	1	-1332.861	-1464.86	131.9987	1.626621
1080	0	-1338.539	-1470.428	131.8895	1.735732
1081	1	-1325.031	-1457.008	131.977	1.648328
1082	0	-1339.38	-1471.057	131.6767	1.948601
1083	1	-1324.722	-1456.557	131.8352	1.790069
1084	0	-1333.175	-1465.061	131.8852	1.740048
1085	1	-1322	-1454.101	132.1016	1.523718
1086	0	-1327.894	-1459.715	131.821	1.804279
1087	1	-1331.865	-1463.399	131.5336	2.09164
1088	0	-1327.132	-1458.985	131.853	1.7723
1089	1	-1317.88	-1449.693	131.8131	1.812162
1090	0	-1327.197	-1459.208	132.0113	1.614005
1091	1	-1320.548	-1452.265	131.7162	1.9091
1092	0	-1337.429	-1469.062	131.6332	1.992096
1093	1	-1320.284	-1452.218	131.9339	1.69139
1094	0	-1334.252	-1465.927	131.6752	1.950054
1095	1	-1319.671	-1451.719	132.0475	1.577732
1096	0	-1323.725	-1455.761	132.0354	1.589896
1097	1	-1324.002	-1455.875	131.873	1.752325
1098	0	-1316.777	-1448.606	131.8295	1.795735
1099	1	-1316.469	-1448.334	131.8651	1.760202
1100	0	-1316.725	-1448.355	131.6301	1.995229
1101	1	-1326.767	-1458.576	131.8087	1.816583
1102	0	-1313.084	-1445.103	132.0189	1.606384
1103	1	-1319.186	-1450.904	131.7184	1.906902
1104	0	-1316.626	-1448.448	131.8214	1.803873
1105	1	-1319.839	-1451.599	131.7606	1.864642
1106	0	-1323.006	-1454.933	131.9265	1.698759
1107	1	-1313.041	-1444.955	131.9138	1.711443
1108	0	-1321.367	-1453.227	131.8594	1.76585
1109	1	-1312.375	-1444.367	131.992	1.633294
1110	0	-1328.665	-1460.626	131.9617	1.663602
1111	1	-1315.041	-1446.983	131.9417	1.683534
1112	0	-1320.614	-1452.597	131.9827	1.642557
1113	1	-1319.195	-1451.154	131.9592	1.666044
1114	0	-1335.508	-1467.433	131.9252	1.700058
1115	1	-1327.714	-1459.453	131.7391	1.886163
1116	0	-1326.835	-1458.813	131.9784	1.646861
1117	1	-1324.578	-1456.475	131.8963	1.729015
1118	0	-1316.707	-1448.557	131.8502	1.775081
1119	1	-1318.055	-1450.006	131.9511	1.674165
1120	0	-1319.879	-1451.875	131.9961	1.629202
1121	1	-1323.615	-1455.644	132.0293	1.595968
1122	0	-1325.013	-1457.018	132.005	1.620286
1123	1	-1318.279	-1450.059	131.7808	1.844482
1124	0	-1325.687	-1457.37	131.6832	1.942127
1125	1	-1317.534	-1449.286	131.7522	1.873115
1126	0	-1327.254	-1458.765	131.5112	2.114107
1127	1	-1316.439	-1448.324	131.8849	1.740369
1128	0	-1325.788	-1457.426	131.6381	1.987153
1129	1	-1316.296	-1448.169	131.873	1.752287
1130	0	-1317.037	-1448.956	131.919	1.706277
1131	1	-1317.863	-1449.681	131.818	1.807265
1132	0	-1329.612	-1461.315	131.7027	1.922574
1133	1	-1321.328	-1453.165	131.8373	1.787933
1134	0	-1325.624	-1457.59	131.9654	1.65989
1135	1	-1323.17	-1454.999	131.8292	1.796089
1136	0	-1328.124	-1459.958	131.8333	1.791981
1137	1	-1323.068	-1454.796	131.7284	1.896847
1138	0	-1331.233	-1463.085	131.8516	1.773691
1139	1	-1317.229	-1449.207	131.9779	1.647332
1140	0	-1338.038	-1469.78	131.7422	1.883094
1141	1	-1318.621	-1450.54	131.9184	1.706842
1142	0	-1335.068	-1466.709	131.6408	1.98452
1143	1	-1324.952	-1457.088	132.1362	1.489079
1144	0	-1320.33	-1452.121	131.791	1.834274
1145	1	-1333.589	-1465.524	131.9354	1.689848
1146	0	-1315.25	-1446.922	131.6723	1.952991
1147	1	-1327.769	-1459.624	131.8548	1.770471
1148	0	-1331.146	-1462.819	131.673	1.952271
1149	1	-1326.556	-1458.203	131.6473	1.977939
1150	0	-1331.247	-1463.166	131.9183	1.706989
1151	1	-1327.364	-1459.166	131.8015	1.823733
1152	0	-1324.86	-1456.757	131.8967	1.728599
1153	1	-1325.617	-1457.399	131.7811	1.844147
1154	0	-1316.7	-1448.661	131.9614	1.663845
1155	1	-1319.747	-1451.624	131.8774	1.747923
1156	0	-1332.011	-1464.282	132.2713	1.35398
1157	1	-1317.581	-1449.255	131.6745	1.950732
1158	0	-1319.278	-1450.87	131.5921	2.033175
1159	1	-1326.652	-1458.509	131.857	1.768232
1160	0	-1331.707	-1463.798	132.091	1.534271
1161	1	-1329.966	-1462.164	132.1982	1.427038
1162	0	-1321.994	-1453.878	131.8841	1.741179
1163	1	-1320.431	-1452.051	131.6194	2.005894
1164	0	-1313.728	-1445.442	131.7132	1.912056
1165	1	-1317.479	-1449.253	131.7737	1.851532
1166	0	-1318.856	-1450.858	132.0023	1.622982
1167	1	-1325.395	-1457.369	131.9731	1.65217
1168	0	-1323.345	-1455.411	132.0662	1.559081
1169	1	-1323.768	-1455.377	131.6092	2.016071
1170	0	-1332.068	-1463.652	131.5838	2.041518
1171	1	-1321.182	-1453.099	131.9167	1.708572
1172	0	-1319.732	-1451.568	131.8364	1.788879
1173	1	-1324.162	-1456.424	132.2612	1.364125
1174	0	-1317.668	-1449.365	131.6973	1.928004
1175	1	-1330.586	-1462.617	132.031	1.594309
1176	0	-1322.254	-1454.182	131.9278	1.697464
1177	1	-1326.906	-1458.783	131.8765	1.748769
1178	0	-1313.512	-1445.34	131.828	1.797284
1179	1	-1328.77	-1460.647	131.8765	1.748769
1180	0	-1322.362	-1454.502	132.1405	1.484782
1181	1	-1324.498	-1456.509	132.0114	1.61389
1182	0	-1329.885	-1461.957	132.0712	1.554108
1183	1	-1321.249	-1453.199	131.9493	1.675933
1184	0	-1334.331	-1466.212	131.8813	1.743951
1185	1	-1323.042	-1454.978	131.936	1.689257
1186	0	-1327.562	-1459.51	131.9486	1.676636
1187	1	-1312.884	-1444.876	131.9916	1.633679
1188	0	-1320.801	-1452.44	131.6389	1.986426
1189	1	-1329.299	-1461.248	131.9485	1.676779
1190	0	-1323.766	-1455.336	131.5695	2.055796
1191	1	-1313.474	-1445.404	131.9299	1.695399
1192	0	-1320.28	-1452.069	131.7886	1.836667
1193	1	-1334.864	-1466.713	131.8487	1.776537
1194	0	-1323.361	-1455.519	132.158	1.46732
1195	1	-1332.832	-1464.719	131.8877	1.737609
1196	0	-1322.391	-1453.991	131.5997	2.025617
1197	1	-1324.55	-1456.258	131.7081	1.917213
1198	0	-1329.697	-1461.074	131.377	2.248257
1199	1	-1326.653	-1458.381	131.7282	1.897126
1200	0	-1317.64	-1449.494	131.8542	1.771119
1201	1	-1338.41	-1470.309	131.8986	1.726669
1202	0	-1317.76	-1449.843	132.0826	1.542728
1203	1	-1336.228	-1468.144	131.9153	1.710016
1204	0	-1314.902	-1447.035	132.1328	1.492444
1205	1	-1322.348	-1454.214	131.866	1.759287
1206	0	-1311.882	-1443.845	131.9633	1.662013
1207	1	-1325.882	-1457.816	131.9338	1.691515
1208	0	-1323.199	-1454.953	131.7544	1.870851
1209	1	-1319.025	-1450.978	131.9528	1.672483
1210	0	-1325.287	-1456.978	131.6913	1.933995
1211	1	-1326.666	-1458.579	131.9127	1.712614
1212	0	-1332.387	-1464.045	131.6581	1.96717
1213	1	-1323.555	-1455.342	131.7865	1.838807
1214	0	-1322.083	-1453.809	131.7264	1.898859
1215	1	-1317.837	-1449.639	131.8018	1.82352
1216	0	-1319.223	-1450.839	131.6156	2.009659
1217	1	-1322.418	-1454.247	131.8296	1.795725
1218	0	-1318.018	-1449.642	131.6238	2.001477
1219	1	-1326.037	-1457.947	131.9104	1.714896
1220	0	-1318.872	-1450.889	132.0173	1.607974
1221	1	-1337.391	-1469.163	131.7722	1.853042
1222	0	-1335.293	-1467.108	131.8158	1.809479
1223	1	-1319.307	-1451.199	131.8919	1.733409
1224	0	-1323.195	-1455.243	132.0488	1.576481
1225	1	-1317.869	-1449.975	132.1053	1.519987
1226	0	-1331.487	-1463.132	131.645	1.980272
1227	1	-1319.005	-1450.829	131.8241	1.801197
1228	0	-1326.889	-1458.72	131.8312	1.794094
1229	1	-1321.957	-1453.682	131.7253	1.899953
1230	0	-1332.419	-1464.375	131.956	1.669243
1231	1	-1323.502	-1455.435	131.9327	1.692557
1232	0	-1327.698	-1459.497	131.7995	1.825761
1233	1	-1316.622	-1448.436	131.8139	1.811395
1234	0	-1320.213	-1451.906	131.6935	1.931742
1235	1	-1319.007	-1451.038	132.0303	1.594941
1236	0	-1323.828	-1455.666	131.8382	1.787077
1237	1	-1325.918	-1457.909	131.9914	1.633844
1238	0	-1324.179	-1456.037	131.8577	1.767561
1239	1	-1324.79	-1456.386	131.5963	2.028955
1240	0	-1324.749	-1456.85	132.1014	1.523915
1241	1	-1324.044	-1456.092	132.0479	1.577381
1242	0	-1326.312	-1458.303	131.9903	1.635022
1243	1	-1314.609	-1446.526	131.9171	1.708227
1244	0	-1320.876	-1452.658	131.7825	1.842823
1245	1	-1319.718	-1451.647	131.9291	1.696163
1246	0	-1319.736	-1451.816	132.0797	1.545618
1247	1	-1321.673	-1453.458	131.785	1.840282
1248	0	-1331.358	-1463.295	131.9374	1.687875
1249	1	-1330.016	-1462.014	131.9983	1.627018
1250	0	-1327.085	-1458.842	131.757	1.868269
1251	1	-1332.879	-1464.601	131.7217	1.903532
1252	0	-1328.691	-1460.413	131.7221	1.903167
1253	1	-1333.371	-1465.286	131.9157	1.709595
1254	0	-1325.59	-1457.306	131.7154	1.909846
1255	1	-1322.229	-1454.067	131.8388	1.786517
1256	0	-1327.813	-1459.979	132.1657	1.459593
1257	1	-1325.882	-1457.968	132.0855	1.539738
1258	0	-1327.241	-1458.8	131.5596	2.065653
1259	1	-1329.181	-1461.146	131.9656	1.659689
1260	0	-1326.156	-1457.972	131.8162	1.80911
1261	1	-1329.27	-1460.963	131.6933	1.932022
1262	0	-1319.506	-1451.029	131.523	2.102295
1263	1	-1324.302	-1455.8	131.4979	2.127331
1264	0	-1329.106	-1460.85	131.7442	1.881109
1265	1	-1328.481	-1460.383	131.9024	1.72287
1266	0	-1327.182	-1459.156	131.974	1.651294
1267	1	-1318.838	-1450.741	131.9024	1.72287
1268	0	-1323.433	-1455.129	131.6961	1.929208
1269	1	-1336.51	-1468.354	131.8438	1.781495
1270	0	-1326.842	-1458.656	131.8135	1.811769
1271	1	-1323.059	-1454.928	131.8691	1.756164
1272	0	-1321.409	-1453.22	131.811	1.814323
1273	1	-1328.187	-1460.064	131.8767	1.748551
1274	0	-1334.233	-1465.844	131.6106	2.014724
1275	1	-1329.162	-1460.958	131.7957	1.829578
1276	0	-1327.223	-1459.235	132.0122	1.613085
1277	1	-1322.37	-1454.365	131.9952	1.630073
1278	0	-1332.252	-1464.001	131.7491	1.876226
1279	1	-1326.281	-1457.92	131.6385	1.986806
1280	0	-1331.627	-1463.49	131.8632	1.762128
1281	1	-1318.897	-1450.897	132.0001	1.625156
1282	0	-1327.989	-1459.308	131.3195	2.305762
1283	1	-1317.548	-1449.415	131.8672	1.758048
1284	0	-1326.777	-1458.339	131.562	2.063292
1285	1	-1313.466	-1445.327	131.861	1.764319
1286	0	-1318.656	-1450.192	131.5364	2.088837
1287	1	-1317.225	-1449.147	131.9229	1.702357
1288	0	-1319.32	-1451.043	131.7224	1.902909
1289	1	-1328.056	-1459.709	131.6528	1.972475
1290	0	-1331.353	-1462.944	131.591	2.034305
1291	1	-1336.182	-1468.075	131.8937	1.731609
1292	0	-1323.061	-1454.71	131.6488	1.976453
1293	1	-1320.938	-1452.808	131.8702	1.755078
1294	0	-1324.801	-1456.501	131.7005	1.92479
1295	1	-1329.281	-1461.175	131.8939	1.731427
1296	0	-1311.574	-1443.396	131.8214	1.803856
1297	1	-1323.189	-1454.918	131.7294	1.895906
1298	0	-1323.228	-1454.939	131.7117	1.91358
1299	1	-1315.424	-1447.368	131.9442	1.681086
1300	0	-1317.984	-1449.686	131.702	1.923288
1301	1	-1314.943	-1446.992	132.0491	1.576166
1302	0	-1335.054	-1466.867	131.8126	1.812633
1303	1	-1321.249	-1453.236	131.9874	1.637833
1304	0	-1324.595	-1455.926	131.3304	2.294922
1305	1	-1322.858	-1454.552	131.6942	1.931055
1306	0	-1318.788	-1450.716	131.9279	1.69739
1307	1	-1328.239	-1459.754	131.5145	2.110824
1308	0	-1323.324	-1455.294	131.9696	1.655682
1309	1	-1338.326	-1469.921	131.5951	2.030195
1310	0	-1326.067	-1457.94	131.8725	1.752812
1311	1	-1323.868	-1455.509	131.6414	1.983862
1312	0	-1322.135	-1453.959	131.8246	1.800673
1313	1	-1329.549	-1461.04	131.4904	2.134867
1314	0	-1339.624	-1471.295	131.6707	1.954604
1315	1	-1317.605	-1449.559	131.9539	1.671403
1316	0	-1336.259	-1467.736	131.4774	2.147847
1317	1	-1316.59	-1448.617	132.0262	1.599039
1318	0	-1326.409	-1458.255	131.8458	1.779472
1319	1	-1316.87	-1448.68	131.8106	1.814683
1320	0	-1329.564	-1461.314	131.7508	1.874455
1321	1	-1329.351	-1461.438	132.0864	1.53889
1322	0	-1328.894	-1460.555	131.6611	1.964149
1323	1	-1319.391	-1451.117	131.7257	1.899592
1324	0	-1333.632	-1465.293	131.6611	1.964149
1325	1	-1316.276	-1448.311	132.0356	1.589659
1326	0	-1334.278	-1465.939	131.6611	1.964149
1327	1	-1320.265	-1452.028	131.7634	1.861909
1328	0	-1324.077	-1455.911	131.8338	1.791467
1329	1	-1318.061	-1450.252	132.1909	1.4344
1330	0	-1328.351	-1460.074	131.7231	1.902141
1331	1	-1311.272	-1443.124	131.852	1.773234
1332	0	-1338.672	-1470.398	131.7252	1.900041
1333	1	-1309.604	-1441.457	131.852	1.773234
1334	0	-1315.625	-1447.603	131.9786	1.646669
1335	1	-1319.981	-1451.791	131.8106	1.814712
1336	0	-1319.262	-1451.339	132.0771	1.548209
1337	1	-1320.255	-1452.264	132.0095	1.615745
1338	0	-1321.772	-1453.55	131.779	1.846325
1339	1	-1324.867	-1456.882	132.0149	1.610353
1340	0	-1323.361	-1455.366	132.0044	1.620902
1341	1	-1320.6	-1452.365	131.7647	1.860583
1342	0	-1317.342	-1449.225	131.8835	1.74181
1343	1	-1316.679	-1448.742	132.0627	1.562532
1344	0	-1329.927	-1461.783	131.8566	1.768665
1345	1	-1319.125	-1450.779	131.6542	1.971096
1346	0	-1331.98	-1463.836	131.8567	1.76862
1347	1	-1328.807	-1460.561	131.7539	1.871413
1348	0	-1322.527	-1454.493	131.9657	1.65953
1349	1	-1334.606	-1466.382	131.7765	1.848788
1350	0	-1341.939	-1473.624	131.6849	1.940348
1351	1	-1330.536	-1462.196	131.6601	1.965181
1352	0	-1342.93	-1474.707	131.7767	1.848613
1353	1	-1326.025	-1457.753	131.7279	1.89735
1354	0	-1331.615	-1463.333	131.7182	1.907043
1355	1	-1326.079	-1457.808	131.7289	1.89634
1356	0	-1327.204	-1459.002	131.7983	1.826961
1357	1	-1316.178	-1448.118	131.9397	1.68557
1358	0	-1321.949	-1453.681	131.7312	1.894088
1359	1	-1320.201	-1451.859	131.6581	1.967195
1360	0	-1328.413	-1460.233	131.8205	1.804826
1361	1	-1318.104	-1450.072	131.9676	1.657688
1362	0	-1320.031	-1451.908	131.8764	1.748847
1363	1	-1324.637	-1456.38	131.7436	1.881659
1364	0	-1324.48	-1456.593	132.1131	1.512137
1365	1	-1324.609	-1456.447	131.8377	1.787556
1366	0	-1322.02	-1454.137	132.1167	1.508562
1367	1	-1325.663	-1457.529	131.8664	1.75886
1368	0	-1320.099	-1451.969	131.87	1.755325
1369	1	-1324.359	-1456.29	131.9306	1.694707
1370	0	-1331.423	-1463.564	132.1411	1.484156
1371	1	-1332.829	-1464.821	131.9924	1.632833
1372	0	-1316.916	-1448.873	131.9577	1.667611
1373	1	-1325.449	-1457.234	131.7842	1.841043
1374	0	-1335.265	-1467.106	131.8408	1.784495
1375	1	-1334.046	-1466.045	131.9982	1.627055
1376	0	-1326.829	-1458.769	131.9401	1.685151
1377	1	-1320.904	-1452.829	131.9245	1.700785
1378	0	-1331.893	-1463.731	131.8371	1.78819
1379	1	-1332.077	-1463.84	131.7638	1.861497
1380	0	-1331.265	-1462.968	131.7037	1.921586
1381	1	-1324.239	-1456.077	131.8377	1.787545
1382	0	-1334.329	-1466.089	131.7601	1.865183
1383	1	-1318.107	-1449.891	131.7843	1.840993
1384	0	-1326.768	-1458.764	131.9961	1.629224
1385	1	-1317.482	-1449.376	131.8938	1.73147
1386	0	-1324.163	-1455.99	131.8275	1.797757
1387	1	-1313.763	-1445.611	131.8481	1.777186
1388	0	-1333.897	-1465.813	131.916	1.709257
1389	1	-1313.691	-1445.52	131.8282	1.797072
1390	0	-1328.792	-1460.662	131.8694	1.755906
1391	1	-1319.567	-1451.325	131.7584	1.866835
1392	0	-1323.97	-1455.998	132.0277	1.597546
1393	1	-1327.026	-1458.789	131.7628	1.862474
1394	0	-1328.076	-1459.925	131.8496	1.775711
1395	1	-1341.461	-1473.458	131.997	1.628315
1396	0	-1325.153	-1456.8	131.647	1.978263
1397	1	-1323.689	-1455.512	131.8226	1.802715
1398	0	-1323.797	-1455.624	131.8266	1.798679
1399	1	-1317.964	-1449.723	131.7585	1.866821
1400	0	-1336.306	-1468.257	131.9501	1.675155
1401	1	-1333.362	-1465.336	131.9739	1.651357
1402	0	-1333.956	-1466.088	132.132	1.493237
1403	1	-1326.211	-1457.834	131.6232	2.00206
1404	0	-1335.992	-1467.812	131.8195	1.805777
1405	1	-1315.863	-1447.836	131.9725	1.652739
1406	0	-1322.973	-1454.747	131.7743	1.851026
1407	1	-1322.213	-1453.92	131.7069	1.918411
1408	0	-1331.532	-1463.332	131.8003	1.824989
1409	1	-1315.234	-1447.253	132.0185	1.606797
1410	0	-1321.01	-1452.707	131.6974	1.92792
1411	1	-1308.864	-1440.865	132.0012	1.624121
1412	0	-1328.866	-1460.905	132.0387	1.586602
1413	1	-1317.673	-1449.399	131.726	1.899245
1414	0	-1322.909	-1454.777	131.8679	1.757418
1415	1	-1321.117	-1453.159	132.0412	1.584058
1416	0	-1320.494	-1452.168	131.6744	1.950921
1417	1	-1320.14	-1451.823	131.6825	1.942828
1418	0	-1329.455	-1461.703	132.2482	1.377083
1419	1	-1325.245	-1457.182	131.9371	1.688206
1420	0	-1318.789	-1450.824	132.0343	1.590941
1421	1	-1326.407	-1458.433	132.0264	1.598857
1422	0	-1326.452	-1458.001	131.549	2.076231
1423	1	-1317.458	-1449.067	131.609	2.01629
1424	0	-1335.881	-1467.756	131.8754	1.749909
1425	1	-1328.375	-1460.36	131.9853	1.63998
1426	0	-1327.741	-1459.502	131.7602	1.865055
1427	1	-1332.27	-1464.394	132.124	1.501263
1428	0	-1332.98	-1464.872	131.8921	1.733178
1429	1	-1318.775	-1450.761	131.9857	1.639622
1430	0	-1318.352	-1450.409	132.0572	1.568089
1431	1	-1327.882	-1459.696	131.8145	1.810789
1432	0	-1315.179	-1447.024	131.8449	1.78037
1433	1	-1323.001	-1454.854	131.8526	1.772657
1434	0	-1320.361	-1452.383	132.0227	1.602548
1435	1	-1316.84	-1448.531	131.691	1.934306
1436	0	-1324.266	-1456.443	132.1761	1.44915
1437	1	-1313.227	-1444.98	131.7533	1.871982
1438	0	-1320.727	-1452.648	131.921	1.704308
1439	1	-1320.859	-1452.612	131.7533	1.871982
1440	0	-1332.627	-1464.229	131.6026	2.022691
1441	1	-1322.503	-1454.296	131.794	1.831316
1442	0	-1328.085	-1459.692	131.6064	2.018863
1443	1	-1324.6	-1456.394	131.794	1.831316
1444	0	-1323.911	-1455.656	131.7446	1.880663
1445	1	-1326.827	-1458.702	131.8754	1.749922
1446	0	-1321.156	-1453.323	132.1667	1.458538
1447	1	-1331.45	-1463.221	131.7706	1.854677
1448	0	-1321.852	-1453.743	131.8907	1.734588
1449	1	-1324.742	-1456.696	131.9536	1.671701
1450	0	-1328.44	-1460.251	131.8116	1.813644
1451	1	-1321.064	-1452.785	131.721	1.904269
1452	0	-1327.877	-1459.879	132.0027	1.62259
1453	1	-1321.149	-1453.027	131.8779	1.747425
1454	0	-1324.859	-1456.404	131.5449	2.080373
1455	1	-1322.408	-1454.447	132.0389	1.586337
1456	0	-1332.752	-1464.401	131.6492	1.976046
1457	1	-1331.094	-1462.939	131.8449	1.780354
1458	0	-1330.478	-1462.27	131.7911	1.834167
1459	1	-1326.328	-1458.463	132.1353	1.489974
1460	0	-1333.799	-1465.382	131.5831	2.042203
1461	1	-1327.283	-1459.419	132.1353	1.489974
1462	0	-1336.991	-1468.908	131.9173	1.707978
1463	1	-1318.281	-1450.079	131.7988	1.826529
1464	0	-1325.484	-1457.542	132.0579	1.56739
1465	1	-1329.98	-1461.936	131.9562	1.669042
1466	0	-1334.757	-1466.418	131.6607	1.964596
1467	1	-1328.164	-1460.076	131.9122	1.713099
1468	0	-1323.955	-1455.945	131.9901	1.635204
1469	1	-1319.753	-1451.621	131.868	1.757279
1470	0	-1328.221	-1460.019	131.7979	1.827428
1471	1	-1324.671	-1456.688	132.0163	1.609005
1472	0	-1321.114	-1453.138	132.0242	1.601062
1473	1	-1326.963	-1458.994	132.0306	1.594678
1474	0	-1334.034	-1465.528	131.4931	2.132132
1475	1	-1332.285	-1464.101	131.8163	1.80899
1476	0	-1336.465	-1468.444	131.979	1.646259
1477	1	-1326.908	-1458.505	131.597	2.02823
1478	0	-1325.887	-1457.733	131.8458	1.779521
1479	1	-1336.235	-1468.138	131.9028	1.722437
1480	0	-1323.72	-1455.537	131.8171	1.808207
1481	1	-1324.657	-1456.663	132.0056	1.619693
1482	0	-1329.573	-1461.576	132.0028	1.622484
1483	1	-1323.441	-1455.224	131.7829	1.842353
1484	0	-1328.558	-1460.679	132.1205	1.504815
1485	1	-1319.225	-1451.193	131.9689	1.656341
1486	0	-1323.431	-1455.108	131.6769	1.948409
1487	1	-1324.547	-1456.513	131.9664	1.658881
1488	0	-1320.008	-1451.89	131.8819	1.743363
1489	1	-1318.606	-1450.591	131.9849	1.640404
1490	0	-1320.384	-1452.118	131.7338	1.89147
1491	1	-1315.608	-1447.634	132.0257	1.599596
1492	0	-1327.386	-1459.261	131.8753	1.749957
1493	1	-1320.583	-1452.53	131.9469	1.678368
1494	0	-1324.8	-1456.612	131.8118	1.813433
1495	1	-1318.319	-1450.295	131.9766	1.648682
1496	0	-1346.891	-1478.872	131.9808	1.644528
1497	1	-1319.433	-1451.37	131.9373	1.688011
1498	0	-1336.699	-1468.618	131.9185	1.706745
1499	1	-1313.276	-1444.875	131.5994	2.025895
1500	0	-1326.66	-1458.067	131.4069	2.218376
1501	1	-1323.172	-1455.33	132.1579	1.467373
1502	0	-1326.235	-1458.031	131.7964	1.828887
1503	1	-1316.245	-1448.128	131.8826	1.742716
1504	0	-1338.935	-1470.577	131.6417	1.983536
1505	1	-1319.971	-1452.053	132.0824	1.542897
1506	0	-1321.127	-1453.048	131.9215	1.703785
1507	1	-1315.286	-1446.897	131.6118	2.013485
1508	0	-1325.947	-1457.897	131.9502	1.675092
1509	1	-1334.787	-1466.321	131.5341	2.091167
1510	0	-1335.099	-1466.621	131.522	2.10329
1511	1	-1319.608	-1451.321	131.7133	1.912023
1512	0	-1334.944	-1466.75	131.8063	1.819024
1513	1	-1330.85	-1462.515	131.6651	1.960165
1514	0	-1334.106	-1466.049	131.9424	1.682848
1515	1	-1319.69	-1451.744	132.0542	1.571086
1516	0	-1318.185	-1450.126	131.9413	1.683971
1517	1	-1333.071	-1464.934	131.8626	1.7627
1518	0	-1327.171	-1458.792	131.6214	2.003901
1519	1	-1334.64	-1466.198	131.558	2.06727
1520	0	-1316.427	-1448.428	132.0008	1.624473
1521	1	-1325.44	-1457.181	131.7411	1.884164
1522	0	-1317.163	-1448.757	131.5938	2.03149
1523	1	-1336.863	-1468.711	131.8477	1.777569
1524	0	-1319.512	-1451.195	131.6832	1.942081
1525	1	-1318.664	-1450.291	131.6267	1.998601
1526	0	-1321.652	-1453.564	131.9118	1.713454
1527	1	-1321.43	-1453.429	131.9983	1.626956
1528	0	-1324.274	-1455.921	131.6468	1.978474
1529	1	-1332.207	-1463.949	131.7424	1.882866
1530	0	-1330.532	-1462.454	131.9219	1.703399
1531	1	-1322.222	-1454.336	132.1136	1.511651
1532	0	-1322.138	-1453.951	131.8124	1.812836
1533	1	-1328.249	-1459.938	131.689	1.936321
1534	0	-1321.777	-1453.546	131.7692	1.856114
1535	1	-1333.209	-1465.249	132.0397	1.58557
1536	0	-1322.768	-1454.594	131.8257	1.799584
1537	1	-1322.057	-1453.639	131.5826	2.04271
1538	0	-1326.009	-1457.934	131.9242	1.701032
1539	1	-1322.97	-1454.553	131.5837	2.04158
1540	0	-1336.368	-1468.126	131.7584	1.866911
1541	1	-1327.618	-1459.287	131.6683	1.957027
1542	0	-1326.239	-1458.054	131.8152	1.810053
1543	1	-1317.556	-1449.301	131.7451	1.880185
1544	0	-1336.955	-1468.633	131.6783	1.946998
1545	1	-1333.626	-1465.657	132.0312	1.594093
1546	0	-1336.186	-1468.263	132.077	1.548316
1547	1	-1316.383	-1448.17	131.787	1.838261
1548	0	-1324.261	-1456.151	131.8901	1.735207
1549	1	-1314.407	-1446.616	132.2088	1.416486
1550	0	-1320.043	-1452.099	132.0558	1.569519
1551	1	-1319.7	-1451.703	132.003	1.622304
1552	0	-1317.342	-1449.18	131.8384	1.786886
1553	1	-1328.278	-1459.928	131.65	1.975326
1554	0	-1322.901	-1454.885	131.984	1.641329
1555	1	-1325.007	-1456.94	131.9327	1.692571
1556	0	-1322.159	-1453.926	131.767	1.858325
1557	1	-1320.627	-1452.818	132.1911	1.434179
1558	0	-1319.626	-1451.304	131.6788	1.946522
1559	1	-1308.932	-1440.786	131.8546	1.770699
1560	0	-1324.275	-1456.154	131.8783	1.746965
1561	1	-1326.976	-1458.875	131.8987	1.726559
1562	0	-1317.793	-1449.74	131.9469	1.678389
1563	1	-1321.36	-1453.35	131.9898	1.635516
1564	0	-1332.67	-1464.501	131.8313	1.794017
1565	1	-1329.428	-1461.208	131.7793	1.84598
1566	0	-1327.118	-1459.112	131.9941	1.631156
1567	1	-1334.635	-1466.717	132.0817	1.543619
1568	0	-1325.18	-1456.834	131.6541	1.97119
1569	1	-1325.09	-1457	131.9109	1.714414
1570	0	-1320.529	-1452.604	132.0745	1.550817
1571	1	-1327.182	-1459.264	132.0819	1.543334
1572	0	-1325.575	-1457.551	131.9763	1.649012
1573	1	-1321.296	-1453.283	131.9868	1.638497
1574	0	-1332.506	-1464.625	132.1188	1.506507
1575	1	-1319.644	-1451.525	131.881	1.744272
1576	0	-1320.876	-1452.745	131.8689	1.756359
1577	1	-1321.95	-1453.57	131.6197	2.005628
1578	0	-1319.694	-1451.586	131.8922	1.733114
1579	1	-1312.416	-1444.454	132.0378	1.587494
1580	0	-1321.102	-1452.858	131.7565	1.868801
1581	1	-1324.126	-1455.877	131.7514	1.873906
1582	0	-1328.986	-1460.843	131.8569	1.768381
1583	1	-1328.609	-1460.706	132.0972	1.528126
1584	0	-1316.907	-1448.887	131.9801	1.64517
1585	1	-1332.355	-1464.084	131.7293	1.89598
1586	0	-1316.301	-1447.987	131.6857	1.939545
1587	1	-1337.989	-1469.597	131.6076	2.017671
1588	0	-1329.029	-1460.677	131.648	1.977252
1589	1	-1329.884	-1462.024	132.1401	1.485194
1590	0	-1315.314	-1447.163	131.8489	1.776334
1591	1	-1336.886	-1468.78	131.8946	1.73065
1592	0	-1317.978	-1449.407	131.4285	2.196805
1593	1	-1344.621	-1476.405	131.7838	1.841487
1594	0	-1325.774	-1457.636	131.8628	1.762497
1595	1	-1329.276	-1461.142	131.8657	1.759553
1596	0	-1336.34	-1467.996	131.6559	1.969414
1597	1	-1327.551	-1459.26	131.7089	1.916348
1598	0	-1314.443	-1446.449	132.0055	1.619766
1599	1	-1332.056	-1464.202	132.1454	1.479871
1600	0	-1316.862	-1448.549	131.6867	1.938594
1601	1	-1329.18	-1461.032	131.8523	1.773007
1602	0	-1336.683	-1468.636	131.9532	1.672042
1603	1	-1333.249	-1464.991	131.7426	1.882662
1604	0	-1329.116	-1460.783	131.6675	1.957777
1605	1	-1333.833	-1465.815	131.9829	1.642412
1606	0	-1323.712	-1455.31	131.5975	2.027814
1607	1	-1320.427	-1452.641	132.2142	1.411066
1608	0	-1327.418	-1459.286	131.8678	1.757503
1609	1	-1318.15	-1450.119	131.9694	1.655862
1610	0	-1326.771	-1458.541	131.7703	1.854988
1611	1	-1320.631	-1452.344	131.7126	1.912643
1612	0	-1316.539	-1448.647	132.1077	1.517623
1613	1	-1323.037	-1454.929	131.8919	1.733356
1614	0	-1317.562	-1449.297	131.7355	1.889794
1615	1	-1318.904	-1450.837	131.9328	1.692487
1616	0	-1324.604	-1456.391	131.7865	1.83876
1617	1	-1325.111	-1457.074	131.9629	1.662368
1618	0	-1322.011	-1453.867	131.8553	1.769937
1619	1	-1322.587	-1454.369	131.7815	1.843803
1620	0	-1309.882	-1441.602	131.7198	1.905489
1621	1	-1332.748	-1464.57	131.8224	1.802926
1622	0	-1326.695	-1458.441	131.7467	1.878559
1623	1	-1346.165	-1477.963	131.7975	1.827818
1624	0	-1320.641	-1452.428	131.7873	1.837962
1625	1	-1324.297	-1456.317	132.0195	1.605788
1626	0	-1328.134	-1460.106	131.9717	1.653557
1627	1	-1328.19	-1459.98	131.79	1.835277
1628	0	-1328.834	-1460.457	131.6221	2.003149
1629	1	-1342.233	-1473.937	131.7034	1.921848
1630	0	-1326.837	-1458.617	131.7803	1.845012
1631	1	-1331.699	-1463.657	131.9578	1.667495
1632	0	-1326.21	-1458.232	132.0216	1.603654
1633	1	-1324.413	-1456.203	131.7898	1.835441
1634	0	-1336.772	-1468.662	131.8903	1.734999
1635	1	-1327.732	-1459.455	131.723	1.902238
1636	0	-1326.803	-1458.682	131.8795	1.745731
1637	1	-1328.006	-1459.567	131.5606	2.064675
1638	0	-1324.007	-1455.753	131.7467	1.878629
1639	1	-1328.471	-1460.15	131.6792	1.946054
1640	0	-1322.342	-1454.279	131.9373	1.687997
1641	1	-1328.734	-1460.403	131.669	1.95627
1642	0	-1330.277	-1462.393	132.1166	1.508664
1643	1	-1330.888	-1462.583	131.6954	1.929906
1644	0	-1321.827	-1453.776	131.9484	1.676881
1645	1	-1330.266	-1461.951	131.6848	1.940459
1646	0	-1316.491	-1448.457	131.9662	1.659117
1647	1	-1329.987	-1461.588	131.601	2.024281
1648	0	-1315.239	-1447.135	131.8962	1.729036
1649	1	-1334.133	-1465.748	131.6149	2.010333
1650	0	-1319.13	-1450.839	131.7089	1.916384
1651	1	-1315.538	-1447.261	131.7225	1.902748
1652	0	-1318.046	-1449.851	131.8051	1.820134
1653	1	-1323.792	-1455.497	131.7051	1.92016
1654	0	-1332.093	-1463.971	131.8782	1.747114
1655	1	-1313.778	-1445.459	131.6803	1.944978
1656	0	-1329.082	-1461.322	132.2401	1.385224
1657	1	-1323.506	-1455.28	131.7744	1.850863
1658	0	-1323.202	-1454.71	131.5077	2.117596
1659	1	-1321.508	-1453.252	131.744	1.881248
1660	0	-1319.497	-1451.378	131.8812	1.744072
1661	1	-1321.787	-1453.481	131.6934	1.931832
1662	0	-1330.615	-1462.558	131.9432	1.682054
1663	1	-1334.191	-1465.923	131.7328	1.892474
1664	0	-1323.653	-1455.606	131.9536	1.671668
1665	1	-1325.963	-1457.972	132.0085	1.616743
1666	0	-1334.565	-1466.422	131.8577	1.767622
1667	1	-1330.725	-1462.68	131.9547	1.670628
1668	0	-1328.634	-1460.093	131.4593	2.16601
1669	1	-1325.471	-1457.295	131.8239	1.801421
1670	0	-1334.315	-1465.871	131.5558	2.069461
1671	1	-1331.119	-1462.401	131.2823	2.342936
1672	0	-1326.99	-1458.861	131.8705	1.75476
1673	1	-1315.984	-1447.894	131.9098	1.715436
1674	0	-1318.964	-1450.791	131.8265	1.798815
1675	1	-1322.858	-1454.929	132.0713	1.554017
1676	0	-1321.275	-1453.317	132.0422	1.583116
1677	1	-1334.469	-1466.3	131.8317	1.793568
1678	0	-1328.021	-1459.499	131.4781	2.14716
1679	1	-1323.777	-1455.748	131.9712	1.6541
1680	0	-1319.86	-1451.444	131.5841	2.04115
1681	1	-1323.176	-1455.128	131.9515	1.673809
1682	0	-1324.053	-1456.03	131.9769	1.648389
1683	1	-1320.41	-1452.35	131.9402	1.68509
1684	0	-1312.851	-1444.837	131.9853	1.63994
1685	1	-1317.407	-1449.125	131.7174	1.907884
1686	0	-1308.888	-1440.88	131.9917	1.633582
1687	1	-1319.213	-1451.001	131.7873	1.838003
1688	0	-1318.645	-1450.6	131.9553	1.669942
1689	1	-1317.142	-1449.122	131.9795	1.645751
1690	0	-1324.208	-1456.267	132.0592	1.566049
1691	1	-1333.817	-1465.743	131.9261	1.699138
1692	0	-1330.741	-1462.478	131.7366	1.888634
1693	1	-1318.824	-1450.557	131.7331	1.892186
1694	0	-1339.124	-1470.748	131.6239	2.001348
1695	1	-1323.62	-1455.446	131.8265	1.798808
1696	0	-1337.227	-1469.274	132.0465	1.578794
1697	1	-1333.429	-1465.009	131.5801	2.045143
1698	0	-1340	-1471.782	131.7825	1.842743
1699	1	-1337.363	-1469.015	131.6514	1.973903
1700	0	-1331.893	-1463.602	131.7094	1.915913
1701	1	-1346.507	-1478.191	131.6838	1.941452
1702	0	-1317.216	-1449.279	132.0632	1.56209
1703	1	-1333.217	-1465.373	132.1563	1.469003
1704	0	-1323.809	-1455.66	131.8502	1.775032
1705	1	-1325.929	-1457.731	131.8018	1.823517
1706	0	-1318.784	-1450.787	132.003	1.622312
1707	1	-1333.202	-1465.134	131.9317	1.693597
1708	0	-1323.475	-1455.47	131.9953	1.630022
1709	1	-1330.187	-1462.167	131.9795	1.645752
1710	0	-1331.941	-1464.067	132.1254	1.499855
1711	1	-1333.408	-1465.104	131.6964	1.928879
1712	0	-1322.239	-1453.918	131.679	1.946238
1713	1	-1339.096	-1470.835	131.7388	1.886485
1714	0	-1323.919	-1455.828	131.9084	1.716927
1715	1	-1324.51	-1456.366	131.856	1.769292
1716	0	-1326.611	-1458.399	131.788	1.837233
1717	1	-1319.942	-1451.611	131.6689	1.956337
1718	0	-1329.88	-1461.49	131.6099	2.015384
1719	1	-1335.21	-1466.95	131.7404	1.884831
1720	0	-1310.631	-1442.344	131.7125	1.912812
1721	1	-1325.79	-1457.628	131.8378	1.787486
1722	0	-1316.749	-1448.939	132.1901	1.435218
1723	1	-1319.353	-1451.4	132.0475	1.577738
1724	0	-1320.149	-1451.822	131.6736	1.951647
1725	1	-1320.928	-1452.912	131.9839	1.64139
1726	0	-1321.763	-1453.602	131.8387	1.786619
1727	1	-1324.119	-1455.779	131.6605	1.964743
1728	0	-1327.962	-1459.755	131.7935	1.831733
1729	1	-1310.836	-1442.778	131.942	1.683297
1730	0	-1322.539	-1454.318	131.7789	1.846408
1731	1	-1334.543	-1466.189	131.6456	1.979659
1732	0	-1314.424	-1446.401	131.9776	1.647679
1733	1	-1326.896	-1458.852	131.9562	1.669097
1734	0	-1319.333	-1451.162	131.829	1.796312
1735	1	-1321.737	-1453.832	132.0949	1.530352
1736	0	-1326.95	-1459.076	132.1257	1.499597
1737	1	-1314.995	-1446.787	131.7919	1.833408
1738	0	-1322.622	-1454.464	131.8417	1.783568
1739	1	-1328.343	-1460.494	132.1511	1.474207
1740	0	-1312.773	-1444.625	131.8528	1.77249
1741	1	-1324.839	-1456.643	131.8038	1.821432
1742	0	-1327.567	-1459.754	132.1862	1.439085
1743	1	-1333.406	-1465.133	131.7277	1.897585
1744	0	-1318.483	-1450.484	132.0013	1.623933
1745	1	-1321.895	-1453.298	131.403	2.222252
1746	0	-1320.436	-1451.927	131.4906	2.134706
1747	1	-1325.411	-1457.486	132.0757	1.549605
1748	0	-1342.965	-1474.56	131.5958	2.02944
1749	1	-1323.831	-1455.812	131.9813	1.643989
1750	0	-1336.432	-1468.343	131.9109	1.714363
1751	1	-1317.054	-1448.837	131.783	1.842268
1752	0	-1322.806	-1454.717	131.911	1.71431
1753	1	-1312.566	-1444.39	131.8241	1.801176
1754	0	-1329.451	-1461.411	131.9595	1.665809
1755	1	-1314.464	-1446.399	131.9355	1.68974
1756	0	-1324.041	-1455.687	131.6456	1.979685
1757	1	-1314.538	-1446.44	131.9021	1.723169
1758	0	-1313.783	-1445.883	132.0998	1.525449
1759	1	-1317.595	-1449.69	132.0958	1.529525
1760	0	-1313.714	-1445.671	131.9567	1.668628
1761	1	-1306.924	-1438.86	131.9355	1.689778
1762	0	-1310.571	-1442.37	131.7985	1.826779
1763	1	-1310.142	-1442.105	131.9633	1.661988
1764	0	-1325.369	-1457.422	132.0529	1.572425
1765	1	-1310.462	-1442.413	131.9513	1.674023
1766	0	-1325.661	-1457.378	131.717	1.908249
1767	1	-1314.161	-1446.26	132.0989	1.526378
1768	0	-1326.563	-1458.619	132.0564	1.568851
1769	1	-1318.402	-1450.419	132.0171	1.60822
1770	0	-1330.639	-1462.592	131.9525	1.672761
1771	1	-1321.724	-1453.27	131.5457	2.07963
1772	0	-1327.079	-1458.948	131.8682	1.757084
1773	1	-1319.14	-1451.149	132.0095	1.615775
1774	0	-1319.771	-1451.723	131.9517	1.673563
1775	1	-1326.325	-1458.15	131.8249	1.800373
1776	0	-1323	-1454.786	131.7863	1.839013
1777	1	-1333.352	-1465.374	132.0216	1.603717
1778	0	-1324.098	-1455.557	131.4588	2.166516
1779	1	-1328.465	-1460.529	132.0649	1.560376
1780	0	-1330.204	-1461.872	131.6687	1.956585
1781	1	-1313.577	-1445.62	132.043	1.58232
1782	0	-1325.045	-1456.923	131.8785	1.746746
1783	1	-1317.673	-1449.429	131.756	1.869272
1784	0	-1322.717	-1454.369	131.6523	1.972979
1785	1	-1319.991	-1451.609	131.6181	2.007211
1786	0	-1329.329	-1461.216	131.8874	1.737889
1787	1	-1320.102	-1451.826	131.7233	1.901956
1788	0	-1318.634	-1450.47	131.8364	1.788857
1789	1	-1320.62	-1452.121	131.5014	2.123851
1790	0	-1330.43	-1462.216	131.7861	1.839145
1791	1	-1323.18	-1454.701	131.5204	2.104879
1792	0	-1330.676	-1462.41	131.7344	1.890901
1793	1	-1321.897	-1453.898	132.0008	1.624435
1794	0	-1323.925	-1455.655	131.7303	1.895025
1795	1	-1312.651	-1444.237	131.586	2.039232
1796	0	-1323.221	-1454.925	131.7039	1.921346
1797	1	-1330.344	-1462.167	131.8234	1.801925
1798	0	-1331.755	-1463.582	131.8268	1.798447
1799	1	-1319.567	-1451.536	131.9685	1.656813
1800	0	-1326.151	-1457.926	131.7755	1.84978
1801	1	-1319.699	-1451.545	131.846	1.779271
1802	0	-1319.994	-1451.888	131.8939	1.73136
1803	1	-1324.643	-1456.673	132.0296	1.595687
1804	0	-1318.071	-1450.093	132.0223	1.60293
1805	1	-1326.433	-1458.488	132.055	1.570319
1806	0	-1338.166	-1469.973	131.8076	1.817721
1807	1	-1326.808	-1458.941	132.1335	1.491802
1808	0	-1332.165	-1463.725	131.5608	2.06444
1809	1	-1321.9	-1453.895	131.9948	1.630507
1810	0	-1327.452	-1459.354	131.9024	1.722866
1811	1	-1321.582	-1453.497	131.9153	1.710011
1812	0	-1322.258	-1454.117	131.8585	1.766749
1813	1	-1318.416	-1450.1	131.684	1.941267
1814	0	-1315.818	-1447.76	131.9424	1.682928
1815	1	-1331.611	-1463.178	131.5675	2.057753
1816	0	-1326.785	-1458.515	131.7293	1.89597
1817	1	-1322.94	-1454.75	131.8107	1.814595
1818	0	-1314.67	-1446.557	131.8869	1.738419
1819	1	-1326.272	-1458.024	131.752	1.873306
1820	0	-1330.838	-1462.651	131.8137	1.811566
1821	1	-1329.341	-1461.242	131.9009	1.724356
1822	0	-1319.221	-1451.062	131.8407	1.784616
1823	1	-1327.675	-1459.498	131.8228	1.802518
1824	0	-1323.253	-1455.255	132.0026	1.622713
1825	1	-1333.275	-1465.275	131.9997	1.625544
1826	0	-1328.278	-1460.315	132.0361	1.589197
1827	1	-1330.55	-1462.252	131.7026	1.922707
1828	0	-1328.258	-1460.035	131.7774	1.847894
1829	1	-1337.531	-1469.55	132.0188	1.606467
1830	0	-1331.571	-1463.236	131.6654	1.959853
1831	1	-1332.849	-1464.88	132.0308	1.594469
1832	0	-1323.278	-1455.251	131.9725	1.652779
1833	1	-1320.822	-1452.756	131.9346	1.690648
1834	0	-1324.359	-1456.191	131.8315	1.793742
1835	1	-1320.395	-1452.41	132.0154	1.609904
1836	0	-1308.422	-1440.395	131.9727	1.652573
1837	1	-1325.261	-1456.982	131.7206	1.904717
1838	0	-1320.062	-1451.637	131.5756	2.049669
1839	1	-1328.422	-1460.419	131.9976	1.627652
1840	0	-1330.059	-1462.176	132.1163	1.508974
1841	1	-1333.083	-1465.136	132.0529	1.572346
1842	0	-1332.056	-1463.871	131.8145	1.810746
1843	1	-1339.963	-1471.467	131.5048	2.12051
1844	0	-1319.064	-1450.962	131.8986	1.72673
1845	1	-1324.93	-1456.523	131.5932	2.032043
1846	0	-1322.612	-1454.696	132.0844	1.540869
1847	1	-1332.617	-1464.525	131.9075	1.717792
1848	0	-1320.955	-1452.551	131.5966	2.028681
1849	1	-1321.494	-1453.212	131.718	1.907236
1850	0	-1318.199	-1449.835	131.6361	1.98915
1851	1	-1329.916	-1461.57	131.6535	1.971803
1852	0	-1315.127	-1446.932	131.8048	1.820509
1853	1	-1326.534	-1458.292	131.758	1.86724
1854	0	-1320.88	-1452.785	131.9044	1.720856
1855	1	-1325.143	-1456.989	131.8459	1.779402
1856	0	-1311.182	-1442.926	131.7439	1.881338
1857	1	-1325.813	-1457.754	131.9408	1.68445
1858	0	-1322.143	-1453.726	131.5835	2.041781
1859	1	-1318.302	-1449.897	131.5946	2.030686
1860	0	-1316.039	-1447.64	131.601	2.024272
1861	1	-1332.327	-1464.206	131.8788	1.746518
1862	0	-1333.322	-1465.074	131.7514	1.873924
1863	1	-1321.563	-1453.555	131.9918	1.633467
1864	0	-1333.668	-1465.645	131.9769	1.648344
1865	1	-1319.873	-1451.575	131.7025	1.922767
1866	0	-1328.48	-1460.369	131.8885	1.73677
1867	1	-1320.157	-1451.813	131.6568	1.968517
1868	0	-1320.654	-1452.271	131.6168	2.008483
1869	1	-1323.324	-1455.036	131.7115	1.913808
1870	0	-1323.4	-1455.139	131.7395	1.885784
1871	1	-1312.843	-1444.567	131.7238	1.901435
1872	0	-1325.288	-1457.245	131.9567	1.668612
1873	1	-1315.973	-1447.724	131.7506	1.874718
1874	0	-1325.555	-1457.405	131.8508	1.774484
1875	1	-1322.955	-1454.806	131.8517	1.773602
1876	0	-1321.22	-1452.844	131.6244	2.000913
1877	1	-1322.343	-1454.207	131.8638	1.761435
1878	0	-1319.16	-1451.071	131.911	1.714234
1879	1	-1322.618	-1454.427	131.8088	1.816486
1880	0	-1318.772	-1450.783	132.0108	1.614462
1881	1	-1316.134	-1447.859	131.7241	1.901229
1882	0	-1325.02	-1456.881	131.8606	1.764695
1883	1	-1330.912	-1462.713	131.8015	1.823828
1884	0	-1313.205	-1444.98	131.7741	1.851227
1885	1	-1321.24	-1453.113	131.8736	1.751648
1886	0	-1310.916	-1443.005	132.0889	1.536429
1887	1	-1332.917	-1464.883	131.9661	1.659135
1888	0	-1325.142	-1456.898	131.7567	1.868567
1889	1	-1319.084	-1450.953	131.8685	1.75675
1890	0	-1321.776	-1453.832	132.0561	1.569191
1891	1	-1328.455	-1460.495	132.0407	1.584605
1892	0	-1316.542	-1448.381	131.8395	1.785789
1893	1	-1325.924	-1457.862	131.9376	1.68771
1894	0	-1327.801	-1460	132.1997	1.425568
1895	1	-1321.556	-1453.31	131.7544	1.870866
1896	0	-1316.495	-1448.293	131.7986	1.826715
1897	1	-1332.383	-1464.132	131.7485	1.87679
1898	0	-1320.279	-1452.236	131.9568	1.668517
1899	1	-1323.773	-1455.734	131.9613	1.664022
1900	0	-1328.288	-1460.168	131.8799	1.745337
1901	1	-1326.512	-1458.41	131.8981	1.72719
1902	0	-1316.225	-1448.279	132.0536	1.57164
1903	1	-1324.969	-1456.792	131.8236	1.80165
1904	0	-1320.482	-1452.104	131.622	2.003293
1905	1	-1318.199	-1450.015	131.8165	1.808781
1906	0	-1322.584	-1454.502	131.9181	1.707192
1907	1	-1319.563	-1451.232	131.6695	1.955809
1908	0	-1318.183	-1450.101	131.9181	1.707192
1909	1	-1326.397	-1458.412	132.0152	1.610067
1910	0	-1317.409	-1449.34	131.9305	1.694732
1911	1	-1328.174	-1459.989	131.8147	1.810585
1912	0	-1319.694	-1451.436	131.7421	1.883203
1913	1	-1313.723	-1445.639	131.9157	1.70956
1914	0	-1322.845	-1454.681	131.8359	1.789405
1915	1	-1322.786	-1454.86	132.0742	1.551103
1916	0	-1316.522	-1448.317	131.7954	1.82988
1917	1	-1316.911	-1448.598	131.6871	1.938222
1918	0	-1316.633	-1448.565	131.9327	1.692621
1919	1	-1321.717	-1453.612	131.8958	1.729433
1920	0	-1317.355	-1449.13	131.7749	1.850425
1921	1	-1326.001	-1457.758	131.7573	1.867948
1922	0	-1316.059	-1447.835	131.7756	1.849704
1923	1	-1321.147	-1453.017	131.8697	1.755629
1924	0	-1316.95	-1448.994	132.0446	1.580682
1925	1	-1337.432	-1469.2	131.7681	1.857229
1926	0	-1319.735	-1451.959	132.2237	1.401567
1927	1	-1315.079	-1446.773	131.694	1.931305
1928	0	-1323.906	-1455.656	131.7494	1.875911
1929	1	-1321.645	-1453.574	131.9283	1.696989
1930	0	-1313.075	-1445.057	131.9816	1.643714
1931	1	-1320.003	-1451.949	131.9466	1.678678
1932	0	-1321.253	-1453.23	131.9771	1.648156
1933	1	-1318.682	-1450.253	131.571	2.054319
1934	0	-1321.391	-1453.6	132.2097	1.415627
1935	1	-1335.341	-1467.052	131.7103	1.914971
1936	0	-1319.421	-1451.446	132.0256	1.599671
1937	1	-1323.968	-1456.04	132.0718	1.553512
1938	0	-1332.091	-1464.084	131.9926	1.632701
1939	1	-1322.456	-1454.205	131.7485	1.876766
1940	0	-1314.075	-1446.068	131.9923	1.632958
1941	1	-1320.905	-1452.409	131.504	2.121293
1942	0	-1318.998	-1450.887	131.8885	1.736795
1943	1	-1315.825	-1447.571	131.7456	1.8797
1944	0	-1322.13	-1453.835	131.705	1.920276
1945	1	-1325.348	-1457.275	131.9271	1.698159
1946	0	-1331.719	-1463.662	131.9426	1.682655
1947	1	-1318.18	-1449.916	131.7365	1.888811
1948	0	-1314.661	-1446.8	132.139	1.48627
1949	1	-1331.088	-1462.796	131.7077	1.917617
1950	0	-1324.432	-1456.089	131.657	1.968248
1951	1	-1330.304	-1462.279	131.9746	1.650687
1952	0	-1322.904	-1454.855	131.9501	1.675229
1953	1	-1326.755	-1458.398	131.6425	1.982802
1954	0	-1315.175	-1447.125	131.9501	1.675229
1955	1	-1331.738	-1463.805	132.0676	1.557723
1956	0	-1321.63	-1453.452	131.8223	1.802978
1957	1	-1321.725	-1453.543	131.818	1.807321
1958	0	-1327.926	-1459.649	131.7235	1.901809
1959	1	-1325.571	-1457.226	131.6542	1.971079
1960	0	-1332.375	-1464.226	131.8507	1.774571
1961	1	-1334.617	-1466.406	131.7889	1.836386
1962	0	-1321.575	-1453.299	131.7237	1.901536
1963	1	-1324.338	-1456.147	131.8091	1.816138
1964	0	-1314.923	-1446.83	131.9067	1.718575
1965	1	-1315.438	-1447.221	131.7834	1.841846
1966	0	-1325.154	-1457.072	131.9185	1.70674
1967	1	-1320.757	-1452.539	131.7818	1.843519
1968	0	-1327.035	-1458.955	131.9206	1.704656
1969	1	-1326.656	-1458.489	131.8327	1.792547
1970	0	-1318.268	-1449.975	131.7062	1.919084
1971	1	-1326.738	-1458.649	131.9116	1.713685
1972	0	-1326.044	-1457.922	131.8785	1.746798
1973	1	-1320.15	-1451.861	131.7108	1.914487
1974	0	-1330.356	-1462.438	132.0821	1.543142
1975	1	-1329.439	-1461.442	132.0029	1.622374
1976	0	-1328.196	-1459.823	131.6273	1.997965
1977	1	-1333.269	-1465.258	131.9887	1.636617
1978	0	-1327.671	-1459.467	131.7959	1.829427
1979	1	-1324.224	-1456.173	131.949	1.676243
1980	0	-1330.356	-1462.574	132.2182	1.407067
1981	1	-1323.319	-1455.043	131.7244	1.900831
1982	0	-1330.126	-1461.705	131.579	2.04628
1983	1	-1317.901	-1449.655	131.7541	1.871198
1984	0	-1326.309	-1458.135	131.8259	1.799389
1985	1	-1315.239	-1446.912	131.6733	1.952014
1986	0	-1334.253	-1466.094	131.8409	1.784419
1987	1	-1316.04	-1447.971	131.9317	1.693585
1988	0	-1330.164	-1462.093	131.9295	1.695818
1989	1	-1328.555	-1460.412	131.8569	1.768336
1990	0	-1317.348	-1449.382	132.0342	1.591048
1991	1	-1323.89	-1455.747	131.8569	1.768336
1992	0	-1317.16	-1448.976	131.8156	1.809687
1993	1	-1316.37	-1447.972	131.6015	2.023802
1994	0	-1324.166	-1456.133	131.9671	1.658153
1995	1	-1338.391	-1470.205	131.8139	1.811424
1996	0	-1330.256	-1462.213	131.9577	1.667579
1997	1	-1327.635	-1459.589	131.9534	1.671844
1998	0	-1317.353	-1449.172	131.8196	1.80565
1999	1	-1327.671	-1459.585	131.914	1.711309
2000	0	-1319.047	-1450.99	131.9428	1.682437
2001	1	-1317.806	-1449.563	131.7575	1.86779
