Iteration	Posterior	Likelihood	Prior	tree_length
0	-1330.159	-1462.308	132.1495	1.475743
10	-1347.687	-1479.587	131.9002	1.72508
20	-1336.778	-1468.662	131.8841	1.741214
30	-1324.188	-1455.905	131.7175	1.907766
40	-1331.158	-1462.778	131.6199	2.005417
50	-1331.646	-1463.434	131.7878	1.837482
60	-1319.655	-1451.316	131.6608	1.964459
70	-1324.06	-1455.523	131.4626	2.162652
80	-1318.772	-1450.62	131.8483	1.776959
90	-1327.854	-1459.417	131.563	2.062266
100	-1315.224	-1447.121	131.8976	1.727631
110	-1332.489	-1464.239	131.7501	1.875188
120	-1335.01	-1466.805	131.7951	1.830224
130	-1334.616	-1466.453	131.8369	1.788364
140	-1333.924	-1465.848	131.9238	1.701523
150	-1336.588	-1468.585	131.997	1.628264
160	-1328.265	-1460.038	131.7736	1.85165
170	-1322.489	-1454.387	131.8979	1.727347
180	-1327.837	-1459.519	131.6822	1.943081
190	-1325.824	-1457.662	131.8378	1.787492
200	-1311.203	-1443.084	131.8808	1.744482
210	-1328.699	-1460.502	131.8038	1.821457
220	-1327.206	-1459.249	132.0434	1.581875
230	-1314.162	-1446.259	132.0964	1.528857
240	-1329.177	-1461.053	131.8757	1.749608
250	-1322.994	-1454.579	131.5856	2.03967
260	-1326.894	-1458.906	132.0115	1.613813
270	-1327.194	-1459.012	131.8182	1.807119
280	-1325.196	-1456.985	131.7892	1.836045
290	-1319.209	-1450.856	131.6468	1.978523
300	-1319.598	-1451.418	131.8208	1.804463
310	-1325.849	-1457.362	131.5128	2.11245
320	-1333.662	-1465.539	131.8765	1.748769
330	-1330.276	-1462.135	131.8596	1.765652
340	-1322.026	-1453.919	131.8936	1.731693
350	-1325.648	-1457.58	131.9317	1.693599
360	-1328.35	-1460.14	131.7897	1.835559
370	-1327.968	-1459.674	131.7066	1.918674
380	-1323.476	-1455.442	131.9658	1.659477
390	-1330.75	-1462.859	132.1084	1.516834
400	-1328.755	-1460.672	131.9166	1.708699
410	-1336.845	-1468.284	131.4392	2.186042
420	-1331.216	-1462.999	131.7831	1.842142
430	-1332.278	-1463.796	131.5188	2.106466
440	-1335.719	-1467.75	132.0308	1.594443
450	-1328.039	-1459.529	131.4903	2.135023
460	-1331.016	-1462.724	131.7076	1.917649
470	-1333.981	-1466.027	132.0461	1.579219
480	-1321.005	-1453.032	132.0269	1.598371
490	-1318.044	-1449.888	131.8445	1.780732
500	-1330.141	-1461.935	131.795	1.83032
510	-1329.31	-1461	131.6901	1.935136
520	-1336.049	-1468.128	132.0794	1.545847
530	-1337.545	-1469.516	131.9705	1.654748
540	-1329.068	-1460.77	131.7016	1.923649
550	-1322.752	-1454.446	131.6939	1.931405
560	-1334.637	-1466.396	131.7595	1.865755
570	-1318.349	-1449.933	131.5842	2.04105
580	-1311.257	-1443.188	131.9314	1.693895
590	-1328.939	-1460.87	131.9314	1.693895
600	-1317.405	-1449.432	132.0266	1.598699
610	-1323.908	-1455.741	131.8328	1.792504
620	-1319.269	-1451.071	131.8029	1.822385
630	-1333.128	-1465.029	131.901	1.72424
640	-1325.853	-1458.029	132.1754	1.449849
650	-1319.419	-1451.466	132.047	1.578327
660	-1318.782	-1450.313	131.5313	2.093941
670	-1322.936	-1454.891	131.9543	1.67101
680	-1317.955	-1449.658	131.7031	1.922149
690	-1325.661	-1457.359	131.6985	1.926813
700	-1317.301	-1449.228	131.9264	1.698869
710	-1316.129	-1448.192	132.0631	1.562179
720	-1330.336	-1461.889	131.5527	2.072614
730	-1327.776	-1459.607	131.831	1.794329
740	-1329.521	-1461.333	131.8114	1.81385
750	-1334.93	-1466.587	131.6574	1.967835
760	-1319.268	-1451.132	131.8635	1.761791
770	-1334.286	-1466.055	131.769	1.85626
780	-1331.591	-1463.23	131.6394	1.985901
790	-1317.267	-1448.986	131.7189	1.906345
800	-1335.417	-1467.544	132.1267	1.498561
810	-1328.389	-1459.926	131.537	2.088236
820	-1320.103	-1452.094	131.9907	1.634563
830	-1332.182	-1464.054	131.8717	1.753615
840	-1329.794	-1461.458	131.6642	1.961072
850	-1323.448	-1455.441	131.9938	1.631447
860	-1315.647	-1447.636	131.9897	1.635572
870	-1314.709	-1446.698	131.9897	1.635572
880	-1312.659	-1444.419	131.7602	1.865038
890	-1324.701	-1456.327	131.6261	1.999216
900	-1320.403	-1452.265	131.8617	1.763562
910	-1316.537	-1448.27	131.7334	1.891865
920	-1323.755	-1455.63	131.8751	1.750176
930	-1317.411	-1449.354	131.9431	1.682173
940	-1320.591	-1452.246	131.6555	1.969822
950	-1315.083	-1447.005	131.9213	1.703947
960	-1322.535	-1454.43	131.8942	1.731082
970	-1321.713	-1453.854	132.1407	1.484574
980	-1320.949	-1452.796	131.8472	1.778047
990	-1312.39	-1444.521	132.1319	1.493374
1000	-1322.902	-1454.705	131.8032	1.822059
1010	-1315.638	-1447.203	131.5648	2.060479
1020	-1325.089	-1456.721	131.632	1.993252
1030	-1316.96	-1448.811	131.8509	1.77442
1040	-1327.424	-1459.275	131.8509	1.77442
1050	-1325.825	-1457.739	131.9136	1.711699
1060	-1319.01	-1450.745	131.7347	1.890592
1070	-1316.356	-1448.198	131.8419	1.783335
1080	-1329.75	-1461.658	131.9088	1.716502
1090	-1312.297	-1444.002	131.705	1.920257
1100	-1330.684	-1462.269	131.5855	2.039819
1110	-1328.309	-1459.954	131.6441	1.981131
1120	-1321.964	-1453.823	131.8598	1.765441
1130	-1318.997	-1450.895	131.8985	1.72674
1140	-1321.149	-1453.048	131.8985	1.72674
1150	-1330.633	-1462.203	131.5698	2.055517
1160	-1322.764	-1454.575	131.8103	1.814943
1170	-1332.582	-1464.433	131.8515	1.773795
1180	-1322.076	-1453.996	131.9198	1.705485
1190	-1342.014	-1473.63	131.6165	2.008792
1200	-1322.035	-1453.725	131.6895	1.935813
1210	-1333.5	-1465.572	132.072	1.553245
1220	-1329.915	-1461.725	131.8096	1.815709
1230	-1330.475	-1462.422	131.9465	1.678799
1240	-1326.84	-1458.743	131.9029	1.722393
1250	-1328.75	-1460.776	132.0262	1.599116
1260	-1329.236	-1461.022	131.7856	1.839725
1270	-1331.042	-1462.817	131.7758	1.849436
1280	-1323.307	-1454.949	131.6428	1.982508
1290	-1330.377	-1462.401	132.0237	1.601605
1300	-1325.35	-1457.088	131.7379	1.887378
1310	-1319.314	-1451.508	132.1933	1.431949
1320	-1323.563	-1455.378	131.815	1.810309
1330	-1325.386	-1457.231	131.8454	1.779907
1340	-1327.411	-1459.33	131.9188	1.706431
1350	-1321.654	-1453.701	132.0472	1.578085
1360	-1319.217	-1451.189	131.9723	1.65302
1370	-1333.406	-1465.457	132.0501	1.575157
1380	-1329.607	-1461.541	131.9334	1.691926
1390	-1331.415	-1463.389	131.9742	1.651082
1400	-1318.514	-1450.176	131.6619	1.963383
1410	-1330.318	-1462.209	131.8905	1.734749
1420	-1318.89	-1450.915	132.0251	1.600178
1430	-1326.926	-1458.76	131.8341	1.791205
1440	-1318.553	-1450.411	131.858	1.767277
1450	-1325.11	-1456.829	131.7191	1.906223
1460	-1331.944	-1463.955	132.0109	1.614406
1470	-1340.452	-1472.604	132.1517	1.473615
1480	-1329.989	-1461.819	131.8301	1.795212
1490	-1324.623	-1456.453	131.8301	1.795212
1500	-1326.102	-1457.919	131.8168	1.808448
1510	-1329.35	-1460.716	131.3656	2.259645
1520	-1319.95	-1451.864	131.9138	1.711514
1530	-1326.743	-1458.816	132.0736	1.551651
1540	-1325.539	-1457.285	131.7456	1.879691
1550	-1321.737	-1453.499	131.7614	1.863926
1560	-1331.888	-1463.708	131.8204	1.804918
1570	-1325.954	-1457.922	131.9677	1.657619
1580	-1327.92	-1459.751	131.8316	1.793694
1590	-1332.355	-1463.889	131.5342	2.09108
1600	-1330.198	-1462.054	131.8559	1.769424
1610	-1327.179	-1459.043	131.8637	1.761573
1620	-1326.692	-1458.705	132.0135	1.611792
1630	-1314.889	-1446.586	131.6971	1.928228
1640	-1320.096	-1452.023	131.9277	1.697555
1650	-1321.069	-1452.972	131.9035	1.721823
1660	-1321.654	-1453.718	132.0637	1.561536
1670	-1315.992	-1447.849	131.8566	1.768682
1680	-1324.682	-1456.517	131.8347	1.790629
1690	-1320.761	-1452.629	131.8678	1.757471
1700	-1324.202	-1456.089	131.8869	1.738377
1710	-1323.936	-1455.719	131.7832	1.842061
1720	-1316.068	-1447.88	131.8123	1.813018
1730	-1323.468	-1455.171	131.7029	1.922428
1740	-1321.45	-1452.999	131.5489	2.076361
1750	-1321.584	-1453.539	131.9555	1.66974
1760	-1328.206	-1459.982	131.7763	1.848945
1770	-1325.76	-1457.148	131.388	2.237247
1780	-1331.075	-1462.903	131.8281	1.797136
1790	-1327.145	-1458.515	131.3701	2.255166
1800	-1328.02	-1459.676	131.6561	1.969209
1810	-1331.473	-1463.254	131.7808	1.844505
1820	-1329.441	-1461.066	131.625	2.000246
1830	-1332.925	-1464.894	131.9692	1.656095
1840	-1329.589	-1461.267	131.6778	1.947486
1850	-1316.611	-1448.429	131.8183	1.806938
1860	-1322.129	-1454.087	131.9586	1.66663
1870	-1326.421	-1458.327	131.9068	1.718497
1880	-1331.309	-1463.076	131.7667	1.858626
1890	-1328.125	-1459.86	131.7354	1.889837
1900	-1320.405	-1452.35	131.9458	1.679496
1910	-1326.293	-1458.135	131.8413	1.783971
1920	-1324.889	-1456.737	131.8482	1.777076
1930	-1319.174	-1450.888	131.7137	1.911574
1940	-1328.405	-1460.119	131.7137	1.91161
1950	-1320.395	-1452.249	131.8531	1.772171
1960	-1320.659	-1452.847	132.1878	1.437441
1970	-1318.373	-1450.66	132.2879	1.337368
1980	-1320.838	-1452.652	131.814	1.811312
1990	-1330.009	-1462.013	132.004	1.621232
2000	-1319.911	-1451.68	131.7696	1.855676
2010	-1327.127	-1458.652	131.5259	2.099358
2020	-1320.104	-1452.002	131.8977	1.727552
2030	-1329.726	-1461.787	132.0607	1.564618
2040	-1320.037	-1451.622	131.585	2.04033
2050	-1311.849	-1443.601	131.7511	1.874138
2060	-1320.967	-1452.825	131.8578	1.76751
2070	-1322.429	-1454.314	131.8855	1.739766
2080	-1310.328	-1442.35	132.0219	1.603345
2090	-1322.751	-1454.66	131.909	1.716253
2100	-1330.638	-1462.503	131.8646	1.760674
2110	-1323.702	-1455.639	131.9366	1.688721
2120	-1324.817	-1456.644	131.8274	1.797831
2130	-1333.561	-1465.274	131.7133	1.911936
2140	-1315.867	-1447.624	131.7575	1.867809
2150	-1335.349	-1467.425	132.0765	1.548792
2160	-1329.349	-1461.361	132.0121	1.613139
2170	-1318.211	-1450.037	131.8265	1.798779
2180	-1323.688	-1455.504	131.8158	1.809505
2190	-1312.494	-1444.457	131.9633	1.662022
2200	-1320.628	-1452.108	131.4799	2.145416
2210	-1322.756	-1454.389	131.6326	1.992694
2220	-1326.475	-1458.237	131.7623	1.862947
2230	-1326.501	-1458.04	131.5391	2.086171
2240	-1324.534	-1456.193	131.6593	1.965973
2250	-1330.018	-1461.933	131.9148	1.710487
2260	-1325.29	-1457.13	131.8401	1.785161
2270	-1329.899	-1461.694	131.7943	1.830975
2280	-1332.492	-1464.654	132.1612	1.464039
2290	-1319.275	-1450.744	131.4691	2.156229
2300	-1318.876	-1450.445	131.5688	2.056521
2310	-1312.287	-1444.294	132.0069	1.618353
2320	-1318.821	-1450.735	131.9142	1.711106
2330	-1313.777	-1445.633	131.8554	1.769896
2340	-1323.703	-1455.357	131.6536	1.971682
2350	-1315.343	-1447.295	131.9516	1.673722
2360	-1317.195	-1449.251	132.0563	1.568973
2370	-1313.647	-1445.653	132.0053	1.620023
2380	-1313.55	-1445.478	131.9283	1.697002
2390	-1323.387	-1455.291	131.9039	1.721379
2400	-1326.628	-1458.385	131.7572	1.868122
2410	-1330.183	-1461.955	131.7724	1.852859
2420	-1332.244	-1464.327	132.0837	1.54162
2430	-1324.864	-1457.036	132.1719	1.453353
2440	-1317.648	-1449.63	131.9822	1.64308
2450	-1325.661	-1457.407	131.746	1.879329
2460	-1322.391	-1454.29	131.8981	1.727216
2470	-1327.312	-1458.983	131.6705	1.954773
2480	-1321.948	-1453.525	131.5766	2.048657
2490	-1322.854	-1454.776	131.9223	1.702974
2500	-1330.731	-1462.099	131.3681	2.257182
2510	-1322.224	-1454.031	131.8068	1.818477
2520	-1329.05	-1460.792	131.7418	1.88345
2530	-1315.914	-1447.795	131.8803	1.744967
2540	-1320.232	-1452.165	131.9332	1.692096
2550	-1319.802	-1451.716	131.9144	1.710833
2560	-1321.478	-1453.338	131.8605	1.76477
2570	-1321.447	-1453.335	131.8883	1.736951
2580	-1323.387	-1454.91	131.523	2.102244
2590	-1326.78	-1458.8	132.0199	1.605359
2600	-1327.63	-1459.234	131.6041	2.021175
2610	-1323.289	-1455.215	131.9261	1.699207
2620	-1325.496	-1457.183	131.6871	1.938133
2630	-1316.063	-1447.817	131.7538	1.871471
2640	-1322.877	-1454.58	131.7037	1.921612
2650	-1321.03	-1453.061	132.0318	1.593506
2660	-1346.908	-1478.902	131.9947	1.630585
2670	-1334.474	-1466.265	131.7919	1.83342
2680	-1313.416	-1445.301	131.8854	1.739909
2690	-1307.598	-1439.51	131.9122	1.713056
2700	-1329.713	-1461.656	131.9427	1.682604
2710	-1315.303	-1447.298	131.9957	1.629546
2720	-1331.526	-1463.241	131.7149	1.910384
2730	-1334.595	-1466.235	131.6407	1.984576
2740	-1335.606	-1467.633	132.0267	1.598579
2750	-1331.672	-1463.535	131.8631	1.762152
2760	-1321.851	-1453.675	131.824	1.80132
2770	-1324.4	-1456.091	131.6907	1.934548
2780	-1319.675	-1451.489	131.8144	1.8109
2790	-1325.146	-1457.053	131.9069	1.718399
2800	-1320.795	-1452.669	131.8745	1.750829
2810	-1328.629	-1460.345	131.7156	1.909679
2820	-1328.627	-1460.763	132.1365	1.488795
2830	-1331.72	-1463.664	131.9435	1.681739
2840	-1324.66	-1456.474	131.8149	1.810416
2850	-1319.607	-1451.553	131.9464	1.678887
2860	-1314.984	-1447.047	132.0626	1.562696
2870	-1328.762	-1460.596	131.8343	1.790942
2880	-1331.01	-1463.109	132.0989	1.526336
2890	-1333.886	-1465.942	132.0558	1.569504
2900	-1322.804	-1455.003	132.1982	1.427059
2910	-1315.116	-1446.898	131.7826	1.842686
2920	-1322.812	-1454.634	131.8219	1.803408
2930	-1320.846	-1452.736	131.8905	1.734732
2940	-1319.255	-1450.979	131.724	1.901329
2950	-1322.753	-1454.499	131.746	1.879309
2960	-1315.613	-1447.522	131.9092	1.716096
2970	-1323.573	-1455.072	131.4994	2.125878
2980	-1321.034	-1452.884	131.8499	1.77539
2990	-1321.472	-1453.392	131.9199	1.70536
3000	-1325.534	-1457.541	132.0065	1.618731
3010	-1323.864	-1455.673	131.809	1.81628
3020	-1325.672	-1457.539	131.8669	1.758401
3030	-1324.504	-1456.38	131.876	1.749265
3040	-1317.582	-1449.349	131.767	1.858267
3050	-1321.988	-1453.916	131.9273	1.697982
3060	-1307.376	-1439.005	131.6281	1.997166
3070	-1321.763	-1453.467	131.7046	1.920698
3080	-1319.625	-1451.481	131.8555	1.769753
3090	-1315.929	-1447.823	131.8933	1.732004
3100	-1319.253	-1451.123	131.8705	1.754814
3110	-1323.185	-1455.178	131.9924	1.632836
3120	-1323.653	-1455.368	131.7151	1.910132
3130	-1324.773	-1456.475	131.7023	1.923012
3140	-1322.256	-1454.19	131.9348	1.69048
3150	-1336.946	-1469.095	132.1496	1.475689
3160	-1331.455	-1462.887	131.4321	2.193132
3170	-1315.839	-1447.702	131.8629	1.762414
3180	-1323.414	-1455.139	131.7252	1.900041
3190	-1317.679	-1449.723	132.0435	1.581792
3200	-1317.64	-1449.638	131.9982	1.627043
3210	-1313.479	-1445.343	131.8646	1.760691
3220	-1308.744	-1440.597	131.8536	1.771662
3230	-1307.347	-1439.088	131.7405	1.884826
3240	-1321.313	-1453.439	132.1257	1.49953
3250	-1326.214	-1458.079	131.8652	1.760036
3260	-1319.261	-1450.968	131.7072	1.918058
3270	-1311.512	-1443.263	131.7513	1.873962
3280	-1320.707	-1452.747	132.0407	1.584574
3290	-1317.793	-1449.731	131.9386	1.686688
3300	-1307.1	-1438.977	131.8772	1.748042
3310	-1321.72	-1453.597	131.8772	1.748042
3320	-1326.92	-1458.916	131.9968	1.6285
3330	-1321.872	-1453.688	131.8157	1.809607
3340	-1334.548	-1466.348	131.7997	1.825615
3350	-1332.965	-1464.869	131.9037	1.721615
3360	-1336.676	-1468.567	131.8906	1.734708
3370	-1344.757	-1476.819	132.0622	1.563095
3380	-1338.184	-1470.353	132.1686	1.456704
3390	-1330.026	-1461.588	131.5618	2.063467
3400	-1333.528	-1465.501	131.9731	1.652163
3410	-1331.387	-1463.331	131.944	1.681293
3420	-1328.104	-1460.291	132.1872	1.438081
3430	-1321.447	-1453.275	131.8283	1.796953
3440	-1326.399	-1458.072	131.6734	1.951835
3450	-1319.81	-1451.501	131.6913	1.933952
3460	-1331.56	-1463.219	131.6588	1.966435
3470	-1333.681	-1465.69	132.009	1.616234
3480	-1327.628	-1459.375	131.7463	1.878937
3490	-1321.684	-1453.447	131.7635	1.861784
3500	-1321.973	-1453.468	131.4958	2.12945
3510	-1322.493	-1454.481	131.988	1.637236
3520	-1314.949	-1446.836	131.8871	1.738155
3530	-1318.439	-1450.461	132.0221	1.603131
3540	-1322.478	-1454.452	131.9742	1.651111
3550	-1316.873	-1448.701	131.8278	1.7975
3560	-1325.908	-1457.811	131.9035	1.721824
3570	-1326.738	-1458.61	131.8722	1.753031
3580	-1328.549	-1460.431	131.8821	1.743216
3590	-1328.812	-1460.693	131.8817	1.743593
3600	-1319.228	-1451.396	132.1681	1.45715
3610	-1311.937	-1443.715	131.7779	1.847362
3620	-1321.747	-1453.505	131.7574	1.86786
3630	-1328.599	-1460.717	132.1174	1.507907
3640	-1325.41	-1457.216	131.806	1.819286
3650	-1333.818	-1465.638	131.8192	1.806065
3660	-1334.728	-1466.421	131.6931	1.932201
3670	-1335.184	-1466.967	131.7832	1.842081
3680	-1329.973	-1461.809	131.8368	1.788472
3690	-1329.393	-1461.338	131.9452	1.680075
3700	-1328.438	-1460.383	131.9452	1.680098
3710	-1333.932	-1465.787	131.8551	1.7702
3720	-1326.289	-1458.224	131.9345	1.69081
3730	-1319.302	-1451.258	131.9554	1.669875
3740	-1312.618	-1444.358	131.7398	1.88546
3750	-1318.259	-1450.156	131.8979	1.727378
3760	-1321.069	-1452.987	131.9184	1.706865
3770	-1326.065	-1458.107	132.0419	1.583338
3780	-1322.039	-1453.795	131.7561	1.869169
3790	-1327.056	-1459.045	131.9897	1.635551
3800	-1322.564	-1453.953	131.389	2.236245
3810	-1316.791	-1448.517	131.7259	1.899379
3820	-1315.419	-1447.093	131.6742	1.951037
3830	-1325.365	-1457.3	131.9354	1.689904
3840	-1321.341	-1453.071	131.7295	1.895744
3850	-1316.018	-1447.977	131.96	1.665319
3860	-1316.706	-1448.65	131.9443	1.680968
3870	-1316.344	-1448.134	131.7908	1.834486
3880	-1327.662	-1459.472	131.8108	1.814458
3890	-1329.471	-1461.307	131.8361	1.789158
3900	-1328.351	-1460.34	131.9893	1.636003
3910	-1315.338	-1447.412	132.0739	1.551371
3920	-1321.976	-1453.616	131.6407	1.984611
3930	-1312.876	-1444.764	131.8886	1.736676
3940	-1316.637	-1448.338	131.7014	1.92392
3950	-1323.312	-1455.441	132.1291	1.496221
3960	-1324.375	-1456.123	131.7482	1.877096
3970	-1318.551	-1450.524	131.9739	1.651429
3980	-1318.871	-1451.123	132.2523	1.373001
3990	-1315.913	-1447.536	131.6224	2.002927
4000	-1313.709	-1445.531	131.8224	1.802845
4010	-1326.91	-1458.89	131.9802	1.645099
4020	-1316.285	-1447.965	131.6809	1.944381
4030	-1321.077	-1453.313	132.2357	1.38953
4040	-1313.058	-1444.958	131.8993	1.725948
4050	-1316.259	-1448.032	131.7727	1.852595
4060	-1318.752	-1450.346	131.5944	2.030889
4070	-1315.682	-1447.646	131.9638	1.661436
4080	-1324.376	-1456.233	131.8575	1.767802
4090	-1321.138	-1453.096	131.9577	1.667538
4100	-1322.751	-1454.647	131.896	1.729313
4110	-1334.216	-1466.039	131.8231	1.802182
4120	-1333.244	-1465.191	131.9474	1.677864
4130	-1328.984	-1460.54	131.556	2.069327
4140	-1317.321	-1448.902	131.581	2.044324
4150	-1316.354	-1448.053	131.699	1.926277
4160	-1319.5	-1451.226	131.7264	1.898878
4170	-1316.165	-1447.814	131.6493	1.976009
4180	-1314.444	-1446.159	131.7148	1.910498
4190	-1330.585	-1462.521	131.936	1.68932
4200	-1319.583	-1451.188	131.6046	2.020697
4210	-1336.293	-1468.293	132.0005	1.624774
4220	-1326.409	-1458.336	131.9266	1.698729
4230	-1332.48	-1464.407	131.9266	1.698729
4240	-1330.609	-1462.634	132.0249	1.600359
4250	-1326.712	-1458.184	131.4719	2.153387
4260	-1328.409	-1460.263	131.8546	1.770661
4270	-1315.342	-1447.118	131.7763	1.848973
4280	-1319.257	-1451.113	131.856	1.769252
4290	-1324.609	-1456.404	131.7945	1.830815
4300	-1317.573	-1449.39	131.8165	1.808734
4310	-1329.531	-1461.073	131.5422	2.083123
4320	-1315.438	-1447.416	131.9784	1.646852
4330	-1316.478	-1448.457	131.9784	1.646852
4340	-1323.798	-1455.483	131.6854	1.939864
4350	-1321.162	-1453.12	131.9582	1.667042
4360	-1323.898	-1455.814	131.9164	1.708888
4370	-1332.694	-1464.66	131.9657	1.659586
4380	-1322.773	-1454.402	131.6287	1.996622
4390	-1315.065	-1446.972	131.9068	1.718513
4400	-1321.145	-1453.406	132.261	1.364314
4410	-1316.791	-1448.429	131.6379	1.987378
4420	-1327.928	-1460.037	132.1085	1.516748
4430	-1316.191	-1448.013	131.8217	1.803605
4440	-1324.749	-1456.595	131.8461	1.779163
4450	-1319.526	-1451.325	131.7995	1.825749
4460	-1324.023	-1455.889	131.8662	1.759064
4470	-1317.784	-1449.687	131.9034	1.721875
4480	-1319.51	-1451.362	131.8522	1.773082
4490	-1318.761	-1450.623	131.8624	1.762859
4500	-1320.947	-1452.42	131.4732	2.152059
4510	-1323.792	-1455.543	131.7504	1.874866
4520	-1321.547	-1453.376	131.8291	1.79617
4530	-1315.371	-1447.084	131.7136	1.911711
4540	-1316.611	-1448.453	131.8417	1.783582
4550	-1323.113	-1454.958	131.8448	1.780497
4560	-1328.416	-1460.471	132.0551	1.570153
4570	-1322.302	-1453.984	131.6816	1.943659
4580	-1324.485	-1456.568	132.0825	1.542783
4590	-1338.392	-1470.171	131.7788	1.846496
4600	-1332.529	-1464.383	131.8537	1.77157
4610	-1326.281	-1457.814	131.533	2.092289
4620	-1333.495	-1465.352	131.8568	1.76845
4630	-1327.116	-1458.796	131.6798	1.945441
4640	-1339.445	-1471.391	131.9461	1.679166
4650	-1326.32	-1458.119	131.7985	1.826753
4660	-1319.564	-1451.275	131.7115	1.913747
4670	-1318.187	-1450.08	131.8924	1.732885
4680	-1318.779	-1450.653	131.8737	1.751602
4690	-1311.945	-1443.892	131.9467	1.678581
4700	-1317.735	-1449.702	131.9673	1.657938
4710	-1333.182	-1465.064	131.8823	1.742959
4720	-1321.14	-1453.052	131.9124	1.71285
4730	-1328.064	-1459.836	131.7715	1.853828
4740	-1331.748	-1463.707	131.959	1.666307
4750	-1324.075	-1455.659	131.5842	2.041065
4760	-1323.41	-1455.325	131.9148	1.71051
4770	-1315.437	-1447.168	131.7306	1.89465
4780	-1312.242	-1444.061	131.819	1.806305
4790	-1315.22	-1447.189	131.9684	1.656873
4800	-1333.993	-1465.877	131.8839	1.741365
4810	-1330.512	-1462.117	131.6052	2.020119
4820	-1322.658	-1454.374	131.7157	1.909607
4830	-1323.15	-1454.916	131.7661	1.859182
4840	-1336.164	-1467.947	131.7825	1.842821
4850	-1321.711	-1453.631	131.9195	1.705777
4860	-1330.257	-1462.088	131.8315	1.793745
4870	-1327.421	-1459.174	131.7531	1.872204
4880	-1325.659	-1457.74	132.0816	1.54366
4890	-1323.952	-1455.768	131.8159	1.80938
4900	-1319.299	-1451.02	131.7207	1.904541
4910	-1323.388	-1454.964	131.5757	2.04954
4920	-1319.797	-1451.469	131.6715	1.953752
4930	-1327.696	-1459.705	132.0098	1.615511
4940	-1326.321	-1458.164	131.8433	1.782006
4950	-1322.444	-1454.426	131.9825	1.642768
4960	-1313.568	-1445.539	131.9705	1.654757
4970	-1322.167	-1454.15	131.9836	1.641652
4980	-1325.938	-1457.646	131.7082	1.917075
4990	-1327.897	-1459.91	132.0132	1.612044
5000	-1318.712	-1450.471	131.7596	1.865685
5010	-1326.624	-1458.709	132.0855	1.539737
5020	-1322.416	-1454.138	131.7218	1.903466
5030	-1310.915	-1442.719	131.8037	1.821604
5040	-1317.162	-1449.131	131.9683	1.656997
5050	-1320.497	-1452.2	131.7028	1.922514
5060	-1327.359	-1459.12	131.7606	1.864662
5070	-1316.792	-1448.646	131.8541	1.771174
5080	-1328.869	-1460.751	131.8824	1.742852
5090	-1316.049	-1447.864	131.8147	1.810563
5100	-1320.511	-1452.456	131.9447	1.680566
5110	-1328.137	-1459.842	131.7048	1.92043
5120	-1326.336	-1458.09	131.7547	1.870576
5130	-1326.767	-1458.487	131.7206	1.904668
5140	-1326.661	-1458.732	132.0709	1.554369
5150	-1324.82	-1456.618	131.7975	1.827781
5160	-1324.46	-1456.03	131.5703	2.055022
5170	-1325.398	-1457.351	131.9535	1.671745
5180	-1321.172	-1453.046	131.8732	1.7521
5190	-1320.131	-1452.264	132.1326	1.49269
5200	-1323.29	-1454.969	131.6783	1.947002
5210	-1324.679	-1456.816	132.1368	1.48844
5220	-1329.291	-1460.793	131.5019	2.123385
5230	-1314.614	-1446.43	131.8165	1.808763
5240	-1325.734	-1457.583	131.8499	1.77533
5250	-1322.87	-1454.694	131.8235	1.801765
5260	-1322.694	-1454.518	131.8235	1.801765
5270	-1319.948	-1451.861	131.9122	1.713052
5280	-1324.451	-1456.267	131.8168	1.808455
5290	-1325.155	-1457.128	131.9731	1.652141
5300	-1330.872	-1462.706	131.8342	1.791065
5310	-1326.769	-1458.386	131.6173	2.007972
5320	-1325.526	-1457.546	132.0194	1.605851
5330	-1320.509	-1452.359	131.8496	1.775643
5340	-1321.64	-1453.659	132.019	1.606271
5350	-1324.696	-1456.521	131.8252	1.800097
5360	-1322.77	-1454.63	131.8594	1.765908
5370	-1329.677	-1461.695	132.0181	1.607215
5380	-1322.443	-1454.354	131.9105	1.714749
5390	-1332.861	-1464.86	131.9987	1.626621
5400	-1325.031	-1457.008	131.977	1.648328
5410	-1324.722	-1456.557	131.8352	1.790069
5420	-1322	-1454.101	132.1016	1.523718
5430	-1331.865	-1463.399	131.5336	2.09164
5440	-1317.88	-1449.693	131.8131	1.812162
5450	-1320.548	-1452.265	131.7162	1.9091
5460	-1320.284	-1452.218	131.9339	1.69139
5470	-1319.671	-1451.719	132.0475	1.577732
5480	-1324.002	-1455.875	131.873	1.752325
5490	-1316.469	-1448.334	131.8651	1.760202
5500	-1326.767	-1458.576	131.8087	1.816583
5510	-1319.186	-1450.904	131.7184	1.906902
5520	-1319.839	-1451.599	131.7606	1.864642
5530	-1313.041	-1444.955	131.9138	1.711443
5540	-1312.375	-1444.367	131.992	1.633294
5550	-1315.041	-1446.983	131.9417	1.683534
5560	-1319.195	-1451.154	131.9592	1.666044
5570	-1327.714	-1459.453	131.7391	1.886163
5580	-1324.578	-1456.475	131.8963	1.729015
5590	-1318.055	-1450.006	131.9511	1.674165
5600	-1323.615	-1455.644	132.0293	1.595968
5610	-1318.279	-1450.059	131.7808	1.844482
5620	-1317.534	-1449.286	131.7522	1.873115
5630	-1316.439	-1448.324	131.8849	1.740369
5640	-1316.296	-1448.169	131.873	1.752287
5650	-1317.863	-1449.681	131.818	1.807265
5660	-1321.328	-1453.165	131.8373	1.787933
5670	-1323.17	-1454.999	131.8292	1.796089
5680	-1323.068	-1454.796	131.7284	1.896847
5690	-1317.229	-1449.207	131.9779	1.647332
5700	-1318.621	-1450.54	131.9184	1.706842
5710	-1324.952	-1457.088	132.1362	1.489079
5720	-1333.589	-1465.524	131.9354	1.689848
5730	-1327.769	-1459.624	131.8548	1.770471
5740	-1326.556	-1458.203	131.6473	1.977939
5750	-1327.364	-1459.166	131.8015	1.823733
5760	-1325.617	-1457.399	131.7811	1.844147
5770	-1319.747	-1451.624	131.8774	1.747923
5780	-1317.581	-1449.255	131.6745	1.950732
5790	-1326.652	-1458.509	131.857	1.768232
5800	-1329.966	-1462.164	132.1982	1.427038
5810	-1320.431	-1452.051	131.6194	2.005894
5820	-1317.479	-1449.253	131.7737	1.851532
5830	-1325.395	-1457.369	131.9731	1.65217
5840	-1323.768	-1455.377	131.6092	2.016071
5850	-1321.182	-1453.099	131.9167	1.708572
5860	-1324.162	-1456.424	132.2612	1.364125
5870	-1330.586	-1462.617	132.031	1.594309
5880	-1326.906	-1458.783	131.8765	1.748769
5890	-1328.77	-1460.647	131.8765	1.748769
5900	-1324.498	-1456.509	132.0114	1.61389
5910	-1321.249	-1453.199	131.9493	1.675933
5920	-1323.042	-1454.978	131.936	1.689257
5930	-1312.884	-1444.876	131.9916	1.633679
5940	-1329.299	-1461.248	131.9485	1.676779
5950	-1313.474	-1445.404	131.9299	1.695399
5960	-1334.864	-1466.713	131.8487	1.776537
5970	-1332.832	-1464.719	131.8877	1.737609
5980	-1324.55	-1456.258	131.7081	1.917213
5990	-1326.653	-1458.381	131.7282	1.897126
6000	-1338.41	-1470.309	131.8986	1.726669
6010	-1336.228	-1468.144	131.9153	1.710016
6020	-1322.348	-1454.214	131.866	1.759287
6030	-1325.882	-1457.816	131.9338	1.691515
6040	-1319.025	-1450.978	131.9528	1.672483
6050	-1326.666	-1458.579	131.9127	1.712614
6060	-1323.555	-1455.342	131.7865	1.838807
6070	-1317.837	-1449.639	131.8018	1.82352
6080	-1322.418	-1454.247	131.8296	1.795725
6090	-1326.037	-1457.947	131.9104	1.714896
6100	-1337.391	-1469.163	131.7722	1.853042
6110	-1319.307	-1451.199	131.8919	1.733409
6120	-1317.869	-1449.975	132.1053	1.519987
6130	-1319.005	-1450.829	131.8241	1.801197
6140	-1321.957	-1453.682	131.7253	1.899953
6150	-1323.502	-1455.435	131.9327	1.692557
6160	-1316.622	-1448.436	131.8139	1.811395
6170	-1319.007	-1451.038	132.0303	1.594941
6180	-1325.918	-1457.909	131.9914	1.633844
6190	-1324.79	-1456.386	131.5963	2.028955
6200	-1324.044	-1456.092	132.0479	1.577381
6210	-1314.609	-1446.526	131.9171	1.708227
6220	-1319.718	-1451.647	131.9291	1.696163
6230	-1321.673	-1453.458	131.785	1.840282
6240	-1330.016	-1462.014	131.9983	1.627018
6250	-1332.879	-1464.601	131.7217	1.903532
6260	-1333.371	-1465.286	131.9157	1.709595
6270	-1322.229	-1454.067	131.8388	1.786517
6280	-1325.882	-1457.968	132.0855	1.539738
6290	-1329.181	-1461.146	131.9656	1.659689
6300	-1329.27	-1460.963	131.6933	1.932022
6310	-1324.302	-1455.8	131.4979	2.127331
6320	-1328.481	-1460.383	131.9024	1.72287
6330	-1318.838	-1450.741	131.9024	1.72287
6340	-1336.51	-1468.354	131.8438	1.781495
6350	-1323.059	-1454.928	131.8691	1.756164
6360	-1328.187	-1460.064	131.8767	1.748551
6370	-1329.162	-1460.958	131.7957	1.829578
6380	-1322.37	-1454.365	131.9952	1.630073
6390	-1326.281	-1457.92	131.6385	1.986806
6400	-1318.897	-1450.897	132.0001	1.625156
6410	-1317.548	-1449.415	131.8672	1.758048
6420	-1313.466	-1445.327	131.861	1.764319
6430	-1317.225	-1449.147	131.9229	1.702357
6440	-1328.056	-1459.709	131.6528	1.972475
6450	-1336.182	-1468.075	131.8937	1.731609
6460	-1320.938	-1452.808	131.8702	1.755078
6470	-1329.281	-1461.175	131.8939	1.731427
6480	-1323.189	-1454.918	131.7294	1.895906
6490	-1315.424	-1447.368	131.9442	1.681086
6500	-1314.943	-1446.992	132.0491	1.576166
6510	-1321.249	-1453.236	131.9874	1.637833
6520	-1322.858	-1454.552	131.6942	1.931055
6530	-1328.239	-1459.754	131.5145	2.110824
6540	-1338.326	-1469.921	131.5951	2.030195
6550	-1323.868	-1455.509	131.6414	1.983862
6560	-1329.549	-1461.04	131.4904	2.134867
6570	-1317.605	-1449.559	131.9539	1.671403
6580	-1316.59	-1448.617	132.0262	1.599039
6590	-1316.87	-1448.68	131.8106	1.814683
6600	-1329.351	-1461.438	132.0864	1.53889
6610	-1319.391	-1451.117	131.7257	1.899592
6620	-1316.276	-1448.311	132.0356	1.589659
6630	-1320.265	-1452.028	131.7634	1.861909
6640	-1318.061	-1450.252	132.1909	1.4344
6650	-1311.272	-1443.124	131.852	1.773234
6660	-1309.604	-1441.457	131.852	1.773234
6670	-1319.981	-1451.791	131.8106	1.814712
6680	-1320.255	-1452.264	132.0095	1.615745
6690	-1324.867	-1456.882	132.0149	1.610353
6700	-1320.6	-1452.365	131.7647	1.860583
6710	-1316.679	-1448.742	132.0627	1.562532
6720	-1319.125	-1450.779	131.6542	1.971096
6730	-1328.807	-1460.561	131.7539	1.871413
6740	-1334.606	-1466.382	131.7765	1.848788
6750	-1330.536	-1462.196	131.6601	1.965181
6760	-1326.025	-1457.753	131.7279	1.89735
6770	-1326.079	-1457.808	131.7289	1.89634
6780	-1316.178	-1448.118	131.9397	1.68557
6790	-1320.201	-1451.859	131.6581	1.967195
6800	-1318.104	-1450.072	131.9676	1.657688
6810	-1324.637	-1456.38	131.7436	1.881659
6820	-1324.609	-1456.447	131.8377	1.787556
6830	-1325.663	-1457.529	131.8664	1.75886
6840	-1324.359	-1456.29	131.9306	1.694707
6850	-1332.829	-1464.821	131.9924	1.632833
6860	-1325.449	-1457.234	131.7842	1.841043
6870	-1334.046	-1466.045	131.9982	1.627055
6880	-1320.904	-1452.829	131.9245	1.700785
6890	-1332.077	-1463.84	131.7638	1.861497
6900	-1324.239	-1456.077	131.8377	1.787545
6910	-1318.107	-1449.891	131.7843	1.840993
6920	-1317.482	-1449.376	131.8938	1.73147
6930	-1313.763	-1445.611	131.8481	1.777186
6940	-1313.691	-1445.52	131.8282	1.797072
6950	-1319.567	-1451.325	131.7584	1.866835
6960	-1327.026	-1458.789	131.7628	1.862474
6970	-1341.461	-1473.458	131.997	1.628315
6980	-1323.689	-1455.512	131.8226	1.802715
6990	-1317.964	-1449.723	131.7585	1.866821
7000	-1333.362	-1465.336	131.9739	1.651357
7010	-1326.211	-1457.834	131.6232	2.00206
7020	-1315.863	-1447.836	131.9725	1.652739
7030	-1322.213	-1453.92	131.7069	1.918411
7040	-1315.234	-1447.253	132.0185	1.606797
7050	-1308.864	-1440.865	132.0012	1.624121
7060	-1317.673	-1449.399	131.726	1.899245
7070	-1321.117	-1453.159	132.0412	1.584058
7080	-1320.14	-1451.823	131.6825	1.942828
7090	-1325.245	-1457.182	131.9371	1.688206
7100	-1326.407	-1458.433	132.0264	1.598857
7110	-1317.458	-1449.067	131.609	2.01629
7120	-1328.375	-1460.36	131.9853	1.63998
7130	-1332.27	-1464.394	132.124	1.501263
7140	-1318.775	-1450.761	131.9857	1.639622
7150	-1327.882	-1459.696	131.8145	1.810789
7160	-1323.001	-1454.854	131.8526	1.772657
7170	-1316.84	-1448.531	131.691	1.934306
7180	-1313.227	-1444.98	131.7533	1.871982
7190	-1320.859	-1452.612	131.7533	1.871982
7200	-1322.503	-1454.296	131.794	1.831316
7210	-1324.6	-1456.394	131.794	1.831316
7220	-1326.827	-1458.702	131.8754	1.749922
7230	-1331.45	-1463.221	131.7706	1.854677
7240	-1324.742	-1456.696	131.9536	1.671701
7250	-1321.064	-1452.785	131.721	1.904269
7260	-1321.149	-1453.027	131.8779	1.747425
7270	-1322.408	-1454.447	132.0389	1.586337
7280	-1331.094	-1462.939	131.8449	1.780354
7290	-1326.328	-1458.463	132.1353	1.489974
7300	-1327.283	-1459.419	132.1353	1.489974
7310	-1318.281	-1450.079	131.7988	1.826529
7320	-1329.98	-1461.936	131.9562	1.669042
7330	-1328.164	-1460.076	131.9122	1.713099
7340	-1319.753	-1451.621	131.868	1.757279
7350	-1324.671	-1456.688	132.0163	1.609005
7360	-1326.963	-1458.994	132.0306	1.594678
7370	-1332.285	-1464.101	131.8163	1.80899
7380	-1326.908	-1458.505	131.597	2.02823
7390	-1336.235	-1468.138	131.9028	1.722437
7400	-1324.657	-1456.663	132.0056	1.619693
7410	-1323.441	-1455.224	131.7829	1.842353
7420	-1319.225	-1451.193	131.9689	1.656341
7430	-1324.547	-1456.513	131.9664	1.658881
7440	-1318.606	-1450.591	131.9849	1.640404
7450	-1315.608	-1447.634	132.0257	1.599596
7460	-1320.583	-1452.53	131.9469	1.678368
7470	-1318.319	-1450.295	131.9766	1.648682
7480	-1319.433	-1451.37	131.9373	1.688011
7490	-1313.276	-1444.875	131.5994	2.025895
7500	-1323.172	-1455.33	132.1579	1.467373
7510	-1316.245	-1448.128	131.8826	1.742716
7520	-1319.971	-1452.053	132.0824	1.542897
7530	-1315.286	-1446.897	131.6118	2.013485
7540	-1334.787	-1466.321	131.5341	2.091167
7550	-1319.608	-1451.321	131.7133	1.912023
7560	-1330.85	-1462.515	131.6651	1.960165
7570	-1319.69	-1451.744	132.0542	1.571086
7580	-1333.071	-1464.934	131.8626	1.7627
7590	-1334.64	-1466.198	131.558	2.06727
7600	-1325.44	-1457.181	131.7411	1.884164
7610	-1336.863	-1468.711	131.8477	1.777569
7620	-1318.664	-1450.291	131.6267	1.998601
7630	-1321.43	-1453.429	131.9983	1.626956
7640	-1332.207	-1463.949	131.7424	1.882866
7650	-1322.222	-1454.336	132.1136	1.511651
7660	-1328.249	-1459.938	131.689	1.936321
7670	-1333.209	-1465.249	132.0397	1.58557
7680	-1322.057	-1453.639	131.5826	2.04271
7690	-1322.97	-1454.553	131.5837	2.04158
7700	-1327.618	-1459.287	131.6683	1.957027
7710	-1317.556	-1449.301	131.7451	1.880185
7720	-1333.626	-1465.657	132.0312	1.594093
7730	-1316.383	-1448.17	131.787	1.838261
7740	-1314.407	-1446.616	132.2088	1.416486
7750	-1319.7	-1451.703	132.003	1.622304
7760	-1328.278	-1459.928	131.65	1.975326
7770	-1325.007	-1456.94	131.9327	1.692571
7780	-1320.627	-1452.818	132.1911	1.434179
7790	-1308.932	-1440.786	131.8546	1.770699
7800	-1326.976	-1458.875	131.8987	1.726559
7810	-1321.36	-1453.35	131.9898	1.635516
7820	-1329.428	-1461.208	131.7793	1.84598
7830	-1334.635	-1466.717	132.0817	1.543619
7840	-1325.09	-1457	131.9109	1.714414
7850	-1327.182	-1459.264	132.0819	1.543334
7860	-1321.296	-1453.283	131.9868	1.638497
7870	-1319.644	-1451.525	131.881	1.744272
7880	-1321.95	-1453.57	131.6197	2.005628
7890	-1312.416	-1444.454	132.0378	1.587494
7900	-1324.126	-1455.877	131.7514	1.873906
7910	-1328.609	-1460.706	132.0972	1.528126
7920	-1332.355	-1464.084	131.7293	1.89598
7930	-1337.989	-1469.597	131.6076	2.017671
7940	-1329.884	-1462.024	132.1401	1.485194
7950	-1336.886	-1468.78	131.8946	1.73065
7960	-1344.621	-1476.405	131.7838	1.841487
7970	-1329.276	-1461.142	131.8657	1.759553
7980	-1327.551	-1459.26	131.7089	1.916348
7990	-1332.056	-1464.202	132.1454	1.479871
8000	-1329.18	-1461.032	131.8523	1.773007
8010	-1333.249	-1464.991	131.7426	1.882662
8020	-1333.833	-1465.815	131.9829	1.642412
8030	-1320.427	-1452.641	132.2142	1.411066
8040	-1318.15	-1450.119	131.9694	1.655862
8050	-1320.631	-1452.344	131.7126	1.912643
8060	-1323.037	-1454.929	131.8919	1.733356
8070	-1318.904	-1450.837	131.9328	1.692487
8080	-1325.111	-1457.074	131.9629	1.662368
8090	-1322.587	-1454.369	131.7815	1.843803
8100	-1332.748	-1464.57	131.8224	1.802926
8110	-1346.165	-1477.963	131.7975	1.827818
8120	-1324.297	-1456.317	132.0195	1.605788
8130	-1328.19	-1459.98	131.79	1.835277
8140	-1342.233	-1473.937	131.7034	1.921848
8150	-1331.699	-1463.657	131.9578	1.667495
8160	-1324.413	-1456.203	131.7898	1.835441
8170	-1327.732	-1459.455	131.723	1.902238
8180	-1328.006	-1459.567	131.5606	2.064675
8190	-1328.471	-1460.15	131.6792	1.946054
8200	-1328.734	-1460.403	131.669	1.95627
8210	-1330.888	-1462.583	131.6954	1.929906
8220	-1330.266	-1461.951	131.6848	1.940459
8230	-1329.987	-1461.588	131.601	2.024281
8240	-1334.133	-1465.748	131.6149	2.010333
8250	-1315.538	-1447.261	131.7225	1.902748
8260	-1323.792	-1455.497	131.7051	1.92016
8270	-1313.778	-1445.459	131.6803	1.944978
8280	-1323.506	-1455.28	131.7744	1.850863
8290	-1321.508	-1453.252	131.744	1.881248
8300	-1321.787	-1453.481	131.6934	1.931832
8310	-1334.191	-1465.923	131.7328	1.892474
8320	-1325.963	-1457.972	132.0085	1.616743
8330	-1330.725	-1462.68	131.9547	1.670628
8340	-1325.471	-1457.295	131.8239	1.801421
8350	-1331.119	-1462.401	131.2823	2.342936
8360	-1315.984	-1447.894	131.9098	1.715436
8370	-1322.858	-1454.929	132.0713	1.554017
8380	-1334.469	-1466.3	131.8317	1.793568
8390	-1323.777	-1455.748	131.9712	1.6541
8400	-1323.176	-1455.128	131.9515	1.673809
8410	-1320.41	-1452.35	131.9402	1.68509
8420	-1317.407	-1449.125	131.7174	1.907884
8430	-1319.213	-1451.001	131.7873	1.838003
8440	-1317.142	-1449.122	131.9795	1.645751
8450	-1333.817	-1465.743	131.9261	1.699138
8460	-1318.824	-1450.557	131.7331	1.892186
8470	-1323.62	-1455.446	131.8265	1.798808
8480	-1333.429	-1465.009	131.5801	2.045143
8490	-1337.363	-1469.015	131.6514	1.973903
8500	-1346.507	-1478.191	131.6838	1.941452
8510	-1333.217	-1465.373	132.1563	1.469003
8520	-1325.929	-1457.731	131.8018	1.823517
8530	-1333.202	-1465.134	131.9317	1.693597
8540	-1330.187	-1462.167	131.9795	1.645752
8550	-1333.408	-1465.104	131.6964	1.928879
8560	-1339.096	-1470.835	131.7388	1.886485
8570	-1324.51	-1456.366	131.856	1.769292
8580	-1319.942	-1451.611	131.6689	1.956337
8590	-1335.21	-1466.95	131.7404	1.884831
8600	-1325.79	-1457.628	131.8378	1.787486
8610	-1319.353	-1451.4	132.0475	1.577738
8620	-1320.928	-1452.912	131.9839	1.64139
8630	-1324.119	-1455.779	131.6605	1.964743
8640	-1310.836	-1442.778	131.942	1.683297
8650	-1334.543	-1466.189	131.6456	1.979659
8660	-1326.896	-1458.852	131.9562	1.669097
8670	-1321.737	-1453.832	132.0949	1.530352
8680	-1314.995	-1446.787	131.7919	1.833408
8690	-1328.343	-1460.494	132.1511	1.474207
8700	-1324.839	-1456.643	131.8038	1.821432
8710	-1333.406	-1465.133	131.7277	1.897585
8720	-1321.895	-1453.298	131.403	2.222252
8730	-1325.411	-1457.486	132.0757	1.549605
8740	-1323.831	-1455.812	131.9813	1.643989
8750	-1317.054	-1448.837	131.783	1.842268
8760	-1312.566	-1444.39	131.8241	1.801176
8770	-1314.464	-1446.399	131.9355	1.68974
8780	-1314.538	-1446.44	131.9021	1.723169
8790	-1317.595	-1449.69	132.0958	1.529525
8800	-1306.924	-1438.86	131.9355	1.689778
8810	-1310.142	-1442.105	131.9633	1.661988
8820	-1310.462	-1442.413	131.9513	1.674023
8830	-1314.161	-1446.26	132.0989	1.526378
8840	-1318.402	-1450.419	132.0171	1.60822
8850	-1321.724	-1453.27	131.5457	2.07963
8860	-1319.14	-1451.149	132.0095	1.615775
8870	-1326.325	-1458.15	131.8249	1.800373
8880	-1333.352	-1465.374	132.0216	1.603717
8890	-1328.465	-1460.529	132.0649	1.560376
8900	-1313.577	-1445.62	132.043	1.58232
8910	-1317.673	-1449.429	131.756	1.869272
8920	-1319.991	-1451.609	131.6181	2.007211
8930	-1320.102	-1451.826	131.7233	1.901956
8940	-1320.62	-1452.121	131.5014	2.123851
8950	-1323.18	-1454.701	131.5204	2.104879
8960	-1321.897	-1453.898	132.0008	1.624435
8970	-1312.651	-1444.237	131.586	2.039232
8980	-1330.344	-1462.167	131.8234	1.801925
8990	-1319.567	-1451.536	131.9685	1.656813
9000	-1319.699	-1451.545	131.846	1.779271
9010	-1324.643	-1456.673	132.0296	1.595687
9020	-1326.433	-1458.488	132.055	1.570319
9030	-1326.808	-1458.941	132.1335	1.491802
9040	-1321.9	-1453.895	131.9948	1.630507
9050	-1321.582	-1453.497	131.9153	1.710011
9060	-1318.416	-1450.1	131.684	1.941267
9070	-1331.611	-1463.178	131.5675	2.057753
9080	-1322.94	-1454.75	131.8107	1.814595
9090	-1326.272	-1458.024	131.752	1.873306
9100	-1329.341	-1461.242	131.9009	1.724356
9110	-1327.675	-1459.498	131.8228	1.802518
9120	-1333.275	-1465.275	131.9997	1.625544
9130	-1330.55	-1462.252	131.7026	1.922707
9140	-1337.531	-1469.55	132.0188	1.606467
9150	-1332.849	-1464.88	132.0308	1.594469
9160	-1320.822	-1452.756	131.9346	1.690648
9170	-1320.395	-1452.41	132.0154	1.609904
9180	-1325.261	-1456.982	131.7206	1.904717
9190	-1328.422	-1460.419	131.9976	1.627652
9200	-1333.083	-1465.136	132.0529	1.572346
9210	-1339.963	-1471.467	131.5048	2.12051
9220	-1324.93	-1456.523	131.5932	2.032043
9230	-1332.617	-1464.525	131.9075	1.717792
9240	-1321.494	-1453.212	131.718	1.907236
9250	-1329.916	-1461.57	131.6535	1.971803
9260	-1326.534	-1458.292	131.758	1.86724
9270	-1325.143	-1456.989	131.8459	1.779402
9280	-1325.813	-1457.754	131.9408	1.68445
9290	-1318.302	-1449.897	131.5946	2.030686
9300	-1332.327	-1464.206	131.8788	1.746518
9310	-1321.563	-1453.555	131.9918	1.633467
9320	-1319.873	-1451.575	131.7025	1.922767
9330	-1320.157	-1451.813	131.6568	1.968517
9340	-1323.324	-1455.036	131.7115	1.913808
9350	-1312.843	-1444.567	131.7238	1.901435
9360	-1315.973	-1447.724	131.7506	1.874718
9370	-1322.955	-1454.806	131.8517	1.773602
9380	-1322.343	-1454.207	131.8638	1.761435
9390	-1322.618	-1454.427	131.8088	1.816486
9400	-1316.134	-1447.859	131.7241	1.901229
9410	-1330.912	-1462.713	131.8015	1.823828
9420	-1321.24	-1453.113	131.8736	1.751648
9430	-1332.917	-1464.883	131.9661	1.659135
9440	-1319.084	-1450.953	131.8685	1.75675
9450	-1328.455	-1460.495	132.0407	1.584605
9460	-1325.924	-1457.862	131.9376	1.68771
9470	-1321.556	-1453.31	131.7544	1.870866
9480	-1332.383	-1464.132	131.7485	1.87679
9490	-1323.773	-1455.734	131.9613	1.664022
9500	-1326.512	-1458.41	131.8981	1.72719
9510	-1324.969	-1456.792	131.8236	1.80165
9520	-1318.199	-1450.015	131.8165	1.808781
9530	-1319.563	-1451.232	131.6695	1.955809
9540	-1326.397	-1458.412	132.0152	1.610067
9550	-1328.174	-1459.989	131.8147	1.810585
9560	-1313.723	-1445.639	131.9157	1.70956
9570	-1322.786	-1454.86	132.0742	1.551103
9580	-1316.911	-1448.598	131.6871	1.938222
9590	-1321.717	-1453.612	131.8958	1.729433
9600	-1326.001	-1457.758	131.7573	1.867948
9610	-1321.147	-1453.017	131.8697	1.755629
9620	-1337.432	-1469.2	131.7681	1.857229
9630	-1315.079	-1446.773	131.694	1.931305
9640	-1321.645	-1453.574	131.9283	1.696989
9650	-1320.003	-1451.949	131.9466	1.678678
9660	-1318.682	-1450.253	131.571	2.054319
9670	-1335.341	-1467.052	131.7103	1.914971
9680	-1323.968	-1456.04	132.0718	1.553512
9690	-1322.456	-1454.205	131.7485	1.876766
9700	-1320.905	-1452.409	131.504	2.121293
9710	-1315.825	-1447.571	131.7456	1.8797
9720	-1325.348	-1457.275	131.9271	1.698159
9730	-1318.18	-1449.916	131.7365	1.888811
9740	-1331.088	-1462.796	131.7077	1.917617
9750	-1330.304	-1462.279	131.9746	1.650687
9760	-1326.755	-1458.398	131.6425	1.982802
9770	-1331.738	-1463.805	132.0676	1.557723
9780	-1321.725	-1453.543	131.818	1.807321
9790	-1325.571	-1457.226	131.6542	1.971079
9800	-1334.617	-1466.406	131.7889	1.836386
9810	-1324.338	-1456.147	131.8091	1.816138
9820	-1315.438	-1447.221	131.7834	1.841846
9830	-1320.757	-1452.539	131.7818	1.843519
9840	-1326.656	-1458.489	131.8327	1.792547
9850	-1326.738	-1458.649	131.9116	1.713685
9860	-1320.15	-1451.861	131.7108	1.914487
9870	-1329.439	-1461.442	132.0029	1.622374
9880	-1333.269	-1465.258	131.9887	1.636617
9890	-1324.224	-1456.173	131.949	1.676243
9900	-1323.319	-1455.043	131.7244	1.900831
9910	-1317.901	-1449.655	131.7541	1.871198
9920	-1315.239	-1446.912	131.6733	1.952014
9930	-1316.04	-1447.971	131.9317	1.693585
9940	-1328.555	-1460.412	131.8569	1.768336
9950	-1323.89	-1455.747	131.8569	1.768336
9960	-1316.37	-1447.972	131.6015	2.023802
9970	-1338.391	-1470.205	131.8139	1.811424
9980	-1327.635	-1459.589	131.9534	1.671844
9990	-1327.671	-1459.585	131.914	1.711309
10000	-1317.806	-1449.563	131.7575	1.86779
