Iteration	Replicate_ID	Posterior	Likelihood	Prior	tree_length
0	0	-709.9987	-736.7699	26.77125	8.010704
1	1	-705.8858	-734.6592	28.77339	6.008561
2	0	-711.1708	-738.4544	27.2836	7.498351
3	1	-707.9658	-736.1709	28.20517	6.576782
4	0	-713.3498	-741.4326	28.08275	6.699207
5	1	-705.047	-733.3975	28.35047	6.431487
6	0	-705.4069	-733.8897	28.48283	6.299123
7	1	-704.954	-732.54	27.58599	7.195961
8	0	-711.5411	-739.6393	28.09816	6.68379
9	1	-714.0452	-741.9254	27.88016	6.901798
10	0	-709.5267	-737.7183	28.19161	6.590345
11	1	-717.4077	-746.0196	28.61193	6.170025
12	0	-706.714	-735.4485	28.73453	6.04742
13	1	-705.9584	-734.2991	28.34071	6.441241
14	0	-711.2464	-739.3639	28.11752	6.664434
15	1	-704.3691	-733.1699	28.80077	5.981181
16	0	-713.3252	-740.9751	27.65	7.131955
17	1	-708.4959	-737.5402	29.04426	5.73769
18	0	-706.5081	-734.3611	27.85303	6.928928
19	1	-715.1647	-744.0268	28.86214	5.919809
20	0	-703.8221	-731.2991	27.47708	7.304873
21	1	-712.5142	-741.0239	28.50974	6.272218
22	0	-706.099	-735.3278	29.2288	5.553152
23	1	-712.3636	-739.9198	27.55618	7.225771
24	0	-707.1086	-736.0265	28.91797	5.863983
25	1	-718.5234	-745.7767	27.25332	7.528637
26	0	-710.9019	-738.4563	27.55444	7.227511
27	1	-713.7627	-741.4828	27.72009	7.061867
28	0	-705.3898	-734.0445	28.65466	6.127296
29	1	-720.5257	-748.5043	27.97852	6.803428
30	0	-704.3106	-733.3661	29.05549	5.726461
31	1	-719.4464	-746.2085	26.76215	8.019805
32	0	-704.9919	-733.1453	28.1534	6.628556
33	1	-716.7636	-743.7962	27.03261	7.74934
34	0	-712.1334	-740.2141	28.08063	6.701328
35	1	-710.8984	-739.1542	28.25577	6.52618
36	0	-707.7411	-735.4443	27.70321	7.078742
37	1	-707.3565	-736.19	28.83353	5.948428
38	0	-706.6284	-734.2572	27.62885	7.153102
39	1	-704.5341	-733.4004	28.86621	5.91574
40	0	-701.7898	-730.7118	28.922	5.859956
41	1	-713.5808	-742.7087	29.12793	5.654021
42	0	-706.2767	-734.2166	27.93985	6.842101
43	1	-699.6287	-728.397	28.76831	6.013639
44	0	-712.0725	-740.3556	28.28314	6.498811
45	1	-717.184	-745.4911	28.30711	6.474847
46	0	-703.6341	-732.5524	28.91832	5.863633
47	1	-708.3835	-737.0907	28.70719	6.074767
48	0	-708.3589	-737.0211	28.66221	6.119742
49	1	-706.122	-734.1985	28.07647	6.705488
50	0	-704.5015	-732.3464	27.84489	6.937063
51	1	-706.4321	-733.4303	26.99826	7.783688
52	0	-709.8569	-738.4909	28.63398	6.147974
53	1	-707.6156	-736.7621	29.14655	5.635404
54	0	-708.1609	-737.4913	29.33046	5.451497
55	1	-705.5382	-734.5289	28.99079	5.79116
56	0	-709.2028	-737.3574	28.15458	6.627375
57	1	-707.0642	-735.9828	28.91869	5.863261
58	0	-706.6239	-734.0787	27.45477	7.327178
59	1	-712.5009	-741.1167	28.6158	6.166155
60	0	-703.7786	-731.0862	27.30756	7.474392
61	1	-717.7344	-746.1117	28.37725	6.404702
62	0	-714.8707	-742.9295	28.0588	6.723151
63	1	-702.2944	-730.6691	28.37474	6.407213
64	0	-711.337	-739.8821	28.54506	6.236898
65	1	-708.178	-737.2139	29.03589	5.746059
66	0	-710.8767	-739.5646	28.68789	6.094064
67	1	-705.2008	-733.57	28.36923	6.412723
68	0	-708.0944	-737.7577	29.66325	5.118702
69	1	-714.7995	-743.8676	29.06812	5.713836
70	0	-704.3882	-732.9027	28.51456	6.267391
71	1	-702.289	-730.6809	28.39191	6.390046
72	0	-704.4649	-733.2737	28.80875	5.973203
73	1	-704.34	-732.5637	28.22372	6.55823
74	0	-711.5712	-740.1397	28.56855	6.213403
75	1	-716.1004	-744.7415	28.64106	6.140894
76	0	-708.3353	-737.672	29.33665	5.445304
77	1	-709.6712	-739.0551	29.38394	5.398015
78	0	-705.8256	-734.4466	28.62107	6.160882
79	1	-711.9654	-740.0376	28.07224	6.70971
80	0	-708.6	-738.0583	29.45837	5.323581
81	1	-703.5516	-731.6097	28.05808	6.723874
82	0	-703.3478	-732.5581	29.21028	5.571668
83	1	-706.9167	-734.3614	27.44476	7.337191
84	0	-703.3914	-732.3557	28.96425	5.817703
85	1	-703.3002	-732.0263	28.7261	6.055858
86	0	-701.8036	-730.1009	28.29729	6.484661
87	1	-705.4862	-734.0132	28.52707	6.254887
88	0	-705.0065	-733.0391	28.03258	6.749378
89	1	-707.8151	-736.1944	28.37921	6.402745
90	0	-702.5309	-730.7214	28.19051	6.591439
91	1	-707.019	-734.8298	27.81084	6.97111
92	0	-704.697	-732.2586	27.56162	7.220336
93	1	-707.2524	-734.4469	27.19442	7.58753
94	0	-702.2908	-731.1275	28.83674	5.945211
95	1	-712.3462	-739.4061	27.05992	7.722038
96	0	-700.6026	-729.1536	28.55096	6.230997
97	1	-713.3645	-742.0743	28.70989	6.072059
98	0	-705.1272	-733.2618	28.13462	6.647336
99	1	-711.4778	-738.9738	27.49593	7.286023
100	0	-715.1953	-744.349	29.15366	5.628292
101	1	-700.8945	-729.8514	28.95698	5.824977
102	0	-704.3194	-733.6256	29.30619	5.475762
103	1	-708.3936	-736.3716	27.978	6.80395
104	0	-706.2187	-734.0619	27.84319	6.938766
105	1	-713.0323	-740.6611	27.62875	7.153199
106	0	-708.0919	-736.1235	28.03156	6.750395
107	1	-708.0661	-735.6827	27.61655	7.165399
108	0	-704.5329	-732.7805	28.24757	6.534383
109	1	-705.0575	-732.5722	27.51468	7.267269
110	0	-701.7615	-730.7303	28.96879	5.813166
111	1	-708.398	-736.7499	28.35194	6.430011
112	0	-713.1953	-741.8255	28.63014	6.151813
113	1	-708.2222	-736.0468	27.82455	6.9574
114	0	-712.4263	-740.4171	27.99077	6.791182
115	1	-707.9236	-736.9918	29.0682	5.713748
116	0	-713.4766	-740.5656	27.08904	7.692917
117	1	-710.9616	-738.5392	27.57762	7.204336
118	0	-710.9086	-738.3568	27.44819	7.333765
119	1	-719.2711	-747.5171	28.24596	6.535992
120	0	-717.5393	-745.8581	28.31875	6.463205
121	1	-711.6189	-740.2126	28.5937	6.18825
122	0	-715.4601	-743.6913	28.2312	6.550752
123	1	-700.9774	-729.3292	28.35177	6.430185
124	0	-707.2676	-735.7486	28.48097	6.300981
125	1	-707.8012	-736.8346	29.03347	5.748479
126	0	-702.15	-730.5551	28.4051	6.376849
127	1	-704.9589	-733.3489	28.39	6.39195
128	0	-703.9614	-733.1921	29.23065	5.551301
129	1	-710.524	-739.5125	28.98851	5.793441
130	0	-723.397	-751.6103	28.21323	6.56872
131	1	-716.0531	-744.3397	28.28664	6.495318
132	0	-706.6608	-734.4853	27.82452	6.957433
133	1	-713.8055	-741.675	27.86956	6.912397
134	0	-706.4925	-735.0307	28.53817	6.243778
135	1	-709.3848	-736.7695	27.38464	7.397312
136	0	-705.4169	-734.6171	29.20016	5.581797
137	1	-705.4777	-733.9733	28.49553	6.286424
138	0	-701.5729	-730.4755	28.90268	5.879273
139	1	-710.0697	-738.7112	28.6415	6.140457
140	0	-706.0222	-734.5005	28.47825	6.303702
141	1	-709.8421	-736.924	27.08193	7.700024
142	0	-707.7208	-736.8612	29.14043	5.641521
143	1	-708.6137	-736.8386	28.22484	6.557112
144	0	-702.1337	-731.9125	29.77886	5.003096
145	1	-711.537	-741.2665	29.72945	5.052506
146	0	-705.5773	-734.0618	28.48442	6.29753
147	1	-709.0747	-737.5239	28.4492	6.332752
148	0	-705.6047	-734.3573	28.75268	6.029275
149	1	-714.4046	-742.8756	28.471	6.310948
150	0	-705.6781	-735.0121	29.334	5.447953
151	1	-717.2822	-745.9641	28.68187	6.100084
152	0	-704.2945	-731.7565	27.46198	7.319969
153	1	-720.8238	-749.4536	28.62973	6.15222
154	0	-715.2187	-744.2656	29.04686	5.735096
155	1	-713.4603	-741.7702	28.30992	6.472029
156	0	-709.1889	-737.8542	28.66529	6.116664
157	1	-713.0359	-741.3734	28.3375	6.44445
158	0	-706.9466	-735.6476	28.70095	6.081002
159	1	-716.2116	-742.9925	26.78097	8.000988
160	0	-710.1491	-738.131	27.9819	6.800058
161	1	-710.3065	-737.1688	26.8623	7.919655
162	0	-711.4299	-739.1283	27.69834	7.083614
163	1	-710.5953	-738.1967	27.6014	7.180553
164	0	-705.4225	-733.9002	28.47774	6.304209
165	1	-708.0364	-735.0984	27.06202	7.719934
166	0	-719.6618	-745.1264	25.46465	9.317298
167	1	-708.6595	-735.5341	26.87466	7.907291
168	0	-712.9183	-741.2239	28.30556	6.476393
169	1	-710.2533	-738.2094	27.95612	6.825834
170	0	-705.5077	-733.6142	28.10643	6.675523
171	1	-709.6151	-737.7524	28.13738	6.644577
172	0	-709.6947	-737.129	27.43426	7.34769
173	1	-704.1949	-732.9343	28.73939	6.042562
174	0	-708.0282	-736.0912	28.06304	6.718918
175	1	-707.4638	-736.2079	28.74413	6.037827
176	0	-710.5347	-737.881	27.34634	7.435617
177	1	-705.7674	-733.4317	27.66427	7.117682
178	0	-704.4325	-732.9115	28.47895	6.303
179	1	-703.9733	-733.4247	29.45143	5.330526
180	0	-703.5109	-731.941	28.43011	6.351842
181	1	-710.2393	-739.4964	29.25711	5.52484
182	0	-708.9137	-737.9146	29.00094	5.781017
183	1	-710.5215	-738.6138	28.09237	6.689582
184	0	-706.3195	-734.4647	28.14522	6.636736
185	1	-708.2554	-735.4724	27.21704	7.564916
186	0	-711.7012	-740.3203	28.61916	6.162789
187	1	-706.5976	-735.9355	29.33788	5.444068
188	0	-711.0083	-739.7794	28.7711	6.010855
189	1	-705.7604	-733.4206	27.66019	7.12176
190	0	-705.1384	-733.6573	28.51888	6.263072
191	1	-709.3895	-737.6886	28.29906	6.482888
192	0	-705.4686	-733.8601	28.39148	6.39047
193	1	-706.7749	-735.3617	28.58678	6.195177
194	0	-699.8636	-729.2643	29.40077	5.381181
195	1	-712.3154	-740.394	28.07852	6.703436
196	0	-705.0929	-733.463	28.3701	6.411853
197	1	-717.3891	-744.7592	27.37013	7.411827
198	0	-707.0791	-735.4256	28.34656	6.435392
199	1	-702.3933	-731.4597	29.06638	5.715578
200	0	-700.5632	-728.8306	28.26739	6.514563
201	1	-709.2511	-737.4323	28.18113	6.60082
202	0	-705.4604	-733.8791	28.41871	6.363246
203	1	-710.131	-738.4039	28.27283	6.509126
204	0	-707.572	-736.2804	28.70849	6.073463
205	1	-714.4845	-742.7573	28.27283	6.509126
206	0	-709.6138	-737.6319	28.018	6.763948
207	1	-714.0497	-742.4325	28.38274	6.399213
208	0	-711.0287	-740.0574	29.02874	5.753212
209	1	-709.7311	-738.7375	29.00632	5.775637
210	0	-717.6628	-746.2201	28.55733	6.22462
211	1	-703.7564	-733.1881	29.43162	5.350336
212	0	-715.4398	-743.5449	28.10504	6.676915
213	1	-716.9669	-745.6344	28.66752	6.114437
214	0	-709.1657	-736.769	27.60334	7.178609
215	1	-707.6131	-736.195	28.58191	6.200039
216	0	-709.9993	-738.5797	28.58042	6.201533
217	1	-718.2568	-745.8246	27.56774	7.214212
218	0	-712.072	-740.6524	28.58042	6.201533
219	1	-710.2179	-738.4523	28.23441	6.547546
220	0	-712.7072	-740.9086	28.20146	6.580497
221	1	-707.1065	-735.8151	28.70857	6.073384
222	0	-709.1021	-736.7509	27.64883	7.133124
223	1	-702.0306	-731.598	29.56738	5.214573
224	0	-703.965	-732.0413	28.07638	6.705575
225	1	-705.4542	-734.3974	28.9431	5.838849
226	0	-702.7602	-731.6646	28.90437	5.877583
227	1	-702.5405	-731.7865	29.24603	5.535924
228	0	-705.6919	-733.0175	27.32567	7.456284
229	1	-701.9344	-730.3361	28.40173	6.380224
230	0	-704.5789	-733.1874	28.60846	6.173496
231	1	-711.8942	-739.0559	27.16179	7.620164
232	0	-709.3787	-737.3342	27.95551	6.826444
233	1	-709.2164	-736.867	27.65059	7.131366
234	0	-707.4385	-735.3461	27.90759	6.874361
235	1	-706.1496	-734.0809	27.93124	6.850712
236	0	-706.0772	-734.5688	28.49158	6.290377
237	1	-706.3968	-735.4261	29.02928	5.752678
238	0	-710.421	-737.1666	26.7456	8.036356
239	1	-707.9483	-736.0414	28.0931	6.688853
240	0	-707.7817	-735.4515	27.66979	7.112168
241	1	-708.0604	-737.1391	29.0787	5.703258
242	0	-711.2959	-739.0557	27.75981	7.022142
243	1	-709.8223	-739.1443	29.32196	5.459996
244	0	-718.4603	-746.0599	27.59965	7.1823
245	1	-706.1926	-733.9373	27.7447	7.037249
246	0	-713.8757	-741.584	27.70824	7.073712
247	1	-701.1029	-729.7766	28.67372	6.108232
248	0	-703.7927	-732.1268	28.33405	6.4479
249	1	-706.9152	-734.6343	27.71908	7.062873
250	0	-711.8132	-740.5224	28.70916	6.072791
251	1	-704.6374	-732.3811	27.74372	7.038236
252	0	-711.8406	-739.8788	28.03822	6.743734
253	1	-709.0347	-738.2963	29.26165	5.520306
254	0	-711.1372	-740.5883	29.45112	5.330832
255	1	-706.185	-734.403	28.21797	6.563979
256	0	-707.6162	-735.8216	28.20542	6.57653
257	1	-707.25	-736.0837	28.83371	5.948248
258	0	-699.1105	-727.8021	28.69156	6.090397
259	1	-705.7208	-733.8134	28.09259	6.689364
260	0	-707.929	-736.6363	28.70728	6.074669
261	1	-704.9261	-733.1051	28.17903	6.602924
262	0	-703.9816	-731.5983	27.61671	7.165241
263	1	-710.3266	-738.8285	28.50195	6.279999
264	0	-706.5178	-735.2428	28.72504	6.056918
265	1	-708.3753	-736.9211	28.54576	6.236189
266	0	-707.9673	-735.6434	27.67613	7.105819
267	1	-714.958	-742.8145	27.85644	6.925509
268	0	-705.4045	-734.5495	29.14504	5.636916
269	1	-705.1431	-734.4007	29.25761	5.524345
270	0	-711.3776	-740.8315	29.45386	5.328094
271	1	-704.8962	-734.044	29.14775	5.634205
272	0	-712.3981	-741.6403	29.24218	5.539776
273	1	-706.1009	-734.4497	28.34883	6.433127
274	0	-710.5006	-736.3767	25.8761	8.905851
275	1	-710.7472	-739.8792	29.13194	5.650015
276	0	-705.6733	-735.2395	29.56617	5.215788
277	1	-710.9217	-738.4695	27.5478	7.234158
278	0	-702.239	-731.2247	28.98571	5.796245
279	1	-708.5601	-737.3101	28.75	6.031949
280	0	-706.5247	-734.5617	28.03705	6.744901
281	1	-700.2515	-728.9295	28.67807	6.103881
282	0	-710.1105	-736.8768	26.76632	8.015634
283	1	-707.4595	-736.3797	28.92014	5.861812
284	0	-721.3508	-747.4459	26.09512	8.686836
285	1	-712.2215	-739.8612	27.63967	7.142279
286	0	-716.8952	-743.1846	26.2894	8.492556
287	1	-706.0291	-735.1293	29.10022	5.681732
288	0	-718.5753	-744.5944	26.01909	8.762863
289	1	-711.0551	-739.7294	28.67436	6.107591
290	0	-715.4959	-742.5311	27.03525	7.746706
291	1	-705.0372	-733.7	28.6628	6.119148
292	0	-708.7001	-736.5587	27.85853	6.923426
293	1	-706.0074	-734.5203	28.51285	6.269106
294	0	-705.5368	-733.4482	27.91142	6.870529
295	1	-704.8183	-733.0231	28.20473	6.577224
296	0	-705.5719	-733.8482	28.27627	6.505681
297	1	-706.356	-735.6166	29.26063	5.521324
298	0	-709.6556	-738.0605	28.40484	6.377111
299	1	-710.3639	-739.6154	29.25154	5.530414
300	0	-708.5816	-736.5196	27.93802	6.843936
301	1	-706.2357	-733.8733	27.63762	7.144337
302	0	-719.3388	-747.9836	28.64478	6.137177
303	1	-702.0121	-731.1193	29.10715	5.6748
304	0	-709.1862	-737.7826	28.59642	6.185534
305	1	-709.3229	-738.722	29.39917	5.382783
306	0	-713.1667	-741.1302	27.96348	6.818477
307	1	-710.5921	-739.3182	28.7261	6.055855
308	0	-712.6253	-739.7461	27.12076	7.66119
309	1	-714.168	-743.3525	29.18453	5.597425
310	0	-709.4599	-735.8573	26.39742	8.384528
311	1	-706.2745	-735.1438	28.86934	5.912614
312	0	-706.9443	-734.8768	27.93243	6.849527
313	1	-708.143	-736.8143	28.67128	6.110675
314	0	-703.0552	-731.4715	28.41628	6.365676
315	1	-708.3753	-737.2885	28.91318	5.868776
316	0	-713.8882	-741.4551	27.56685	7.215106
317	1	-714.5089	-743.4246	28.9157	5.866254
318	0	-708.2371	-736.6171	28.37999	6.401965
319	1	-708.3565	-735.7763	27.41981	7.362145
320	0	-709.9287	-738.4586	28.52994	6.25201
321	1	-710.9169	-739.1761	28.2592	6.522748
322	0	-708.6423	-737.1004	28.45817	6.323784
323	1	-710.7734	-739.1266	28.35318	6.428778
324	0	-710.2758	-738.4514	28.17567	6.60628
325	1	-709.4574	-736.5112	27.05379	7.728166
326	0	-709.8708	-739.0874	29.21652	5.565434
327	1	-705.1327	-733.1898	28.05715	6.724805
328	0	-706.6981	-735.4885	28.79048	5.991472
329	1	-706.792	-734.3216	27.52957	7.252385
330	0	-712.6413	-741.3412	28.69991	6.082044
331	1	-704.3012	-732.3765	28.07531	6.706644
332	0	-711.1709	-740.5128	29.34185	5.440107
333	1	-707.3397	-735.5389	28.19924	6.582717
334	0	-702.8152	-732.093	29.27787	5.50408
335	1	-707.5308	-735.4527	27.9219	6.860058
336	0	-703.3317	-732.7524	29.42065	5.361305
337	1	-715.9203	-744.2759	28.35558	6.426374
338	0	-705.3416	-734.8105	29.46884	5.313112
339	1	-712.5208	-740.0009	27.48015	7.301804
340	0	-706.333	-735.6962	29.36325	5.4187
341	1	-711.1562	-739.1666	28.01045	6.771506
342	0	-705.5039	-733.4107	27.90673	6.875227
343	1	-705.9708	-733.6036	27.63281	7.149145
344	0	-707.9868	-735.2355	27.24873	7.533222
345	1	-701.447	-730.5582	29.11118	5.670771
346	0	-701.515	-730.8895	29.37446	5.40749
347	1	-702.8897	-732.2123	29.32257	5.459379
348	0	-709.2441	-737.6361	28.39197	6.389983
349	1	-704.4417	-732.9871	28.54541	6.236539
350	0	-709.2342	-737.9632	28.72905	6.0529
351	1	-700.9212	-730.1905	29.26934	5.51261
352	0	-705.4734	-732.8721	27.3987	7.383258
353	1	-705.9747	-734.6273	28.65256	6.12939
354	0	-705.0473	-732.0321	26.98481	7.79714
355	1	-712.0446	-740.8941	28.84949	5.932462
356	0	-712.161	-739.1118	26.95078	7.831174
357	1	-714.8048	-742.6991	27.89428	6.887671
358	0	-705.2781	-733.6686	28.39042	6.391529
359	1	-709.9765	-738.4626	28.48607	6.295881
360	0	-713.8035	-742.3959	28.5924	6.189551
361	1	-709.0032	-735.5582	26.55495	8.227005
362	0	-709.3071	-738.4095	29.10245	5.679504
363	1	-710.533	-739.3319	28.79889	5.983067
364	0	-715.1099	-743.3067	28.19688	6.585068
365	1	-707.8013	-734.467	26.66566	8.116294
366	0	-705.802	-734.8613	29.0593	5.722657
367	1	-708.008	-735.9545	27.94654	6.835418
368	0	-707.6276	-736.6888	29.06121	5.720739
369	1	-712.7937	-741.3583	28.56462	6.217328
370	0	-705.3039	-733.5601	28.25616	6.525791
371	1	-709.1565	-738.0189	28.8624	5.919552
372	0	-709.581	-737.8372	28.25616	6.525791
373	1	-712.0178	-740.7683	28.75056	6.031388
374	0	-704.4729	-732.7881	28.31521	6.466748
375	1	-704.7203	-732.7063	27.98597	6.795985
376	0	-709.5362	-737.5525	28.01629	6.765667
377	1	-713.1319	-739.1752	26.04327	8.738684
378	0	-710.5716	-738.8505	28.27887	6.503081
379	1	-709.022	-738.0354	29.01347	5.768481
380	0	-710.6584	-739.1277	28.46937	6.312588
381	1	-709.6087	-737.4428	27.83415	6.947799
382	0	-706.0298	-734.5501	28.52023	6.261724
383	1	-709.3851	-737.1595	27.77443	7.007518
384	0	-705.0584	-734.0321	28.97367	5.808286
385	1	-711.862	-739.2426	27.38055	7.401408
386	0	-703.1919	-732.0714	28.87955	5.902403
387	1	-706.6082	-734.208	27.59977	7.182185
388	0	-708.8099	-738.1504	29.34054	5.441415
389	1	-715.1547	-742.9529	27.79821	6.983744
390	0	-701.0862	-729.8527	28.7665	6.015451
391	1	-712.8864	-739.619	26.73255	8.049406
392	0	-708.063	-735.7816	27.71861	7.063343
393	1	-713.1301	-741.1363	28.0062	6.775753
394	0	-708.8708	-736.4781	27.60738	7.174573
395	1	-705.962	-734.5312	28.56911	6.212842
396	0	-706.5904	-735.3793	28.78881	5.993145
397	1	-710.334	-738.8735	28.53952	6.242428
398	0	-708.0686	-736.3069	28.23826	6.543691
399	1	-714.4329	-741.8546	27.42163	7.360326
400	0	-708.4746	-736.8324	28.35779	6.424162
401	1	-704.5888	-732.3762	27.78739	6.994559
402	0	-706.9348	-735.3775	28.4427	6.339253
403	1	-713.006	-741.0138	28.00773	6.774224
404	0	-715.6462	-743.9775	28.33128	6.450677
405	1	-715.4635	-742.7394	27.27595	7.506001
406	0	-708.0554	-736.0879	28.03249	6.749465
407	1	-712.9488	-740.2726	27.32383	7.458125
408	0	-708.2554	-736.2964	28.04104	6.740914
409	1	-712.4977	-740.7721	28.27443	6.507524
410	0	-703.6372	-732.8416	29.2044	5.577554
411	1	-708.5183	-737.019	28.50077	6.281184
412	0	-708.9719	-737.5956	28.62371	6.158246
413	1	-706.6431	-736.7169	30.07379	4.708159
414	0	-707.6848	-735.886	28.2012	6.580752
415	1	-708.663	-737.7746	29.11162	5.670329
416	0	-706.3079	-734.312	28.00409	6.777859
417	1	-704.2596	-732.4762	28.21661	6.565339
418	0	-700.9752	-729.2888	28.3136	6.468355
419	1	-711.1691	-739.8147	28.64558	6.136373
420	0	-706.0881	-735.0159	28.9278	5.854149
421	1	-714.0443	-742.5796	28.53526	6.246692
422	0	-706.9746	-736.0491	29.07451	5.707442
423	1	-714.9263	-741.9899	27.06361	7.718343
424	0	-705.8633	-734.2929	28.42959	6.352366
425	1	-703.794	-732.6157	28.82167	5.960285
426	0	-711.6175	-740.2729	28.65541	6.126541
427	1	-714.0979	-741.6011	27.50317	7.278778
428	0	-707.4836	-735.9603	28.47678	6.305171
429	1	-711.3262	-739.573	28.2468	6.535149
430	0	-713.6234	-742.0894	28.46602	6.31593
431	1	-704.2525	-731.9053	27.65282	7.129132
432	0	-701.5628	-729.9888	28.42594	6.356018
433	1	-706.8626	-735.6049	28.74222	6.039735
434	0	-707.1186	-735.4028	28.28425	6.497699
435	1	-710.5748	-737.6572	27.08233	7.699621
436	0	-701.4561	-729.7576	28.30149	6.480459
437	1	-712.5397	-739.1254	26.58567	8.196286
438	0	-699.5736	-728.6395	29.06592	5.716037
439	1	-702.0839	-730.4146	28.33073	6.451222
440	0	-701.3712	-729.4857	28.1145	6.667454
441	1	-703.7664	-732.1139	28.34759	6.434362
442	0	-705.3798	-734.6224	29.24262	5.539335
443	1	-705.6087	-733.4851	27.87647	6.905486
444	0	-704.1717	-732.518	28.34629	6.435662
445	1	-706.0454	-734.2258	28.18045	6.6015
446	0	-704.6248	-732.8182	28.19339	6.588565
447	1	-710.8558	-739.1777	28.32193	6.460019
448	0	-707.0316	-735.8463	28.81473	5.967219
449	1	-704.628	-733.2658	28.63771	6.144244
450	0	-701.903	-730.8565	28.95343	5.82852
451	1	-708.2165	-736.7816	28.56506	6.216895
452	0	-709.2695	-737.9894	28.71988	6.062078
453	1	-709.8709	-737.4584	27.58745	7.194499
454	0	-709.8844	-738.5757	28.69124	6.090712
455	1	-707.9004	-737.1863	29.28586	5.496088
456	0	-706.4715	-735.4012	28.92968	5.852273
457	1	-708.8749	-737.5011	28.62617	6.155786
458	0	-706.5361	-735.3374	28.80136	5.980593
459	1	-709.4964	-738.0233	28.52685	6.255098
460	0	-708.1354	-736.1948	28.05936	6.72259
461	1	-712.0146	-740.4659	28.45125	6.330702
462	0	-712.3102	-740.9031	28.59296	6.188993
463	1	-708.4342	-736.6257	28.19145	6.590505
464	0	-711.2905	-739.5943	28.30382	6.47813
465	1	-705.1702	-734.3796	29.20934	5.57261
466	0	-718.4247	-747.2176	28.79296	5.988995
467	1	-706.1731	-735.0974	28.92432	5.857633
468	0	-707.0255	-736.2375	29.212	5.569952
469	1	-712.6054	-741.0387	28.4333	6.34865
470	0	-702.5781	-731.5423	28.9642	5.817749
471	1	-703.7276	-732.446	28.71839	6.063565
472	0	-704.2098	-733.3648	29.15498	5.62697
473	1	-703.5202	-731.7795	28.25922	6.522734
474	0	-704.2441	-732.6378	28.39365	6.388298
475	1	-711.4909	-739.018	27.52709	7.254859
476	0	-702.2116	-731.1847	28.97313	5.80882
477	1	-702.1659	-730.4354	28.26945	6.512498
478	0	-704.8334	-733.684	28.85059	5.931367
479	1	-706.2706	-735.2571	28.9865	5.795458
480	0	-704.662	-732.7831	28.12115	6.660807
481	1	-708.7567	-737.7728	29.01605	5.765903
482	0	-706.5107	-735.1844	28.67366	6.108289
483	1	-704.7912	-733.8596	29.06836	5.713592
484	0	-709.9266	-738.899	28.97239	5.809568
485	1	-708.505	-736.2395	27.73448	7.047476
486	0	-706.9511	-735.1606	28.20956	6.572391
487	1	-708.3557	-736.4456	28.08989	6.692066
488	0	-703.0817	-731.1552	28.0735	6.708451
489	1	-713.9504	-742.8719	28.92156	5.860389
490	0	-702.6054	-730.5944	27.98897	6.792979
491	1	-704.5265	-733.792	29.26559	5.516361
492	0	-697.8912	-726.4296	28.53836	6.243592
493	1	-702.632	-731.2711	28.63907	6.142879
494	0	-706.7579	-735.1696	28.41175	6.370205
495	1	-706.4126	-733.566	27.15333	7.628623
496	0	-709.0076	-737.5429	28.53536	6.246591
497	1	-715.4738	-742.6054	27.13168	7.65027
498	0	-704.1823	-732.5968	28.41451	6.36744
499	1	-714.4869	-741.8457	27.35878	7.423174
500	0	-705.9429	-735.4676	29.52465	5.257306
501	1	-716.9569	-746.0565	29.09965	5.682301
502	0	-709.4353	-738.7731	29.33777	5.444186
503	1	-718.8706	-747.3414	28.47078	6.311177
504	0	-703.6938	-732.0182	28.3244	6.457555
505	1	-703.1664	-731.6371	28.47078	6.311177
506	0	-705.802	-734.7312	28.92916	5.852798
507	1	-713.9895	-742.2847	28.29514	6.486816
508	0	-717.0047	-745.429	28.42425	6.357705
509	1	-712.0489	-740.3441	28.29514	6.486816
510	0	-711.8901	-740.321	28.43097	6.350979
511	1	-720.4055	-746.9814	26.57583	8.206127
512	0	-708.7198	-737.7315	29.01179	5.770159
513	1	-707.2631	-735.1147	27.8516	6.93035
514	0	-718.2696	-746.4588	28.18912	6.592834
515	1	-706.1617	-735.169	29.0073	5.774655
516	0	-706.9377	-735.9307	28.99301	5.788943
517	1	-702.7794	-731.906	29.12662	5.655332
518	0	-707.3442	-735.5899	28.24561	6.536341
519	1	-715.9494	-744.2614	28.31204	6.469916
520	0	-702.293	-730.8504	28.55743	6.224523
521	1	-716.765	-744.9102	28.14529	6.636663
522	0	-701.1157	-728.9081	27.79241	6.989542
523	1	-709.141	-737.055	27.91405	6.867901
524	0	-702.5737	-731.178	28.60431	6.177643
525	1	-705.9747	-734.4824	28.50764	6.274314
526	0	-711.3389	-739.4878	28.14894	6.633017
527	1	-702.0515	-730.0335	27.98197	6.799986
528	0	-713.4124	-742.3081	28.89563	5.886321
529	1	-703.8231	-732.8773	29.05421	5.727747
530	0	-706.6658	-736.0764	29.41068	5.371276
531	1	-708.0734	-734.9222	26.84876	7.933192
532	0	-705.4116	-734.5442	29.13256	5.649388
533	1	-709.3431	-737.2778	27.93472	6.847228
534	0	-710.8099	-738.8537	28.04385	6.738105
535	1	-704.0421	-732.7139	28.67178	6.110175
536	0	-713.8299	-742.1406	28.3107	6.471255
537	1	-705.6282	-733.3433	27.71516	7.066789
538	0	-711.2702	-740.0586	28.78842	5.993531
539	1	-705.2234	-733.5889	28.36549	6.41646
540	0	-700.7864	-729.764	28.97757	5.804388
541	1	-710.7782	-739.9316	29.15339	5.628568
542	0	-708.573	-736.4762	27.90317	6.878782
543	1	-705.4448	-734.3502	28.90545	5.876503
544	0	-708.4503	-736.8199	28.36957	6.412384
545	1	-704.6584	-732.9402	28.28175	6.500202
546	0	-703.5015	-731.9184	28.4169	6.365054
547	1	-706.4907	-733.9978	27.50709	7.274864
548	0	-707.0066	-736.5805	29.57399	5.207961
549	1	-703.3445	-731.4468	28.10226	6.679692
550	0	-703.2864	-732.0854	28.799	5.982953
551	1	-703.8079	-733.046	29.23811	5.54384
552	0	-703.7295	-732.6146	28.8851	5.896851
553	1	-707.762	-736.6165	28.85455	5.927401
554	0	-703.1882	-731.4279	28.23978	6.542173
555	1	-711.6933	-740.5098	28.81642	5.965535
556	0	-705.0338	-732.1152	27.08144	7.700512
557	1	-711.4481	-739.0873	27.63927	7.142678
558	0	-707.5879	-735.9624	28.37449	6.407462
559	1	-709.4478	-738.8037	29.35586	5.426097
560	0	-708.2898	-736.7761	28.48637	6.295584
561	1	-707.2766	-736.1202	28.84367	5.93828
562	0	-701.1489	-729.4974	28.34853	6.433427
563	1	-705.4131	-733.6308	28.21772	6.564235
564	0	-712.1706	-740.5701	28.39956	6.382389
565	1	-708.3137	-735.2685	26.95484	7.82711
566	0	-710.3138	-738.4113	28.09758	6.684371
567	1	-707.3476	-736.0684	28.72083	6.061121
568	0	-710.9697	-740.2263	29.2566	5.52535
569	1	-707.5861	-736.0781	28.49198	6.289978
570	0	-712.5338	-741.6081	29.07427	5.707683
571	1	-700.2438	-729.2702	29.02638	5.755569
572	0	-703.3982	-731.7	28.30175	6.480204
573	1	-696.1879	-725.1862	28.99828	5.783673
574	0	-709.4483	-737.8493	28.40103	6.380925
575	1	-704.2532	-733.7417	29.48853	5.293426
576	0	-708.0864	-736.7013	28.6149	6.167057
577	1	-710.8983	-738.6974	27.79912	6.982837
578	0	-710.7465	-738.9379	28.19142	6.59053
579	1	-703.0988	-730.6996	27.60077	7.18118
580	0	-706.2167	-735.2025	28.98578	5.796169
581	1	-703.4461	-732.986	29.53994	5.242013
582	0	-709.0926	-738.3137	29.22105	5.560904
583	1	-702.8672	-731.7292	28.862	5.919956
584	0	-706.4768	-735.9149	29.43807	5.343883
585	1	-702.4022	-731.3996	28.99743	5.784521
586	0	-703.0161	-731.9395	28.92339	5.858565
587	1	-710.2027	-738.1307	27.92794	6.854017
588	0	-708.8371	-737.4234	28.58628	6.195676
589	1	-701.495	-729.6744	28.17935	6.602598
590	0	-708.2216	-736.8733	28.65163	6.130318
591	1	-706.3984	-734.5058	28.10732	6.674634
592	0	-703.3047	-731.9172	28.61249	6.169466
593	1	-715.1119	-743.1325	28.02058	6.761368
594	0	-704.6179	-733.0732	28.45533	6.326621
595	1	-709.7882	-737.6292	27.84096	6.940997
596	0	-704.0826	-732.8409	28.75828	6.023674
597	1	-709.6517	-736.7273	27.07554	7.706415
598	0	-704.2364	-732.9829	28.7465	6.035448
599	1	-711.4278	-738.608	27.18017	7.60178
600	0	-708.5068	-737.4703	28.96355	5.818406
601	1	-711.9697	-741.1882	29.21857	5.563387
602	0	-707.5256	-736.4892	28.96355	5.818406
603	1	-705.3038	-733.4712	28.1674	6.614554
604	0	-706.2831	-734.227	27.94395	6.838006
605	1	-710.0064	-737.7168	27.71044	7.071508
606	0	-705.6357	-733.5623	27.92667	6.855281
607	1	-701.7003	-730.071	28.37072	6.411229
608	0	-713.3492	-741.3024	27.95313	6.828821
609	1	-709.2354	-737.106	27.87056	6.911392
610	0	-713.9989	-742.6801	28.68117	6.100782
611	1	-708.1524	-736.3768	28.22446	6.557496
612	0	-703.416	-731.9256	28.50959	6.272363
613	1	-700.566	-729.0201	28.45403	6.327919
614	0	-705.0244	-733.4154	28.39102	6.390936
615	1	-715.3418	-742.6397	27.29788	7.484077
616	0	-709.1693	-736.4463	27.27703	7.504924
617	1	-708.6161	-736.7547	28.13859	6.643365
618	0	-701.2493	-730.0187	28.76947	6.012484
619	1	-705.8239	-734.4555	28.63162	6.150333
620	0	-706.5327	-735.7152	29.18256	5.59939
621	1	-710.5341	-739.1658	28.63162	6.150333
622	0	-706.9454	-734.8516	27.90616	6.875793
623	1	-704.4404	-733.3619	28.92151	5.860443
624	0	-702.1981	-730.3844	28.18625	6.595703
625	1	-709.8187	-738.013	28.19423	6.587719
626	0	-707.5453	-735.8592	28.31394	6.46801
627	1	-704.5196	-733.2393	28.71971	6.062241
628	0	-710.1318	-738.1262	27.99441	6.787539
629	1	-703.4902	-731.8013	28.31113	6.470823
630	0	-705.4949	-733.4741	27.97916	6.802798
631	1	-713.5728	-742.0698	28.497	6.284956
632	0	-708.565	-736.4652	27.90023	6.88172
633	1	-707.5144	-736.5546	29.04023	5.741724
634	0	-710.0363	-737.6186	27.58223	7.19972
635	1	-702.9263	-732.5883	29.66198	5.119978
636	0	-706.9861	-735.8401	28.85404	5.92791
637	1	-704.1109	-732.0532	27.94229	6.839667
638	0	-705.0713	-734.414	29.34273	5.439218
639	1	-711.0165	-738.7064	27.68996	7.091997
640	0	-708.7442	-737.9235	29.17933	5.602619
641	1	-705.9488	-735.0733	29.12455	5.657399
642	0	-702.882	-731.5673	28.68525	6.096701
643	1	-704.8095	-734.1649	29.35533	5.42662
644	0	-712.7728	-741.7878	29.015	5.766954
645	1	-707.2439	-735.1067	27.86283	6.919127
646	0	-709.7175	-739.0432	29.32565	5.456305
647	1	-708.8902	-736.4257	27.53548	7.246478
648	0	-706.4876	-734.6195	28.13197	6.649978
649	1	-707.4852	-735.4714	27.98619	6.795762
650	0	-709.4374	-737.5694	28.13197	6.649978
651	1	-705.4383	-734.9191	29.48076	5.301192
652	0	-709.8257	-738.39	28.56434	6.217617
653	1	-704.466	-733.1899	28.72393	6.058025
654	0	-707.3462	-735.234	27.8878	6.894151
655	1	-713.5617	-742.2584	28.69672	6.085233
656	0	-710.8095	-738.9845	28.17503	6.606924
657	1	-711.2558	-738.9517	27.69591	7.086042
658	0	-709.3662	-737.6303	28.26416	6.51779
659	1	-706.6379	-735.1918	28.55395	6.228002
660	0	-707.7098	-735.9809	28.27116	6.51079
661	1	-706.6206	-734.4303	27.80965	6.972305
662	0	-722.3743	-751.4369	29.06264	5.719315
663	1	-708.949	-735.992	27.04301	7.738945
664	0	-712.2527	-741.4987	29.24599	5.535968
665	1	-708.2942	-734.1756	25.88132	8.900632
666	0	-706.7375	-735.6336	28.89607	5.885879
667	1	-706.3179	-732.8587	26.54081	8.24114
668	0	-710.4555	-738.7307	28.27519	6.506764
669	1	-703.7881	-731.588	27.79995	6.981999
670	0	-706.4609	-735.1222	28.66128	6.12067
671	1	-706.9224	-734.4368	27.51445	7.2675
672	0	-710.415	-738.7059	28.29084	6.491113
673	1	-708.7343	-736.7182	27.98383	6.798118
674	0	-705.5687	-734.7978	29.22915	5.552808
675	1	-707.0186	-736.4293	29.41073	5.371222
676	0	-705.3249	-733.1003	27.77543	7.006519
677	1	-704.5182	-732.7696	28.25143	6.530526
678	0	-700.2576	-728.9036	28.64601	6.135941
679	1	-706.8709	-734.5663	27.69543	7.086521
680	0	-707.0836	-735.8654	28.78176	6.000192
681	1	-705.7988	-734.0365	28.23762	6.54433
682	0	-701.3785	-729.9434	28.56496	6.216996
683	1	-706.8245	-735.1893	28.36487	6.417082
684	0	-704.6001	-734.0993	29.49917	5.282778
685	1	-703.8098	-732.3065	28.49672	6.28523
686	0	-703.7734	-732.1277	28.35429	6.427662
687	1	-705.2966	-734.5257	29.22909	5.552867
688	0	-705.4866	-733.9023	28.41566	6.366292
689	1	-705.1413	-733.431	28.28968	6.492274
690	0	-704.1104	-732.5793	28.46892	6.313028
691	1	-711.5794	-739.8871	28.30766	6.47429
692	0	-713.3803	-742.0173	28.63701	6.144946
693	1	-717.0972	-745.2755	28.1783	6.60365
694	0	-714.3691	-742.3148	27.94577	6.836184
695	1	-709.4352	-737.6525	28.21727	6.564684
696	0	-708.8274	-737.6703	28.84286	5.939095
697	1	-711.4919	-738.9542	27.46223	7.319726
698	0	-705.06	-733.8271	28.76709	6.014866
699	1	-709.3809	-738.1655	28.78456	5.997398
700	0	-707.766	-735.5152	27.74925	7.032706
701	1	-711.755	-738.9806	27.22566	7.556289
702	0	-707.7783	-735.3521	27.57381	7.208139
703	1	-706.656	-734.5925	27.93656	6.845392
704	0	-711.0033	-739.2119	28.20864	6.573316
705	1	-708.4466	-736.701	28.25435	6.527605
706	0	-708.4606	-737.1356	28.67495	6.106999
707	1	-708.9278	-736.8562	27.92835	6.853608
708	0	-704.2128	-732.6313	28.4185	6.36345
709	1	-704.6884	-731.6128	26.92436	7.857597
710	0	-706.655	-733.8773	27.22228	7.55967
711	1	-705.6701	-733.9761	28.30595	6.475998
712	0	-713.1682	-742.1973	29.02913	5.752823
713	1	-706.0656	-734.7542	28.68865	6.093306
714	0	-711.3755	-737.9093	26.5338	8.248152
715	1	-714.9976	-743.772	28.77449	6.007463
716	0	-707.3378	-735.544	28.20623	6.575722
717	1	-711.4078	-739.025	27.61713	7.164823
718	0	-707.2263	-735.0797	27.85342	6.928536
719	1	-708.4174	-736.672	28.2546	6.527353
720	0	-700.5602	-728.8076	28.24737	6.534585
721	1	-702.4025	-731.6419	29.23942	5.542535
722	0	-705.7817	-733.7605	27.97883	6.803122
723	1	-712.0333	-740.4858	28.45253	6.329424
724	0	-708.2539	-737.1313	28.87739	5.904558
725	1	-711.8373	-741.1491	29.31176	5.470193
726	0	-708.3843	-737.2617	28.87739	5.904558
727	1	-710.4627	-738.9622	28.49947	6.282478
728	0	-704.2337	-732.4514	28.21776	6.564195
729	1	-702.3856	-730.8597	28.47417	6.307787
730	0	-707.7743	-736.837	29.06277	5.719182
731	1	-705.6358	-734.1917	28.5559	6.226054
732	0	-704.4749	-733.2695	28.79462	5.987334
733	1	-708.3318	-736.5405	28.20868	6.573273
734	0	-713.2306	-741.9429	28.71235	6.069604
735	1	-706.8422	-735.0169	28.17475	6.607202
736	0	-713.6836	-741.8589	28.17526	6.60669
737	1	-711.4787	-739.6619	28.18314	6.598813
738	0	-711.1413	-739.9944	28.85314	5.928815
739	1	-707.2168	-736.0731	28.85629	5.925666
740	0	-710.07	-737.6535	27.58348	7.198468
741	1	-714.4025	-742.016	27.61348	7.16847
742	0	-710.9153	-738.7493	27.83404	6.94791
743	1	-705.5765	-734.6101	29.0336	5.748353
744	0	-714.8511	-743.4037	28.55261	6.229341
745	1	-710.0383	-737.7122	27.6739	7.108053
746	0	-714.5459	-743.5719	29.02604	5.755916
747	1	-714.9347	-742.0427	27.108	7.673956
748	0	-710.7756	-737.6809	26.90532	7.87663
749	1	-709.2261	-737.1885	27.96244	6.819512
750	0	-709.3849	-738.2513	28.86633	5.91562
751	1	-706.4107	-735.1416	28.73088	6.051075
752	0	-708.6195	-735.7911	27.17159	7.610361
753	1	-706.6586	-735.0347	28.37612	6.405836
754	0	-711.5602	-739.1751	27.61493	7.167021
755	1	-717.4776	-744.2156	26.73796	8.043994
756	0	-705.5693	-735.3352	29.76582	5.016134
757	1	-719.3151	-746.3559	27.04079	7.74116
758	0	-701.2299	-729.8896	28.65971	6.122238
759	1	-710.3917	-738.4715	28.07981	6.702147
760	0	-702.7986	-731.0233	28.22463	6.557322
761	1	-715.4083	-743.7339	28.32553	6.456419
762	0	-702.7781	-731.4833	28.70515	6.076802
763	1	-708.5385	-736.7376	28.19909	6.582858
764	0	-708.8798	-737.1252	28.24542	6.536537
765	1	-708.6248	-736.5876	27.96277	6.819181
766	0	-706.0396	-734.2985	28.25897	6.522983
767	1	-704.3064	-732.6855	28.37905	6.402902
768	0	-710.5836	-739.2644	28.6808	6.101153
769	1	-710.2093	-738.4066	28.19728	6.584673
770	0	-702.8731	-731.4076	28.53456	6.247389
771	1	-709.7168	-738.1549	28.43809	6.34386
772	0	-707.4786	-736.8565	29.3779	5.404054
773	1	-709.8181	-738.5586	28.7405	6.041455
774	0	-707.2681	-735.434	28.16586	6.616094
775	1	-712.7402	-740.5791	27.83889	6.943059
776	0	-710.8882	-738.6573	27.76905	7.0129
777	1	-704.6419	-732.9086	28.26672	6.515233
778	0	-705.863	-734.3428	28.47984	6.302112
779	1	-707.4253	-735.4161	27.99082	6.79113
780	0	-703.564	-731.7965	28.23249	6.549465
781	1	-715.2532	-743.8819	28.62875	6.153206
782	0	-709.0276	-737.8509	28.82334	5.958617
783	1	-703.3172	-731.3446	28.02743	6.754522
784	0	-711.6679	-740.1759	28.50797	6.27398
785	1	-705.3183	-733.8046	28.48632	6.295632
786	0	-709.2086	-737.3416	28.13295	6.649
787	1	-712.8323	-740.8533	28.02098	6.760977
788	0	-710.3159	-738.071	27.75509	7.02686
789	1	-705.9546	-734.6735	28.71899	6.062962
790	0	-710.3426	-738.7093	28.3667	6.415258
791	1	-711.248	-740.1207	28.87278	5.909173
792	0	-709.07	-737.9411	28.8711	5.91085
793	1	-703.0367	-730.819	27.78231	6.999647
794	0	-709.5697	-737.9576	28.38792	6.394029
795	1	-704.7643	-732.3625	27.59819	7.183761
796	0	-708.9601	-737.8047	28.84459	5.937364
797	1	-709.9736	-737.4348	27.46119	7.320763
798	0	-706.9458	-735.6437	28.69788	6.084071
799	1	-705.3432	-733.6795	28.33626	6.445694
800	0	-708.645	-737.4586	28.81362	5.968333
801	1	-710.549	-740.282	29.73294	5.049018
802	0	-711.2081	-740.0339	28.8258	5.956153
803	1	-701.6497	-730.0327	28.38293	6.399028
804	0	-704.5695	-733.7253	29.15578	5.626173
805	1	-705.0493	-733.7753	28.72603	6.055926
806	0	-704.2758	-732.9578	28.68198	6.099977
807	1	-707.87	-736.494	28.624	6.157952
808	0	-706.2171	-734.6617	28.44461	6.337341
809	1	-703.3045	-731.6185	28.31397	6.467984
810	0	-708.535	-737.2723	28.73724	6.044717
811	1	-706.8634	-734.8093	27.94594	6.83601
812	0	-707.0702	-734.6978	27.62759	7.154359
813	1	-704.8837	-734.0612	29.17747	5.604478
814	0	-705.6355	-733.8386	28.20312	6.57883
815	1	-708.6946	-736.4969	27.8023	6.979657
816	0	-711.9245	-741.5336	29.60912	5.172837
817	1	-705.0033	-732.584	27.58071	7.201241
818	0	-701.3099	-728.8438	27.53381	7.248147
819	1	-699.8829	-727.8734	27.99053	6.791426
820	0	-708.1082	-735.9763	27.86816	6.913789
821	1	-703.1509	-732.263	29.11206	5.669889
822	0	-716.0375	-743.39	27.3525	7.429455
823	1	-706.8103	-735.1866	28.37624	6.405717
824	0	-713.2004	-741.1689	27.96857	6.813379
825	1	-707.1792	-735.4696	28.29033	6.491625
826	0	-713.8695	-742.0384	28.16889	6.61306
827	1	-706.3493	-734.246	27.89669	6.88526
828	0	-708.1248	-736.2162	28.09147	6.690487
829	1	-707.4262	-735.9063	28.48011	6.301846
830	0	-705.9296	-735.0795	29.14987	5.632085
831	1	-709.6261	-738.4705	28.84443	5.937525
832	0	-703.6724	-732.2522	28.57976	6.202194
833	1	-707.6517	-736.6112	28.95952	5.82243
834	0	-710.9277	-739.477	28.54931	6.232645
835	1	-707.7241	-736.4444	28.72023	6.061719
836	0	-709.4339	-738.6484	29.21448	5.567476
837	1	-706.7894	-735.7174	28.92794	5.854018
838	0	-707.6821	-735.2793	27.59726	7.184695
839	1	-707.9021	-736.1084	28.20636	6.575596
840	0	-715.982	-743.497	27.51494	7.267017
841	1	-701.253	-730.1105	28.85753	5.924425
842	0	-709.1633	-736.9354	27.77207	7.009885
843	1	-707.1379	-735.4517	28.31381	6.468141
844	0	-702.4111	-731.1115	28.70043	6.081521
845	1	-708.6108	-736.7502	28.13944	6.642512
846	0	-702.6076	-731.8095	29.20196	5.579989
847	1	-706.4109	-734.4837	28.07272	6.709237
848	0	-699.8844	-728.8348	28.95041	5.831543
849	1	-716.5878	-744.1	27.51222	7.269731
850	0	-701.9595	-730.1258	28.1663	6.615651
851	1	-708.2884	-735.4197	27.13129	7.650666
852	0	-707.1722	-735.7324	28.56019	6.221765
853	1	-705.1452	-732.5304	27.38523	7.396723
854	0	-703.7745	-732.2069	28.43241	6.349541
855	1	-707.3495	-735.009	27.65951	7.122441
856	0	-702.6098	-731.5918	28.98194	5.800008
857	1	-709.1092	-737.2067	28.0975	6.684456
858	0	-701.4569	-730.4389	28.98194	5.800008
859	1	-709.4259	-738.3923	28.9664	5.815551
860	0	-703.6317	-731.9278	28.29605	6.485907
861	1	-707.8877	-736.1944	28.30669	6.475263
862	0	-708.6225	-736.9185	28.29605	6.485907
863	1	-703.2917	-731.9786	28.68692	6.095036
864	0	-716.5143	-744.9057	28.3914	6.390558
865	1	-706.1847	-734.6949	28.5102	6.271758
866	0	-719.0086	-746.5932	27.58458	7.197376
867	1	-711.3791	-739.1205	27.7414	7.040549
868	0	-709.5747	-737.9041	28.32939	6.452565
869	1	-714.6069	-743.2258	28.6189	6.163057
870	0	-705.5673	-734.1153	28.54796	6.233994
871	1	-706.1717	-734.3703	28.19863	6.583325
872	0	-709.1703	-737.4207	28.25043	6.531528
873	1	-710.827	-739.0256	28.19863	6.583325
874	0	-706.8221	-734.9377	28.11562	6.666332
875	1	-704.4995	-733.6251	29.12558	5.656374
876	0	-708.5171	-736.5742	28.05719	6.724763
877	1	-713.3345	-742.4231	29.08864	5.693309
878	0	-708.4104	-737.215	28.80466	5.977292
879	1	-709.0431	-737.4908	28.44767	6.334286
880	0	-711.0359	-739.4979	28.46194	6.320011
881	1	-706.2508	-734.4978	28.24703	6.53492
882	0	-708.473	-737.4995	29.02644	5.755517
883	1	-705.7864	-733.7543	27.96789	6.814062
884	0	-708.2651	-736.4388	28.17361	6.608339
885	1	-710.5577	-738.5418	27.98414	6.797811
886	0	-708.0069	-736.5477	28.54074	6.241218
887	1	-707.5322	-737.3358	29.80357	4.978382
888	0	-709.6907	-737.8712	28.18053	6.601425
889	1	-702.2189	-731.4383	29.21942	5.562531
890	0	-708.5681	-736.8158	28.24763	6.534324
891	1	-707.2327	-736.4235	29.19078	5.591173
892	0	-713.0353	-740.7472	27.71192	7.07003
893	1	-711.6941	-740.7722	29.07806	5.703893
894	0	-710.2532	-738.582	28.32872	6.453237
895	1	-707.8062	-735.4539	27.64775	7.134208
896	0	-718.1467	-746.5021	28.35538	6.426572
897	1	-706.7257	-735.8068	29.08111	5.700847
898	0	-712.3744	-740.8348	28.46039	6.321566
899	1	-701.407	-729.7203	28.31326	6.468691
900	0	-709.8168	-738.8433	29.02652	5.755428
901	1	-710.4584	-738.4062	27.94778	6.834175
902	0	-704.6485	-733.2966	28.64808	6.133876
903	1	-709.4589	-737.4254	27.96653	6.815424
904	0	-709.4462	-737.7828	28.33659	6.445361
905	1	-710.802	-738.3662	27.56419	7.217767
906	0	-702.2566	-730.6313	28.37464	6.407308
907	1	-704.937	-733.1896	28.25266	6.529297
908	0	-707.3225	-734.7539	27.43142	7.350536
909	1	-705.9272	-734.3734	28.44621	6.33574
910	0	-707.2274	-735.5199	28.2925	6.489454
911	1	-712.8583	-741.0293	28.17093	6.611021
912	0	-712.6807	-741.9737	29.29303	5.488918
913	1	-711.551	-739.0522	27.50117	7.280784
914	0	-710.29	-738.7191	28.42908	6.352877
915	1	-709.1164	-736.9705	27.85406	6.927894
916	0	-707.141	-735.36	28.21891	6.563047
917	1	-711.1755	-740.0186	28.84306	5.93889
918	0	-709.4647	-738.5617	29.0969	5.685051
919	1	-709.4998	-737.1293	27.62942	7.152534
920	0	-711.0673	-739.8182	28.75097	6.030978
921	1	-708.5417	-736.6265	28.0848	6.697151
922	0	-709.876	-739.5673	29.6913	5.090649
923	1	-717.7765	-746.4197	28.64315	6.138805
924	0	-704.3155	-732.9909	28.6754	6.106549
925	1	-706.8176	-734.0864	27.26871	7.513239
926	0	-704.2729	-732.7083	28.43543	6.346519
927	1	-711.1176	-738.0635	26.94584	7.836116
928	0	-703.6896	-731.8862	28.19661	6.585346
929	1	-711.9169	-740.2719	28.35498	6.426977
930	0	-707.0881	-734.7594	27.6713	7.110657
931	1	-713.6619	-739.8966	26.23471	8.547239
932	0	-707.8322	-736.5718	28.73963	6.042324
933	1	-714.7293	-743.223	28.49369	6.288259
934	0	-705.404	-734.0972	28.69311	6.088839
935	1	-712.5135	-740.4483	27.93485	6.847102
936	0	-713.4892	-741.8115	28.32233	6.459625
937	1	-713.1776	-740.9794	27.80173	6.98022
938	0	-711.4536	-739.3665	27.91296	6.868996
939	1	-710.3299	-738.8123	28.48246	6.299489
940	0	-706.0498	-733.3735	27.32363	7.458325
941	1	-707.1574	-735.6933	28.53582	6.246129
942	0	-707.7624	-736.0973	28.33493	6.44702
943	1	-705.8202	-734.6889	28.86868	5.913271
944	0	-705.5825	-733.7596	28.17712	6.604835
945	1	-711.6038	-740.4224	28.8186	5.963355
946	0	-706.4137	-734.9886	28.5749	6.207053
947	1	-709.7477	-737.529	27.78126	7.00069
948	0	-709.7905	-738.1877	28.3972	6.384754
949	1	-707.5805	-736.8546	29.27414	5.507817
950	0	-700.6262	-729.8074	29.18118	5.600776
951	1	-704.5115	-733.0219	28.51044	6.271515
952	0	-698.0231	-726.5081	28.485	6.296952
953	1	-702.0868	-730.9055	28.81861	5.963338
954	0	-702.0757	-731.1659	29.09013	5.691824
955	1	-707.1552	-735.9945	28.83922	5.942734
956	0	-702.4157	-730.6652	28.24945	6.532504
957	1	-707.0044	-735.5901	28.58574	6.196217
958	0	-706.9854	-736.6206	29.63518	5.146771
959	1	-706.2968	-734.3407	28.04394	6.738016
960	0	-705.2466	-732.6296	27.38306	7.398893
961	1	-705.4806	-733.697	28.21642	6.565533
962	0	-703.0982	-731.8382	28.73995	6.042004
963	1	-708.566	-737.011	28.44498	6.336977
964	0	-706.1941	-734.1664	27.9723	6.809648
965	1	-705.1955	-733.6404	28.44498	6.336977
966	0	-713.0324	-741.5973	28.56486	6.21709
967	1	-706.5495	-735.4262	28.87668	5.905274
968	0	-712.215	-740.5147	28.29967	6.482284
969	1	-711.7567	-740.9185	29.16175	5.620207
970	0	-708.676	-737.3237	28.64774	6.134215
971	1	-703.8082	-732.3492	28.54108	6.240873
972	0	-707.9474	-736.078	28.13052	6.651433
973	1	-712.1784	-740.5267	28.3483	6.433648
974	0	-709.2711	-737.5163	28.24511	6.53684
975	1	-708.8752	-737.9967	29.12152	5.660436
976	0	-706.1235	-735.1476	29.02416	5.757789
977	1	-701.576	-730.9978	29.42179	5.360159
978	0	-712.7828	-741.0012	28.21837	6.563584
979	1	-704.1344	-732.7979	28.6636	6.118358
980	0	-711.2866	-739.6158	28.32922	6.452731
981	1	-704.7039	-733.4422	28.73827	6.043679
982	0	-709.5043	-737.3169	27.81256	6.969392
983	1	-704.6876	-733.2417	28.55411	6.227841
984	0	-707.0769	-735.6035	28.52663	6.25532
985	1	-704.1977	-733.8975	29.69985	5.082104
986	0	-705.7406	-734.2672	28.52663	6.25532
987	1	-708.116	-736.25	28.13405	6.6479
988	0	-706.5972	-735.9605	29.36329	5.418663
989	1	-703.801	-732.9551	29.15407	5.627887
990	0	-707.6327	-736.3305	28.69781	6.084147
991	1	-704.9201	-733.7725	28.85236	5.929594
992	0	-709.0269	-737.2118	28.18484	6.597115
993	1	-711.96	-741.0232	29.06317	5.718787
994	0	-707.6533	-735.8141	28.16083	6.621125
995	1	-705.172	-733.0163	27.84429	6.93766
996	0	-702.6336	-731.2618	28.62813	6.153826
997	1	-707.5275	-734.9362	27.40873	7.37322
998	0	-705.7127	-734.3773	28.66457	6.117378
999	1	-706.8221	-734.4186	27.5965	7.185453
1000	0	-703.4342	-732.519	29.0848	5.697156
1001	1	-705.2044	-732.4971	27.29276	7.48919
1002	0	-708.8395	-736.2205	27.38094	7.401011
1003	1	-703.7167	-731.6333	27.9166	6.865356
1004	0	-709.6293	-736.9195	27.2902	7.491758
1005	1	-707.1799	-734.9888	27.80891	6.973043
1006	0	-705.7386	-734.3582	28.6196	6.162352
1007	1	-701.1049	-729.5394	28.43455	6.347406
1008	0	-706.539	-735.2586	28.71965	6.062308
1009	1	-706.0336	-734.6235	28.5899	6.192049
1010	0	-706.5986	-734.8175	28.21894	6.563017
1011	1	-707.3538	-735.7918	28.43805	6.343902
1012	0	-713.6685	-741.1996	27.53112	7.250829
1013	1	-704.5867	-733.4735	28.88682	5.89513
1014	0	-709.4716	-738.2746	28.803	5.978957
1015	1	-706.6306	-735.5134	28.88281	5.89914
1016	0	-705.706	-733.8	28.09403	6.687923
1017	1	-708.2584	-736.9178	28.65944	6.122517
1018	0	-705.6033	-732.7286	27.12532	7.65663
1019	1	-715.8626	-742.5482	26.68557	8.096384
1020	0	-703.1544	-731.883	28.72861	6.053345
1021	1	-710.0349	-737.7479	27.71304	7.06891
1022	0	-705.3484	-732.8776	27.52919	7.252767
1023	1	-708.0312	-736.3954	28.36422	6.417728
1024	0	-707.1008	-734.4941	27.39335	7.388603
1025	1	-717.5681	-745.5987	28.03052	6.751429
1026	0	-717.9605	-746.6476	28.68712	6.09483
1027	1	-708.2402	-736.7873	28.54715	6.2348
1028	0	-708.5729	-737.2268	28.65389	6.12806
1029	1	-700.6118	-730.2598	29.64804	5.133915
1030	0	-703.1836	-731.2092	28.02563	6.756326
1031	1	-704.2894	-733.9334	29.64397	5.137984
1032	0	-702.4745	-731.1001	28.62556	6.156396
1033	1	-707.4529	-736.8311	29.37822	5.40373
1034	0	-705.6031	-734.7152	29.11207	5.669883
1035	1	-702.6373	-730.8111	28.17386	6.608098
1036	0	-712.8431	-741.0296	28.18648	6.595476
1037	1	-704.0254	-732.1403	28.11496	6.666994
1038	0	-717.9787	-746.4104	28.43169	6.350261
1039	1	-708.2008	-736.2879	28.08714	6.694811
1040	0	-710.9453	-740.0531	29.10782	5.674134
1041	1	-703.81	-732.1257	28.31563	6.466324
1042	0	-708.585	-737.7163	29.13128	5.650671
1043	1	-705.1579	-734.1028	28.94487	5.837084
1044	0	-716.6512	-745.4539	28.80267	5.979287
1045	1	-706.518	-734.9258	28.40781	6.374148
1046	0	-710.7442	-739.3017	28.55756	6.224394
1047	1	-711.5225	-739.9087	28.38617	6.395788
1048	0	-704.3545	-732.9991	28.64453	6.137426
1049	1	-702.3583	-730.111	27.75261	7.029341
1050	0	-705.4346	-733.6737	28.23912	6.542832
1051	1	-706.1518	-735.0245	28.87275	5.909208
1052	0	-708.0637	-736.4971	28.43341	6.348545
1053	1	-700.6448	-729.5176	28.87275	5.909208
1054	0	-703.4819	-731.4977	28.01578	6.766177
1055	1	-704.7965	-734.2244	29.42787	5.354086
1056	0	-713.7272	-741.7522	28.02501	6.756941
1057	1	-701.6862	-731.0235	29.33728	5.444672
1058	0	-705.4161	-733.332	27.91582	6.866133
1059	1	-704.9412	-734.2785	29.33728	5.444672
1060	0	-704.506	-733.4346	28.92867	5.853283
1061	1	-700.7282	-730.0655	29.33728	5.444672
1062	0	-700.9173	-729.4702	28.55284	6.22911
1063	1	-703.4825	-732.8059	29.3234	5.458551
1064	0	-706.5044	-735.1919	28.68752	6.094435
1065	1	-704.0579	-732.5785	28.52062	6.261329
1066	0	-722.4176	-751.1385	28.72088	6.061077
1067	1	-706.7527	-735.2345	28.48176	6.300194
1068	0	-711.2914	-740.6142	29.32278	5.459173
1069	1	-710.5853	-738.5948	28.00945	6.772498
1070	0	-704.5336	-733.4638	28.93019	5.851763
1071	1	-714.0959	-741.8762	27.78027	7.001687
1072	0	-707.2681	-736.1134	28.84526	5.936695
1073	1	-711.0457	-739.1481	28.10238	6.679577
1074	0	-710.1289	-737.8273	27.69849	7.083462
1075	1	-707.6992	-736.8654	29.16626	5.615689
1076	0	-699.2098	-727.871	28.66121	6.120739
1077	1	-710.9359	-739.6965	28.76057	6.021388
1078	0	-704.5174	-732.9249	28.40753	6.374419
1079	1	-704.2998	-733.4186	29.11881	5.663147
1080	0	-706.7323	-735.8191	29.08681	5.695147
1081	1	-705.5215	-734.0867	28.56523	6.216726
1082	0	-705.4847	-734.921	29.43633	5.345626
1083	1	-713.6084	-742.1034	28.49497	6.286986
1084	0	-704.3043	-733.4877	29.1834	5.598552
1085	1	-711.4007	-739.5175	28.11686	6.665094
1086	0	-702.9761	-730.8479	27.87178	6.910173
1087	1	-704.3941	-732.8915	28.49734	6.284617
1088	0	-701.4159	-731.1418	29.72592	5.056034
1089	1	-709.8085	-737.8596	28.05115	6.730804
1090	0	-701.7333	-730.7778	29.04453	5.737423
1091	1	-707.3919	-735.8168	28.42488	6.35707
1092	0	-708.4024	-736.1517	27.74929	7.032664
1093	1	-707.3227	-736.5519	29.22921	5.552748
1094	0	-711.7076	-740.1143	28.40668	6.375272
1095	1	-705.0155	-733.9179	28.90238	5.879569
1096	0	-708.8488	-737.3429	28.49405	6.287906
1097	1	-708.2973	-736.4166	28.11933	6.662624
1098	0	-704.1018	-732.991	28.88922	5.892736
1099	1	-709.5152	-737.3311	27.81588	6.966077
1100	0	-708.9769	-737.6681	28.69123	6.090727
1101	1	-709.1379	-737.7412	28.60336	6.178589
1102	0	-711.4641	-738.5379	27.07379	7.708166
1103	1	-708.4127	-736.3593	27.94665	6.835301
1104	0	-714.7596	-741.6653	26.90576	7.876189
1105	1	-703.4952	-732.0862	28.59103	6.190921
1106	0	-718.184	-744.9294	26.74541	8.036541
1107	1	-706.1487	-734.8666	28.7179	6.064055
1108	0	-713.0698	-741.344	28.2742	6.50775
1109	1	-700.6661	-730.1309	29.46478	5.317173
1110	0	-720.6678	-748.7699	28.10212	6.679837
1111	1	-705.0361	-732.939	27.9029	6.87905
1112	0	-707.4161	-735.7722	28.35604	6.42591
1113	1	-709.6345	-737.6018	27.96734	6.814612
1114	0	-705.5298	-734.1851	28.65534	6.126612
1115	1	-703.662	-731.828	28.166	6.615955
1116	0	-707.6566	-735.7438	28.08719	6.69476
1117	1	-706.9567	-735.2957	28.33898	6.442977
1118	0	-701.6871	-730.5582	28.87118	5.910773
1119	1	-709.8059	-739.2564	29.45049	5.331466
1120	0	-706.5284	-734.9332	28.40478	6.377172
1121	1	-711.256	-739.9908	28.73477	6.047183
1122	0	-709.0187	-737.5953	28.57663	6.205319
1123	1	-709.8953	-737.0449	27.14963	7.632324
1124	0	-706.9327	-735.8372	28.90453	5.877423
1125	1	-718.1286	-745.5355	27.40695	7.374999
1126	0	-712.5677	-742.2921	29.72432	5.057637
1127	1	-711.6201	-739.2382	27.61809	7.163866
1128	0	-707.2979	-735.3725	28.07465	6.707299
1129	1	-701.8528	-729.4857	27.63299	7.148962
1130	0	-700.7937	-730.1769	29.38312	5.398828
1131	1	-704.002	-732.6117	28.6097	6.172256
1132	0	-714.6144	-742.8493	28.23487	6.547083
1133	1	-707.9297	-736.1764	28.24668	6.53527
1134	0	-719.5399	-747.5892	28.04935	6.732604
1135	1	-714.3048	-744.2412	29.93644	4.845515
1136	0	-721.0409	-749.5487	28.50781	6.274147
1137	1	-707.729	-736.7594	29.03042	5.751536
1138	0	-713.7451	-742.1058	28.36071	6.421246
1139	1	-702.9931	-732.0557	29.06257	5.719385
1140	0	-710.8764	-739.2371	28.36071	6.421246
1141	1	-708.7515	-738.3021	29.55066	5.231296
1142	0	-715.669	-743.0659	27.3969	7.385055
1143	1	-710.6138	-739.8833	29.26953	5.512424
1144	0	-714.7056	-742.3357	27.63014	7.151814
1145	1	-704.767	-733.3033	28.5363	6.245651
1146	0	-711.44	-739.4139	27.97395	6.808006
1147	1	-709.3219	-737.9454	28.62353	6.15842
1148	0	-711.7815	-740.2967	28.51525	6.266698
1149	1	-708.0079	-736.3127	28.3048	6.477153
1150	0	-705.7663	-734.3067	28.54045	6.241507
1151	1	-707.7145	-735.863	28.14847	6.633486
1152	0	-712.9008	-741.4598	28.55897	6.222984
1153	1	-707.2582	-736.1483	28.89009	5.891861
1154	0	-715.6518	-742.997	27.34522	7.436737
1155	1	-707.7908	-735.9037	28.11287	6.669086
1156	0	-707.9141	-735.8622	27.94812	6.83383
1157	1	-700.557	-729.339	28.78197	5.999986
1158	0	-710.7091	-739.1933	28.48411	6.297848
1159	1	-702.3185	-731.3475	29.02896	5.752991
1160	0	-704.8231	-733.7841	28.96098	5.82097
1161	1	-708.416	-736.1165	27.70056	7.081388
1162	0	-708.6789	-736.7957	28.11677	6.665181
1163	1	-706.9648	-736.2099	29.24505	5.536902
1164	0	-703.4957	-732.1647	28.66899	6.11296
1165	1	-705.9659	-734.5712	28.60527	6.176681
1166	0	-707.0304	-736.5003	29.46992	5.312033
1167	1	-701.8139	-731.1362	29.32232	5.459633
1168	0	-716.3338	-741.5377	25.20397	9.577979
1169	1	-707.6613	-735.7983	28.13708	6.644875
1170	0	-702.1292	-730.0787	27.94953	6.832423
1171	1	-705.7369	-734.4453	28.70832	6.073632
1172	0	-704.92	-732.8442	27.92427	6.857683
1173	1	-702.8649	-731.8658	29.00094	5.78101
1174	0	-700.8295	-729.3588	28.52926	6.252693
1175	1	-703.0924	-731.228	28.13558	6.646373
1176	0	-711.3093	-739.8949	28.58553	6.196419
1177	1	-705.1661	-733.5377	28.37159	6.410367
1178	0	-713.8408	-742.3552	28.51437	6.267585
1179	1	-707.8737	-736.6819	28.80813	5.973818
1180	0	-710.276	-739.0892	28.8132	5.968754
1181	1	-705.7492	-734.281	28.53179	6.250162
1182	0	-713.7291	-741.4855	27.7564	7.025557
1183	1	-707.9929	-735.8917	27.89873	6.883225
1184	0	-711.5403	-739.7171	28.17683	6.605122
1185	1	-707.7839	-736.2942	28.51031	6.271648
1186	0	-705.1882	-733.5633	28.37513	6.406822
1187	1	-706.2055	-734.9178	28.71229	6.069664
1188	0	-709.6424	-737.9084	28.26595	6.516002
1189	1	-717.4239	-745.5893	28.16535	6.616601
1190	0	-702.4131	-730.708	28.29491	6.487041
1191	1	-704.1199	-733.486	29.36609	5.415861
1192	0	-709.7111	-739.0631	29.35199	5.429967
1193	1	-702.4054	-731.6091	29.2037	5.578252
1194	0	-710.8626	-738.7935	27.93092	6.851032
1195	1	-704.6771	-733.9098	29.23264	5.549312
1196	0	-702.4999	-731.8719	29.37207	5.409887
1197	1	-706.0204	-735.6248	29.60434	5.177612
1198	0	-705.6568	-733.6397	27.98292	6.799034
1199	1	-704.2369	-733.2247	28.98781	5.794139
1200	0	-702.7536	-731.8311	29.07746	5.704489
1201	1	-708.6031	-737.933	29.32989	5.452064
1202	0	-700.8418	-728.9334	28.09156	6.690395
1203	1	-704.7334	-732.2925	27.55912	7.22283
1204	0	-706.0553	-734.9842	28.92891	5.853039
1205	1	-709.2901	-737.4316	28.14146	6.640492
1206	0	-704.6273	-733.3022	28.67486	6.107094
1207	1	-710.6572	-738.8406	28.18346	6.59849
1208	0	-711.0534	-739.105	28.05165	6.730305
1209	1	-710.8646	-739.3735	28.50889	6.273067
1210	0	-704.0345	-730.5568	26.52232	8.259633
1211	1	-710.273	-739.7144	29.44137	5.340582
1212	0	-705.1572	-733.3393	28.18208	6.599873
1213	1	-712.4692	-741.3561	28.88689	5.895061
1214	0	-707.4332	-736.2432	28.81005	5.971906
1215	1	-707.5931	-736.6319	29.03877	5.74318
1216	0	-707.5994	-736.0983	28.49889	6.283067
1217	1	-710.5541	-739.6812	29.12715	5.654803
1218	0	-710.9613	-738.4462	27.48497	7.296987
1219	1	-707.2709	-736.2835	29.01254	5.76941
1220	0	-702.1676	-730.627	28.45935	6.322598
1221	1	-715.466	-743.6238	28.15782	6.624137
1222	0	-703.5388	-731.083	27.54421	7.237743
1223	1	-705.5157	-734.7118	29.19605	5.585904
1224	0	-709.0628	-737.9196	28.85676	5.925197
1225	1	-704.1096	-732.104	27.99441	6.78754
1226	0	-708.2867	-736.7349	28.44813	6.333828
1227	1	-707.1442	-735.4282	28.28395	6.497998
1228	0	-714.8211	-743.4236	28.60258	6.179374
1229	1	-706.198	-734.4124	28.21439	6.567564
1230	0	-713.5892	-742.4211	28.83186	5.950097
1231	1	-707.5575	-736.5692	29.01175	5.7702
1232	0	-703.2712	-731.5366	28.26538	6.516569
1233	1	-704.3756	-733.023	28.64738	6.134568
1234	0	-703.7271	-732.8532	29.12605	5.655903
1235	1	-713.2522	-741.6278	28.37563	6.406327
1236	0	-708.8247	-737.258	28.43325	6.348703
1237	1	-709.5651	-737.9632	28.39816	6.383792
1238	0	-705.2007	-734.3592	29.15849	5.623459
1239	1	-701.2695	-730.2946	29.02515	5.756807
1240	0	-705.9503	-734.3864	28.43606	6.345893
1241	1	-709.4114	-736.9082	27.49683	7.285118
1242	0	-708.9622	-737.2058	28.24353	6.53842
1243	1	-707.0534	-735.6174	28.56402	6.217935
1244	0	-707.0227	-735.476	28.4533	6.328655
1245	1	-708.2774	-737.1614	28.88395	5.898003
1246	0	-701.8062	-730.5186	28.71241	6.069542
1247	1	-710.1601	-739.196	29.0359	5.746058
1248	0	-705.5455	-734.5606	29.01508	5.766876
1249	1	-711.1428	-738.707	27.56426	7.217697
1250	0	-704.2443	-732.5878	28.34349	6.438458
1251	1	-709.3618	-738.0459	28.68413	6.097824
1252	0	-704.2664	-731.6399	27.37352	7.408436
1253	1	-702.9145	-731.9306	29.01616	5.765792
1254	0	-711.8944	-739.3867	27.49229	7.289665
1255	1	-704.6259	-732.9756	28.34975	6.432199
1256	0	-713.6001	-742.2401	28.64002	6.141933
1257	1	-702.2099	-731.0854	28.87551	5.906442
1258	0	-701.0516	-731.0557	30.00405	4.777899
1259	1	-707.8846	-736.1936	28.30899	6.472963
1260	0	-701.5705	-731.242	29.67143	5.11052
1261	1	-711.3421	-740.2134	28.87126	5.910695
1262	0	-705.7871	-734.3853	28.59813	6.18382
1263	1	-715.3548	-742.7439	27.38919	7.392768
1264	0	-702.9126	-731.4203	28.50776	6.274194
1265	1	-710.1922	-738.0437	27.85144	6.930515
1266	0	-701.37	-729.1994	27.82947	6.95248
1267	1	-711.9141	-739.291	27.37689	7.405064
1268	0	-700.7135	-729.6555	28.94198	5.839971
1269	1	-707.2958	-735.5117	28.21598	6.565969
1270	0	-709.8003	-738.3106	28.51025	6.271703
1271	1	-708.522	-737.1343	28.61222	6.169734
1272	0	-704.9058	-732.6236	27.71785	7.064101
1273	1	-715.7612	-744.0963	28.33511	6.446847
1274	0	-701.9209	-730.7292	28.80836	5.973598
1275	1	-709.0068	-737.2566	28.24977	6.532184
1276	0	-703.7424	-732.2229	28.48053	6.301427
1277	1	-704.9921	-734.1864	29.19427	5.587687
1278	0	-710.4748	-739.1119	28.63712	6.14483
1279	1	-702.4715	-730.9108	28.43926	6.342695
1280	0	-715.7328	-745.01	29.27719	5.504763
1281	1	-700.6984	-729.1376	28.43926	6.342695
1282	0	-707.3143	-735.6234	28.30909	6.472858
1283	1	-709.6142	-738.6334	29.0192	5.762756
1284	0	-704.157	-733.6244	29.46746	5.314492
1285	1	-707.0314	-736.1604	29.12901	5.652939
1286	0	-703.5796	-732.6419	29.06222	5.719733
1287	1	-708.9875	-738.4656	29.47809	5.30386
1288	0	-702.3079	-731.1298	28.82187	5.960082
1289	1	-713.6257	-740.9841	27.35845	7.423505
1290	0	-704.3034	-733.2055	28.90209	5.879862
1291	1	-715.8143	-745.1095	29.29518	5.486771
1292	0	-703.3876	-731.8224	28.43481	6.347142
1293	1	-705.0321	-732.7042	27.67209	7.109858
1294	0	-716.4499	-744.1665	27.7166	7.065356
1295	1	-707.3923	-735.6026	28.21037	6.571583
1296	0	-707.2291	-736.2051	28.97595	5.806004
1297	1	-711.9224	-741.6235	29.70111	5.080843
1298	0	-708.2654	-736.9842	28.71885	6.063102
1299	1	-704.0505	-733.1904	29.13984	5.642118
1300	0	-704.9549	-732.9839	28.02907	6.752885
1301	1	-707.6933	-736.3232	28.62988	6.152069
1302	0	-705.8515	-734.6737	28.82216	5.959795
1303	1	-703.2203	-731.4962	28.27589	6.506066
1304	0	-713.9844	-742.3746	28.3902	6.391757
1305	1	-703.7232	-731.5923	27.8691	6.912849
1306	0	-711.1659	-739.6294	28.46357	6.318386
1307	1	-702.5256	-730.893	28.36743	6.414527
1308	0	-704.6245	-734.6355	30.01109	4.770867
1309	1	-702.4621	-730.8833	28.42119	6.360763
1310	0	-706.4719	-734.5614	28.08951	6.692439
1311	1	-712.8322	-741.1294	28.29713	6.484824
1312	0	-712.2078	-739.93	27.72217	7.059788
1313	1	-707.9296	-736.432	28.50237	6.27958
1314	0	-701.0152	-729.2624	28.24728	6.534677
1315	1	-708.2817	-736.3334	28.05167	6.730278
1316	0	-713.6571	-741.7968	28.13972	6.642232
1317	1	-704.6233	-732.4239	27.80065	6.981304
1318	0	-711.0159	-739.0589	28.04298	6.738974
1319	1	-707.7318	-736.8558	29.12406	5.657889
1320	0	-712.5614	-740.2686	27.70719	7.074761
1321	1	-716.1745	-744.9371	28.76266	6.019296
1322	0	-707.7654	-736.4584	28.69297	6.088979
1323	1	-705.0848	-732.9148	27.82995	6.952004
1324	0	-708.4285	-736.4354	28.00698	6.774975
1325	1	-698.382	-726.4684	28.08634	6.69561
1326	0	-711.5419	-739.1635	27.6216	7.160356
1327	1	-704.2277	-732.9272	28.69952	6.082431
1328	0	-704.5882	-733.5738	28.98563	5.796326
1329	1	-708.9265	-737.89	28.96355	5.818401
1330	0	-702.3778	-730.5097	28.13194	6.650011
1331	1	-706.4575	-733.8407	27.38325	7.398708
1332	0	-705.8582	-733.7813	27.9231	6.85885
1333	1	-709.652	-737.0231	27.37107	7.41088
1334	0	-703.8336	-733.3211	29.48755	5.294399
1335	1	-708.0598	-736.4005	28.34074	6.441215
1336	0	-705.5524	-733.9694	28.41693	6.365021
1337	1	-718.8407	-745.4638	26.6231	8.158855
1338	0	-705.1406	-732.605	27.46433	7.317621
1339	1	-710.2288	-737.9329	27.70408	7.077873
1340	0	-711.7257	-740.3992	28.6735	6.108453
1341	1	-706.2779	-733.9153	27.63735	7.144604
1342	0	-705.3263	-733.4562	28.12986	6.652091
1343	1	-706.7753	-735.2052	28.42998	6.351976
1344	0	-705.3784	-733.5083	28.12986	6.652091
1345	1	-708.465	-736.895	28.42998	6.351976
1346	0	-709.0674	-737.5503	28.48287	6.299085
1347	1	-717.4779	-746.0222	28.54434	6.237613
1348	0	-705.93	-734.8727	28.94267	5.839279
1349	1	-704.0776	-733.1276	29.05	5.731949
1350	0	-710.2282	-738.815	28.58672	6.195235
1351	1	-708.5762	-736.5199	27.94372	6.838231
1352	0	-708.5837	-736.3108	27.72708	7.054874
1353	1	-705.484	-733.8816	28.3976	6.384352
1354	0	-702.2992	-731.5768	29.27763	5.504319
1355	1	-708.0133	-735.5813	27.56796	7.213994
1356	0	-715.9265	-743.4864	27.55993	7.222021
1357	1	-710.9403	-739.4056	28.46532	6.316635
1358	0	-709.4974	-738.6652	29.16775	5.614207
1359	1	-709.2386	-738.1438	28.90525	5.876706
1360	0	-709.9093	-738.6426	28.73325	6.048699
1361	1	-715.4248	-743.067	27.64227	7.139683
1362	0	-712.9683	-742.2603	29.29206	5.489894
1363	1	-711.6298	-740.68	29.0502	5.731755
1364	0	-704.1869	-733.0488	28.8619	5.920058
1365	1	-713.0401	-740.5418	27.50167	7.280285
1366	0	-699.5321	-728.0902	28.55803	6.223923
1367	1	-705.271	-732.9049	27.63387	7.148087
1368	0	-702.0072	-730.3561	28.34886	6.433093
1369	1	-701.6081	-730.5871	28.97904	5.802914
1370	0	-702.852	-730.9928	28.14078	6.641173
1371	1	-704.9101	-733.7924	28.88229	5.899662
1372	0	-705.7611	-733.3964	27.6353	7.146653
1373	1	-703.3225	-731.6946	28.37209	6.409866
1374	0	-706.8793	-734.4965	27.61725	7.164707
1375	1	-704.7899	-733.5271	28.73716	6.044789
1376	0	-703.4651	-732.0656	28.60049	6.181462
1377	1	-711.3289	-739.2731	27.94426	6.837695
1378	0	-708.9227	-737.6794	28.75678	6.025178
1379	1	-718.6265	-747.1893	28.56283	6.219123
1380	0	-708.8279	-737.4352	28.60736	6.17459
1381	1	-720.9702	-747.7496	26.77936	8.002593
1382	0	-707.9009	-737.1867	29.28571	5.496239
1383	1	-721.4593	-747.5458	26.08654	8.695414
1384	0	-703.5106	-732.1845	28.67385	6.108098
1385	1	-713.8937	-741.4305	27.53678	7.245174
1386	0	-709.7204	-737.7974	28.077	6.704953
1387	1	-716.3197	-745.3455	29.0258	5.75615
1388	0	-712.0856	-739.4843	27.39866	7.383289
1389	1	-707.3173	-735.732	28.41469	6.367259
1390	0	-703.3891	-731.3103	27.92125	6.860702
1391	1	-705.2983	-733.5856	28.28724	6.494709
1392	0	-707.3751	-735.8417	28.46659	6.315367
1393	1	-706.101	-734.6436	28.54258	6.239371
1394	0	-708.7023	-737.3975	28.69516	6.086798
1395	1	-708.5397	-737.5114	28.9717	5.810252
1396	0	-709.9397	-737.4511	27.51147	7.270483
1397	1	-708.942	-737.348	28.40602	6.37593
1398	0	-710.2093	-737.5371	27.32777	7.454187
1399	1	-713.0263	-741.3006	28.27431	6.507642
1400	0	-704.2521	-731.5864	27.33429	7.447664
1401	1	-712.4234	-740.0841	27.66063	7.121319
1402	0	-711.6214	-739.6504	28.02893	6.753026
1403	1	-706.7689	-734.7046	27.93568	6.846269
1404	0	-716.1457	-742.862	26.71629	8.065666
1405	1	-709.7234	-738.1415	28.41819	6.363765
1406	0	-705.3046	-733.461	28.15643	6.625519
1407	1	-707.5752	-734.708	27.13281	7.649145
1408	0	-711.5984	-740.7929	29.19453	5.587419
1409	1	-707.7849	-735.4335	27.64862	7.133331
1410	0	-704.9567	-733.3886	28.43192	6.350037
1411	1	-702.3964	-730.5418	28.1454	6.636555
1412	0	-708.26	-736.8794	28.61943	6.162519
1413	1	-702.3861	-731.2262	28.84013	5.94182
1414	0	-709.8706	-738.6922	28.82161	5.960346
1415	1	-704.482	-732.4336	27.95157	6.830381
1416	0	-710.9748	-739.2085	28.2337	6.548249
1417	1	-712.6341	-741.966	29.33186	5.450097
1418	0	-707.0379	-734.4887	27.45076	7.331194
1419	1	-713.1766	-741.5267	28.35016	6.431789
1420	0	-706.9993	-735.1347	28.13541	6.646547
1421	1	-709.3386	-738.0174	28.67881	6.103143
1422	0	-704.5427	-732.7036	28.16091	6.621044
1423	1	-708.0325	-735.4611	27.4286	7.353356
1424	0	-701.4075	-730.3241	28.91655	5.865406
1425	1	-707.8722	-735.4273	27.5551	7.226853
1426	0	-704.5556	-732.7365	28.18086	6.601097
1427	1	-716.0176	-744.4889	28.47126	6.310689
1428	0	-710.6836	-739.2844	28.60084	6.18111
1429	1	-705.5024	-734.0116	28.50923	6.272726
1430	0	-707.5227	-736.1062	28.5835	6.198458
1431	1	-704.1701	-732.6654	28.49524	6.286716
1432	0	-706.9143	-735.2686	28.35432	6.427635
1433	1	-708.0527	-736.0886	28.03591	6.746043
1434	0	-702.8561	-730.9238	28.06769	6.71426
1435	1	-708.5265	-736.4174	27.89086	6.891091
1436	0	-707.2971	-735.7101	28.41301	6.368948
1437	1	-710.5816	-739.1972	28.61566	6.166292
1438	0	-706.2506	-734.4258	28.17523	6.606728
1439	1	-708.2372	-737.1382	28.901	5.880953
1440	0	-710.5991	-738.6643	28.06523	6.716727
1441	1	-706.2587	-734.3163	28.05757	6.724384
1442	0	-707.4762	-735.9874	28.51115	6.270803
1443	1	-702.5992	-731.3443	28.74517	6.036787
1444	0	-707.0567	-735.8784	28.82167	5.960279
1445	1	-705.8542	-733.992	28.1378	6.644157
1446	0	-707.6887	-736.8959	29.20719	5.574765
1447	1	-703.695	-732.9735	29.27856	5.503397
1448	0	-710.7343	-737.3461	26.61177	8.170186
1449	1	-710.4962	-738.4245	27.92835	6.853599
1450	0	-701.2477	-729.9518	28.70412	6.077836
1451	1	-705.0185	-734.2301	29.2116	5.570348
1452	0	-699.8785	-728.5826	28.70412	6.077836
1453	1	-700.9653	-729.3609	28.39561	6.386344
1454	0	-710.1656	-738.293	28.12737	6.654587
1455	1	-705.2072	-734.2676	29.06036	5.721589
1456	0	-705.7039	-734.3354	28.63147	6.150484
1457	1	-704.4359	-733.247	28.81102	5.970937
1458	0	-702.887	-731.3803	28.49333	6.288625
1459	1	-702.4011	-730.9429	28.54178	6.240176
1460	0	-707.0862	-736.5841	29.49791	5.284038
1461	1	-700.3177	-729.0249	28.70719	6.074766
1462	0	-705.3012	-734.0073	28.70611	6.075842
1463	1	-703.1209	-732.0048	28.88385	5.898106
1464	0	-714.8273	-743.7769	28.94963	5.832319
1465	1	-710.676	-739.0638	28.38782	6.394132
1466	0	-708.4202	-737.1326	28.71238	6.069577
1467	1	-701.7191	-730.2315	28.51235	6.269605
1468	0	-709.4037	-737.3742	27.9705	6.811456
1469	1	-709.2264	-736.8365	27.61003	7.171928
1470	0	-705.4707	-734.3674	28.8967	5.885251
1471	1	-711.6225	-739.7889	28.16643	6.615523
1472	0	-707.5368	-736.2178	28.68096	6.100995
1473	1	-699.7451	-728.6312	28.88617	5.895784
1474	0	-701.2153	-729.7798	28.56455	6.217401
1475	1	-710.4736	-739.9485	29.47493	5.30702
1476	0	-701.6921	-730.335	28.64282	6.139132
1477	1	-715.2623	-744.4233	29.16103	5.620924
1478	0	-703.1247	-731.9909	28.86617	5.915782
1479	1	-700.9852	-728.7474	27.76222	7.019731
1480	0	-701.0971	-729.5553	28.45822	6.32373
1481	1	-707.8316	-735.8473	28.01574	6.766217
1482	0	-707.2643	-736.4956	29.23139	5.550564
1483	1	-714.2236	-741.4937	27.27016	7.511797
1484	0	-703.6414	-731.9353	28.2939	6.488055
1485	1	-705.2686	-733.369	28.10039	6.68156
1486	0	-709.7727	-738.7795	29.00682	5.775134
1487	1	-704.1485	-732.3857	28.23719	6.544766
1488	0	-703.1531	-731.8984	28.74525	6.0367
1489	1	-702.8684	-732.142	29.27363	5.508328
1490	0	-707.4421	-735.7571	28.31499	6.466966
1491	1	-704.5644	-733.1848	28.62037	6.161583
1492	0	-712.9712	-741.4632	28.492	6.28995
1493	1	-712.5608	-741.1812	28.62037	6.161583
1494	0	-709.3222	-737.1889	27.86671	6.915247
1495	1	-709.8059	-739.0027	29.19676	5.585196
1496	0	-706.9143	-736.072	29.15766	5.624296
1497	1	-713.6259	-742.4108	28.78489	5.997066
1498	0	-702.5889	-731.3134	28.72452	6.057438
1499	1	-709.1108	-738.8847	29.77383	5.008119
1500	0	-704.3171	-733.8435	29.52635	5.255606
1501	1	-704.8513	-733.3363	28.48498	6.296978
1502	0	-710.6497	-740.3659	29.71625	5.065706
1503	1	-704.8406	-733.275	28.43442	6.347537
1504	0	-715.0363	-743.0773	28.04095	6.741006
1505	1	-702.2338	-731.1446	28.91081	5.87114
1506	0	-712.4781	-741.3441	28.86602	5.915933
1507	1	-706.8916	-734.9135	28.02187	6.760079
1508	0	-716.373	-743.9497	27.57666	7.20529
1509	1	-712.9108	-740.4961	27.58528	7.196674
1510	0	-713.6874	-739.5959	25.90844	8.873511
1511	1	-708.3796	-736.502	28.12243	6.659528
1512	0	-721.7047	-746.6865	24.98183	9.800123
1513	1	-713.349	-741.8693	28.52032	6.261632
1514	0	-722.8105	-747.6694	24.85891	9.923041
1515	1	-714.895	-741.7288	26.83376	7.948189
1516	0	-725.3736	-751.1262	25.75264	9.029309
1517	1	-708.6517	-737.2876	28.63588	6.146074
1518	0	-717.8163	-744.451	26.63465	8.147303
1519	1	-705.0701	-733.0982	28.02808	6.753869
1520	0	-713.9621	-740.7606	26.79855	7.9834
1521	1	-716.4348	-743.0398	26.60505	8.176902
1522	0	-709.3731	-737.6103	28.23722	6.544732
1523	1	-714.7966	-741.4017	26.60505	8.176902
1524	0	-708.0006	-735.2424	27.2417	7.54025
1525	1	-719.1262	-745.0561	25.92989	8.852061
1526	0	-706.16	-731.988	25.82797	8.953985
1527	1	-713.2742	-740.0735	26.79924	7.982716
1528	0	-707.0243	-734.4951	27.47079	7.311164
1529	1	-703.6428	-731.583	27.94017	6.84178
1530	0	-706.5089	-734.7731	28.26425	6.517707
1531	1	-705.501	-734.9469	29.44591	5.336044
1532	0	-705.3785	-734.0359	28.65739	6.124558
1533	1	-705.5875	-733.7711	28.18365	6.598298
1534	0	-709.6679	-737.5763	27.90841	6.87354
1535	1	-706.6523	-734.3693	27.717	7.064954
1536	0	-707.4488	-736.331	28.88217	5.89978
1537	1	-711.927	-740.2892	28.36212	6.419834
1538	0	-704.4455	-732.0084	27.56297	7.218988
1539	1	-703.6687	-731.4684	27.79963	6.982323
1540	0	-709.7352	-737.738	28.0028	6.779151
1541	1	-700.0595	-728.8879	28.82836	5.953593
1542	0	-702.0785	-730.6817	28.60319	6.178759
1543	1	-708.0462	-737.2813	29.2351	5.546849
1544	0	-708.2459	-736.0566	27.81068	6.971276
1545	1	-708.7103	-737.7968	29.08649	5.69546
1546	0	-707.8119	-736.8636	29.05174	5.730215
1547	1	-710.9257	-739.5035	28.57779	6.204159
1548	0	-702.2548	-730.0952	27.84044	6.941513
1549	1	-713.346	-741.6773	28.33128	6.450675
1550	0	-710.3929	-738.8947	28.50185	6.280107
1551	1	-714.2719	-741.5648	27.29292	7.489033
1552	0	-706.4993	-735.363	28.86378	5.918173
1553	1	-715.667	-743.9924	28.32536	6.456596
1554	0	-703.3211	-731.1589	27.83777	6.94418
1555	1	-710.924	-739.0012	28.07722	6.704736
1556	0	-707.2837	-736.357	29.07323	5.708722
1557	1	-702.2483	-731.1376	28.88927	5.892682
1558	0	-705.2122	-733.8199	28.60768	6.174271
1559	1	-706.0466	-735.2407	29.19404	5.587916
1560	0	-714.4982	-742.0886	27.59041	7.191542
1561	1	-700.4117	-729.3333	28.92157	5.860383
1562	0	-705.9397	-734.4501	28.51037	6.271579
1563	1	-703.8346	-732.5993	28.76466	6.01729
1564	0	-707.4471	-736.1841	28.737	6.044951
1565	1	-707.7077	-736.8638	29.15604	5.62591
1566	0	-704.4082	-733.7542	29.34605	5.435901
1567	1	-704.6908	-734.0356	29.34484	5.437109
1568	0	-711.1682	-740.1988	29.03051	5.751446
1569	1	-701.8665	-730.7222	28.85567	5.926281
1570	0	-711.3274	-740.6834	29.35603	5.425926
1571	1	-710.6791	-739.5348	28.85567	5.926281
1572	0	-715.438	-743.7112	28.2732	6.508751
1573	1	-707.3963	-735.9317	28.53538	6.246577
1574	0	-711.0896	-739.3628	28.2732	6.508751
1575	1	-704.042	-732.9073	28.86527	5.916685
1576	0	-713.8631	-741.4796	27.61647	7.165478
1577	1	-714.0004	-741.2603	27.25988	7.522076
1578	0	-708.1264	-735.6081	27.48176	7.300189
1579	1	-708.6565	-737.3974	28.74086	6.04109
1580	0	-707.6263	-736.1883	28.56198	6.219969
1581	1	-713.5578	-740.2764	26.71865	8.063304
1582	0	-701.3872	-729.0063	27.61901	7.162943
1583	1	-705.5577	-733.5622	28.00448	6.777477
1584	0	-709.6495	-738.4209	28.77141	6.010546
1585	1	-704.5417	-732.2973	27.7556	7.026348
1586	0	-711.6629	-740.2152	28.55228	6.22967
1587	1	-708.52	-737.1346	28.61465	6.1673
1588	0	-701.3959	-730.5757	29.17985	5.6021
1589	1	-708.6033	-736.0944	27.49101	7.290945
1590	0	-706.7748	-733.8174	27.04264	7.739317
1591	1	-707.4131	-736.7772	29.36407	5.417881
1592	0	-700.5204	-729.0413	28.52088	6.261068
1593	1	-703.9572	-733.0599	29.10272	5.679235
1594	0	-706.0597	-735.2117	29.152	5.629953
1595	1	-708.43	-736.5234	28.09344	6.688518
1596	0	-714.0018	-742.2707	28.2689	6.513053
1597	1	-708.4548	-736.5344	28.07955	6.702398
1598	0	-711.7295	-739.9259	28.19642	6.585533
1599	1	-702.7203	-731.0642	28.34387	6.438086
1600	0	-713.7761	-741.9725	28.19642	6.585533
1601	1	-708.4046	-737.1395	28.73496	6.04699
1602	0	-711.0445	-739.3972	28.35275	6.429204
1603	1	-710.0783	-738.1288	28.05043	6.731527
1604	0	-710.1653	-738.9876	28.8223	5.95965
1605	1	-707.926	-735.9648	28.03877	6.743186
1606	0	-712.4342	-740.2689	27.83467	6.947288
1607	1	-706.513	-735.8958	29.38285	5.399103
1608	0	-712.3516	-740.2414	27.88975	6.892199
1609	1	-704.5943	-732.6687	28.07434	6.707613
1610	0	-710.2008	-738.0062	27.8054	6.976552
1611	1	-711.901	-741.0526	29.15159	5.63036
1612	0	-705.4599	-733.488	28.02809	6.753868
1613	1	-709.0035	-737.286	28.28247	6.499488
1614	0	-702.634	-731.0551	28.42112	6.360833
1615	1	-710.2348	-739.1034	28.86865	5.9133
1616	0	-703.7669	-732.0575	28.29057	6.491386
1617	1	-705.4142	-733.4721	28.05786	6.724094
1618	0	-711.9307	-739.0522	27.12148	7.660476
1619	1	-705.782	-734.2469	28.46487	6.317086
1620	0	-713.8677	-742.0693	28.20163	6.580326
1621	1	-702.9461	-732.0379	29.09176	5.690192
1622	0	-708.1337	-737.1339	29.0002	5.781751
1623	1	-712.0131	-741.3336	29.32055	5.461407
1624	0	-704.2918	-733.1762	28.88441	5.897545
1625	1	-705.0516	-734.2486	29.19697	5.584982
1626	0	-703.4313	-731.4883	28.05702	6.724936
1627	1	-704.9927	-733.1247	28.13193	6.650023
1628	0	-706.0324	-734.4307	28.39822	6.383729
1629	1	-707.6836	-735.9145	28.23096	6.550993
1630	0	-703.8063	-732.1624	28.35606	6.425889
1631	1	-712.4821	-739.6435	27.16139	7.620567
1632	0	-707.0236	-734.6691	27.64558	7.13637
1633	1	-707.2096	-735.1253	27.91566	6.866294
1634	0	-704.0789	-731.9164	27.83748	6.944472
1635	1	-714.6004	-741.3946	26.79419	7.987759
1636	0	-707.1625	-735.576	28.4135	6.368454
1637	1	-706.6324	-735.0488	28.41639	6.365566
1638	0	-704.7028	-732.7873	28.08454	6.697414
1639	1	-707.5707	-735.7434	28.17268	6.609275
1640	0	-704.2997	-732.1023	27.80262	6.979332
1641	1	-708.9458	-737.266	28.32019	6.461767
1642	0	-704.9889	-733.2148	28.22594	6.556011
1643	1	-709.9584	-738.3518	28.39334	6.388616
1644	0	-709.4438	-737.6124	28.16863	6.613322
1645	1	-710.2878	-738.6936	28.40583	6.376124
1646	0	-709.5998	-738.0101	28.41025	6.371706
1647	1	-709.9725	-738.4464	28.4739	6.308052
1648	0	-705.1633	-733.4355	28.27215	6.509806
1649	1	-707.2187	-735.6279	28.40919	6.372761
1650	0	-703.4067	-731.8677	28.46102	6.320937
1651	1	-706.0151	-734.2298	28.21468	6.567276
1652	0	-706.8511	-734.9519	28.10088	6.681071
1653	1	-703.4366	-731.1944	27.75786	7.024096
1654	0	-710.6968	-738.81	28.11313	6.668826
1655	1	-712.7794	-739.5911	26.81177	7.970182
1656	0	-708.9316	-737.4461	28.51454	6.267414
1657	1	-706.2177	-734.3014	28.08369	6.698263
1658	0	-707.3807	-735.1951	27.81433	6.967624
1659	1	-706.4812	-734.6273	28.14604	6.635916
1660	0	-704.049	-733.1189	29.06988	5.712068
1661	1	-715.1671	-741.4966	26.32952	8.452435
1662	0	-707.3516	-736.2912	28.93964	5.842312
1663	1	-712.2919	-739.2627	26.97084	7.811116
1664	0	-705.1911	-734.1476	28.95649	5.825468
1665	1	-704.902	-734.0052	29.10321	5.678748
1666	0	-703.9493	-732.6769	28.72755	6.054407
1667	1	-713.242	-741.763	28.52104	6.260915
1668	0	-706.4198	-733.3325	26.91269	7.869261
1669	1	-714.7012	-742.5312	27.83007	6.951883
1670	0	-708.7423	-735.655	26.91269	7.869261
1671	1	-704.4339	-732.6992	28.26528	6.516677
1672	0	-712.2185	-740.5436	28.32511	6.456839
1673	1	-702.2701	-731.0218	28.7517	6.030249
1674	0	-708.7872	-737.5651	28.77789	6.004058
1675	1	-709.7245	-739.0455	29.321	5.460957
1676	0	-708.2887	-736.8975	28.60881	6.173138
1677	1	-701.131	-730.4829	29.35187	5.430081
1678	0	-706.0429	-734.4444	28.40152	6.38043
1679	1	-705.2228	-733.5145	28.29171	6.490239
1680	0	-714.7491	-743.9564	29.20732	5.574632
1681	1	-714.8008	-743.9941	29.19335	5.588602
1682	0	-714.2609	-742.3043	28.04337	6.738586
1683	1	-713.6752	-741.9171	28.24196	6.539997
1684	0	-713.3482	-740.7263	27.37808	7.403874
1685	1	-709.8072	-737.9814	28.17419	6.607759
1686	0	-707.6789	-735.668	27.98911	6.79284
1687	1	-712.0503	-739.6029	27.5526	7.229349
1688	0	-708.1351	-735.1157	26.98054	7.80141
1689	1	-704.9619	-734.0074	29.04547	5.736482
1690	0	-705.0431	-733.4968	28.45372	6.328234
1691	1	-710.4332	-738.9533	28.52003	6.261921
1692	0	-710.169	-738.6338	28.46485	6.317103
1693	1	-707.5556	-736.0756	28.52003	6.261921
1694	0	-710.9578	-739.8968	28.93902	5.842933
1695	1	-707.3431	-736.0626	28.71953	6.062426
1696	0	-709.5928	-738.7849	29.19204	5.58991
1697	1	-705.1778	-733.6412	28.46345	6.318507
1698	0	-703.659	-732.0871	28.42806	6.353894
1699	1	-703.3073	-732.0562	28.74889	6.03306
1700	0	-707.7106	-735.6306	27.92003	6.861924
1701	1	-705.6529	-733.2644	27.61153	7.17042
1702	0	-708.6614	-736.1153	27.45397	7.327984
1703	1	-703.6412	-732.7966	29.15542	5.626534
1704	0	-704.8364	-731.9619	27.12549	7.65646
1705	1	-702.149	-731.5403	29.3913	5.390657
1706	0	-709.0011	-735.5209	26.51984	8.262116
1707	1	-706.448	-735.3092	28.86125	5.920701
1708	0	-705.3623	-733.1476	27.78533	6.996627
1709	1	-706.2845	-734.8379	28.55335	6.228599
1710	0	-709.4205	-736.4745	27.05399	7.727961
1711	1	-701.2989	-730.3874	29.08854	5.69341
1712	0	-714.472	-742.9835	28.51152	6.270437
1713	1	-708.2986	-735.9822	27.68362	7.09833
1714	0	-706.886	-735.9394	29.05331	5.728638
1715	1	-715.158	-742.3818	27.22373	7.558219
1716	0	-714.6626	-742.6725	28.00982	6.772132
1717	1	-711.7408	-740.6009	28.8601	5.921855
1718	0	-705.0125	-734.0224	29.00988	5.772075
1719	1	-720.6789	-749.1868	28.50784	6.274111
1720	0	-707.8396	-735.3904	27.55081	7.231139
1721	1	-716.1476	-744.4235	28.27587	6.50608
1722	0	-706.4407	-734.4514	28.01073	6.77122
1723	1	-709.0563	-738.0439	28.98762	5.794329
1724	0	-707.5161	-734.687	27.17086	7.61109
1725	1	-702.8629	-730.8255	27.96259	6.819368
1726	0	-703.013	-731.3063	28.29338	6.488572
1727	1	-709.3311	-736.8532	27.52215	7.259801
1728	0	-715.8033	-743.102	27.29872	7.483231
1729	1	-700.0705	-728.62	28.54945	6.232503
1730	0	-711.5646	-739.7587	28.19411	6.587839
1731	1	-705.7714	-734.7108	28.93948	5.842474
1732	0	-704.3528	-732.5935	28.24067	6.541285
1733	1	-704.2433	-733.1827	28.93948	5.842474
1734	0	-706.9949	-735.2356	28.24067	6.541285
1735	1	-704.2413	-732.9511	28.70981	6.072142
1736	0	-710.9325	-740.3398	29.40732	5.374629
1737	1	-704.8027	-733.0784	28.27572	6.506233
1738	0	-712.8013	-740.5747	27.77338	7.008574
1739	1	-709.7973	-739.1115	29.3142	5.467749
1740	0	-704.5396	-733.351	28.81134	5.970615
1741	1	-712.9733	-741.5495	28.57627	6.205685
1742	0	-704.7928	-733.1635	28.37071	6.411244
1743	1	-711.9504	-740.2549	28.30445	6.477498
1744	0	-703.7309	-732.5282	28.79731	5.984639
1745	1	-717.3235	-745.6736	28.35002	6.431929
1746	0	-701.0232	-729.7043	28.68117	6.100788
1747	1	-720.1888	-748.4195	28.23069	6.551266
1748	0	-704.5836	-732.9134	28.32987	6.452082
1749	1	-706.9332	-735.6045	28.67127	6.110678
1750	0	-705.4891	-734.3899	28.90084	5.881113
1751	1	-706.9003	-735.8067	28.90639	5.875564
1752	0	-701.6087	-730.1533	28.5446	6.23735
1753	1	-703.4568	-731.9898	28.53294	6.249013
1754	0	-703.6516	-731.0601	27.40855	7.373405
1755	1	-703.9165	-733.1603	29.24374	5.538212
1756	0	-705.9664	-734.5348	28.56842	6.213535
1757	1	-710.9256	-739.4576	28.53205	6.249907
1758	0	-710.5892	-739	28.41081	6.371142
1759	1	-711.6361	-739.983	28.3469	6.435048
1760	0	-707.3646	-735.6826	28.31799	6.463964
1761	1	-712.4298	-741.1771	28.74725	6.034701
1762	0	-714.4395	-743.1186	28.67909	6.102868
1763	1	-714.3946	-742.2219	27.82727	6.954681
1764	0	-709.3071	-737.2214	27.91433	6.867627
1765	1	-704.9116	-734.3182	29.40658	5.375377
1766	0	-704.1077	-732.8862	28.77846	6.003493
1767	1	-706.4537	-734.5112	28.05743	6.724526
1768	0	-708.1241	-736.7917	28.66764	6.114316
1769	1	-711.3248	-738.7844	27.4596	7.322357
1770	0	-709.3874	-738.08	28.6926	6.089357
1771	1	-717.4496	-743.9665	26.51689	8.265066
1772	0	-707.2719	-735.9288	28.65687	6.125084
1773	1	-715.0528	-742.3114	27.25855	7.523399
1774	0	-715.6817	-744.2052	28.52352	6.258432
1775	1	-709.376	-737.1525	27.7765	7.005454
1776	0	-706.5365	-733.8919	27.35547	7.426481
1777	1	-709.3701	-736.4126	27.04248	7.739474
1778	0	-702.4172	-731.0217	28.60448	6.177475
1779	1	-710.7788	-738.6135	27.83464	6.947311
1780	0	-711.3048	-739.2558	27.95098	6.830976
1781	1	-703.0569	-732.3641	29.3072	5.474749
1782	0	-711.9297	-739.9728	28.04319	6.738763
1783	1	-708.4294	-736.4784	28.04903	6.732919
1784	0	-712.123	-741.5521	29.42911	5.352847
1785	1	-706.9503	-735.4606	28.51027	6.271679
1786	0	-715.9165	-744.4162	28.49966	6.282294
1787	1	-708.3539	-735.9848	27.63085	7.1511
1788	0	-712.2916	-740.1577	27.86617	6.91578
1789	1	-707.6632	-735.9141	28.25096	6.530995
1790	0	-710.8716	-739.5894	28.71785	6.064099
1791	1	-713.7001	-742.6775	28.97741	5.804545
1792	0	-711.467	-739.7175	28.25058	6.531378
1793	1	-709.812	-737.7842	27.97222	6.809731
1794	0	-708.299	-737.0409	28.74189	6.040062
1795	1	-703.2639	-731.9379	28.67406	6.107893
1796	0	-704.5765	-734.1457	29.56918	5.212773
1797	1	-705.8233	-734.6096	28.78632	5.995631
1798	0	-707.1559	-735.9561	28.80024	5.981712
1799	1	-713.1167	-740.8361	27.71942	7.06253
1800	0	-711.2361	-739.6851	28.44901	6.332948
1801	1	-713.1091	-739.9659	26.85672	7.925234
1802	0	-706.988	-735.6067	28.61877	6.163179
1803	1	-709.2776	-737.0222	27.74462	7.037337
1804	0	-702.1727	-731.3717	29.19904	5.582908
1805	1	-710.3016	-737.4992	27.19766	7.584296
1806	0	-707.4364	-735.7208	28.28443	6.497518
1807	1	-715.8523	-744.0105	28.15819	6.623766
1808	0	-711.7173	-740.6566	28.93936	5.842588
1809	1	-714.1475	-743.0331	28.88553	5.896418
1810	0	-703.6838	-732.1468	28.46296	6.318992
1811	1	-706.6502	-733.9699	27.31977	7.462187
1812	0	-710.6792	-737.8675	27.18828	7.593669
1813	1	-706.6941	-735.966	29.27192	5.510035
1814	0	-703.0484	-731.1525	28.10409	6.677862
1815	1	-705.3807	-734.0987	28.71795	6.063998
1816	0	-705.2696	-733.6654	28.39586	6.386088
1817	1	-703.863	-731.9264	28.06346	6.718491
1818	0	-705.4715	-735.3287	29.85727	4.924687
1819	1	-703.06	-731.3261	28.2661	6.515858
1820	0	-704.5638	-733.6768	29.11304	5.668915
1821	1	-707.1142	-736.2829	29.16869	5.613259
1822	0	-722.1685	-750.7498	28.5813	6.20065
1823	1	-707.9373	-736.6184	28.6811	6.100851
1824	0	-718.7146	-746.9158	28.2012	6.580751
1825	1	-705.2801	-733.902	28.6219	6.160053
1826	0	-704.8625	-733.3733	28.5108	6.271151
1827	1	-709.7932	-738.1169	28.32368	6.458269
1828	0	-707.6174	-736.3063	28.68882	6.093134
1829	1	-708.6231	-737.4808	28.85767	5.924284
1830	0	-712.2349	-740.5691	28.33422	6.447737
1831	1	-707.5604	-735.4949	27.93447	6.847483
1832	0	-708.1767	-736.4706	28.2939	6.488051
1833	1	-710.365	-738.7969	28.4319	6.350054
1834	0	-709.2906	-737.4565	28.16584	6.616108
1835	1	-701.8105	-730.2424	28.4319	6.350054
1836	0	-712.3568	-739.9737	27.61698	7.164976
1837	1	-703.9046	-732.0157	28.11113	6.670823
1838	0	-713.2599	-741.3494	28.0895	6.692453
1839	1	-704.3815	-732.5277	28.14619	6.635768
1840	0	-703.5938	-732.3153	28.72146	6.060489
1841	1	-708.3883	-736.5876	28.19934	6.582613
1842	0	-708.274	-736.7121	28.43808	6.343869
1843	1	-704.0537	-732.786	28.73227	6.049685
1844	0	-711.9733	-741.7109	29.7376	5.044356
1845	1	-706.6534	-735.4293	28.77584	6.006112
1846	0	-711.0147	-739.3787	28.36399	6.417959
1847	1	-713.8441	-742.8646	29.02046	5.761495
1848	0	-708.1717	-736.9772	28.80544	5.976514
1849	1	-711.8837	-738.383	26.4993	8.282655
1850	0	-708.6391	-736.8167	28.17756	6.604393
1851	1	-708.4073	-736.2238	27.8165	6.965456
1852	0	-705.4419	-733.8489	28.407	6.374958
1853	1	-706.0412	-734.0652	28.02402	6.757933
1854	0	-707.1686	-735.5756	28.407	6.374958
1855	1	-703.3253	-731.657	28.33168	6.450276
1856	0	-706.9196	-736.1442	29.22462	5.557336
1857	1	-711.3376	-738.9061	27.56853	7.213424
1858	0	-702.2681	-730.4046	28.1365	6.64545
1859	1	-701.8526	-730.2823	28.42967	6.352282
1860	0	-709.4879	-737.845	28.35711	6.424844
1861	1	-701.5429	-729.6655	28.12262	6.659337
1862	0	-705.3886	-733.9836	28.595	6.186955
1863	1	-705.4497	-735.1555	29.7057	5.076248
1864	0	-704.0244	-732.5076	28.48323	6.298724
1865	1	-711.2954	-738.9778	27.68232	7.099636
1866	0	-712.345	-739.7949	27.44984	7.332111
1867	1	-701.9	-730.8046	28.90464	5.877315
1868	0	-705.2536	-734.2901	29.03651	5.745444
1869	1	-703.6072	-731.7086	28.10131	6.680647
1870	0	-709.2686	-738.7291	29.46047	5.321482
1871	1	-707.6744	-735.5396	27.86514	6.916814
1872	0	-710.9739	-738.9154	27.94154	6.840409
1873	1	-714.8069	-742.3792	27.57234	7.209615
1874	0	-712.2131	-740.1127	27.89961	6.882338
1875	1	-705.7993	-733.3381	27.5388	7.243154
1876	0	-709.8046	-737.6905	27.88595	6.896004
1877	1	-704.3465	-732.8119	28.46543	6.316522
1878	0	-704.3309	-733.3203	28.98944	5.792518
1879	1	-701.5338	-730.1862	28.65243	6.129521
1880	0	-707.2894	-736.0204	28.73106	6.050891
1881	1	-716.321	-745.1109	28.78988	5.992075
1882	0	-702.8053	-731.32	28.51464	6.267318
1883	1	-711.3659	-739.5286	28.16265	6.619308
1884	0	-711.7152	-739.6501	27.93488	6.847075
1885	1	-709.3125	-737.9349	28.62244	6.159508
1886	0	-709.8625	-738.5848	28.72224	6.059714
1887	1	-714.5194	-742.0506	27.53118	7.250772
1888	0	-708.3097	-737.0809	28.77115	6.010799
1889	1	-705.0799	-734.5783	29.49839	5.283565
1890	0	-717.4978	-744.9941	27.49631	7.285645
1891	1	-700.0212	-728.4326	28.41141	6.370544
1892	0	-722.3946	-748.8543	26.45966	8.322295
1893	1	-710.4392	-739.8313	29.39208	5.389873
1894	0	-724.8053	-753.0343	28.22893	6.553028
1895	1	-709.7691	-738.1372	28.36808	6.413877
1896	0	-720.3635	-748.5656	28.20217	6.579782
1897	1	-705.9954	-735.5432	29.54776	5.234195
1898	0	-715.1691	-742.9807	27.81158	6.97037
1899	1	-699.945	-728.5639	28.619	6.162958
1900	0	-714.8389	-743.4884	28.64951	6.132443
1901	1	-708.3893	-737.2382	28.84888	5.93307
1902	0	-709.6551	-737.1182	27.46306	7.318894
1903	1	-711.5019	-739.2684	27.76649	7.015465
1904	0	-711.2785	-739.9578	28.67926	6.102695
1905	1	-707.4965	-736.0173	28.52082	6.261129
1906	0	-716.2932	-744.9187	28.6255	6.156457
1907	1	-706.1618	-734.5376	28.37581	6.406142
1908	0	-704.9634	-732.8362	27.87282	6.909135
1909	1	-711.0274	-740.0052	28.9778	5.804156
1910	0	-708.5695	-736.4093	27.8398	6.942154
1911	1	-703.3129	-731.7751	28.46222	6.319733
1912	0	-706.3382	-734.1917	27.85343	6.928521
1913	1	-706.7884	-735.3829	28.59454	6.187412
1914	0	-707.2339	-734.0557	26.82175	7.960205
1915	1	-702.8979	-730.7883	27.89047	6.891481
1916	0	-716.946	-745.4188	28.47274	6.309216
1917	1	-701.1763	-728.997	27.82064	6.961309
1918	0	-708.6243	-737.3351	28.71084	6.071113
1919	1	-701.9637	-730.5238	28.56012	6.221833
1920	0	-705.1805	-733.9658	28.78524	5.996711
1921	1	-708.935	-736.6393	27.70436	7.07759
1922	0	-715.3598	-743.4544	28.09459	6.687364
1923	1	-704.1866	-733.0709	28.88427	5.897685
1924	0	-714.5949	-742.8356	28.24071	6.541239
1925	1	-708.048	-736.9091	28.86102	5.920932
1926	0	-708.3838	-737.7676	29.38374	5.398209
1927	1	-704.0752	-732.1549	28.07972	6.702238
1928	0	-710.3001	-738.375	28.07485	6.707104
1929	1	-705.5765	-734.1864	28.6099	6.172054
1930	0	-706.8499	-734.9248	28.07485	6.707104
1931	1	-706.6975	-734.741	28.04344	6.738509
1932	0	-702.8477	-731.7762	28.92857	5.853384
1933	1	-701.8315	-730.3796	28.54819	6.233763
1934	0	-705.9454	-734.8733	28.92792	5.854032
1935	1	-704.6852	-732.555	27.86976	6.912195
1936	0	-702.1271	-731.4077	29.28054	5.50141
1937	1	-705.9627	-734.9419	28.97915	5.802803
1938	0	-707.0956	-735.3264	28.23087	6.551079
1939	1	-700.6069	-728.1706	27.56376	7.218197
1940	0	-703.7046	-732.0858	28.38115	6.400805
1941	1	-703.2895	-732.2226	28.93313	5.848823
1942	0	-708.8665	-738.2714	29.40491	5.377045
1943	1	-704.4888	-733.9553	29.46651	5.315444
1944	0	-704.8552	-733.7594	28.90419	5.87776
1945	1	-706.5453	-734.8679	28.32266	6.459291
1946	0	-711.0664	-738.9567	27.89029	6.891666
1947	1	-707.4411	-735.8922	28.45106	6.330895
1948	0	-712.3935	-740.688	28.29447	6.487482
1949	1	-713.139	-740.9982	27.85918	6.922774
1950	0	-708.4045	-736.8755	28.47099	6.310968
1951	1	-704.1529	-732.7955	28.64256	6.139396
1952	0	-707.0111	-735.614	28.60283	6.179126
1953	1	-713.2285	-740.2328	27.00434	7.77761
1954	0	-707.0528	-735.7356	28.68281	6.099145
1955	1	-715.0323	-743.5753	28.54295	6.239005
1956	0	-711.7074	-741.1309	29.42356	5.35839
1957	1	-720.6732	-749.1371	28.46383	6.318122
1958	0	-711.3317	-738.6196	27.28793	7.494027
1959	1	-708.4003	-737.0503	28.65005	6.131899
1960	0	-705.4952	-733.9227	28.42752	6.354434
1961	1	-707.3929	-736.8667	29.47376	5.308192
1962	0	-709.4062	-738.0763	28.67009	6.111864
1963	1	-709.6463	-739.3562	29.70991	5.072043
1964	0	-708.5637	-736.2683	27.7046	7.077353
1965	1	-719.9292	-747.1946	27.26541	7.516539
1966	0	-711.881	-740.1016	28.22065	6.5613
1967	1	-708.7449	-736.3245	27.57955	7.202406
1968	0	-711.9207	-739.76	27.83934	6.942609
1969	1	-710.2939	-738.8832	28.5893	6.192648
1970	0	-712.6581	-740.2898	27.63174	7.150215
1971	1	-711.0499	-740.0011	28.95125	5.830707
1972	0	-705.4295	-733.6891	28.25962	6.522338
1973	1	-708.0454	-737.2205	29.17512	5.606836
1974	0	-702.4199	-730.4647	28.04478	6.73717
1975	1	-716.2431	-741.9437	25.70062	9.08133
1976	0	-705.8772	-733.9805	28.10326	6.678691
1977	1	-707.3692	-735.6457	28.27648	6.505473
1978	0	-705.4521	-734.4903	29.03817	5.743782
1979	1	-720.7895	-749.066	28.27648	6.505473
1980	0	-703.509	-732.2528	28.74382	6.038133
1981	1	-713.221	-741.327	28.10598	6.675969
1982	0	-699.3416	-728.32	28.97842	5.803535
1983	1	-707.2466	-736.3151	29.06846	5.713498
1984	0	-709.7536	-738.7403	28.98674	5.795218
1985	1	-706.7171	-735.8647	29.14759	5.634359
1986	0	-708.4987	-736.9945	28.49584	6.286113
1987	1	-712.616	-740.0724	27.4564	7.325556
1988	0	-710.7591	-738.2621	27.50303	7.278924
1989	1	-701.6324	-729.687	28.05455	6.727404
1990	0	-712.3773	-739.9791	27.60171	7.180242
1991	1	-709.0896	-737.3789	28.2893	6.49265
1992	0	-704.3505	-733.2803	28.92977	5.852181
1993	1	-708.9003	-736.4395	27.53924	7.242713
1994	0	-710.0485	-738.5239	28.4754	6.306556
1995	1	-713.1751	-740.9103	27.73517	7.046784
1996	0	-717.6678	-745.1452	27.47749	7.304463
1997	1	-704.3126	-732.239	27.92641	6.855548
1998	0	-717.3428	-745.1492	27.80649	6.975467
1999	1	-707.9759	-735.9011	27.92519	6.856766
2000	0	-706.9824	-734.8686	27.88621	6.895744
2001	1	-705.2041	-733.1774	27.97337	6.808579
