Iteration	Posterior	Likelihood	Prior	tree_length
0	-709.9987	-736.7699	26.77125	8.010704
10	-711.1708	-738.4544	27.2836	7.498351
20	-713.3498	-741.4326	28.08275	6.699207
30	-705.4069	-733.8897	28.48283	6.299123
40	-711.5411	-739.6393	28.09816	6.68379
50	-709.5267	-737.7183	28.19161	6.590345
60	-706.714	-735.4485	28.73453	6.04742
70	-711.2464	-739.3639	28.11752	6.664434
80	-713.3252	-740.9751	27.65	7.131955
90	-706.5081	-734.3611	27.85303	6.928928
100	-703.8221	-731.2991	27.47708	7.304873
110	-706.099	-735.3278	29.2288	5.553152
120	-707.1086	-736.0265	28.91797	5.863983
130	-710.9019	-738.4563	27.55444	7.227511
140	-705.3898	-734.0445	28.65466	6.127296
150	-704.3106	-733.3661	29.05549	5.726461
160	-704.9919	-733.1453	28.1534	6.628556
170	-712.1334	-740.2141	28.08063	6.701328
180	-707.7411	-735.4443	27.70321	7.078742
190	-706.6284	-734.2572	27.62885	7.153102
200	-701.7898	-730.7118	28.922	5.859956
210	-706.2767	-734.2166	27.93985	6.842101
220	-712.0725	-740.3556	28.28314	6.498811
230	-703.6341	-732.5524	28.91832	5.863633
240	-708.3589	-737.0211	28.66221	6.119742
250	-704.5015	-732.3464	27.84489	6.937063
260	-709.8569	-738.4909	28.63398	6.147974
270	-708.1609	-737.4913	29.33046	5.451497
280	-709.2028	-737.3574	28.15458	6.627375
290	-706.6239	-734.0787	27.45477	7.327178
300	-703.7786	-731.0862	27.30756	7.474392
310	-714.8707	-742.9295	28.0588	6.723151
320	-711.337	-739.8821	28.54506	6.236898
330	-710.8767	-739.5646	28.68789	6.094064
340	-708.0944	-737.7577	29.66325	5.118702
350	-704.3882	-732.9027	28.51456	6.267391
360	-704.4649	-733.2737	28.80875	5.973203
370	-711.5712	-740.1397	28.56855	6.213403
380	-708.3353	-737.672	29.33665	5.445304
390	-705.8256	-734.4466	28.62107	6.160882
400	-708.6	-738.0583	29.45837	5.323581
410	-703.3478	-732.5581	29.21028	5.571668
420	-703.3914	-732.3557	28.96425	5.817703
430	-701.8036	-730.1009	28.29729	6.484661
440	-705.0065	-733.0391	28.03258	6.749378
450	-702.5309	-730.7214	28.19051	6.591439
460	-704.697	-732.2586	27.56162	7.220336
470	-702.2908	-731.1275	28.83674	5.945211
480	-700.6026	-729.1536	28.55096	6.230997
490	-705.1272	-733.2618	28.13462	6.647336
500	-715.1953	-744.349	29.15366	5.628292
510	-704.3194	-733.6256	29.30619	5.475762
520	-706.2187	-734.0619	27.84319	6.938766
530	-708.0919	-736.1235	28.03156	6.750395
540	-704.5329	-732.7805	28.24757	6.534383
550	-701.7615	-730.7303	28.96879	5.813166
560	-713.1953	-741.8255	28.63014	6.151813
570	-712.4263	-740.4171	27.99077	6.791182
580	-713.4766	-740.5656	27.08904	7.692917
590	-710.9086	-738.3568	27.44819	7.333765
600	-717.5393	-745.8581	28.31875	6.463205
610	-715.4601	-743.6913	28.2312	6.550752
620	-707.2676	-735.7486	28.48097	6.300981
630	-702.15	-730.5551	28.4051	6.376849
640	-703.9614	-733.1921	29.23065	5.551301
650	-723.397	-751.6103	28.21323	6.56872
660	-706.6608	-734.4853	27.82452	6.957433
670	-706.4925	-735.0307	28.53817	6.243778
680	-705.4169	-734.6171	29.20016	5.581797
690	-701.5729	-730.4755	28.90268	5.879273
700	-706.0222	-734.5005	28.47825	6.303702
710	-707.7208	-736.8612	29.14043	5.641521
720	-702.1337	-731.9125	29.77886	5.003096
730	-705.5773	-734.0618	28.48442	6.29753
740	-705.6047	-734.3573	28.75268	6.029275
750	-705.6781	-735.0121	29.334	5.447953
760	-704.2945	-731.7565	27.46198	7.319969
770	-715.2187	-744.2656	29.04686	5.735096
780	-709.1889	-737.8542	28.66529	6.116664
790	-706.9466	-735.6476	28.70095	6.081002
800	-710.1491	-738.131	27.9819	6.800058
810	-711.4299	-739.1283	27.69834	7.083614
820	-705.4225	-733.9002	28.47774	6.304209
830	-719.6618	-745.1264	25.46465	9.317298
840	-712.9183	-741.2239	28.30556	6.476393
850	-705.5077	-733.6142	28.10643	6.675523
860	-709.6947	-737.129	27.43426	7.34769
870	-708.0282	-736.0912	28.06304	6.718918
880	-710.5347	-737.881	27.34634	7.435617
890	-704.4325	-732.9115	28.47895	6.303
900	-703.5109	-731.941	28.43011	6.351842
910	-708.9137	-737.9146	29.00094	5.781017
920	-706.3195	-734.4647	28.14522	6.636736
930	-711.7012	-740.3203	28.61916	6.162789
940	-711.0083	-739.7794	28.7711	6.010855
950	-705.1384	-733.6573	28.51888	6.263072
960	-705.4686	-733.8601	28.39148	6.39047
970	-699.8636	-729.2643	29.40077	5.381181
980	-705.0929	-733.463	28.3701	6.411853
990	-707.0791	-735.4256	28.34656	6.435392
1000	-700.5632	-728.8306	28.26739	6.514563
1010	-705.4604	-733.8791	28.41871	6.363246
1020	-707.572	-736.2804	28.70849	6.073463
1030	-709.6138	-737.6319	28.018	6.763948
1040	-711.0287	-740.0574	29.02874	5.753212
1050	-717.6628	-746.2201	28.55733	6.22462
1060	-715.4398	-743.5449	28.10504	6.676915
1070	-709.1657	-736.769	27.60334	7.178609
1080	-709.9993	-738.5797	28.58042	6.201533
1090	-712.072	-740.6524	28.58042	6.201533
1100	-712.7072	-740.9086	28.20146	6.580497
1110	-709.1021	-736.7509	27.64883	7.133124
1120	-703.965	-732.0413	28.07638	6.705575
1130	-702.7602	-731.6646	28.90437	5.877583
1140	-705.6919	-733.0175	27.32567	7.456284
1150	-704.5789	-733.1874	28.60846	6.173496
1160	-709.3787	-737.3342	27.95551	6.826444
1170	-707.4385	-735.3461	27.90759	6.874361
1180	-706.0772	-734.5688	28.49158	6.290377
1190	-710.421	-737.1666	26.7456	8.036356
1200	-707.7817	-735.4515	27.66979	7.112168
1210	-711.2959	-739.0557	27.75981	7.022142
1220	-718.4603	-746.0599	27.59965	7.1823
1230	-713.8757	-741.584	27.70824	7.073712
1240	-703.7927	-732.1268	28.33405	6.4479
1250	-711.8132	-740.5224	28.70916	6.072791
1260	-711.8406	-739.8788	28.03822	6.743734
1270	-711.1372	-740.5883	29.45112	5.330832
1280	-707.6162	-735.8216	28.20542	6.57653
1290	-699.1105	-727.8021	28.69156	6.090397
1300	-707.929	-736.6363	28.70728	6.074669
1310	-703.9816	-731.5983	27.61671	7.165241
1320	-706.5178	-735.2428	28.72504	6.056918
1330	-707.9673	-735.6434	27.67613	7.105819
1340	-705.4045	-734.5495	29.14504	5.636916
1350	-711.3776	-740.8315	29.45386	5.328094
1360	-712.3981	-741.6403	29.24218	5.539776
1370	-710.5006	-736.3767	25.8761	8.905851
1380	-705.6733	-735.2395	29.56617	5.215788
1390	-702.239	-731.2247	28.98571	5.796245
1400	-706.5247	-734.5617	28.03705	6.744901
1410	-710.1105	-736.8768	26.76632	8.015634
1420	-721.3508	-747.4459	26.09512	8.686836
1430	-716.8952	-743.1846	26.2894	8.492556
1440	-718.5753	-744.5944	26.01909	8.762863
1450	-715.4959	-742.5311	27.03525	7.746706
1460	-708.7001	-736.5587	27.85853	6.923426
1470	-705.5368	-733.4482	27.91142	6.870529
1480	-705.5719	-733.8482	28.27627	6.505681
1490	-709.6556	-738.0605	28.40484	6.377111
1500	-708.5816	-736.5196	27.93802	6.843936
1510	-719.3388	-747.9836	28.64478	6.137177
1520	-709.1862	-737.7826	28.59642	6.185534
1530	-713.1667	-741.1302	27.96348	6.818477
1540	-712.6253	-739.7461	27.12076	7.66119
1550	-709.4599	-735.8573	26.39742	8.384528
1560	-706.9443	-734.8768	27.93243	6.849527
1570	-703.0552	-731.4715	28.41628	6.365676
1580	-713.8882	-741.4551	27.56685	7.215106
1590	-708.2371	-736.6171	28.37999	6.401965
1600	-709.9287	-738.4586	28.52994	6.25201
1610	-708.6423	-737.1004	28.45817	6.323784
1620	-710.2758	-738.4514	28.17567	6.60628
1630	-709.8708	-739.0874	29.21652	5.565434
1640	-706.6981	-735.4885	28.79048	5.991472
1650	-712.6413	-741.3412	28.69991	6.082044
1660	-711.1709	-740.5128	29.34185	5.440107
1670	-702.8152	-732.093	29.27787	5.50408
1680	-703.3317	-732.7524	29.42065	5.361305
1690	-705.3416	-734.8105	29.46884	5.313112
1700	-706.333	-735.6962	29.36325	5.4187
1710	-705.5039	-733.4107	27.90673	6.875227
1720	-707.9868	-735.2355	27.24873	7.533222
1730	-701.515	-730.8895	29.37446	5.40749
1740	-709.2441	-737.6361	28.39197	6.389983
1750	-709.2342	-737.9632	28.72905	6.0529
1760	-705.4734	-732.8721	27.3987	7.383258
1770	-705.0473	-732.0321	26.98481	7.79714
1780	-712.161	-739.1118	26.95078	7.831174
1790	-705.2781	-733.6686	28.39042	6.391529
1800	-713.8035	-742.3959	28.5924	6.189551
1810	-709.3071	-738.4095	29.10245	5.679504
1820	-715.1099	-743.3067	28.19688	6.585068
1830	-705.802	-734.8613	29.0593	5.722657
1840	-707.6276	-736.6888	29.06121	5.720739
1850	-705.3039	-733.5601	28.25616	6.525791
1860	-709.581	-737.8372	28.25616	6.525791
1870	-704.4729	-732.7881	28.31521	6.466748
1880	-709.5362	-737.5525	28.01629	6.765667
1890	-710.5716	-738.8505	28.27887	6.503081
1900	-710.6584	-739.1277	28.46937	6.312588
1910	-706.0298	-734.5501	28.52023	6.261724
1920	-705.0584	-734.0321	28.97367	5.808286
1930	-703.1919	-732.0714	28.87955	5.902403
1940	-708.8099	-738.1504	29.34054	5.441415
1950	-701.0862	-729.8527	28.7665	6.015451
1960	-708.063	-735.7816	27.71861	7.063343
1970	-708.8708	-736.4781	27.60738	7.174573
1980	-706.5904	-735.3793	28.78881	5.993145
1990	-708.0686	-736.3069	28.23826	6.543691
2000	-708.4746	-736.8324	28.35779	6.424162
2010	-706.9348	-735.3775	28.4427	6.339253
2020	-715.6462	-743.9775	28.33128	6.450677
2030	-708.0554	-736.0879	28.03249	6.749465
2040	-708.2554	-736.2964	28.04104	6.740914
2050	-703.6372	-732.8416	29.2044	5.577554
2060	-708.9719	-737.5956	28.62371	6.158246
2070	-707.6848	-735.886	28.2012	6.580752
2080	-706.3079	-734.312	28.00409	6.777859
2090	-700.9752	-729.2888	28.3136	6.468355
2100	-706.0881	-735.0159	28.9278	5.854149
2110	-706.9746	-736.0491	29.07451	5.707442
2120	-705.8633	-734.2929	28.42959	6.352366
2130	-711.6175	-740.2729	28.65541	6.126541
2140	-707.4836	-735.9603	28.47678	6.305171
2150	-713.6234	-742.0894	28.46602	6.31593
2160	-701.5628	-729.9888	28.42594	6.356018
2170	-707.1186	-735.4028	28.28425	6.497699
2180	-701.4561	-729.7576	28.30149	6.480459
2190	-699.5736	-728.6395	29.06592	5.716037
2200	-701.3712	-729.4857	28.1145	6.667454
2210	-705.3798	-734.6224	29.24262	5.539335
2220	-704.1717	-732.518	28.34629	6.435662
2230	-704.6248	-732.8182	28.19339	6.588565
2240	-707.0316	-735.8463	28.81473	5.967219
2250	-701.903	-730.8565	28.95343	5.82852
2260	-709.2695	-737.9894	28.71988	6.062078
2270	-709.8844	-738.5757	28.69124	6.090712
2280	-706.4715	-735.4012	28.92968	5.852273
2290	-706.5361	-735.3374	28.80136	5.980593
2300	-708.1354	-736.1948	28.05936	6.72259
2310	-712.3102	-740.9031	28.59296	6.188993
2320	-711.2905	-739.5943	28.30382	6.47813
2330	-718.4247	-747.2176	28.79296	5.988995
2340	-707.0255	-736.2375	29.212	5.569952
2350	-702.5781	-731.5423	28.9642	5.817749
2360	-704.2098	-733.3648	29.15498	5.62697
2370	-704.2441	-732.6378	28.39365	6.388298
2380	-702.2116	-731.1847	28.97313	5.80882
2390	-704.8334	-733.684	28.85059	5.931367
2400	-704.662	-732.7831	28.12115	6.660807
2410	-706.5107	-735.1844	28.67366	6.108289
2420	-709.9266	-738.899	28.97239	5.809568
2430	-706.9511	-735.1606	28.20956	6.572391
2440	-703.0817	-731.1552	28.0735	6.708451
2450	-702.6054	-730.5944	27.98897	6.792979
2460	-697.8912	-726.4296	28.53836	6.243592
2470	-706.7579	-735.1696	28.41175	6.370205
2480	-709.0076	-737.5429	28.53536	6.246591
2490	-704.1823	-732.5968	28.41451	6.36744
2500	-705.9429	-735.4676	29.52465	5.257306
2510	-709.4353	-738.7731	29.33777	5.444186
2520	-703.6938	-732.0182	28.3244	6.457555
2530	-705.802	-734.7312	28.92916	5.852798
2540	-717.0047	-745.429	28.42425	6.357705
2550	-711.8901	-740.321	28.43097	6.350979
2560	-708.7198	-737.7315	29.01179	5.770159
2570	-718.2696	-746.4588	28.18912	6.592834
2580	-706.9377	-735.9307	28.99301	5.788943
2590	-707.3442	-735.5899	28.24561	6.536341
2600	-702.293	-730.8504	28.55743	6.224523
2610	-701.1157	-728.9081	27.79241	6.989542
2620	-702.5737	-731.178	28.60431	6.177643
2630	-711.3389	-739.4878	28.14894	6.633017
2640	-713.4124	-742.3081	28.89563	5.886321
2650	-706.6658	-736.0764	29.41068	5.371276
2660	-705.4116	-734.5442	29.13256	5.649388
2670	-710.8099	-738.8537	28.04385	6.738105
2680	-713.8299	-742.1406	28.3107	6.471255
2690	-711.2702	-740.0586	28.78842	5.993531
2700	-700.7864	-729.764	28.97757	5.804388
2710	-708.573	-736.4762	27.90317	6.878782
2720	-708.4503	-736.8199	28.36957	6.412384
2730	-703.5015	-731.9184	28.4169	6.365054
2740	-707.0066	-736.5805	29.57399	5.207961
2750	-703.2864	-732.0854	28.799	5.982953
2760	-703.7295	-732.6146	28.8851	5.896851
2770	-703.1882	-731.4279	28.23978	6.542173
2780	-705.0338	-732.1152	27.08144	7.700512
2790	-707.5879	-735.9624	28.37449	6.407462
2800	-708.2898	-736.7761	28.48637	6.295584
2810	-701.1489	-729.4974	28.34853	6.433427
2820	-712.1706	-740.5701	28.39956	6.382389
2830	-710.3138	-738.4113	28.09758	6.684371
2840	-710.9697	-740.2263	29.2566	5.52535
2850	-712.5338	-741.6081	29.07427	5.707683
2860	-703.3982	-731.7	28.30175	6.480204
2870	-709.4483	-737.8493	28.40103	6.380925
2880	-708.0864	-736.7013	28.6149	6.167057
2890	-710.7465	-738.9379	28.19142	6.59053
2900	-706.2167	-735.2025	28.98578	5.796169
2910	-709.0926	-738.3137	29.22105	5.560904
2920	-706.4768	-735.9149	29.43807	5.343883
2930	-703.0161	-731.9395	28.92339	5.858565
2940	-708.8371	-737.4234	28.58628	6.195676
2950	-708.2216	-736.8733	28.65163	6.130318
2960	-703.3047	-731.9172	28.61249	6.169466
2970	-704.6179	-733.0732	28.45533	6.326621
2980	-704.0826	-732.8409	28.75828	6.023674
2990	-704.2364	-732.9829	28.7465	6.035448
3000	-708.5068	-737.4703	28.96355	5.818406
3010	-707.5256	-736.4892	28.96355	5.818406
3020	-706.2831	-734.227	27.94395	6.838006
3030	-705.6357	-733.5623	27.92667	6.855281
3040	-713.3492	-741.3024	27.95313	6.828821
3050	-713.9989	-742.6801	28.68117	6.100782
3060	-703.416	-731.9256	28.50959	6.272363
3070	-705.0244	-733.4154	28.39102	6.390936
3080	-709.1693	-736.4463	27.27703	7.504924
3090	-701.2493	-730.0187	28.76947	6.012484
3100	-706.5327	-735.7152	29.18256	5.59939
3110	-706.9454	-734.8516	27.90616	6.875793
3120	-702.1981	-730.3844	28.18625	6.595703
3130	-707.5453	-735.8592	28.31394	6.46801
3140	-710.1318	-738.1262	27.99441	6.787539
3150	-705.4949	-733.4741	27.97916	6.802798
3160	-708.565	-736.4652	27.90023	6.88172
3170	-710.0363	-737.6186	27.58223	7.19972
3180	-706.9861	-735.8401	28.85404	5.92791
3190	-705.0713	-734.414	29.34273	5.439218
3200	-708.7442	-737.9235	29.17933	5.602619
3210	-702.882	-731.5673	28.68525	6.096701
3220	-712.7728	-741.7878	29.015	5.766954
3230	-709.7175	-739.0432	29.32565	5.456305
3240	-706.4876	-734.6195	28.13197	6.649978
3250	-709.4374	-737.5694	28.13197	6.649978
3260	-709.8257	-738.39	28.56434	6.217617
3270	-707.3462	-735.234	27.8878	6.894151
3280	-710.8095	-738.9845	28.17503	6.606924
3290	-709.3662	-737.6303	28.26416	6.51779
3300	-707.7098	-735.9809	28.27116	6.51079
3310	-722.3743	-751.4369	29.06264	5.719315
3320	-712.2527	-741.4987	29.24599	5.535968
3330	-706.7375	-735.6336	28.89607	5.885879
3340	-710.4555	-738.7307	28.27519	6.506764
3350	-706.4609	-735.1222	28.66128	6.12067
3360	-710.415	-738.7059	28.29084	6.491113
3370	-705.5687	-734.7978	29.22915	5.552808
3380	-705.3249	-733.1003	27.77543	7.006519
3390	-700.2576	-728.9036	28.64601	6.135941
3400	-707.0836	-735.8654	28.78176	6.000192
3410	-701.3785	-729.9434	28.56496	6.216996
3420	-704.6001	-734.0993	29.49917	5.282778
3430	-703.7734	-732.1277	28.35429	6.427662
3440	-705.4866	-733.9023	28.41566	6.366292
3450	-704.1104	-732.5793	28.46892	6.313028
3460	-713.3803	-742.0173	28.63701	6.144946
3470	-714.3691	-742.3148	27.94577	6.836184
3480	-708.8274	-737.6703	28.84286	5.939095
3490	-705.06	-733.8271	28.76709	6.014866
3500	-707.766	-735.5152	27.74925	7.032706
3510	-707.7783	-735.3521	27.57381	7.208139
3520	-711.0033	-739.2119	28.20864	6.573316
3530	-708.4606	-737.1356	28.67495	6.106999
3540	-704.2128	-732.6313	28.4185	6.36345
3550	-706.655	-733.8773	27.22228	7.55967
3560	-713.1682	-742.1973	29.02913	5.752823
3570	-711.3755	-737.9093	26.5338	8.248152
3580	-707.3378	-735.544	28.20623	6.575722
3590	-707.2263	-735.0797	27.85342	6.928536
3600	-700.5602	-728.8076	28.24737	6.534585
3610	-705.7817	-733.7605	27.97883	6.803122
3620	-708.2539	-737.1313	28.87739	5.904558
3630	-708.3843	-737.2617	28.87739	5.904558
3640	-704.2337	-732.4514	28.21776	6.564195
3650	-707.7743	-736.837	29.06277	5.719182
3660	-704.4749	-733.2695	28.79462	5.987334
3670	-713.2306	-741.9429	28.71235	6.069604
3680	-713.6836	-741.8589	28.17526	6.60669
3690	-711.1413	-739.9944	28.85314	5.928815
3700	-710.07	-737.6535	27.58348	7.198468
3710	-710.9153	-738.7493	27.83404	6.94791
3720	-714.8511	-743.4037	28.55261	6.229341
3730	-714.5459	-743.5719	29.02604	5.755916
3740	-710.7756	-737.6809	26.90532	7.87663
3750	-709.3849	-738.2513	28.86633	5.91562
3760	-708.6195	-735.7911	27.17159	7.610361
3770	-711.5602	-739.1751	27.61493	7.167021
3780	-705.5693	-735.3352	29.76582	5.016134
3790	-701.2299	-729.8896	28.65971	6.122238
3800	-702.7986	-731.0233	28.22463	6.557322
3810	-702.7781	-731.4833	28.70515	6.076802
3820	-708.8798	-737.1252	28.24542	6.536537
3830	-706.0396	-734.2985	28.25897	6.522983
3840	-710.5836	-739.2644	28.6808	6.101153
3850	-702.8731	-731.4076	28.53456	6.247389
3860	-707.4786	-736.8565	29.3779	5.404054
3870	-707.2681	-735.434	28.16586	6.616094
3880	-710.8882	-738.6573	27.76905	7.0129
3890	-705.863	-734.3428	28.47984	6.302112
3900	-703.564	-731.7965	28.23249	6.549465
3910	-709.0276	-737.8509	28.82334	5.958617
3920	-711.6679	-740.1759	28.50797	6.27398
3930	-709.2086	-737.3416	28.13295	6.649
3940	-710.3159	-738.071	27.75509	7.02686
3950	-710.3426	-738.7093	28.3667	6.415258
3960	-709.07	-737.9411	28.8711	5.91085
3970	-709.5697	-737.9576	28.38792	6.394029
3980	-708.9601	-737.8047	28.84459	5.937364
3990	-706.9458	-735.6437	28.69788	6.084071
4000	-708.645	-737.4586	28.81362	5.968333
4010	-711.2081	-740.0339	28.8258	5.956153
4020	-704.5695	-733.7253	29.15578	5.626173
4030	-704.2758	-732.9578	28.68198	6.099977
4040	-706.2171	-734.6617	28.44461	6.337341
4050	-708.535	-737.2723	28.73724	6.044717
4060	-707.0702	-734.6978	27.62759	7.154359
4070	-705.6355	-733.8386	28.20312	6.57883
4080	-711.9245	-741.5336	29.60912	5.172837
4090	-701.3099	-728.8438	27.53381	7.248147
4100	-708.1082	-735.9763	27.86816	6.913789
4110	-716.0375	-743.39	27.3525	7.429455
4120	-713.2004	-741.1689	27.96857	6.813379
4130	-713.8695	-742.0384	28.16889	6.61306
4140	-708.1248	-736.2162	28.09147	6.690487
4150	-705.9296	-735.0795	29.14987	5.632085
4160	-703.6724	-732.2522	28.57976	6.202194
4170	-710.9277	-739.477	28.54931	6.232645
4180	-709.4339	-738.6484	29.21448	5.567476
4190	-707.6821	-735.2793	27.59726	7.184695
4200	-715.982	-743.497	27.51494	7.267017
4210	-709.1633	-736.9354	27.77207	7.009885
4220	-702.4111	-731.1115	28.70043	6.081521
4230	-702.6076	-731.8095	29.20196	5.579989
4240	-699.8844	-728.8348	28.95041	5.831543
4250	-701.9595	-730.1258	28.1663	6.615651
4260	-707.1722	-735.7324	28.56019	6.221765
4270	-703.7745	-732.2069	28.43241	6.349541
4280	-702.6098	-731.5918	28.98194	5.800008
4290	-701.4569	-730.4389	28.98194	5.800008
4300	-703.6317	-731.9278	28.29605	6.485907
4310	-708.6225	-736.9185	28.29605	6.485907
4320	-716.5143	-744.9057	28.3914	6.390558
4330	-719.0086	-746.5932	27.58458	7.197376
4340	-709.5747	-737.9041	28.32939	6.452565
4350	-705.5673	-734.1153	28.54796	6.233994
4360	-709.1703	-737.4207	28.25043	6.531528
4370	-706.8221	-734.9377	28.11562	6.666332
4380	-708.5171	-736.5742	28.05719	6.724763
4390	-708.4104	-737.215	28.80466	5.977292
4400	-711.0359	-739.4979	28.46194	6.320011
4410	-708.473	-737.4995	29.02644	5.755517
4420	-708.2651	-736.4388	28.17361	6.608339
4430	-708.0069	-736.5477	28.54074	6.241218
4440	-709.6907	-737.8712	28.18053	6.601425
4450	-708.5681	-736.8158	28.24763	6.534324
4460	-713.0353	-740.7472	27.71192	7.07003
4470	-710.2532	-738.582	28.32872	6.453237
4480	-718.1467	-746.5021	28.35538	6.426572
4490	-712.3744	-740.8348	28.46039	6.321566
4500	-709.8168	-738.8433	29.02652	5.755428
4510	-704.6485	-733.2966	28.64808	6.133876
4520	-709.4462	-737.7828	28.33659	6.445361
4530	-702.2566	-730.6313	28.37464	6.407308
4540	-707.3225	-734.7539	27.43142	7.350536
4550	-707.2274	-735.5199	28.2925	6.489454
4560	-712.6807	-741.9737	29.29303	5.488918
4570	-710.29	-738.7191	28.42908	6.352877
4580	-707.141	-735.36	28.21891	6.563047
4590	-709.4647	-738.5617	29.0969	5.685051
4600	-711.0673	-739.8182	28.75097	6.030978
4610	-709.876	-739.5673	29.6913	5.090649
4620	-704.3155	-732.9909	28.6754	6.106549
4630	-704.2729	-732.7083	28.43543	6.346519
4640	-703.6896	-731.8862	28.19661	6.585346
4650	-707.0881	-734.7594	27.6713	7.110657
4660	-707.8322	-736.5718	28.73963	6.042324
4670	-705.404	-734.0972	28.69311	6.088839
4680	-713.4892	-741.8115	28.32233	6.459625
4690	-711.4536	-739.3665	27.91296	6.868996
4700	-706.0498	-733.3735	27.32363	7.458325
4710	-707.7624	-736.0973	28.33493	6.44702
4720	-705.5825	-733.7596	28.17712	6.604835
4730	-706.4137	-734.9886	28.5749	6.207053
4740	-709.7905	-738.1877	28.3972	6.384754
4750	-700.6262	-729.8074	29.18118	5.600776
4760	-698.0231	-726.5081	28.485	6.296952
4770	-702.0757	-731.1659	29.09013	5.691824
4780	-702.4157	-730.6652	28.24945	6.532504
4790	-706.9854	-736.6206	29.63518	5.146771
4800	-705.2466	-732.6296	27.38306	7.398893
4810	-703.0982	-731.8382	28.73995	6.042004
4820	-706.1941	-734.1664	27.9723	6.809648
4830	-713.0324	-741.5973	28.56486	6.21709
4840	-712.215	-740.5147	28.29967	6.482284
4850	-708.676	-737.3237	28.64774	6.134215
4860	-707.9474	-736.078	28.13052	6.651433
4870	-709.2711	-737.5163	28.24511	6.53684
4880	-706.1235	-735.1476	29.02416	5.757789
4890	-712.7828	-741.0012	28.21837	6.563584
4900	-711.2866	-739.6158	28.32922	6.452731
4910	-709.5043	-737.3169	27.81256	6.969392
4920	-707.0769	-735.6035	28.52663	6.25532
4930	-705.7406	-734.2672	28.52663	6.25532
4940	-706.5972	-735.9605	29.36329	5.418663
4950	-707.6327	-736.3305	28.69781	6.084147
4960	-709.0269	-737.2118	28.18484	6.597115
4970	-707.6533	-735.8141	28.16083	6.621125
4980	-702.6336	-731.2618	28.62813	6.153826
4990	-705.7127	-734.3773	28.66457	6.117378
5000	-703.4342	-732.519	29.0848	5.697156
5010	-708.8395	-736.2205	27.38094	7.401011
5020	-709.6293	-736.9195	27.2902	7.491758
5030	-705.7386	-734.3582	28.6196	6.162352
5040	-706.539	-735.2586	28.71965	6.062308
5050	-706.5986	-734.8175	28.21894	6.563017
5060	-713.6685	-741.1996	27.53112	7.250829
5070	-709.4716	-738.2746	28.803	5.978957
5080	-705.706	-733.8	28.09403	6.687923
5090	-705.6033	-732.7286	27.12532	7.65663
5100	-703.1544	-731.883	28.72861	6.053345
5110	-705.3484	-732.8776	27.52919	7.252767
5120	-707.1008	-734.4941	27.39335	7.388603
5130	-717.9605	-746.6476	28.68712	6.09483
5140	-708.5729	-737.2268	28.65389	6.12806
5150	-703.1836	-731.2092	28.02563	6.756326
5160	-702.4745	-731.1001	28.62556	6.156396
5170	-705.6031	-734.7152	29.11207	5.669883
5180	-712.8431	-741.0296	28.18648	6.595476
5190	-717.9787	-746.4104	28.43169	6.350261
5200	-710.9453	-740.0531	29.10782	5.674134
5210	-708.585	-737.7163	29.13128	5.650671
5220	-716.6512	-745.4539	28.80267	5.979287
5230	-710.7442	-739.3017	28.55756	6.224394
5240	-704.3545	-732.9991	28.64453	6.137426
5250	-705.4346	-733.6737	28.23912	6.542832
5260	-708.0637	-736.4971	28.43341	6.348545
5270	-703.4819	-731.4977	28.01578	6.766177
5280	-713.7272	-741.7522	28.02501	6.756941
5290	-705.4161	-733.332	27.91582	6.866133
5300	-704.506	-733.4346	28.92867	5.853283
5310	-700.9173	-729.4702	28.55284	6.22911
5320	-706.5044	-735.1919	28.68752	6.094435
5330	-722.4176	-751.1385	28.72088	6.061077
5340	-711.2914	-740.6142	29.32278	5.459173
5350	-704.5336	-733.4638	28.93019	5.851763
5360	-707.2681	-736.1134	28.84526	5.936695
5370	-710.1289	-737.8273	27.69849	7.083462
5380	-699.2098	-727.871	28.66121	6.120739
5390	-704.5174	-732.9249	28.40753	6.374419
5400	-706.7323	-735.8191	29.08681	5.695147
5410	-705.4847	-734.921	29.43633	5.345626
5420	-704.3043	-733.4877	29.1834	5.598552
5430	-702.9761	-730.8479	27.87178	6.910173
5440	-701.4159	-731.1418	29.72592	5.056034
5450	-701.7333	-730.7778	29.04453	5.737423
5460	-708.4024	-736.1517	27.74929	7.032664
5470	-711.7076	-740.1143	28.40668	6.375272
5480	-708.8488	-737.3429	28.49405	6.287906
5490	-704.1018	-732.991	28.88922	5.892736
5500	-708.9769	-737.6681	28.69123	6.090727
5510	-711.4641	-738.5379	27.07379	7.708166
5520	-714.7596	-741.6653	26.90576	7.876189
5530	-718.184	-744.9294	26.74541	8.036541
5540	-713.0698	-741.344	28.2742	6.50775
5550	-720.6678	-748.7699	28.10212	6.679837
5560	-707.4161	-735.7722	28.35604	6.42591
5570	-705.5298	-734.1851	28.65534	6.126612
5580	-707.6566	-735.7438	28.08719	6.69476
5590	-701.6871	-730.5582	28.87118	5.910773
5600	-706.5284	-734.9332	28.40478	6.377172
5610	-709.0187	-737.5953	28.57663	6.205319
5620	-706.9327	-735.8372	28.90453	5.877423
5630	-712.5677	-742.2921	29.72432	5.057637
5640	-707.2979	-735.3725	28.07465	6.707299
5650	-700.7937	-730.1769	29.38312	5.398828
5660	-714.6144	-742.8493	28.23487	6.547083
5670	-719.5399	-747.5892	28.04935	6.732604
5680	-721.0409	-749.5487	28.50781	6.274147
5690	-713.7451	-742.1058	28.36071	6.421246
5700	-710.8764	-739.2371	28.36071	6.421246
5710	-715.669	-743.0659	27.3969	7.385055
5720	-714.7056	-742.3357	27.63014	7.151814
5730	-711.44	-739.4139	27.97395	6.808006
5740	-711.7815	-740.2967	28.51525	6.266698
5750	-705.7663	-734.3067	28.54045	6.241507
5760	-712.9008	-741.4598	28.55897	6.222984
5770	-715.6518	-742.997	27.34522	7.436737
5780	-707.9141	-735.8622	27.94812	6.83383
5790	-710.7091	-739.1933	28.48411	6.297848
5800	-704.8231	-733.7841	28.96098	5.82097
5810	-708.6789	-736.7957	28.11677	6.665181
5820	-703.4957	-732.1647	28.66899	6.11296
5830	-707.0304	-736.5003	29.46992	5.312033
5840	-716.3338	-741.5377	25.20397	9.577979
5850	-702.1292	-730.0787	27.94953	6.832423
5860	-704.92	-732.8442	27.92427	6.857683
5870	-700.8295	-729.3588	28.52926	6.252693
5880	-711.3093	-739.8949	28.58553	6.196419
5890	-713.8408	-742.3552	28.51437	6.267585
5900	-710.276	-739.0892	28.8132	5.968754
5910	-713.7291	-741.4855	27.7564	7.025557
5920	-711.5403	-739.7171	28.17683	6.605122
5930	-705.1882	-733.5633	28.37513	6.406822
5940	-709.6424	-737.9084	28.26595	6.516002
5950	-702.4131	-730.708	28.29491	6.487041
5960	-709.7111	-739.0631	29.35199	5.429967
5970	-710.8626	-738.7935	27.93092	6.851032
5980	-702.4999	-731.8719	29.37207	5.409887
5990	-705.6568	-733.6397	27.98292	6.799034
6000	-702.7536	-731.8311	29.07746	5.704489
6010	-700.8418	-728.9334	28.09156	6.690395
6020	-706.0553	-734.9842	28.92891	5.853039
6030	-704.6273	-733.3022	28.67486	6.107094
6040	-711.0534	-739.105	28.05165	6.730305
6050	-704.0345	-730.5568	26.52232	8.259633
6060	-705.1572	-733.3393	28.18208	6.599873
6070	-707.4332	-736.2432	28.81005	5.971906
6080	-707.5994	-736.0983	28.49889	6.283067
6090	-710.9613	-738.4462	27.48497	7.296987
6100	-702.1676	-730.627	28.45935	6.322598
6110	-703.5388	-731.083	27.54421	7.237743
6120	-709.0628	-737.9196	28.85676	5.925197
6130	-708.2867	-736.7349	28.44813	6.333828
6140	-714.8211	-743.4236	28.60258	6.179374
6150	-713.5892	-742.4211	28.83186	5.950097
6160	-703.2712	-731.5366	28.26538	6.516569
6170	-703.7271	-732.8532	29.12605	5.655903
6180	-708.8247	-737.258	28.43325	6.348703
6190	-705.2007	-734.3592	29.15849	5.623459
6200	-705.9503	-734.3864	28.43606	6.345893
6210	-708.9622	-737.2058	28.24353	6.53842
6220	-707.0227	-735.476	28.4533	6.328655
6230	-701.8062	-730.5186	28.71241	6.069542
6240	-705.5455	-734.5606	29.01508	5.766876
6250	-704.2443	-732.5878	28.34349	6.438458
6260	-704.2664	-731.6399	27.37352	7.408436
6270	-711.8944	-739.3867	27.49229	7.289665
6280	-713.6001	-742.2401	28.64002	6.141933
6290	-701.0516	-731.0557	30.00405	4.777899
6300	-701.5705	-731.242	29.67143	5.11052
6310	-705.7871	-734.3853	28.59813	6.18382
6320	-702.9126	-731.4203	28.50776	6.274194
6330	-701.37	-729.1994	27.82947	6.95248
6340	-700.7135	-729.6555	28.94198	5.839971
6350	-709.8003	-738.3106	28.51025	6.271703
6360	-704.9058	-732.6236	27.71785	7.064101
6370	-701.9209	-730.7292	28.80836	5.973598
6380	-703.7424	-732.2229	28.48053	6.301427
6390	-710.4748	-739.1119	28.63712	6.14483
6400	-715.7328	-745.01	29.27719	5.504763
6410	-707.3143	-735.6234	28.30909	6.472858
6420	-704.157	-733.6244	29.46746	5.314492
6430	-703.5796	-732.6419	29.06222	5.719733
6440	-702.3079	-731.1298	28.82187	5.960082
6450	-704.3034	-733.2055	28.90209	5.879862
6460	-703.3876	-731.8224	28.43481	6.347142
6470	-716.4499	-744.1665	27.7166	7.065356
6480	-707.2291	-736.2051	28.97595	5.806004
6490	-708.2654	-736.9842	28.71885	6.063102
6500	-704.9549	-732.9839	28.02907	6.752885
6510	-705.8515	-734.6737	28.82216	5.959795
6520	-713.9844	-742.3746	28.3902	6.391757
6530	-711.1659	-739.6294	28.46357	6.318386
6540	-704.6245	-734.6355	30.01109	4.770867
6550	-706.4719	-734.5614	28.08951	6.692439
6560	-712.2078	-739.93	27.72217	7.059788
6570	-701.0152	-729.2624	28.24728	6.534677
6580	-713.6571	-741.7968	28.13972	6.642232
6590	-711.0159	-739.0589	28.04298	6.738974
6600	-712.5614	-740.2686	27.70719	7.074761
6610	-707.7654	-736.4584	28.69297	6.088979
6620	-708.4285	-736.4354	28.00698	6.774975
6630	-711.5419	-739.1635	27.6216	7.160356
6640	-704.5882	-733.5738	28.98563	5.796326
6650	-702.3778	-730.5097	28.13194	6.650011
6660	-705.8582	-733.7813	27.9231	6.85885
6670	-703.8336	-733.3211	29.48755	5.294399
6680	-705.5524	-733.9694	28.41693	6.365021
6690	-705.1406	-732.605	27.46433	7.317621
6700	-711.7257	-740.3992	28.6735	6.108453
6710	-705.3263	-733.4562	28.12986	6.652091
6720	-705.3784	-733.5083	28.12986	6.652091
6730	-709.0674	-737.5503	28.48287	6.299085
6740	-705.93	-734.8727	28.94267	5.839279
6750	-710.2282	-738.815	28.58672	6.195235
6760	-708.5837	-736.3108	27.72708	7.054874
6770	-702.2992	-731.5768	29.27763	5.504319
6780	-715.9265	-743.4864	27.55993	7.222021
6790	-709.4974	-738.6652	29.16775	5.614207
6800	-709.9093	-738.6426	28.73325	6.048699
6810	-712.9683	-742.2603	29.29206	5.489894
6820	-704.1869	-733.0488	28.8619	5.920058
6830	-699.5321	-728.0902	28.55803	6.223923
6840	-702.0072	-730.3561	28.34886	6.433093
6850	-702.852	-730.9928	28.14078	6.641173
6860	-705.7611	-733.3964	27.6353	7.146653
6870	-706.8793	-734.4965	27.61725	7.164707
6880	-703.4651	-732.0656	28.60049	6.181462
6890	-708.9227	-737.6794	28.75678	6.025178
6900	-708.8279	-737.4352	28.60736	6.17459
6910	-707.9009	-737.1867	29.28571	5.496239
6920	-703.5106	-732.1845	28.67385	6.108098
6930	-709.7204	-737.7974	28.077	6.704953
6940	-712.0856	-739.4843	27.39866	7.383289
6950	-703.3891	-731.3103	27.92125	6.860702
6960	-707.3751	-735.8417	28.46659	6.315367
6970	-708.7023	-737.3975	28.69516	6.086798
6980	-709.9397	-737.4511	27.51147	7.270483
6990	-710.2093	-737.5371	27.32777	7.454187
7000	-704.2521	-731.5864	27.33429	7.447664
7010	-711.6214	-739.6504	28.02893	6.753026
7020	-716.1457	-742.862	26.71629	8.065666
7030	-705.3046	-733.461	28.15643	6.625519
7040	-711.5984	-740.7929	29.19453	5.587419
7050	-704.9567	-733.3886	28.43192	6.350037
7060	-708.26	-736.8794	28.61943	6.162519
7070	-709.8706	-738.6922	28.82161	5.960346
7080	-710.9748	-739.2085	28.2337	6.548249
7090	-707.0379	-734.4887	27.45076	7.331194
7100	-706.9993	-735.1347	28.13541	6.646547
7110	-704.5427	-732.7036	28.16091	6.621044
7120	-701.4075	-730.3241	28.91655	5.865406
7130	-704.5556	-732.7365	28.18086	6.601097
7140	-710.6836	-739.2844	28.60084	6.18111
7150	-707.5227	-736.1062	28.5835	6.198458
7160	-706.9143	-735.2686	28.35432	6.427635
7170	-702.8561	-730.9238	28.06769	6.71426
7180	-707.2971	-735.7101	28.41301	6.368948
7190	-706.2506	-734.4258	28.17523	6.606728
7200	-710.5991	-738.6643	28.06523	6.716727
7210	-707.4762	-735.9874	28.51115	6.270803
7220	-707.0567	-735.8784	28.82167	5.960279
7230	-707.6887	-736.8959	29.20719	5.574765
7240	-710.7343	-737.3461	26.61177	8.170186
7250	-701.2477	-729.9518	28.70412	6.077836
7260	-699.8785	-728.5826	28.70412	6.077836
7270	-710.1656	-738.293	28.12737	6.654587
7280	-705.7039	-734.3354	28.63147	6.150484
7290	-702.887	-731.3803	28.49333	6.288625
7300	-707.0862	-736.5841	29.49791	5.284038
7310	-705.3012	-734.0073	28.70611	6.075842
7320	-714.8273	-743.7769	28.94963	5.832319
7330	-708.4202	-737.1326	28.71238	6.069577
7340	-709.4037	-737.3742	27.9705	6.811456
7350	-705.4707	-734.3674	28.8967	5.885251
7360	-707.5368	-736.2178	28.68096	6.100995
7370	-701.2153	-729.7798	28.56455	6.217401
7380	-701.6921	-730.335	28.64282	6.139132
7390	-703.1247	-731.9909	28.86617	5.915782
7400	-701.0971	-729.5553	28.45822	6.32373
7410	-707.2643	-736.4956	29.23139	5.550564
7420	-703.6414	-731.9353	28.2939	6.488055
7430	-709.7727	-738.7795	29.00682	5.775134
7440	-703.1531	-731.8984	28.74525	6.0367
7450	-707.4421	-735.7571	28.31499	6.466966
7460	-712.9712	-741.4632	28.492	6.28995
7470	-709.3222	-737.1889	27.86671	6.915247
7480	-706.9143	-736.072	29.15766	5.624296
7490	-702.5889	-731.3134	28.72452	6.057438
7500	-704.3171	-733.8435	29.52635	5.255606
7510	-710.6497	-740.3659	29.71625	5.065706
7520	-715.0363	-743.0773	28.04095	6.741006
7530	-712.4781	-741.3441	28.86602	5.915933
7540	-716.373	-743.9497	27.57666	7.20529
7550	-713.6874	-739.5959	25.90844	8.873511
7560	-721.7047	-746.6865	24.98183	9.800123
7570	-722.8105	-747.6694	24.85891	9.923041
7580	-725.3736	-751.1262	25.75264	9.029309
7590	-717.8163	-744.451	26.63465	8.147303
7600	-713.9621	-740.7606	26.79855	7.9834
7610	-709.3731	-737.6103	28.23722	6.544732
7620	-708.0006	-735.2424	27.2417	7.54025
7630	-706.16	-731.988	25.82797	8.953985
7640	-707.0243	-734.4951	27.47079	7.311164
7650	-706.5089	-734.7731	28.26425	6.517707
7660	-705.3785	-734.0359	28.65739	6.124558
7670	-709.6679	-737.5763	27.90841	6.87354
7680	-707.4488	-736.331	28.88217	5.89978
7690	-704.4455	-732.0084	27.56297	7.218988
7700	-709.7352	-737.738	28.0028	6.779151
7710	-702.0785	-730.6817	28.60319	6.178759
7720	-708.2459	-736.0566	27.81068	6.971276
7730	-707.8119	-736.8636	29.05174	5.730215
7740	-702.2548	-730.0952	27.84044	6.941513
7750	-710.3929	-738.8947	28.50185	6.280107
7760	-706.4993	-735.363	28.86378	5.918173
7770	-703.3211	-731.1589	27.83777	6.94418
7780	-707.2837	-736.357	29.07323	5.708722
7790	-705.2122	-733.8199	28.60768	6.174271
7800	-714.4982	-742.0886	27.59041	7.191542
7810	-705.9397	-734.4501	28.51037	6.271579
7820	-707.4471	-736.1841	28.737	6.044951
7830	-704.4082	-733.7542	29.34605	5.435901
7840	-711.1682	-740.1988	29.03051	5.751446
7850	-711.3274	-740.6834	29.35603	5.425926
7860	-715.438	-743.7112	28.2732	6.508751
7870	-711.0896	-739.3628	28.2732	6.508751
7880	-713.8631	-741.4796	27.61647	7.165478
7890	-708.1264	-735.6081	27.48176	7.300189
7900	-707.6263	-736.1883	28.56198	6.219969
7910	-701.3872	-729.0063	27.61901	7.162943
7920	-709.6495	-738.4209	28.77141	6.010546
7930	-711.6629	-740.2152	28.55228	6.22967
7940	-701.3959	-730.5757	29.17985	5.6021
7950	-706.7748	-733.8174	27.04264	7.739317
7960	-700.5204	-729.0413	28.52088	6.261068
7970	-706.0597	-735.2117	29.152	5.629953
7980	-714.0018	-742.2707	28.2689	6.513053
7990	-711.7295	-739.9259	28.19642	6.585533
8000	-713.7761	-741.9725	28.19642	6.585533
8010	-711.0445	-739.3972	28.35275	6.429204
8020	-710.1653	-738.9876	28.8223	5.95965
8030	-712.4342	-740.2689	27.83467	6.947288
8040	-712.3516	-740.2414	27.88975	6.892199
8050	-710.2008	-738.0062	27.8054	6.976552
8060	-705.4599	-733.488	28.02809	6.753868
8070	-702.634	-731.0551	28.42112	6.360833
8080	-703.7669	-732.0575	28.29057	6.491386
8090	-711.9307	-739.0522	27.12148	7.660476
8100	-713.8677	-742.0693	28.20163	6.580326
8110	-708.1337	-737.1339	29.0002	5.781751
8120	-704.2918	-733.1762	28.88441	5.897545
8130	-703.4313	-731.4883	28.05702	6.724936
8140	-706.0324	-734.4307	28.39822	6.383729
8150	-703.8063	-732.1624	28.35606	6.425889
8160	-707.0236	-734.6691	27.64558	7.13637
8170	-704.0789	-731.9164	27.83748	6.944472
8180	-707.1625	-735.576	28.4135	6.368454
8190	-704.7028	-732.7873	28.08454	6.697414
8200	-704.2997	-732.1023	27.80262	6.979332
8210	-704.9889	-733.2148	28.22594	6.556011
8220	-709.4438	-737.6124	28.16863	6.613322
8230	-709.5998	-738.0101	28.41025	6.371706
8240	-705.1633	-733.4355	28.27215	6.509806
8250	-703.4067	-731.8677	28.46102	6.320937
8260	-706.8511	-734.9519	28.10088	6.681071
8270	-710.6968	-738.81	28.11313	6.668826
8280	-708.9316	-737.4461	28.51454	6.267414
8290	-707.3807	-735.1951	27.81433	6.967624
8300	-704.049	-733.1189	29.06988	5.712068
8310	-707.3516	-736.2912	28.93964	5.842312
8320	-705.1911	-734.1476	28.95649	5.825468
8330	-703.9493	-732.6769	28.72755	6.054407
8340	-706.4198	-733.3325	26.91269	7.869261
8350	-708.7423	-735.655	26.91269	7.869261
8360	-712.2185	-740.5436	28.32511	6.456839
8370	-708.7872	-737.5651	28.77789	6.004058
8380	-708.2887	-736.8975	28.60881	6.173138
8390	-706.0429	-734.4444	28.40152	6.38043
8400	-714.7491	-743.9564	29.20732	5.574632
8410	-714.2609	-742.3043	28.04337	6.738586
8420	-713.3482	-740.7263	27.37808	7.403874
8430	-707.6789	-735.668	27.98911	6.79284
8440	-708.1351	-735.1157	26.98054	7.80141
8450	-705.0431	-733.4968	28.45372	6.328234
8460	-710.169	-738.6338	28.46485	6.317103
8470	-710.9578	-739.8968	28.93902	5.842933
8480	-709.5928	-738.7849	29.19204	5.58991
8490	-703.659	-732.0871	28.42806	6.353894
8500	-707.7106	-735.6306	27.92003	6.861924
8510	-708.6614	-736.1153	27.45397	7.327984
8520	-704.8364	-731.9619	27.12549	7.65646
8530	-709.0011	-735.5209	26.51984	8.262116
8540	-705.3623	-733.1476	27.78533	6.996627
8550	-709.4205	-736.4745	27.05399	7.727961
8560	-714.472	-742.9835	28.51152	6.270437
8570	-706.886	-735.9394	29.05331	5.728638
8580	-714.6626	-742.6725	28.00982	6.772132
8590	-705.0125	-734.0224	29.00988	5.772075
8600	-707.8396	-735.3904	27.55081	7.231139
8610	-706.4407	-734.4514	28.01073	6.77122
8620	-707.5161	-734.687	27.17086	7.61109
8630	-703.013	-731.3063	28.29338	6.488572
8640	-715.8033	-743.102	27.29872	7.483231
8650	-711.5646	-739.7587	28.19411	6.587839
8660	-704.3528	-732.5935	28.24067	6.541285
8670	-706.9949	-735.2356	28.24067	6.541285
8680	-710.9325	-740.3398	29.40732	5.374629
8690	-712.8013	-740.5747	27.77338	7.008574
8700	-704.5396	-733.351	28.81134	5.970615
8710	-704.7928	-733.1635	28.37071	6.411244
8720	-703.7309	-732.5282	28.79731	5.984639
8730	-701.0232	-729.7043	28.68117	6.100788
8740	-704.5836	-732.9134	28.32987	6.452082
8750	-705.4891	-734.3899	28.90084	5.881113
8760	-701.6087	-730.1533	28.5446	6.23735
8770	-703.6516	-731.0601	27.40855	7.373405
8780	-705.9664	-734.5348	28.56842	6.213535
8790	-710.5892	-739	28.41081	6.371142
8800	-707.3646	-735.6826	28.31799	6.463964
8810	-714.4395	-743.1186	28.67909	6.102868
8820	-709.3071	-737.2214	27.91433	6.867627
8830	-704.1077	-732.8862	28.77846	6.003493
8840	-708.1241	-736.7917	28.66764	6.114316
8850	-709.3874	-738.08	28.6926	6.089357
8860	-707.2719	-735.9288	28.65687	6.125084
8870	-715.6817	-744.2052	28.52352	6.258432
8880	-706.5365	-733.8919	27.35547	7.426481
8890	-702.4172	-731.0217	28.60448	6.177475
8900	-711.3048	-739.2558	27.95098	6.830976
8910	-711.9297	-739.9728	28.04319	6.738763
8920	-712.123	-741.5521	29.42911	5.352847
8930	-715.9165	-744.4162	28.49966	6.282294
8940	-712.2916	-740.1577	27.86617	6.91578
8950	-710.8716	-739.5894	28.71785	6.064099
8960	-711.467	-739.7175	28.25058	6.531378
8970	-708.299	-737.0409	28.74189	6.040062
8980	-704.5765	-734.1457	29.56918	5.212773
8990	-707.1559	-735.9561	28.80024	5.981712
9000	-711.2361	-739.6851	28.44901	6.332948
9010	-706.988	-735.6067	28.61877	6.163179
9020	-702.1727	-731.3717	29.19904	5.582908
9030	-707.4364	-735.7208	28.28443	6.497518
9040	-711.7173	-740.6566	28.93936	5.842588
9050	-703.6838	-732.1468	28.46296	6.318992
9060	-710.6792	-737.8675	27.18828	7.593669
9070	-703.0484	-731.1525	28.10409	6.677862
9080	-705.2696	-733.6654	28.39586	6.386088
9090	-705.4715	-735.3287	29.85727	4.924687
9100	-704.5638	-733.6768	29.11304	5.668915
9110	-722.1685	-750.7498	28.5813	6.20065
9120	-718.7146	-746.9158	28.2012	6.580751
9130	-704.8625	-733.3733	28.5108	6.271151
9140	-707.6174	-736.3063	28.68882	6.093134
9150	-712.2349	-740.5691	28.33422	6.447737
9160	-708.1767	-736.4706	28.2939	6.488051
9170	-709.2906	-737.4565	28.16584	6.616108
9180	-712.3568	-739.9737	27.61698	7.164976
9190	-713.2599	-741.3494	28.0895	6.692453
9200	-703.5938	-732.3153	28.72146	6.060489
9210	-708.274	-736.7121	28.43808	6.343869
9220	-711.9733	-741.7109	29.7376	5.044356
9230	-711.0147	-739.3787	28.36399	6.417959
9240	-708.1717	-736.9772	28.80544	5.976514
9250	-708.6391	-736.8167	28.17756	6.604393
9260	-705.4419	-733.8489	28.407	6.374958
9270	-707.1686	-735.5756	28.407	6.374958
9280	-706.9196	-736.1442	29.22462	5.557336
9290	-702.2681	-730.4046	28.1365	6.64545
9300	-709.4879	-737.845	28.35711	6.424844
9310	-705.3886	-733.9836	28.595	6.186955
9320	-704.0244	-732.5076	28.48323	6.298724
9330	-712.345	-739.7949	27.44984	7.332111
9340	-705.2536	-734.2901	29.03651	5.745444
9350	-709.2686	-738.7291	29.46047	5.321482
9360	-710.9739	-738.9154	27.94154	6.840409
9370	-712.2131	-740.1127	27.89961	6.882338
9380	-709.8046	-737.6905	27.88595	6.896004
9390	-704.3309	-733.3203	28.98944	5.792518
9400	-707.2894	-736.0204	28.73106	6.050891
9410	-702.8053	-731.32	28.51464	6.267318
9420	-711.7152	-739.6501	27.93488	6.847075
9430	-709.8625	-738.5848	28.72224	6.059714
9440	-708.3097	-737.0809	28.77115	6.010799
9450	-717.4978	-744.9941	27.49631	7.285645
9460	-722.3946	-748.8543	26.45966	8.322295
9470	-724.8053	-753.0343	28.22893	6.553028
9480	-720.3635	-748.5656	28.20217	6.579782
9490	-715.1691	-742.9807	27.81158	6.97037
9500	-714.8389	-743.4884	28.64951	6.132443
9510	-709.6551	-737.1182	27.46306	7.318894
9520	-711.2785	-739.9578	28.67926	6.102695
9530	-716.2932	-744.9187	28.6255	6.156457
9540	-704.9634	-732.8362	27.87282	6.909135
9550	-708.5695	-736.4093	27.8398	6.942154
9560	-706.3382	-734.1917	27.85343	6.928521
9570	-707.2339	-734.0557	26.82175	7.960205
9580	-716.946	-745.4188	28.47274	6.309216
9590	-708.6243	-737.3351	28.71084	6.071113
9600	-705.1805	-733.9658	28.78524	5.996711
9610	-715.3598	-743.4544	28.09459	6.687364
9620	-714.5949	-742.8356	28.24071	6.541239
9630	-708.3838	-737.7676	29.38374	5.398209
9640	-710.3001	-738.375	28.07485	6.707104
9650	-706.8499	-734.9248	28.07485	6.707104
9660	-702.8477	-731.7762	28.92857	5.853384
9670	-705.9454	-734.8733	28.92792	5.854032
9680	-702.1271	-731.4077	29.28054	5.50141
9690	-707.0956	-735.3264	28.23087	6.551079
9700	-703.7046	-732.0858	28.38115	6.400805
9710	-708.8665	-738.2714	29.40491	5.377045
9720	-704.8552	-733.7594	28.90419	5.87776
9730	-711.0664	-738.9567	27.89029	6.891666
9740	-712.3935	-740.688	28.29447	6.487482
9750	-708.4045	-736.8755	28.47099	6.310968
9760	-707.0111	-735.614	28.60283	6.179126
9770	-707.0528	-735.7356	28.68281	6.099145
9780	-711.7074	-741.1309	29.42356	5.35839
9790	-711.3317	-738.6196	27.28793	7.494027
9800	-705.4952	-733.9227	28.42752	6.354434
9810	-709.4062	-738.0763	28.67009	6.111864
9820	-708.5637	-736.2683	27.7046	7.077353
9830	-711.881	-740.1016	28.22065	6.5613
9840	-711.9207	-739.76	27.83934	6.942609
9850	-712.6581	-740.2898	27.63174	7.150215
9860	-705.4295	-733.6891	28.25962	6.522338
9870	-702.4199	-730.4647	28.04478	6.73717
9880	-705.8772	-733.9805	28.10326	6.678691
9890	-705.4521	-734.4903	29.03817	5.743782
9900	-703.509	-732.2528	28.74382	6.038133
9910	-699.3416	-728.32	28.97842	5.803535
9920	-709.7536	-738.7403	28.98674	5.795218
9930	-708.4987	-736.9945	28.49584	6.286113
9940	-710.7591	-738.2621	27.50303	7.278924
9950	-712.3773	-739.9791	27.60171	7.180242
9960	-704.3505	-733.2803	28.92977	5.852181
9970	-710.0485	-738.5239	28.4754	6.306556
9980	-717.6678	-745.1452	27.47749	7.304463
9990	-717.3428	-745.1492	27.80649	6.975467
10000	-706.9824	-734.8686	27.88621	6.895744
