Iteration	Posterior	Likelihood	Prior	tree_length
0	-705.8858	-734.6592	28.77339	6.008561
10	-707.9658	-736.1709	28.20517	6.576782
20	-705.047	-733.3975	28.35047	6.431487
30	-704.954	-732.54	27.58599	7.195961
40	-714.0452	-741.9254	27.88016	6.901798
50	-717.4077	-746.0196	28.61193	6.170025
60	-705.9584	-734.2991	28.34071	6.441241
70	-704.3691	-733.1699	28.80077	5.981181
80	-708.4959	-737.5402	29.04426	5.73769
90	-715.1647	-744.0268	28.86214	5.919809
100	-712.5142	-741.0239	28.50974	6.272218
110	-712.3636	-739.9198	27.55618	7.225771
120	-718.5234	-745.7767	27.25332	7.528637
130	-713.7627	-741.4828	27.72009	7.061867
140	-720.5257	-748.5043	27.97852	6.803428
150	-719.4464	-746.2085	26.76215	8.019805
160	-716.7636	-743.7962	27.03261	7.74934
170	-710.8984	-739.1542	28.25577	6.52618
180	-707.3565	-736.19	28.83353	5.948428
190	-704.5341	-733.4004	28.86621	5.91574
200	-713.5808	-742.7087	29.12793	5.654021
210	-699.6287	-728.397	28.76831	6.013639
220	-717.184	-745.4911	28.30711	6.474847
230	-708.3835	-737.0907	28.70719	6.074767
240	-706.122	-734.1985	28.07647	6.705488
250	-706.4321	-733.4303	26.99826	7.783688
260	-707.6156	-736.7621	29.14655	5.635404
270	-705.5382	-734.5289	28.99079	5.79116
280	-707.0642	-735.9828	28.91869	5.863261
290	-712.5009	-741.1167	28.6158	6.166155
300	-717.7344	-746.1117	28.37725	6.404702
310	-702.2944	-730.6691	28.37474	6.407213
320	-708.178	-737.2139	29.03589	5.746059
330	-705.2008	-733.57	28.36923	6.412723
340	-714.7995	-743.8676	29.06812	5.713836
350	-702.289	-730.6809	28.39191	6.390046
360	-704.34	-732.5637	28.22372	6.55823
370	-716.1004	-744.7415	28.64106	6.140894
380	-709.6712	-739.0551	29.38394	5.398015
390	-711.9654	-740.0376	28.07224	6.70971
400	-703.5516	-731.6097	28.05808	6.723874
410	-706.9167	-734.3614	27.44476	7.337191
420	-703.3002	-732.0263	28.7261	6.055858
430	-705.4862	-734.0132	28.52707	6.254887
440	-707.8151	-736.1944	28.37921	6.402745
450	-707.019	-734.8298	27.81084	6.97111
460	-707.2524	-734.4469	27.19442	7.58753
470	-712.3462	-739.4061	27.05992	7.722038
480	-713.3645	-742.0743	28.70989	6.072059
490	-711.4778	-738.9738	27.49593	7.286023
500	-700.8945	-729.8514	28.95698	5.824977
510	-708.3936	-736.3716	27.978	6.80395
520	-713.0323	-740.6611	27.62875	7.153199
530	-708.0661	-735.6827	27.61655	7.165399
540	-705.0575	-732.5722	27.51468	7.267269
550	-708.398	-736.7499	28.35194	6.430011
560	-708.2222	-736.0468	27.82455	6.9574
570	-707.9236	-736.9918	29.0682	5.713748
580	-710.9616	-738.5392	27.57762	7.204336
590	-719.2711	-747.5171	28.24596	6.535992
600	-711.6189	-740.2126	28.5937	6.18825
610	-700.9774	-729.3292	28.35177	6.430185
620	-707.8012	-736.8346	29.03347	5.748479
630	-704.9589	-733.3489	28.39	6.39195
640	-710.524	-739.5125	28.98851	5.793441
650	-716.0531	-744.3397	28.28664	6.495318
660	-713.8055	-741.675	27.86956	6.912397
670	-709.3848	-736.7695	27.38464	7.397312
680	-705.4777	-733.9733	28.49553	6.286424
690	-710.0697	-738.7112	28.6415	6.140457
700	-709.8421	-736.924	27.08193	7.700024
710	-708.6137	-736.8386	28.22484	6.557112
720	-711.537	-741.2665	29.72945	5.052506
730	-709.0747	-737.5239	28.4492	6.332752
740	-714.4046	-742.8756	28.471	6.310948
750	-717.2822	-745.9641	28.68187	6.100084
760	-720.8238	-749.4536	28.62973	6.15222
770	-713.4603	-741.7702	28.30992	6.472029
780	-713.0359	-741.3734	28.3375	6.44445
790	-716.2116	-742.9925	26.78097	8.000988
800	-710.3065	-737.1688	26.8623	7.919655
810	-710.5953	-738.1967	27.6014	7.180553
820	-708.0364	-735.0984	27.06202	7.719934
830	-708.6595	-735.5341	26.87466	7.907291
840	-710.2533	-738.2094	27.95612	6.825834
850	-709.6151	-737.7524	28.13738	6.644577
860	-704.1949	-732.9343	28.73939	6.042562
870	-707.4638	-736.2079	28.74413	6.037827
880	-705.7674	-733.4317	27.66427	7.117682
890	-703.9733	-733.4247	29.45143	5.330526
900	-710.2393	-739.4964	29.25711	5.52484
910	-710.5215	-738.6138	28.09237	6.689582
920	-708.2554	-735.4724	27.21704	7.564916
930	-706.5976	-735.9355	29.33788	5.444068
940	-705.7604	-733.4206	27.66019	7.12176
950	-709.3895	-737.6886	28.29906	6.482888
960	-706.7749	-735.3617	28.58678	6.195177
970	-712.3154	-740.394	28.07852	6.703436
980	-717.3891	-744.7592	27.37013	7.411827
990	-702.3933	-731.4597	29.06638	5.715578
1000	-709.2511	-737.4323	28.18113	6.60082
1010	-710.131	-738.4039	28.27283	6.509126
1020	-714.4845	-742.7573	28.27283	6.509126
1030	-714.0497	-742.4325	28.38274	6.399213
1040	-709.7311	-738.7375	29.00632	5.775637
1050	-703.7564	-733.1881	29.43162	5.350336
1060	-716.9669	-745.6344	28.66752	6.114437
1070	-707.6131	-736.195	28.58191	6.200039
1080	-718.2568	-745.8246	27.56774	7.214212
1090	-710.2179	-738.4523	28.23441	6.547546
1100	-707.1065	-735.8151	28.70857	6.073384
1110	-702.0306	-731.598	29.56738	5.214573
1120	-705.4542	-734.3974	28.9431	5.838849
1130	-702.5405	-731.7865	29.24603	5.535924
1140	-701.9344	-730.3361	28.40173	6.380224
1150	-711.8942	-739.0559	27.16179	7.620164
1160	-709.2164	-736.867	27.65059	7.131366
1170	-706.1496	-734.0809	27.93124	6.850712
1180	-706.3968	-735.4261	29.02928	5.752678
1190	-707.9483	-736.0414	28.0931	6.688853
1200	-708.0604	-737.1391	29.0787	5.703258
1210	-709.8223	-739.1443	29.32196	5.459996
1220	-706.1926	-733.9373	27.7447	7.037249
1230	-701.1029	-729.7766	28.67372	6.108232
1240	-706.9152	-734.6343	27.71908	7.062873
1250	-704.6374	-732.3811	27.74372	7.038236
1260	-709.0347	-738.2963	29.26165	5.520306
1270	-706.185	-734.403	28.21797	6.563979
1280	-707.25	-736.0837	28.83371	5.948248
1290	-705.7208	-733.8134	28.09259	6.689364
1300	-704.9261	-733.1051	28.17903	6.602924
1310	-710.3266	-738.8285	28.50195	6.279999
1320	-708.3753	-736.9211	28.54576	6.236189
1330	-714.958	-742.8145	27.85644	6.925509
1340	-705.1431	-734.4007	29.25761	5.524345
1350	-704.8962	-734.044	29.14775	5.634205
1360	-706.1009	-734.4497	28.34883	6.433127
1370	-710.7472	-739.8792	29.13194	5.650015
1380	-710.9217	-738.4695	27.5478	7.234158
1390	-708.5601	-737.3101	28.75	6.031949
1400	-700.2515	-728.9295	28.67807	6.103881
1410	-707.4595	-736.3797	28.92014	5.861812
1420	-712.2215	-739.8612	27.63967	7.142279
1430	-706.0291	-735.1293	29.10022	5.681732
1440	-711.0551	-739.7294	28.67436	6.107591
1450	-705.0372	-733.7	28.6628	6.119148
1460	-706.0074	-734.5203	28.51285	6.269106
1470	-704.8183	-733.0231	28.20473	6.577224
1480	-706.356	-735.6166	29.26063	5.521324
1490	-710.3639	-739.6154	29.25154	5.530414
1500	-706.2357	-733.8733	27.63762	7.144337
1510	-702.0121	-731.1193	29.10715	5.6748
1520	-709.3229	-738.722	29.39917	5.382783
1530	-710.5921	-739.3182	28.7261	6.055855
1540	-714.168	-743.3525	29.18453	5.597425
1550	-706.2745	-735.1438	28.86934	5.912614
1560	-708.143	-736.8143	28.67128	6.110675
1570	-708.3753	-737.2885	28.91318	5.868776
1580	-714.5089	-743.4246	28.9157	5.866254
1590	-708.3565	-735.7763	27.41981	7.362145
1600	-710.9169	-739.1761	28.2592	6.522748
1610	-710.7734	-739.1266	28.35318	6.428778
1620	-709.4574	-736.5112	27.05379	7.728166
1630	-705.1327	-733.1898	28.05715	6.724805
1640	-706.792	-734.3216	27.52957	7.252385
1650	-704.3012	-732.3765	28.07531	6.706644
1660	-707.3397	-735.5389	28.19924	6.582717
1670	-707.5308	-735.4527	27.9219	6.860058
1680	-715.9203	-744.2759	28.35558	6.426374
1690	-712.5208	-740.0009	27.48015	7.301804
1700	-711.1562	-739.1666	28.01045	6.771506
1710	-705.9708	-733.6036	27.63281	7.149145
1720	-701.447	-730.5582	29.11118	5.670771
1730	-702.8897	-732.2123	29.32257	5.459379
1740	-704.4417	-732.9871	28.54541	6.236539
1750	-700.9212	-730.1905	29.26934	5.51261
1760	-705.9747	-734.6273	28.65256	6.12939
1770	-712.0446	-740.8941	28.84949	5.932462
1780	-714.8048	-742.6991	27.89428	6.887671
1790	-709.9765	-738.4626	28.48607	6.295881
1800	-709.0032	-735.5582	26.55495	8.227005
1810	-710.533	-739.3319	28.79889	5.983067
1820	-707.8013	-734.467	26.66566	8.116294
1830	-708.008	-735.9545	27.94654	6.835418
1840	-712.7937	-741.3583	28.56462	6.217328
1850	-709.1565	-738.0189	28.8624	5.919552
1860	-712.0178	-740.7683	28.75056	6.031388
1870	-704.7203	-732.7063	27.98597	6.795985
1880	-713.1319	-739.1752	26.04327	8.738684
1890	-709.022	-738.0354	29.01347	5.768481
1900	-709.6087	-737.4428	27.83415	6.947799
1910	-709.3851	-737.1595	27.77443	7.007518
1920	-711.862	-739.2426	27.38055	7.401408
1930	-706.6082	-734.208	27.59977	7.182185
1940	-715.1547	-742.9529	27.79821	6.983744
1950	-712.8864	-739.619	26.73255	8.049406
1960	-713.1301	-741.1363	28.0062	6.775753
1970	-705.962	-734.5312	28.56911	6.212842
1980	-710.334	-738.8735	28.53952	6.242428
1990	-714.4329	-741.8546	27.42163	7.360326
2000	-704.5888	-732.3762	27.78739	6.994559
2010	-713.006	-741.0138	28.00773	6.774224
2020	-715.4635	-742.7394	27.27595	7.506001
2030	-712.9488	-740.2726	27.32383	7.458125
2040	-712.4977	-740.7721	28.27443	6.507524
2050	-708.5183	-737.019	28.50077	6.281184
2060	-706.6431	-736.7169	30.07379	4.708159
2070	-708.663	-737.7746	29.11162	5.670329
2080	-704.2596	-732.4762	28.21661	6.565339
2090	-711.1691	-739.8147	28.64558	6.136373
2100	-714.0443	-742.5796	28.53526	6.246692
2110	-714.9263	-741.9899	27.06361	7.718343
2120	-703.794	-732.6157	28.82167	5.960285
2130	-714.0979	-741.6011	27.50317	7.278778
2140	-711.3262	-739.573	28.2468	6.535149
2150	-704.2525	-731.9053	27.65282	7.129132
2160	-706.8626	-735.6049	28.74222	6.039735
2170	-710.5748	-737.6572	27.08233	7.699621
2180	-712.5397	-739.1254	26.58567	8.196286
2190	-702.0839	-730.4146	28.33073	6.451222
2200	-703.7664	-732.1139	28.34759	6.434362
2210	-705.6087	-733.4851	27.87647	6.905486
2220	-706.0454	-734.2258	28.18045	6.6015
2230	-710.8558	-739.1777	28.32193	6.460019
2240	-704.628	-733.2658	28.63771	6.144244
2250	-708.2165	-736.7816	28.56506	6.216895
2260	-709.8709	-737.4584	27.58745	7.194499
2270	-707.9004	-737.1863	29.28586	5.496088
2280	-708.8749	-737.5011	28.62617	6.155786
2290	-709.4964	-738.0233	28.52685	6.255098
2300	-712.0146	-740.4659	28.45125	6.330702
2310	-708.4342	-736.6257	28.19145	6.590505
2320	-705.1702	-734.3796	29.20934	5.57261
2330	-706.1731	-735.0974	28.92432	5.857633
2340	-712.6054	-741.0387	28.4333	6.34865
2350	-703.7276	-732.446	28.71839	6.063565
2360	-703.5202	-731.7795	28.25922	6.522734
2370	-711.4909	-739.018	27.52709	7.254859
2380	-702.1659	-730.4354	28.26945	6.512498
2390	-706.2706	-735.2571	28.9865	5.795458
2400	-708.7567	-737.7728	29.01605	5.765903
2410	-704.7912	-733.8596	29.06836	5.713592
2420	-708.505	-736.2395	27.73448	7.047476
2430	-708.3557	-736.4456	28.08989	6.692066
2440	-713.9504	-742.8719	28.92156	5.860389
2450	-704.5265	-733.792	29.26559	5.516361
2460	-702.632	-731.2711	28.63907	6.142879
2470	-706.4126	-733.566	27.15333	7.628623
2480	-715.4738	-742.6054	27.13168	7.65027
2490	-714.4869	-741.8457	27.35878	7.423174
2500	-716.9569	-746.0565	29.09965	5.682301
2510	-718.8706	-747.3414	28.47078	6.311177
2520	-703.1664	-731.6371	28.47078	6.311177
2530	-713.9895	-742.2847	28.29514	6.486816
2540	-712.0489	-740.3441	28.29514	6.486816
2550	-720.4055	-746.9814	26.57583	8.206127
2560	-707.2631	-735.1147	27.8516	6.93035
2570	-706.1617	-735.169	29.0073	5.774655
2580	-702.7794	-731.906	29.12662	5.655332
2590	-715.9494	-744.2614	28.31204	6.469916
2600	-716.765	-744.9102	28.14529	6.636663
2610	-709.141	-737.055	27.91405	6.867901
2620	-705.9747	-734.4824	28.50764	6.274314
2630	-702.0515	-730.0335	27.98197	6.799986
2640	-703.8231	-732.8773	29.05421	5.727747
2650	-708.0734	-734.9222	26.84876	7.933192
2660	-709.3431	-737.2778	27.93472	6.847228
2670	-704.0421	-732.7139	28.67178	6.110175
2680	-705.6282	-733.3433	27.71516	7.066789
2690	-705.2234	-733.5889	28.36549	6.41646
2700	-710.7782	-739.9316	29.15339	5.628568
2710	-705.4448	-734.3502	28.90545	5.876503
2720	-704.6584	-732.9402	28.28175	6.500202
2730	-706.4907	-733.9978	27.50709	7.274864
2740	-703.3445	-731.4468	28.10226	6.679692
2750	-703.8079	-733.046	29.23811	5.54384
2760	-707.762	-736.6165	28.85455	5.927401
2770	-711.6933	-740.5098	28.81642	5.965535
2780	-711.4481	-739.0873	27.63927	7.142678
2790	-709.4478	-738.8037	29.35586	5.426097
2800	-707.2766	-736.1202	28.84367	5.93828
2810	-705.4131	-733.6308	28.21772	6.564235
2820	-708.3137	-735.2685	26.95484	7.82711
2830	-707.3476	-736.0684	28.72083	6.061121
2840	-707.5861	-736.0781	28.49198	6.289978
2850	-700.2438	-729.2702	29.02638	5.755569
2860	-696.1879	-725.1862	28.99828	5.783673
2870	-704.2532	-733.7417	29.48853	5.293426
2880	-710.8983	-738.6974	27.79912	6.982837
2890	-703.0988	-730.6996	27.60077	7.18118
2900	-703.4461	-732.986	29.53994	5.242013
2910	-702.8672	-731.7292	28.862	5.919956
2920	-702.4022	-731.3996	28.99743	5.784521
2930	-710.2027	-738.1307	27.92794	6.854017
2940	-701.495	-729.6744	28.17935	6.602598
2950	-706.3984	-734.5058	28.10732	6.674634
2960	-715.1119	-743.1325	28.02058	6.761368
2970	-709.7882	-737.6292	27.84096	6.940997
2980	-709.6517	-736.7273	27.07554	7.706415
2990	-711.4278	-738.608	27.18017	7.60178
3000	-711.9697	-741.1882	29.21857	5.563387
3010	-705.3038	-733.4712	28.1674	6.614554
3020	-710.0064	-737.7168	27.71044	7.071508
3030	-701.7003	-730.071	28.37072	6.411229
3040	-709.2354	-737.106	27.87056	6.911392
3050	-708.1524	-736.3768	28.22446	6.557496
3060	-700.566	-729.0201	28.45403	6.327919
3070	-715.3418	-742.6397	27.29788	7.484077
3080	-708.6161	-736.7547	28.13859	6.643365
3090	-705.8239	-734.4555	28.63162	6.150333
3100	-710.5341	-739.1658	28.63162	6.150333
3110	-704.4404	-733.3619	28.92151	5.860443
3120	-709.8187	-738.013	28.19423	6.587719
3130	-704.5196	-733.2393	28.71971	6.062241
3140	-703.4902	-731.8013	28.31113	6.470823
3150	-713.5728	-742.0698	28.497	6.284956
3160	-707.5144	-736.5546	29.04023	5.741724
3170	-702.9263	-732.5883	29.66198	5.119978
3180	-704.1109	-732.0532	27.94229	6.839667
3190	-711.0165	-738.7064	27.68996	7.091997
3200	-705.9488	-735.0733	29.12455	5.657399
3210	-704.8095	-734.1649	29.35533	5.42662
3220	-707.2439	-735.1067	27.86283	6.919127
3230	-708.8902	-736.4257	27.53548	7.246478
3240	-707.4852	-735.4714	27.98619	6.795762
3250	-705.4383	-734.9191	29.48076	5.301192
3260	-704.466	-733.1899	28.72393	6.058025
3270	-713.5617	-742.2584	28.69672	6.085233
3280	-711.2558	-738.9517	27.69591	7.086042
3290	-706.6379	-735.1918	28.55395	6.228002
3300	-706.6206	-734.4303	27.80965	6.972305
3310	-708.949	-735.992	27.04301	7.738945
3320	-708.2942	-734.1756	25.88132	8.900632
3330	-706.3179	-732.8587	26.54081	8.24114
3340	-703.7881	-731.588	27.79995	6.981999
3350	-706.9224	-734.4368	27.51445	7.2675
3360	-708.7343	-736.7182	27.98383	6.798118
3370	-707.0186	-736.4293	29.41073	5.371222
3380	-704.5182	-732.7696	28.25143	6.530526
3390	-706.8709	-734.5663	27.69543	7.086521
3400	-705.7988	-734.0365	28.23762	6.54433
3410	-706.8245	-735.1893	28.36487	6.417082
3420	-703.8098	-732.3065	28.49672	6.28523
3430	-705.2966	-734.5257	29.22909	5.552867
3440	-705.1413	-733.431	28.28968	6.492274
3450	-711.5794	-739.8871	28.30766	6.47429
3460	-717.0972	-745.2755	28.1783	6.60365
3470	-709.4352	-737.6525	28.21727	6.564684
3480	-711.4919	-738.9542	27.46223	7.319726
3490	-709.3809	-738.1655	28.78456	5.997398
3500	-711.755	-738.9806	27.22566	7.556289
3510	-706.656	-734.5925	27.93656	6.845392
3520	-708.4466	-736.701	28.25435	6.527605
3530	-708.9278	-736.8562	27.92835	6.853608
3540	-704.6884	-731.6128	26.92436	7.857597
3550	-705.6701	-733.9761	28.30595	6.475998
3560	-706.0656	-734.7542	28.68865	6.093306
3570	-714.9976	-743.772	28.77449	6.007463
3580	-711.4078	-739.025	27.61713	7.164823
3590	-708.4174	-736.672	28.2546	6.527353
3600	-702.4025	-731.6419	29.23942	5.542535
3610	-712.0333	-740.4858	28.45253	6.329424
3620	-711.8373	-741.1491	29.31176	5.470193
3630	-710.4627	-738.9622	28.49947	6.282478
3640	-702.3856	-730.8597	28.47417	6.307787
3650	-705.6358	-734.1917	28.5559	6.226054
3660	-708.3318	-736.5405	28.20868	6.573273
3670	-706.8422	-735.0169	28.17475	6.607202
3680	-711.4787	-739.6619	28.18314	6.598813
3690	-707.2168	-736.0731	28.85629	5.925666
3700	-714.4025	-742.016	27.61348	7.16847
3710	-705.5765	-734.6101	29.0336	5.748353
3720	-710.0383	-737.7122	27.6739	7.108053
3730	-714.9347	-742.0427	27.108	7.673956
3740	-709.2261	-737.1885	27.96244	6.819512
3750	-706.4107	-735.1416	28.73088	6.051075
3760	-706.6586	-735.0347	28.37612	6.405836
3770	-717.4776	-744.2156	26.73796	8.043994
3780	-719.3151	-746.3559	27.04079	7.74116
3790	-710.3917	-738.4715	28.07981	6.702147
3800	-715.4083	-743.7339	28.32553	6.456419
3810	-708.5385	-736.7376	28.19909	6.582858
3820	-708.6248	-736.5876	27.96277	6.819181
3830	-704.3064	-732.6855	28.37905	6.402902
3840	-710.2093	-738.4066	28.19728	6.584673
3850	-709.7168	-738.1549	28.43809	6.34386
3860	-709.8181	-738.5586	28.7405	6.041455
3870	-712.7402	-740.5791	27.83889	6.943059
3880	-704.6419	-732.9086	28.26672	6.515233
3890	-707.4253	-735.4161	27.99082	6.79113
3900	-715.2532	-743.8819	28.62875	6.153206
3910	-703.3172	-731.3446	28.02743	6.754522
3920	-705.3183	-733.8046	28.48632	6.295632
3930	-712.8323	-740.8533	28.02098	6.760977
3940	-705.9546	-734.6735	28.71899	6.062962
3950	-711.248	-740.1207	28.87278	5.909173
3960	-703.0367	-730.819	27.78231	6.999647
3970	-704.7643	-732.3625	27.59819	7.183761
3980	-709.9736	-737.4348	27.46119	7.320763
3990	-705.3432	-733.6795	28.33626	6.445694
4000	-710.549	-740.282	29.73294	5.049018
4010	-701.6497	-730.0327	28.38293	6.399028
4020	-705.0493	-733.7753	28.72603	6.055926
4030	-707.87	-736.494	28.624	6.157952
4040	-703.3045	-731.6185	28.31397	6.467984
4050	-706.8634	-734.8093	27.94594	6.83601
4060	-704.8837	-734.0612	29.17747	5.604478
4070	-708.6946	-736.4969	27.8023	6.979657
4080	-705.0033	-732.584	27.58071	7.201241
4090	-699.8829	-727.8734	27.99053	6.791426
4100	-703.1509	-732.263	29.11206	5.669889
4110	-706.8103	-735.1866	28.37624	6.405717
4120	-707.1792	-735.4696	28.29033	6.491625
4130	-706.3493	-734.246	27.89669	6.88526
4140	-707.4262	-735.9063	28.48011	6.301846
4150	-709.6261	-738.4705	28.84443	5.937525
4160	-707.6517	-736.6112	28.95952	5.82243
4170	-707.7241	-736.4444	28.72023	6.061719
4180	-706.7894	-735.7174	28.92794	5.854018
4190	-707.9021	-736.1084	28.20636	6.575596
4200	-701.253	-730.1105	28.85753	5.924425
4210	-707.1379	-735.4517	28.31381	6.468141
4220	-708.6108	-736.7502	28.13944	6.642512
4230	-706.4109	-734.4837	28.07272	6.709237
4240	-716.5878	-744.1	27.51222	7.269731
4250	-708.2884	-735.4197	27.13129	7.650666
4260	-705.1452	-732.5304	27.38523	7.396723
4270	-707.3495	-735.009	27.65951	7.122441
4280	-709.1092	-737.2067	28.0975	6.684456
4290	-709.4259	-738.3923	28.9664	5.815551
4300	-707.8877	-736.1944	28.30669	6.475263
4310	-703.2917	-731.9786	28.68692	6.095036
4320	-706.1847	-734.6949	28.5102	6.271758
4330	-711.3791	-739.1205	27.7414	7.040549
4340	-714.6069	-743.2258	28.6189	6.163057
4350	-706.1717	-734.3703	28.19863	6.583325
4360	-710.827	-739.0256	28.19863	6.583325
4370	-704.4995	-733.6251	29.12558	5.656374
4380	-713.3345	-742.4231	29.08864	5.693309
4390	-709.0431	-737.4908	28.44767	6.334286
4400	-706.2508	-734.4978	28.24703	6.53492
4410	-705.7864	-733.7543	27.96789	6.814062
4420	-710.5577	-738.5418	27.98414	6.797811
4430	-707.5322	-737.3358	29.80357	4.978382
4440	-702.2189	-731.4383	29.21942	5.562531
4450	-707.2327	-736.4235	29.19078	5.591173
4460	-711.6941	-740.7722	29.07806	5.703893
4470	-707.8062	-735.4539	27.64775	7.134208
4480	-706.7257	-735.8068	29.08111	5.700847
4490	-701.407	-729.7203	28.31326	6.468691
4500	-710.4584	-738.4062	27.94778	6.834175
4510	-709.4589	-737.4254	27.96653	6.815424
4520	-710.802	-738.3662	27.56419	7.217767
4530	-704.937	-733.1896	28.25266	6.529297
4540	-705.9272	-734.3734	28.44621	6.33574
4550	-712.8583	-741.0293	28.17093	6.611021
4560	-711.551	-739.0522	27.50117	7.280784
4570	-709.1164	-736.9705	27.85406	6.927894
4580	-711.1755	-740.0186	28.84306	5.93889
4590	-709.4998	-737.1293	27.62942	7.152534
4600	-708.5417	-736.6265	28.0848	6.697151
4610	-717.7765	-746.4197	28.64315	6.138805
4620	-706.8176	-734.0864	27.26871	7.513239
4630	-711.1176	-738.0635	26.94584	7.836116
4640	-711.9169	-740.2719	28.35498	6.426977
4650	-713.6619	-739.8966	26.23471	8.547239
4660	-714.7293	-743.223	28.49369	6.288259
4670	-712.5135	-740.4483	27.93485	6.847102
4680	-713.1776	-740.9794	27.80173	6.98022
4690	-710.3299	-738.8123	28.48246	6.299489
4700	-707.1574	-735.6933	28.53582	6.246129
4710	-705.8202	-734.6889	28.86868	5.913271
4720	-711.6038	-740.4224	28.8186	5.963355
4730	-709.7477	-737.529	27.78126	7.00069
4740	-707.5805	-736.8546	29.27414	5.507817
4750	-704.5115	-733.0219	28.51044	6.271515
4760	-702.0868	-730.9055	28.81861	5.963338
4770	-707.1552	-735.9945	28.83922	5.942734
4780	-707.0044	-735.5901	28.58574	6.196217
4790	-706.2968	-734.3407	28.04394	6.738016
4800	-705.4806	-733.697	28.21642	6.565533
4810	-708.566	-737.011	28.44498	6.336977
4820	-705.1955	-733.6404	28.44498	6.336977
4830	-706.5495	-735.4262	28.87668	5.905274
4840	-711.7567	-740.9185	29.16175	5.620207
4850	-703.8082	-732.3492	28.54108	6.240873
4860	-712.1784	-740.5267	28.3483	6.433648
4870	-708.8752	-737.9967	29.12152	5.660436
4880	-701.576	-730.9978	29.42179	5.360159
4890	-704.1344	-732.7979	28.6636	6.118358
4900	-704.7039	-733.4422	28.73827	6.043679
4910	-704.6876	-733.2417	28.55411	6.227841
4920	-704.1977	-733.8975	29.69985	5.082104
4930	-708.116	-736.25	28.13405	6.6479
4940	-703.801	-732.9551	29.15407	5.627887
4950	-704.9201	-733.7725	28.85236	5.929594
4960	-711.96	-741.0232	29.06317	5.718787
4970	-705.172	-733.0163	27.84429	6.93766
4980	-707.5275	-734.9362	27.40873	7.37322
4990	-706.8221	-734.4186	27.5965	7.185453
5000	-705.2044	-732.4971	27.29276	7.48919
5010	-703.7167	-731.6333	27.9166	6.865356
5020	-707.1799	-734.9888	27.80891	6.973043
5030	-701.1049	-729.5394	28.43455	6.347406
5040	-706.0336	-734.6235	28.5899	6.192049
5050	-707.3538	-735.7918	28.43805	6.343902
5060	-704.5867	-733.4735	28.88682	5.89513
5070	-706.6306	-735.5134	28.88281	5.89914
5080	-708.2584	-736.9178	28.65944	6.122517
5090	-715.8626	-742.5482	26.68557	8.096384
5100	-710.0349	-737.7479	27.71304	7.06891
5110	-708.0312	-736.3954	28.36422	6.417728
5120	-717.5681	-745.5987	28.03052	6.751429
5130	-708.2402	-736.7873	28.54715	6.2348
5140	-700.6118	-730.2598	29.64804	5.133915
5150	-704.2894	-733.9334	29.64397	5.137984
5160	-707.4529	-736.8311	29.37822	5.40373
5170	-702.6373	-730.8111	28.17386	6.608098
5180	-704.0254	-732.1403	28.11496	6.666994
5190	-708.2008	-736.2879	28.08714	6.694811
5200	-703.81	-732.1257	28.31563	6.466324
5210	-705.1579	-734.1028	28.94487	5.837084
5220	-706.518	-734.9258	28.40781	6.374148
5230	-711.5225	-739.9087	28.38617	6.395788
5240	-702.3583	-730.111	27.75261	7.029341
5250	-706.1518	-735.0245	28.87275	5.909208
5260	-700.6448	-729.5176	28.87275	5.909208
5270	-704.7965	-734.2244	29.42787	5.354086
5280	-701.6862	-731.0235	29.33728	5.444672
5290	-704.9412	-734.2785	29.33728	5.444672
5300	-700.7282	-730.0655	29.33728	5.444672
5310	-703.4825	-732.8059	29.3234	5.458551
5320	-704.0579	-732.5785	28.52062	6.261329
5330	-706.7527	-735.2345	28.48176	6.300194
5340	-710.5853	-738.5948	28.00945	6.772498
5350	-714.0959	-741.8762	27.78027	7.001687
5360	-711.0457	-739.1481	28.10238	6.679577
5370	-707.6992	-736.8654	29.16626	5.615689
5380	-710.9359	-739.6965	28.76057	6.021388
5390	-704.2998	-733.4186	29.11881	5.663147
5400	-705.5215	-734.0867	28.56523	6.216726
5410	-713.6084	-742.1034	28.49497	6.286986
5420	-711.4007	-739.5175	28.11686	6.665094
5430	-704.3941	-732.8915	28.49734	6.284617
5440	-709.8085	-737.8596	28.05115	6.730804
5450	-707.3919	-735.8168	28.42488	6.35707
5460	-707.3227	-736.5519	29.22921	5.552748
5470	-705.0155	-733.9179	28.90238	5.879569
5480	-708.2973	-736.4166	28.11933	6.662624
5490	-709.5152	-737.3311	27.81588	6.966077
5500	-709.1379	-737.7412	28.60336	6.178589
5510	-708.4127	-736.3593	27.94665	6.835301
5520	-703.4952	-732.0862	28.59103	6.190921
5530	-706.1487	-734.8666	28.7179	6.064055
5540	-700.6661	-730.1309	29.46478	5.317173
5550	-705.0361	-732.939	27.9029	6.87905
5560	-709.6345	-737.6018	27.96734	6.814612
5570	-703.662	-731.828	28.166	6.615955
5580	-706.9567	-735.2957	28.33898	6.442977
5590	-709.8059	-739.2564	29.45049	5.331466
5600	-711.256	-739.9908	28.73477	6.047183
5610	-709.8953	-737.0449	27.14963	7.632324
5620	-718.1286	-745.5355	27.40695	7.374999
5630	-711.6201	-739.2382	27.61809	7.163866
5640	-701.8528	-729.4857	27.63299	7.148962
5650	-704.002	-732.6117	28.6097	6.172256
5660	-707.9297	-736.1764	28.24668	6.53527
5670	-714.3048	-744.2412	29.93644	4.845515
5680	-707.729	-736.7594	29.03042	5.751536
5690	-702.9931	-732.0557	29.06257	5.719385
5700	-708.7515	-738.3021	29.55066	5.231296
5710	-710.6138	-739.8833	29.26953	5.512424
5720	-704.767	-733.3033	28.5363	6.245651
5730	-709.3219	-737.9454	28.62353	6.15842
5740	-708.0079	-736.3127	28.3048	6.477153
5750	-707.7145	-735.863	28.14847	6.633486
5760	-707.2582	-736.1483	28.89009	5.891861
5770	-707.7908	-735.9037	28.11287	6.669086
5780	-700.557	-729.339	28.78197	5.999986
5790	-702.3185	-731.3475	29.02896	5.752991
5800	-708.416	-736.1165	27.70056	7.081388
5810	-706.9648	-736.2099	29.24505	5.536902
5820	-705.9659	-734.5712	28.60527	6.176681
5830	-701.8139	-731.1362	29.32232	5.459633
5840	-707.6613	-735.7983	28.13708	6.644875
5850	-705.7369	-734.4453	28.70832	6.073632
5860	-702.8649	-731.8658	29.00094	5.78101
5870	-703.0924	-731.228	28.13558	6.646373
5880	-705.1661	-733.5377	28.37159	6.410367
5890	-707.8737	-736.6819	28.80813	5.973818
5900	-705.7492	-734.281	28.53179	6.250162
5910	-707.9929	-735.8917	27.89873	6.883225
5920	-707.7839	-736.2942	28.51031	6.271648
5930	-706.2055	-734.9178	28.71229	6.069664
5940	-717.4239	-745.5893	28.16535	6.616601
5950	-704.1199	-733.486	29.36609	5.415861
5960	-702.4054	-731.6091	29.2037	5.578252
5970	-704.6771	-733.9098	29.23264	5.549312
5980	-706.0204	-735.6248	29.60434	5.177612
5990	-704.2369	-733.2247	28.98781	5.794139
6000	-708.6031	-737.933	29.32989	5.452064
6010	-704.7334	-732.2925	27.55912	7.22283
6020	-709.2901	-737.4316	28.14146	6.640492
6030	-710.6572	-738.8406	28.18346	6.59849
6040	-710.8646	-739.3735	28.50889	6.273067
6050	-710.273	-739.7144	29.44137	5.340582
6060	-712.4692	-741.3561	28.88689	5.895061
6070	-707.5931	-736.6319	29.03877	5.74318
6080	-710.5541	-739.6812	29.12715	5.654803
6090	-707.2709	-736.2835	29.01254	5.76941
6100	-715.466	-743.6238	28.15782	6.624137
6110	-705.5157	-734.7118	29.19605	5.585904
6120	-704.1096	-732.104	27.99441	6.78754
6130	-707.1442	-735.4282	28.28395	6.497998
6140	-706.198	-734.4124	28.21439	6.567564
6150	-707.5575	-736.5692	29.01175	5.7702
6160	-704.3756	-733.023	28.64738	6.134568
6170	-713.2522	-741.6278	28.37563	6.406327
6180	-709.5651	-737.9632	28.39816	6.383792
6190	-701.2695	-730.2946	29.02515	5.756807
6200	-709.4114	-736.9082	27.49683	7.285118
6210	-707.0534	-735.6174	28.56402	6.217935
6220	-708.2774	-737.1614	28.88395	5.898003
6230	-710.1601	-739.196	29.0359	5.746058
6240	-711.1428	-738.707	27.56426	7.217697
6250	-709.3618	-738.0459	28.68413	6.097824
6260	-702.9145	-731.9306	29.01616	5.765792
6270	-704.6259	-732.9756	28.34975	6.432199
6280	-702.2099	-731.0854	28.87551	5.906442
6290	-707.8846	-736.1936	28.30899	6.472963
6300	-711.3421	-740.2134	28.87126	5.910695
6310	-715.3548	-742.7439	27.38919	7.392768
6320	-710.1922	-738.0437	27.85144	6.930515
6330	-711.9141	-739.291	27.37689	7.405064
6340	-707.2958	-735.5117	28.21598	6.565969
6350	-708.522	-737.1343	28.61222	6.169734
6360	-715.7612	-744.0963	28.33511	6.446847
6370	-709.0068	-737.2566	28.24977	6.532184
6380	-704.9921	-734.1864	29.19427	5.587687
6390	-702.4715	-730.9108	28.43926	6.342695
6400	-700.6984	-729.1376	28.43926	6.342695
6410	-709.6142	-738.6334	29.0192	5.762756
6420	-707.0314	-736.1604	29.12901	5.652939
6430	-708.9875	-738.4656	29.47809	5.30386
6440	-713.6257	-740.9841	27.35845	7.423505
6450	-715.8143	-745.1095	29.29518	5.486771
6460	-705.0321	-732.7042	27.67209	7.109858
6470	-707.3923	-735.6026	28.21037	6.571583
6480	-711.9224	-741.6235	29.70111	5.080843
6490	-704.0505	-733.1904	29.13984	5.642118
6500	-707.6933	-736.3232	28.62988	6.152069
6510	-703.2203	-731.4962	28.27589	6.506066
6520	-703.7232	-731.5923	27.8691	6.912849
6530	-702.5256	-730.893	28.36743	6.414527
6540	-702.4621	-730.8833	28.42119	6.360763
6550	-712.8322	-741.1294	28.29713	6.484824
6560	-707.9296	-736.432	28.50237	6.27958
6570	-708.2817	-736.3334	28.05167	6.730278
6580	-704.6233	-732.4239	27.80065	6.981304
6590	-707.7318	-736.8558	29.12406	5.657889
6600	-716.1745	-744.9371	28.76266	6.019296
6610	-705.0848	-732.9148	27.82995	6.952004
6620	-698.382	-726.4684	28.08634	6.69561
6630	-704.2277	-732.9272	28.69952	6.082431
6640	-708.9265	-737.89	28.96355	5.818401
6650	-706.4575	-733.8407	27.38325	7.398708
6660	-709.652	-737.0231	27.37107	7.41088
6670	-708.0598	-736.4005	28.34074	6.441215
6680	-718.8407	-745.4638	26.6231	8.158855
6690	-710.2288	-737.9329	27.70408	7.077873
6700	-706.2779	-733.9153	27.63735	7.144604
6710	-706.7753	-735.2052	28.42998	6.351976
6720	-708.465	-736.895	28.42998	6.351976
6730	-717.4779	-746.0222	28.54434	6.237613
6740	-704.0776	-733.1276	29.05	5.731949
6750	-708.5762	-736.5199	27.94372	6.838231
6760	-705.484	-733.8816	28.3976	6.384352
6770	-708.0133	-735.5813	27.56796	7.213994
6780	-710.9403	-739.4056	28.46532	6.316635
6790	-709.2386	-738.1438	28.90525	5.876706
6800	-715.4248	-743.067	27.64227	7.139683
6810	-711.6298	-740.68	29.0502	5.731755
6820	-713.0401	-740.5418	27.50167	7.280285
6830	-705.271	-732.9049	27.63387	7.148087
6840	-701.6081	-730.5871	28.97904	5.802914
6850	-704.9101	-733.7924	28.88229	5.899662
6860	-703.3225	-731.6946	28.37209	6.409866
6870	-704.7899	-733.5271	28.73716	6.044789
6880	-711.3289	-739.2731	27.94426	6.837695
6890	-718.6265	-747.1893	28.56283	6.219123
6900	-720.9702	-747.7496	26.77936	8.002593
6910	-721.4593	-747.5458	26.08654	8.695414
6920	-713.8937	-741.4305	27.53678	7.245174
6930	-716.3197	-745.3455	29.0258	5.75615
6940	-707.3173	-735.732	28.41469	6.367259
6950	-705.2983	-733.5856	28.28724	6.494709
6960	-706.101	-734.6436	28.54258	6.239371
6970	-708.5397	-737.5114	28.9717	5.810252
6980	-708.942	-737.348	28.40602	6.37593
6990	-713.0263	-741.3006	28.27431	6.507642
7000	-712.4234	-740.0841	27.66063	7.121319
7010	-706.7689	-734.7046	27.93568	6.846269
7020	-709.7234	-738.1415	28.41819	6.363765
7030	-707.5752	-734.708	27.13281	7.649145
7040	-707.7849	-735.4335	27.64862	7.133331
7050	-702.3964	-730.5418	28.1454	6.636555
7060	-702.3861	-731.2262	28.84013	5.94182
7070	-704.482	-732.4336	27.95157	6.830381
7080	-712.6341	-741.966	29.33186	5.450097
7090	-713.1766	-741.5267	28.35016	6.431789
7100	-709.3386	-738.0174	28.67881	6.103143
7110	-708.0325	-735.4611	27.4286	7.353356
7120	-707.8722	-735.4273	27.5551	7.226853
7130	-716.0176	-744.4889	28.47126	6.310689
7140	-705.5024	-734.0116	28.50923	6.272726
7150	-704.1701	-732.6654	28.49524	6.286716
7160	-708.0527	-736.0886	28.03591	6.746043
7170	-708.5265	-736.4174	27.89086	6.891091
7180	-710.5816	-739.1972	28.61566	6.166292
7190	-708.2372	-737.1382	28.901	5.880953
7200	-706.2587	-734.3163	28.05757	6.724384
7210	-702.5992	-731.3443	28.74517	6.036787
7220	-705.8542	-733.992	28.1378	6.644157
7230	-703.695	-732.9735	29.27856	5.503397
7240	-710.4962	-738.4245	27.92835	6.853599
7250	-705.0185	-734.2301	29.2116	5.570348
7260	-700.9653	-729.3609	28.39561	6.386344
7270	-705.2072	-734.2676	29.06036	5.721589
7280	-704.4359	-733.247	28.81102	5.970937
7290	-702.4011	-730.9429	28.54178	6.240176
7300	-700.3177	-729.0249	28.70719	6.074766
7310	-703.1209	-732.0048	28.88385	5.898106
7320	-710.676	-739.0638	28.38782	6.394132
7330	-701.7191	-730.2315	28.51235	6.269605
7340	-709.2264	-736.8365	27.61003	7.171928
7350	-711.6225	-739.7889	28.16643	6.615523
7360	-699.7451	-728.6312	28.88617	5.895784
7370	-710.4736	-739.9485	29.47493	5.30702
7380	-715.2623	-744.4233	29.16103	5.620924
7390	-700.9852	-728.7474	27.76222	7.019731
7400	-707.8316	-735.8473	28.01574	6.766217
7410	-714.2236	-741.4937	27.27016	7.511797
7420	-705.2686	-733.369	28.10039	6.68156
7430	-704.1485	-732.3857	28.23719	6.544766
7440	-702.8684	-732.142	29.27363	5.508328
7450	-704.5644	-733.1848	28.62037	6.161583
7460	-712.5608	-741.1812	28.62037	6.161583
7470	-709.8059	-739.0027	29.19676	5.585196
7480	-713.6259	-742.4108	28.78489	5.997066
7490	-709.1108	-738.8847	29.77383	5.008119
7500	-704.8513	-733.3363	28.48498	6.296978
7510	-704.8406	-733.275	28.43442	6.347537
7520	-702.2338	-731.1446	28.91081	5.87114
7530	-706.8916	-734.9135	28.02187	6.760079
7540	-712.9108	-740.4961	27.58528	7.196674
7550	-708.3796	-736.502	28.12243	6.659528
7560	-713.349	-741.8693	28.52032	6.261632
7570	-714.895	-741.7288	26.83376	7.948189
7580	-708.6517	-737.2876	28.63588	6.146074
7590	-705.0701	-733.0982	28.02808	6.753869
7600	-716.4348	-743.0398	26.60505	8.176902
7610	-714.7966	-741.4017	26.60505	8.176902
7620	-719.1262	-745.0561	25.92989	8.852061
7630	-713.2742	-740.0735	26.79924	7.982716
7640	-703.6428	-731.583	27.94017	6.84178
7650	-705.501	-734.9469	29.44591	5.336044
7660	-705.5875	-733.7711	28.18365	6.598298
7670	-706.6523	-734.3693	27.717	7.064954
7680	-711.927	-740.2892	28.36212	6.419834
7690	-703.6687	-731.4684	27.79963	6.982323
7700	-700.0595	-728.8879	28.82836	5.953593
7710	-708.0462	-737.2813	29.2351	5.546849
7720	-708.7103	-737.7968	29.08649	5.69546
7730	-710.9257	-739.5035	28.57779	6.204159
7740	-713.346	-741.6773	28.33128	6.450675
7750	-714.2719	-741.5648	27.29292	7.489033
7760	-715.667	-743.9924	28.32536	6.456596
7770	-710.924	-739.0012	28.07722	6.704736
7780	-702.2483	-731.1376	28.88927	5.892682
7790	-706.0466	-735.2407	29.19404	5.587916
7800	-700.4117	-729.3333	28.92157	5.860383
7810	-703.8346	-732.5993	28.76466	6.01729
7820	-707.7077	-736.8638	29.15604	5.62591
7830	-704.6908	-734.0356	29.34484	5.437109
7840	-701.8665	-730.7222	28.85567	5.926281
7850	-710.6791	-739.5348	28.85567	5.926281
7860	-707.3963	-735.9317	28.53538	6.246577
7870	-704.042	-732.9073	28.86527	5.916685
7880	-714.0004	-741.2603	27.25988	7.522076
7890	-708.6565	-737.3974	28.74086	6.04109
7900	-713.5578	-740.2764	26.71865	8.063304
7910	-705.5577	-733.5622	28.00448	6.777477
7920	-704.5417	-732.2973	27.7556	7.026348
7930	-708.52	-737.1346	28.61465	6.1673
7940	-708.6033	-736.0944	27.49101	7.290945
7950	-707.4131	-736.7772	29.36407	5.417881
7960	-703.9572	-733.0599	29.10272	5.679235
7970	-708.43	-736.5234	28.09344	6.688518
7980	-708.4548	-736.5344	28.07955	6.702398
7990	-702.7203	-731.0642	28.34387	6.438086
8000	-708.4046	-737.1395	28.73496	6.04699
8010	-710.0783	-738.1288	28.05043	6.731527
8020	-707.926	-735.9648	28.03877	6.743186
8030	-706.513	-735.8958	29.38285	5.399103
8040	-704.5943	-732.6687	28.07434	6.707613
8050	-711.901	-741.0526	29.15159	5.63036
8060	-709.0035	-737.286	28.28247	6.499488
8070	-710.2348	-739.1034	28.86865	5.9133
8080	-705.4142	-733.4721	28.05786	6.724094
8090	-705.782	-734.2469	28.46487	6.317086
8100	-702.9461	-732.0379	29.09176	5.690192
8110	-712.0131	-741.3336	29.32055	5.461407
8120	-705.0516	-734.2486	29.19697	5.584982
8130	-704.9927	-733.1247	28.13193	6.650023
8140	-707.6836	-735.9145	28.23096	6.550993
8150	-712.4821	-739.6435	27.16139	7.620567
8160	-707.2096	-735.1253	27.91566	6.866294
8170	-714.6004	-741.3946	26.79419	7.987759
8180	-706.6324	-735.0488	28.41639	6.365566
8190	-707.5707	-735.7434	28.17268	6.609275
8200	-708.9458	-737.266	28.32019	6.461767
8210	-709.9584	-738.3518	28.39334	6.388616
8220	-710.2878	-738.6936	28.40583	6.376124
8230	-709.9725	-738.4464	28.4739	6.308052
8240	-707.2187	-735.6279	28.40919	6.372761
8250	-706.0151	-734.2298	28.21468	6.567276
8260	-703.4366	-731.1944	27.75786	7.024096
8270	-712.7794	-739.5911	26.81177	7.970182
8280	-706.2177	-734.3014	28.08369	6.698263
8290	-706.4812	-734.6273	28.14604	6.635916
8300	-715.1671	-741.4966	26.32952	8.452435
8310	-712.2919	-739.2627	26.97084	7.811116
8320	-704.902	-734.0052	29.10321	5.678748
8330	-713.242	-741.763	28.52104	6.260915
8340	-714.7012	-742.5312	27.83007	6.951883
8350	-704.4339	-732.6992	28.26528	6.516677
8360	-702.2701	-731.0218	28.7517	6.030249
8370	-709.7245	-739.0455	29.321	5.460957
8380	-701.131	-730.4829	29.35187	5.430081
8390	-705.2228	-733.5145	28.29171	6.490239
8400	-714.8008	-743.9941	29.19335	5.588602
8410	-713.6752	-741.9171	28.24196	6.539997
8420	-709.8072	-737.9814	28.17419	6.607759
8430	-712.0503	-739.6029	27.5526	7.229349
8440	-704.9619	-734.0074	29.04547	5.736482
8450	-710.4332	-738.9533	28.52003	6.261921
8460	-707.5556	-736.0756	28.52003	6.261921
8470	-707.3431	-736.0626	28.71953	6.062426
8480	-705.1778	-733.6412	28.46345	6.318507
8490	-703.3073	-732.0562	28.74889	6.03306
8500	-705.6529	-733.2644	27.61153	7.17042
8510	-703.6412	-732.7966	29.15542	5.626534
8520	-702.149	-731.5403	29.3913	5.390657
8530	-706.448	-735.3092	28.86125	5.920701
8540	-706.2845	-734.8379	28.55335	6.228599
8550	-701.2989	-730.3874	29.08854	5.69341
8560	-708.2986	-735.9822	27.68362	7.09833
8570	-715.158	-742.3818	27.22373	7.558219
8580	-711.7408	-740.6009	28.8601	5.921855
8590	-720.6789	-749.1868	28.50784	6.274111
8600	-716.1476	-744.4235	28.27587	6.50608
8610	-709.0563	-738.0439	28.98762	5.794329
8620	-702.8629	-730.8255	27.96259	6.819368
8630	-709.3311	-736.8532	27.52215	7.259801
8640	-700.0705	-728.62	28.54945	6.232503
8650	-705.7714	-734.7108	28.93948	5.842474
8660	-704.2433	-733.1827	28.93948	5.842474
8670	-704.2413	-732.9511	28.70981	6.072142
8680	-704.8027	-733.0784	28.27572	6.506233
8690	-709.7973	-739.1115	29.3142	5.467749
8700	-712.9733	-741.5495	28.57627	6.205685
8710	-711.9504	-740.2549	28.30445	6.477498
8720	-717.3235	-745.6736	28.35002	6.431929
8730	-720.1888	-748.4195	28.23069	6.551266
8740	-706.9332	-735.6045	28.67127	6.110678
8750	-706.9003	-735.8067	28.90639	5.875564
8760	-703.4568	-731.9898	28.53294	6.249013
8770	-703.9165	-733.1603	29.24374	5.538212
8780	-710.9256	-739.4576	28.53205	6.249907
8790	-711.6361	-739.983	28.3469	6.435048
8800	-712.4298	-741.1771	28.74725	6.034701
8810	-714.3946	-742.2219	27.82727	6.954681
8820	-704.9116	-734.3182	29.40658	5.375377
8830	-706.4537	-734.5112	28.05743	6.724526
8840	-711.3248	-738.7844	27.4596	7.322357
8850	-717.4496	-743.9665	26.51689	8.265066
8860	-715.0528	-742.3114	27.25855	7.523399
8870	-709.376	-737.1525	27.7765	7.005454
8880	-709.3701	-736.4126	27.04248	7.739474
8890	-710.7788	-738.6135	27.83464	6.947311
8900	-703.0569	-732.3641	29.3072	5.474749
8910	-708.4294	-736.4784	28.04903	6.732919
8920	-706.9503	-735.4606	28.51027	6.271679
8930	-708.3539	-735.9848	27.63085	7.1511
8940	-707.6632	-735.9141	28.25096	6.530995
8950	-713.7001	-742.6775	28.97741	5.804545
8960	-709.812	-737.7842	27.97222	6.809731
8970	-703.2639	-731.9379	28.67406	6.107893
8980	-705.8233	-734.6096	28.78632	5.995631
8990	-713.1167	-740.8361	27.71942	7.06253
9000	-713.1091	-739.9659	26.85672	7.925234
9010	-709.2776	-737.0222	27.74462	7.037337
9020	-710.3016	-737.4992	27.19766	7.584296
9030	-715.8523	-744.0105	28.15819	6.623766
9040	-714.1475	-743.0331	28.88553	5.896418
9050	-706.6502	-733.9699	27.31977	7.462187
9060	-706.6941	-735.966	29.27192	5.510035
9070	-705.3807	-734.0987	28.71795	6.063998
9080	-703.863	-731.9264	28.06346	6.718491
9090	-703.06	-731.3261	28.2661	6.515858
9100	-707.1142	-736.2829	29.16869	5.613259
9110	-707.9373	-736.6184	28.6811	6.100851
9120	-705.2801	-733.902	28.6219	6.160053
9130	-709.7932	-738.1169	28.32368	6.458269
9140	-708.6231	-737.4808	28.85767	5.924284
9150	-707.5604	-735.4949	27.93447	6.847483
9160	-710.365	-738.7969	28.4319	6.350054
9170	-701.8105	-730.2424	28.4319	6.350054
9180	-703.9046	-732.0157	28.11113	6.670823
9190	-704.3815	-732.5277	28.14619	6.635768
9200	-708.3883	-736.5876	28.19934	6.582613
9210	-704.0537	-732.786	28.73227	6.049685
9220	-706.6534	-735.4293	28.77584	6.006112
9230	-713.8441	-742.8646	29.02046	5.761495
9240	-711.8837	-738.383	26.4993	8.282655
9250	-708.4073	-736.2238	27.8165	6.965456
9260	-706.0412	-734.0652	28.02402	6.757933
9270	-703.3253	-731.657	28.33168	6.450276
9280	-711.3376	-738.9061	27.56853	7.213424
9290	-701.8526	-730.2823	28.42967	6.352282
9300	-701.5429	-729.6655	28.12262	6.659337
9310	-705.4497	-735.1555	29.7057	5.076248
9320	-711.2954	-738.9778	27.68232	7.099636
9330	-701.9	-730.8046	28.90464	5.877315
9340	-703.6072	-731.7086	28.10131	6.680647
9350	-707.6744	-735.5396	27.86514	6.916814
9360	-714.8069	-742.3792	27.57234	7.209615
9370	-705.7993	-733.3381	27.5388	7.243154
9380	-704.3465	-732.8119	28.46543	6.316522
9390	-701.5338	-730.1862	28.65243	6.129521
9400	-716.321	-745.1109	28.78988	5.992075
9410	-711.3659	-739.5286	28.16265	6.619308
9420	-709.3125	-737.9349	28.62244	6.159508
9430	-714.5194	-742.0506	27.53118	7.250772
9440	-705.0799	-734.5783	29.49839	5.283565
9450	-700.0212	-728.4326	28.41141	6.370544
9460	-710.4392	-739.8313	29.39208	5.389873
9470	-709.7691	-738.1372	28.36808	6.413877
9480	-705.9954	-735.5432	29.54776	5.234195
9490	-699.945	-728.5639	28.619	6.162958
9500	-708.3893	-737.2382	28.84888	5.93307
9510	-711.5019	-739.2684	27.76649	7.015465
9520	-707.4965	-736.0173	28.52082	6.261129
9530	-706.1618	-734.5376	28.37581	6.406142
9540	-711.0274	-740.0052	28.9778	5.804156
9550	-703.3129	-731.7751	28.46222	6.319733
9560	-706.7884	-735.3829	28.59454	6.187412
9570	-702.8979	-730.7883	27.89047	6.891481
9580	-701.1763	-728.997	27.82064	6.961309
9590	-701.9637	-730.5238	28.56012	6.221833
9600	-708.935	-736.6393	27.70436	7.07759
9610	-704.1866	-733.0709	28.88427	5.897685
9620	-708.048	-736.9091	28.86102	5.920932
9630	-704.0752	-732.1549	28.07972	6.702238
9640	-705.5765	-734.1864	28.6099	6.172054
9650	-706.6975	-734.741	28.04344	6.738509
9660	-701.8315	-730.3796	28.54819	6.233763
9670	-704.6852	-732.555	27.86976	6.912195
9680	-705.9627	-734.9419	28.97915	5.802803
9690	-700.6069	-728.1706	27.56376	7.218197
9700	-703.2895	-732.2226	28.93313	5.848823
9710	-704.4888	-733.9553	29.46651	5.315444
9720	-706.5453	-734.8679	28.32266	6.459291
9730	-707.4411	-735.8922	28.45106	6.330895
9740	-713.139	-740.9982	27.85918	6.922774
9750	-704.1529	-732.7955	28.64256	6.139396
9760	-713.2285	-740.2328	27.00434	7.77761
9770	-715.0323	-743.5753	28.54295	6.239005
9780	-720.6732	-749.1371	28.46383	6.318122
9790	-708.4003	-737.0503	28.65005	6.131899
9800	-707.3929	-736.8667	29.47376	5.308192
9810	-709.6463	-739.3562	29.70991	5.072043
9820	-719.9292	-747.1946	27.26541	7.516539
9830	-708.7449	-736.3245	27.57955	7.202406
9840	-710.2939	-738.8832	28.5893	6.192648
9850	-711.0499	-740.0011	28.95125	5.830707
9860	-708.0454	-737.2205	29.17512	5.606836
9870	-716.2431	-741.9437	25.70062	9.08133
9880	-707.3692	-735.6457	28.27648	6.505473
9890	-720.7895	-749.066	28.27648	6.505473
9900	-713.221	-741.327	28.10598	6.675969
9910	-707.2466	-736.3151	29.06846	5.713498
9920	-706.7171	-735.8647	29.14759	5.634359
9930	-712.616	-740.0724	27.4564	7.325556
9940	-701.6324	-729.687	28.05455	6.727404
9950	-709.0896	-737.3789	28.2893	6.49265
9960	-708.9003	-736.4395	27.53924	7.242713
9970	-713.1751	-740.9103	27.73517	7.046784
9980	-704.3126	-732.239	27.92641	6.855548
9990	-707.9759	-735.9011	27.92519	6.856766
10000	-705.2041	-733.1774	27.97337	6.808579
